[2025-03-31T04:00:04.502+0000] {local_task_job_runner.py:123} INFO - ::group::Pre task execution logs
[2025-03-31T04:00:04.545+0000] {taskinstance.py:2613} INFO - Dependencies all met for dep_context=non-requeueable deps ti=<TaskInstance: paris_air_quality_prod.create_tables scheduled__2025-03-30T04:00:00+00:00 [queued]>
[2025-03-31T04:00:04.556+0000] {taskinstance.py:2613} INFO - Dependencies all met for dep_context=requeueable deps ti=<TaskInstance: paris_air_quality_prod.create_tables scheduled__2025-03-30T04:00:00+00:00 [queued]>
[2025-03-31T04:00:04.556+0000] {taskinstance.py:2866} INFO - Starting attempt 1 of 3
[2025-03-31T04:00:04.572+0000] {taskinstance.py:2889} INFO - Executing <Task(PythonOperator): create_tables> on 2025-03-30 04:00:00+00:00
[2025-03-31T04:00:04.583+0000] {standard_task_runner.py:104} INFO - Running: ['airflow', 'tasks', 'run', 'paris_air_quality_prod', 'create_tables', 'scheduled__2025-03-30T04:00:00+00:00', '--job-id', '684', '--raw', '--subdir', 'DAGS_FOLDER/data_enriched_predict.py', '--cfg-path', '/tmp/tmps0yikkjh']
[2025-03-31T04:00:04.586+0000] {standard_task_runner.py:105} INFO - Job 684: Subtask create_tables
[2025-03-31T04:00:04.586+0000] {logging_mixin.py:190} WARNING - /home/airflow/.local/lib/python3.12/site-packages/airflow/task/task_runner/standard_task_runner.py:70 DeprecationWarning: This process (pid=13210) is multi-threaded, use of fork() may lead to deadlocks in the child.
[2025-03-31T04:00:04.587+0000] {standard_task_runner.py:72} INFO - Started process 13237 to run task
[2025-03-31T04:00:04.728+0000] {task_command.py:467} INFO - Running <TaskInstance: paris_air_quality_prod.create_tables scheduled__2025-03-30T04:00:00+00:00 [running]> on host 04906466de51
[2025-03-31T04:00:04.911+0000] {taskinstance.py:3132} INFO - Exporting env vars: AIRFLOW_CTX_DAG_OWNER='airflow' AIRFLOW_CTX_DAG_ID='paris_air_quality_prod' AIRFLOW_CTX_TASK_ID='create_tables' AIRFLOW_CTX_EXECUTION_DATE='2025-03-30T04:00:00+00:00' AIRFLOW_CTX_TRY_NUMBER='1' AIRFLOW_CTX_DAG_RUN_ID='scheduled__2025-03-30T04:00:00+00:00'
[2025-03-31T04:00:04.912+0000] {taskinstance.py:731} INFO - ::endgroup::
[2025-03-31T04:00:05.076+0000] {base.py:84} INFO - Retrieving connection 'postgres_data'
[2025-03-31T04:00:05.136+0000] {data_enriched_predict.py:63} INFO - Tables créées avec succès
[2025-03-31T04:00:05.138+0000] {python.py:240} INFO - Done. Returned value was: None
[2025-03-31T04:00:05.177+0000] {taskinstance.py:340} INFO - ::group::Post task execution logs
[2025-03-31T04:00:05.178+0000] {taskinstance.py:352} INFO - Marking task as SUCCESS. dag_id=paris_air_quality_prod, task_id=create_tables, run_id=scheduled__2025-03-30T04:00:00+00:00, execution_date=20250330T040000, start_date=20250331T040004, end_date=20250331T040005
[2025-03-31T04:00:05.205+0000] {local_task_job_runner.py:266} INFO - Task exited with return code 0
[2025-03-31T04:00:05.254+0000] {taskinstance.py:3895} INFO - 1 downstream tasks scheduled from follow-on schedule check
[2025-03-31T04:00:05.257+0000] {local_task_job_runner.py:245} INFO - ::endgroup::
[2025-03-31T07:56:29.142+0000] {local_task_job_runner.py:123} INFO - ::group::Pre task execution logs
[2025-03-31T07:56:29.205+0000] {taskinstance.py:2613} INFO - Dependencies all met for dep_context=non-requeueable deps ti=<TaskInstance: paris_air_quality_prod.create_tables scheduled__2025-03-30T04:00:00+00:00 [queued]>
[2025-03-31T07:56:29.221+0000] {taskinstance.py:2613} INFO - Dependencies all met for dep_context=requeueable deps ti=<TaskInstance: paris_air_quality_prod.create_tables scheduled__2025-03-30T04:00:00+00:00 [queued]>
[2025-03-31T07:56:29.221+0000] {taskinstance.py:2866} INFO - Starting attempt 1 of 3
[2025-03-31T07:56:29.241+0000] {taskinstance.py:2889} INFO - Executing <Task(PythonOperator): create_tables> on 2025-03-30 04:00:00+00:00
[2025-03-31T07:56:29.261+0000] {standard_task_runner.py:104} INFO - Running: ['airflow', 'tasks', 'run', 'paris_air_quality_prod', 'create_tables', 'scheduled__2025-03-30T04:00:00+00:00', '--job-id', '686', '--raw', '--subdir', 'DAGS_FOLDER/data_enriched_predict.py', '--cfg-path', '/tmp/tmppe_ncw9i']
[2025-03-31T07:56:29.264+0000] {logging_mixin.py:190} WARNING - /home/airflow/.local/lib/python3.12/site-packages/airflow/task/task_runner/standard_task_runner.py:70 DeprecationWarning: This process (pid=20049) is multi-threaded, use of fork() may lead to deadlocks in the child.
[2025-03-31T07:56:29.265+0000] {standard_task_runner.py:105} INFO - Job 686: Subtask create_tables
[2025-03-31T07:56:29.265+0000] {standard_task_runner.py:72} INFO - Started process 20074 to run task
[2025-03-31T07:56:29.545+0000] {task_command.py:467} INFO - Running <TaskInstance: paris_air_quality_prod.create_tables scheduled__2025-03-30T04:00:00+00:00 [running]> on host 04906466de51
[2025-03-31T07:56:29.854+0000] {taskinstance.py:3132} INFO - Exporting env vars: AIRFLOW_CTX_DAG_OWNER='airflow' AIRFLOW_CTX_DAG_ID='paris_air_quality_prod' AIRFLOW_CTX_TASK_ID='create_tables' AIRFLOW_CTX_EXECUTION_DATE='2025-03-30T04:00:00+00:00' AIRFLOW_CTX_TRY_NUMBER='1' AIRFLOW_CTX_DAG_RUN_ID='scheduled__2025-03-30T04:00:00+00:00'
[2025-03-31T07:56:29.856+0000] {taskinstance.py:731} INFO - ::endgroup::
[2025-03-31T07:56:29.951+0000] {base.py:84} INFO - Retrieving connection 'postgres_data'
[2025-03-31T07:56:30.018+0000] {data_enriched_predict.py:63} INFO - Tables créées avec succès
[2025-03-31T07:56:30.019+0000] {python.py:240} INFO - Done. Returned value was: None
[2025-03-31T07:56:30.064+0000] {taskinstance.py:340} INFO - ::group::Post task execution logs
[2025-03-31T07:56:30.065+0000] {taskinstance.py:352} INFO - Marking task as SUCCESS. dag_id=paris_air_quality_prod, task_id=create_tables, run_id=scheduled__2025-03-30T04:00:00+00:00, execution_date=20250330T040000, start_date=20250331T075629, end_date=20250331T075630
[2025-03-31T07:56:30.123+0000] {local_task_job_runner.py:266} INFO - Task exited with return code 0
[2025-03-31T07:56:30.184+0000] {taskinstance.py:3895} INFO - 1 downstream tasks scheduled from follow-on schedule check
[2025-03-31T07:56:30.187+0000] {local_task_job_runner.py:245} INFO - ::endgroup::
