[2025-04-10T12:17:15.770+0000] {local_task_job_runner.py:123} INFO - ::group::Pre task execution logs
[2025-04-10T12:17:15.817+0000] {taskinstance.py:2613} INFO - Dependencies all met for dep_context=non-requeueable deps ti=<TaskInstance: air_quality_pipeline.insert_data_mart manual__2025-04-10T12:16:35.642363+00:00 [queued]>
[2025-04-10T12:17:15.829+0000] {taskinstance.py:2613} INFO - Dependencies all met for dep_context=requeueable deps ti=<TaskInstance: air_quality_pipeline.insert_data_mart manual__2025-04-10T12:16:35.642363+00:00 [queued]>
[2025-04-10T12:17:15.830+0000] {taskinstance.py:2866} INFO - Starting attempt 1 of 2
[2025-04-10T12:17:15.844+0000] {taskinstance.py:2889} INFO - Executing <Task(PythonOperator): insert_data_mart> on 2025-04-10 12:16:35.642363+00:00
[2025-04-10T12:17:15.852+0000] {standard_task_runner.py:104} INFO - Running: ['airflow', 'tasks', 'run', 'air_quality_pipeline', 'insert_data_mart', 'manual__2025-04-10T12:16:35.642363+00:00', '--job-id', '779', '--raw', '--subdir', 'DAGS_FOLDER/data_pipeline.py', '--cfg-path', '/tmp/tmpn5n2gn1q']
[2025-04-10T12:17:15.855+0000] {standard_task_runner.py:105} INFO - Job 779: Subtask insert_data_mart
[2025-04-10T12:17:15.855+0000] {logging_mixin.py:190} WARNING - /home/airflow/.local/lib/python3.12/site-packages/airflow/task/task_runner/standard_task_runner.py:70 DeprecationWarning: This process (pid=1152) is multi-threaded, use of fork() may lead to deadlocks in the child.
[2025-04-10T12:17:15.856+0000] {standard_task_runner.py:72} INFO - Started process 1168 to run task
[2025-04-10T12:17:16.005+0000] {task_command.py:467} INFO - Running <TaskInstance: air_quality_pipeline.insert_data_mart manual__2025-04-10T12:16:35.642363+00:00 [running]> on host 04906466de51
[2025-04-10T12:17:16.474+0000] {taskinstance.py:3132} INFO - Exporting env vars: AIRFLOW_CTX_DAG_EMAIL='fbleza5@gmail.com' AIRFLOW_CTX_DAG_OWNER='airflow' AIRFLOW_CTX_DAG_ID='air_quality_pipeline' AIRFLOW_CTX_TASK_ID='insert_data_mart' AIRFLOW_CTX_EXECUTION_DATE='2025-04-10T12:16:35.642363+00:00' AIRFLOW_CTX_TRY_NUMBER='1' AIRFLOW_CTX_DAG_RUN_ID='manual__2025-04-10T12:16:35.642363+00:00'
[2025-04-10T12:17:16.475+0000] {taskinstance.py:731} INFO - ::endgroup::
[2025-04-10T12:17:16.533+0000] {base.py:84} INFO - Retrieving connection 'postgres_data'
[2025-04-10T12:17:16.706+0000] {data_pipeline.py:209} INFO - Données insérées dans les Data Marts pour chaque ville
[2025-04-10T12:17:16.707+0000] {python.py:240} INFO - Done. Returned value was: None
[2025-04-10T12:17:16.746+0000] {taskinstance.py:340} INFO - ::group::Post task execution logs
[2025-04-10T12:17:16.747+0000] {taskinstance.py:352} INFO - Marking task as SUCCESS. dag_id=air_quality_pipeline, task_id=insert_data_mart, run_id=manual__2025-04-10T12:16:35.642363+00:00, execution_date=20250410T121635, start_date=20250410T121715, end_date=20250410T121716
[2025-04-10T12:17:16.795+0000] {local_task_job_runner.py:266} INFO - Task exited with return code 0
[2025-04-10T12:17:16.846+0000] {taskinstance.py:3895} INFO - 0 downstream tasks scheduled from follow-on schedule check
[2025-04-10T12:17:16.849+0000] {local_task_job_runner.py:245} INFO - ::endgroup::
