[2025-03-28T10:50:53.272+0000] {local_task_job_runner.py:123} INFO - ::group::Pre task execution logs
[2025-03-28T10:50:53.331+0000] {taskinstance.py:2613} INFO - Dependencies all met for dep_context=non-requeueable deps ti=<TaskInstance: air_quality_pipeline.create_data_mart scheduled__2025-03-27T22:00:00+00:00 [queued]>
[2025-03-28T10:50:53.345+0000] {taskinstance.py:2613} INFO - Dependencies all met for dep_context=requeueable deps ti=<TaskInstance: air_quality_pipeline.create_data_mart scheduled__2025-03-27T22:00:00+00:00 [queued]>
[2025-03-28T10:50:53.346+0000] {taskinstance.py:2866} INFO - Starting attempt 1 of 2
[2025-03-28T10:50:53.365+0000] {taskinstance.py:2889} INFO - Executing <Task(PythonOperator): create_data_mart> on 2025-03-27 22:00:00+00:00
[2025-03-28T10:50:53.373+0000] {standard_task_runner.py:104} INFO - Running: ['airflow', 'tasks', 'run', 'air_quality_pipeline', 'create_data_mart', 'scheduled__2025-03-27T22:00:00+00:00', '--job-id', '320', '--raw', '--subdir', 'DAGS_FOLDER/data_pipeline.py', '--cfg-path', '/tmp/tmpg_2h_wem']
[2025-03-28T10:50:53.375+0000] {standard_task_runner.py:105} INFO - Job 320: Subtask create_data_mart
[2025-03-28T10:50:53.377+0000] {logging_mixin.py:190} WARNING - /home/airflow/.local/lib/python3.12/site-packages/airflow/task/task_runner/standard_task_runner.py:70 DeprecationWarning: This process (pid=1334) is multi-threaded, use of fork() may lead to deadlocks in the child.
[2025-03-28T10:50:53.379+0000] {standard_task_runner.py:72} INFO - Started process 1348 to run task
[2025-03-28T10:50:53.551+0000] {task_command.py:467} INFO - Running <TaskInstance: air_quality_pipeline.create_data_mart scheduled__2025-03-27T22:00:00+00:00 [running]> on host 6d0e87c01008
[2025-03-28T10:50:53.762+0000] {taskinstance.py:3132} INFO - Exporting env vars: AIRFLOW_CTX_DAG_OWNER='airflow' AIRFLOW_CTX_DAG_ID='air_quality_pipeline' AIRFLOW_CTX_TASK_ID='create_data_mart' AIRFLOW_CTX_EXECUTION_DATE='2025-03-27T22:00:00+00:00' AIRFLOW_CTX_TRY_NUMBER='1' AIRFLOW_CTX_DAG_RUN_ID='scheduled__2025-03-27T22:00:00+00:00'
[2025-03-28T10:50:53.764+0000] {taskinstance.py:731} INFO - ::endgroup::
[2025-03-28T10:50:53.830+0000] {base.py:84} INFO - Retrieving connection 'postgres_data'
[2025-03-28T10:50:53.907+0000] {data_pipeline.py:168} INFO - Tables de Data Mart créées pour chaque ville
[2025-03-28T10:50:53.908+0000] {python.py:240} INFO - Done. Returned value was: None
[2025-03-28T10:50:54.067+0000] {taskinstance.py:340} INFO - ::group::Post task execution logs
[2025-03-28T10:50:54.068+0000] {taskinstance.py:352} INFO - Marking task as SUCCESS. dag_id=air_quality_pipeline, task_id=create_data_mart, run_id=scheduled__2025-03-27T22:00:00+00:00, execution_date=20250327T220000, start_date=20250328T105053, end_date=20250328T105054
[2025-03-28T10:50:54.117+0000] {local_task_job_runner.py:266} INFO - Task exited with return code 0
[2025-03-28T10:50:54.290+0000] {taskinstance.py:3895} INFO - 1 downstream tasks scheduled from follow-on schedule check
[2025-03-28T10:50:54.293+0000] {local_task_job_runner.py:245} INFO - ::endgroup::
