[2025-03-30T21:20:16.693+0000] {local_task_job_runner.py:123} INFO - ::group::Pre task execution logs
[2025-03-30T21:20:16.737+0000] {taskinstance.py:2613} INFO - Dependencies all met for dep_context=non-requeueable deps ti=<TaskInstance: air_quality_advanced.generate_forecasts scheduled__2025-03-30T21:00:00+00:00 [queued]>
[2025-03-30T21:20:16.748+0000] {taskinstance.py:2613} INFO - Dependencies all met for dep_context=requeueable deps ti=<TaskInstance: air_quality_advanced.generate_forecasts scheduled__2025-03-30T21:00:00+00:00 [queued]>
[2025-03-30T21:20:16.749+0000] {taskinstance.py:2866} INFO - Starting attempt 1 of 4
[2025-03-30T21:20:16.763+0000] {taskinstance.py:2889} INFO - Executing <Task(PythonOperator): generate_forecasts> on 2025-03-30 21:00:00+00:00
[2025-03-30T21:20:16.770+0000] {standard_task_runner.py:104} INFO - Running: ['airflow', 'tasks', 'run', 'air_quality_advanced', 'generate_forecasts', 'scheduled__2025-03-30T21:00:00+00:00', '--job-id', '632', '--raw', '--subdir', 'DAGS_FOLDER/data_enriched_predict.py', '--cfg-path', '/tmp/tmp7fa8xzg0']
[2025-03-30T21:20:16.773+0000] {standard_task_runner.py:105} INFO - Job 632: Subtask generate_forecasts
[2025-03-30T21:20:16.774+0000] {logging_mixin.py:190} WARNING - /home/airflow/.local/lib/python3.12/site-packages/airflow/task/task_runner/standard_task_runner.py:70 DeprecationWarning: This process (pid=2137) is multi-threaded, use of fork() may lead to deadlocks in the child.
[2025-03-30T21:20:16.774+0000] {standard_task_runner.py:72} INFO - Started process 2162 to run task
[2025-03-30T21:20:17.026+0000] {task_command.py:467} INFO - Running <TaskInstance: air_quality_advanced.generate_forecasts scheduled__2025-03-30T21:00:00+00:00 [running]> on host 04906466de51
[2025-03-30T21:20:17.213+0000] {taskinstance.py:3132} INFO - Exporting env vars: AIRFLOW_CTX_DAG_OWNER='airflow' AIRFLOW_CTX_DAG_ID='air_quality_advanced' AIRFLOW_CTX_TASK_ID='generate_forecasts' AIRFLOW_CTX_EXECUTION_DATE='2025-03-30T21:00:00+00:00' AIRFLOW_CTX_TRY_NUMBER='1' AIRFLOW_CTX_DAG_RUN_ID='scheduled__2025-03-30T21:00:00+00:00'
[2025-03-30T21:20:17.214+0000] {taskinstance.py:731} INFO - ::endgroup::
[2025-03-30T21:20:17.266+0000] {base.py:84} INFO - Retrieving connection 'postgres_data'
[2025-03-30T21:20:17.572+0000] {data_enriched_predict.py:224} INFO - 28 prévisions générées
[2025-03-30T21:20:17.573+0000] {python.py:240} INFO - Done. Returned value was: None
[2025-03-30T21:20:17.609+0000] {taskinstance.py:340} INFO - ::group::Post task execution logs
[2025-03-30T21:20:17.610+0000] {taskinstance.py:352} INFO - Marking task as SUCCESS. dag_id=air_quality_advanced, task_id=generate_forecasts, run_id=scheduled__2025-03-30T21:00:00+00:00, execution_date=20250330T210000, start_date=20250330T212016, end_date=20250330T212017
[2025-03-30T21:20:17.632+0000] {local_task_job_runner.py:266} INFO - Task exited with return code 0
[2025-03-30T21:20:17.675+0000] {taskinstance.py:3895} INFO - 0 downstream tasks scheduled from follow-on schedule check
[2025-03-30T21:20:17.677+0000] {local_task_job_runner.py:245} INFO - ::endgroup::
