[2025-03-27T14:54:03.884+0000] {local_task_job_runner.py:123} INFO - ::group::Pre task execution logs
[2025-03-27T14:54:03.924+0000] {taskinstance.py:2613} INFO - Dependencies all met for dep_context=non-requeueable deps ti=<TaskInstance: air_quality_pipeline.store_data manual__2025-03-27T14:53:48.469772+00:00 [queued]>
[2025-03-27T14:54:03.934+0000] {taskinstance.py:2613} INFO - Dependencies all met for dep_context=requeueable deps ti=<TaskInstance: air_quality_pipeline.store_data manual__2025-03-27T14:53:48.469772+00:00 [queued]>
[2025-03-27T14:54:03.934+0000] {taskinstance.py:2866} INFO - Starting attempt 1 of 2
[2025-03-27T14:54:03.948+0000] {taskinstance.py:2889} INFO - Executing <Task(PythonOperator): store_data> on 2025-03-27 14:53:48.469772+00:00
[2025-03-27T14:54:03.954+0000] {standard_task_runner.py:104} INFO - Running: ['airflow', 'tasks', 'run', 'air_quality_pipeline', 'store_data', 'manual__2025-03-27T14:53:48.469772+00:00', '--job-id', '210', '--raw', '--subdir', 'DAGS_FOLDER/data_pipeline.py', '--cfg-path', '/tmp/tmp2vwf_v9q']
[2025-03-27T14:54:03.956+0000] {standard_task_runner.py:105} INFO - Job 210: Subtask store_data
[2025-03-27T14:54:03.957+0000] {logging_mixin.py:190} WARNING - /home/airflow/.local/lib/python3.12/site-packages/airflow/task/task_runner/standard_task_runner.py:70 DeprecationWarning: This process (pid=55) is multi-threaded, use of fork() may lead to deadlocks in the child.
[2025-03-27T14:54:03.958+0000] {standard_task_runner.py:72} INFO - Started process 69 to run task
[2025-03-27T14:54:04.285+0000] {task_command.py:467} INFO - Running <TaskInstance: air_quality_pipeline.store_data manual__2025-03-27T14:53:48.469772+00:00 [running]> on host 6d0e87c01008
[2025-03-27T14:54:04.474+0000] {taskinstance.py:3132} INFO - Exporting env vars: AIRFLOW_CTX_DAG_OWNER='airflow' AIRFLOW_CTX_DAG_ID='air_quality_pipeline' AIRFLOW_CTX_TASK_ID='store_data' AIRFLOW_CTX_EXECUTION_DATE='2025-03-27T14:53:48.469772+00:00' AIRFLOW_CTX_TRY_NUMBER='1' AIRFLOW_CTX_DAG_RUN_ID='manual__2025-03-27T14:53:48.469772+00:00'
[2025-03-27T14:54:04.476+0000] {taskinstance.py:731} INFO - ::endgroup::
[2025-03-27T14:54:04.540+0000] {base.py:84} INFO - Retrieving connection 'postgres_data'
[2025-03-27T14:54:04.799+0000] {data_pipeline.py:99} INFO - Données insérées dans PostgreSQL
[2025-03-27T14:54:04.800+0000] {python.py:240} INFO - Done. Returned value was: None
[2025-03-27T14:54:04.838+0000] {taskinstance.py:340} INFO - ::group::Post task execution logs
[2025-03-27T14:54:04.839+0000] {taskinstance.py:352} INFO - Marking task as SUCCESS. dag_id=air_quality_pipeline, task_id=store_data, run_id=manual__2025-03-27T14:53:48.469772+00:00, execution_date=20250327T145348, start_date=20250327T145403, end_date=20250327T145404
[2025-03-27T14:54:04.855+0000] {local_task_job_runner.py:266} INFO - Task exited with return code 0
[2025-03-27T14:54:04.892+0000] {taskinstance.py:3895} INFO - 0 downstream tasks scheduled from follow-on schedule check
[2025-03-27T14:54:04.894+0000] {local_task_job_runner.py:245} INFO - ::endgroup::
