[2025-03-28T10:00:15.882+0000] {local_task_job_runner.py:123} INFO - ::group::Pre task execution logs
[2025-03-28T10:00:16.041+0000] {taskinstance.py:2613} INFO - Dependencies all met for dep_context=non-requeueable deps ti=<TaskInstance: air_quality_pipeline.load_to_warehouse scheduled__2025-03-28T08:00:00+00:00 [queued]>
[2025-03-28T10:00:16.054+0000] {taskinstance.py:2613} INFO - Dependencies all met for dep_context=requeueable deps ti=<TaskInstance: air_quality_pipeline.load_to_warehouse scheduled__2025-03-28T08:00:00+00:00 [queued]>
[2025-03-28T10:00:16.055+0000] {taskinstance.py:2866} INFO - Starting attempt 1 of 2
[2025-03-28T10:00:16.072+0000] {taskinstance.py:2889} INFO - Executing <Task(PythonOperator): load_to_warehouse> on 2025-03-28 08:00:00+00:00
[2025-03-28T10:00:16.083+0000] {standard_task_runner.py:104} INFO - Running: ['airflow', 'tasks', 'run', 'air_quality_pipeline', 'load_to_warehouse', 'scheduled__2025-03-28T08:00:00+00:00', '--job-id', '233', '--raw', '--subdir', 'DAGS_FOLDER/data_pipeline.py', '--cfg-path', '/tmp/tmpkrytf7qp']
[2025-03-28T10:00:16.086+0000] {standard_task_runner.py:105} INFO - Job 233: Subtask load_to_warehouse
[2025-03-28T10:00:16.087+0000] {logging_mixin.py:190} WARNING - /home/airflow/.local/lib/python3.12/site-packages/airflow/task/task_runner/standard_task_runner.py:70 DeprecationWarning: This process (pid=4418) is multi-threaded, use of fork() may lead to deadlocks in the child.
[2025-03-28T10:00:16.087+0000] {standard_task_runner.py:72} INFO - Started process 4432 to run task
[2025-03-28T10:00:16.252+0000] {task_command.py:467} INFO - Running <TaskInstance: air_quality_pipeline.load_to_warehouse scheduled__2025-03-28T08:00:00+00:00 [running]> on host 6d0e87c01008
[2025-03-28T10:00:16.493+0000] {taskinstance.py:3132} INFO - Exporting env vars: AIRFLOW_CTX_DAG_OWNER='airflow' AIRFLOW_CTX_DAG_ID='air_quality_pipeline' AIRFLOW_CTX_TASK_ID='load_to_warehouse' AIRFLOW_CTX_EXECUTION_DATE='2025-03-28T08:00:00+00:00' AIRFLOW_CTX_TRY_NUMBER='1' AIRFLOW_CTX_DAG_RUN_ID='scheduled__2025-03-28T08:00:00+00:00'
[2025-03-28T10:00:16.495+0000] {taskinstance.py:731} INFO - ::endgroup::
[2025-03-28T10:00:16.572+0000] {base.py:84} INFO - Retrieving connection 'postgres_data'
[2025-03-28T10:00:16.897+0000] {data_pipeline.py:101} INFO - ✅ Données enregistrées dans le Data Warehouse
[2025-03-28T10:00:16.898+0000] {python.py:240} INFO - Done. Returned value was: None
[2025-03-28T10:00:16.950+0000] {taskinstance.py:340} INFO - ::group::Post task execution logs
[2025-03-28T10:00:16.951+0000] {taskinstance.py:352} INFO - Marking task as SUCCESS. dag_id=air_quality_pipeline, task_id=load_to_warehouse, run_id=scheduled__2025-03-28T08:00:00+00:00, execution_date=20250328T080000, start_date=20250328T100016, end_date=20250328T100016
[2025-03-28T10:00:16.987+0000] {local_task_job_runner.py:266} INFO - Task exited with return code 0
[2025-03-28T10:00:17.047+0000] {taskinstance.py:3895} INFO - 1 downstream tasks scheduled from follow-on schedule check
[2025-03-28T10:00:17.050+0000] {local_task_job_runner.py:245} INFO - ::endgroup::
