[2025-03-29T09:20:11.669+0000] {local_task_job_runner.py:123} INFO - ::group::Pre task execution logs
[2025-03-29T09:20:11.736+0000] {taskinstance.py:2613} INFO - Dependencies all met for dep_context=non-requeueable deps ti=<TaskInstance: air_quality_monitoring_v3.collect_air_quality_data scheduled__2025-03-29T09:00:00+00:00 [queued]>
[2025-03-29T09:20:11.755+0000] {taskinstance.py:2613} INFO - Dependencies all met for dep_context=requeueable deps ti=<TaskInstance: air_quality_monitoring_v3.collect_air_quality_data scheduled__2025-03-29T09:00:00+00:00 [queued]>
[2025-03-29T09:20:11.756+0000] {taskinstance.py:2866} INFO - Starting attempt 1 of 4
[2025-03-29T09:20:11.783+0000] {taskinstance.py:2889} INFO - Executing <Task(PythonOperator): collect_air_quality_data> on 2025-03-29 09:00:00+00:00
[2025-03-29T09:20:11.816+0000] {standard_task_runner.py:104} INFO - Running: ['airflow', 'tasks', 'run', 'air_quality_monitoring_v3', 'collect_air_quality_data', 'scheduled__2025-03-29T09:00:00+00:00', '--job-id', '579', '--raw', '--subdir', 'DAGS_FOLDER/data_enriched_predict.py', '--cfg-path', '/tmp/tmp7ug4myic']
[2025-03-29T09:20:11.821+0000] {standard_task_runner.py:105} INFO - Job 579: Subtask collect_air_quality_data
[2025-03-29T09:20:11.850+0000] {logging_mixin.py:190} WARNING - /home/airflow/.local/lib/python3.12/site-packages/airflow/task/task_runner/standard_task_runner.py:70 DeprecationWarning: This process (pid=39890) is multi-threaded, use of fork() may lead to deadlocks in the child.
[2025-03-29T09:20:11.851+0000] {standard_task_runner.py:72} INFO - Started process 39917 to run task
[2025-03-29T09:20:12.141+0000] {task_command.py:467} INFO - Running <TaskInstance: air_quality_monitoring_v3.collect_air_quality_data scheduled__2025-03-29T09:00:00+00:00 [running]> on host 04906466de51
[2025-03-29T09:20:12.463+0000] {taskinstance.py:3132} INFO - Exporting env vars: AIRFLOW_CTX_DAG_OWNER='airflow' AIRFLOW_CTX_DAG_ID='air_quality_monitoring_v3' AIRFLOW_CTX_TASK_ID='collect_air_quality_data' AIRFLOW_CTX_EXECUTION_DATE='2025-03-29T09:00:00+00:00' AIRFLOW_CTX_TRY_NUMBER='1' AIRFLOW_CTX_DAG_RUN_ID='scheduled__2025-03-29T09:00:00+00:00'
[2025-03-29T09:20:12.465+0000] {taskinstance.py:731} INFO - ::endgroup::
[2025-03-29T09:20:12.484+0000] {data_enriched_predict.py:144} INFO - Collecte pour Lyon...
[2025-03-29T09:20:13.636+0000] {data_enriched_predict.py:101} INFO - Statut API : 200
[2025-03-29T09:20:13.638+0000] {data_enriched_predict.py:165} INFO - Données validées pour Lyon
[2025-03-29T09:20:13.985+0000] {data_enriched_predict.py:144} INFO - Collecte pour Paris...
[2025-03-29T09:20:15.096+0000] {data_enriched_predict.py:101} INFO - Statut API : 200
[2025-03-29T09:20:15.097+0000] {data_enriched_predict.py:165} INFO - Données validées pour Paris
[2025-03-29T09:20:15.486+0000] {data_enriched_predict.py:144} INFO - Collecte pour Marseille...
[2025-03-29T09:20:16.591+0000] {data_enriched_predict.py:101} INFO - Statut API : 200
[2025-03-29T09:20:16.591+0000] {data_enriched_predict.py:165} INFO - Données validées pour Marseille
[2025-03-29T09:20:16.994+0000] {data_enriched_predict.py:185} INFO - Début du stockage de 3 enregistrements
[2025-03-29T09:20:17.076+0000] {base.py:84} INFO - Retrieving connection 'postgres_data'
[2025-03-29T09:20:17.162+0000] {data_enriched_predict.py:214} INFO - Stockage réussi de 3 enregistrements
[2025-03-29T09:20:17.167+0000] {data_enriched_predict.py:219} INFO - Total en base : 158
[2025-03-29T09:20:17.169+0000] {python.py:240} INFO - Done. Returned value was: None
[2025-03-29T09:20:17.212+0000] {taskinstance.py:340} INFO - ::group::Post task execution logs
[2025-03-29T09:20:17.213+0000] {taskinstance.py:352} INFO - Marking task as SUCCESS. dag_id=air_quality_monitoring_v3, task_id=collect_air_quality_data, run_id=scheduled__2025-03-29T09:00:00+00:00, execution_date=20250329T090000, start_date=20250329T092011, end_date=20250329T092017
[2025-03-29T09:20:17.250+0000] {local_task_job_runner.py:266} INFO - Task exited with return code 0
[2025-03-29T09:20:17.305+0000] {taskinstance.py:3895} INFO - 1 downstream tasks scheduled from follow-on schedule check
[2025-03-29T09:20:17.307+0000] {local_task_job_runner.py:245} INFO - ::endgroup::
