[2025-03-28T10:45:04.202+0000] {local_task_job_runner.py:123} INFO - ::group::Pre task execution logs
[2025-03-28T10:45:04.285+0000] {taskinstance.py:2613} INFO - Dependencies all met for dep_context=non-requeueable deps ti=<TaskInstance: air_quality_pipeline.create_data_mart manual__2025-03-27T14:22:45.864187+00:00 [queued]>
[2025-03-28T10:45:04.303+0000] {taskinstance.py:2613} INFO - Dependencies all met for dep_context=requeueable deps ti=<TaskInstance: air_quality_pipeline.create_data_mart manual__2025-03-27T14:22:45.864187+00:00 [queued]>
[2025-03-28T10:45:04.304+0000] {taskinstance.py:2866} INFO - Starting attempt 1 of 2
[2025-03-28T10:45:04.326+0000] {taskinstance.py:2889} INFO - Executing <Task(PythonOperator): create_data_mart> on 2025-03-27 14:22:45.864187+00:00
[2025-03-28T10:45:04.337+0000] {standard_task_runner.py:104} INFO - Running: ['airflow', 'tasks', 'run', 'air_quality_pipeline', 'create_data_mart', 'manual__2025-03-27T14:22:45.864187+00:00', '--job-id', '266', '--raw', '--subdir', 'DAGS_FOLDER/data_pipeline.py', '--cfg-path', '/tmp/tmp79bsppx3']
[2025-03-28T10:45:04.340+0000] {standard_task_runner.py:105} INFO - Job 266: Subtask create_data_mart
[2025-03-28T10:45:04.341+0000] {logging_mixin.py:190} WARNING - /home/airflow/.local/lib/python3.12/site-packages/airflow/task/task_runner/standard_task_runner.py:70 DeprecationWarning: This process (pid=168) is multi-threaded, use of fork() may lead to deadlocks in the child.
[2025-03-28T10:45:04.343+0000] {standard_task_runner.py:72} INFO - Started process 182 to run task
[2025-03-28T10:45:04.722+0000] {task_command.py:467} INFO - Running <TaskInstance: air_quality_pipeline.create_data_mart manual__2025-03-27T14:22:45.864187+00:00 [running]> on host 6d0e87c01008
[2025-03-28T10:45:04.940+0000] {taskinstance.py:3132} INFO - Exporting env vars: AIRFLOW_CTX_DAG_OWNER='airflow' AIRFLOW_CTX_DAG_ID='air_quality_pipeline' AIRFLOW_CTX_TASK_ID='create_data_mart' AIRFLOW_CTX_EXECUTION_DATE='2025-03-27T14:22:45.864187+00:00' AIRFLOW_CTX_TRY_NUMBER='1' AIRFLOW_CTX_DAG_RUN_ID='manual__2025-03-27T14:22:45.864187+00:00'
[2025-03-28T10:45:04.942+0000] {taskinstance.py:731} INFO - ::endgroup::
[2025-03-28T10:45:05.006+0000] {base.py:84} INFO - Retrieving connection 'postgres_data'
[2025-03-28T10:45:05.049+0000] {data_pipeline.py:168} INFO - Tables de Data Mart créées pour chaque ville
[2025-03-28T10:45:05.050+0000] {python.py:240} INFO - Done. Returned value was: None
[2025-03-28T10:45:05.096+0000] {taskinstance.py:340} INFO - ::group::Post task execution logs
[2025-03-28T10:45:05.096+0000] {taskinstance.py:352} INFO - Marking task as SUCCESS. dag_id=air_quality_pipeline, task_id=create_data_mart, run_id=manual__2025-03-27T14:22:45.864187+00:00, execution_date=20250327T142245, start_date=20250328T104504, end_date=20250328T104505
[2025-03-28T10:45:05.122+0000] {local_task_job_runner.py:266} INFO - Task exited with return code 0
[2025-03-28T10:45:05.191+0000] {taskinstance.py:3895} INFO - 1 downstream tasks scheduled from follow-on schedule check
[2025-03-28T10:45:05.193+0000] {local_task_job_runner.py:245} INFO - ::endgroup::
