[2025-03-28T10:31:29.479+0000] {local_task_job_runner.py:123} INFO - ::group::Pre task execution logs
[2025-03-28T10:31:29.532+0000] {taskinstance.py:2613} INFO - Dependencies all met for dep_context=non-requeueable deps ti=<TaskInstance: air_quality_pipeline.transform_data manual__2025-03-28T10:26:07.357590+00:00 [queued]>
[2025-03-28T10:31:29.546+0000] {taskinstance.py:2613} INFO - Dependencies all met for dep_context=requeueable deps ti=<TaskInstance: air_quality_pipeline.transform_data manual__2025-03-28T10:26:07.357590+00:00 [queued]>
[2025-03-28T10:31:29.547+0000] {taskinstance.py:2866} INFO - Starting attempt 2 of 2
[2025-03-28T10:31:29.568+0000] {taskinstance.py:2889} INFO - Executing <Task(PythonOperator): transform_data> on 2025-03-28 10:26:07.357590+00:00
[2025-03-28T10:31:29.575+0000] {standard_task_runner.py:104} INFO - Running: ['airflow', 'tasks', 'run', 'air_quality_pipeline', 'transform_data', 'manual__2025-03-28T10:26:07.357590+00:00', '--job-id', '250', '--raw', '--subdir', 'DAGS_FOLDER/data_pipeline.py', '--cfg-path', '/tmp/tmp70w8h_vo']
[2025-03-28T10:31:29.577+0000] {standard_task_runner.py:105} INFO - Job 250: Subtask transform_data
[2025-03-28T10:31:29.578+0000] {logging_mixin.py:190} WARNING - /home/airflow/.local/lib/python3.12/site-packages/airflow/task/task_runner/standard_task_runner.py:70 DeprecationWarning: This process (pid=100) is multi-threaded, use of fork() may lead to deadlocks in the child.
[2025-03-28T10:31:29.579+0000] {standard_task_runner.py:72} INFO - Started process 114 to run task
[2025-03-28T10:31:29.753+0000] {task_command.py:467} INFO - Running <TaskInstance: air_quality_pipeline.transform_data manual__2025-03-28T10:26:07.357590+00:00 [running]> on host 6d0e87c01008
[2025-03-28T10:31:29.961+0000] {taskinstance.py:3132} INFO - Exporting env vars: AIRFLOW_CTX_DAG_OWNER='airflow' AIRFLOW_CTX_DAG_ID='air_quality_pipeline' AIRFLOW_CTX_TASK_ID='transform_data' AIRFLOW_CTX_EXECUTION_DATE='2025-03-28T10:26:07.357590+00:00' AIRFLOW_CTX_TRY_NUMBER='2' AIRFLOW_CTX_DAG_RUN_ID='manual__2025-03-28T10:26:07.357590+00:00'
[2025-03-28T10:31:29.962+0000] {taskinstance.py:731} INFO - ::endgroup::
[2025-03-28T10:31:31.281+0000] {base.py:84} INFO - Retrieving connection 'postgres_data'
[2025-03-28T10:31:31.329+0000] {data_pipeline.py:55} INFO - Données brutes insérées pour Paris dans Data Lake
[2025-03-28T10:31:32.719+0000] {base.py:84} INFO - Retrieving connection 'postgres_data'
[2025-03-28T10:31:32.764+0000] {data_pipeline.py:55} INFO - Données brutes insérées pour Lyon dans Data Lake
[2025-03-28T10:31:33.944+0000] {base.py:84} INFO - Retrieving connection 'postgres_data'
[2025-03-28T10:31:33.991+0000] {data_pipeline.py:55} INFO - Données brutes insérées pour Nice dans Data Lake
[2025-03-28T10:31:35.168+0000] {base.py:84} INFO - Retrieving connection 'postgres_data'
[2025-03-28T10:31:35.222+0000] {data_pipeline.py:55} INFO - Données brutes insérées pour Marseille dans Data Lake
[2025-03-28T10:31:35.286+0000] {base.py:84} INFO - Retrieving connection 'postgres_data'
[2025-03-28T10:31:35.559+0000] {data_pipeline.py:137} INFO - Données insérées dans le Data Warehouse
[2025-03-28T10:31:35.560+0000] {data_pipeline.py:99} INFO - Données transformées et stockées dans le Data Warehouse
[2025-03-28T10:31:35.561+0000] {python.py:240} INFO - Done. Returned value was: None
[2025-03-28T10:31:35.625+0000] {taskinstance.py:340} INFO - ::group::Post task execution logs
[2025-03-28T10:31:35.626+0000] {taskinstance.py:352} INFO - Marking task as SUCCESS. dag_id=air_quality_pipeline, task_id=transform_data, run_id=manual__2025-03-28T10:26:07.357590+00:00, execution_date=20250328T102607, start_date=20250328T103129, end_date=20250328T103135
[2025-03-28T10:31:35.691+0000] {local_task_job_runner.py:266} INFO - Task exited with return code 0
[2025-03-28T10:31:35.773+0000] {taskinstance.py:3895} INFO - 1 downstream tasks scheduled from follow-on schedule check
[2025-03-28T10:31:35.776+0000] {local_task_job_runner.py:245} INFO - ::endgroup::
