[2025-03-28T12:48:39.419+0000] {local_task_job_runner.py:123} INFO - ::group::Pre task execution logs
[2025-03-28T12:48:39.471+0000] {taskinstance.py:2613} INFO - Dependencies all met for dep_context=non-requeueable deps ti=<TaskInstance: air_quality_monitoring_v2.collecte_donnees_airvisual scheduled__2025-03-28T10:00:00+00:00 [queued]>
[2025-03-28T12:48:39.483+0000] {taskinstance.py:2613} INFO - Dependencies all met for dep_context=requeueable deps ti=<TaskInstance: air_quality_monitoring_v2.collecte_donnees_airvisual scheduled__2025-03-28T10:00:00+00:00 [queued]>
[2025-03-28T12:48:39.484+0000] {taskinstance.py:2866} INFO - Starting attempt 1 of 3
[2025-03-28T12:48:39.500+0000] {taskinstance.py:2889} INFO - Executing <Task(PythonOperator): collecte_donnees_airvisual> on 2025-03-28 10:00:00+00:00
[2025-03-28T12:48:39.522+0000] {standard_task_runner.py:104} INFO - Running: ['airflow', 'tasks', 'run', 'air_quality_monitoring_v2', 'collecte_donnees_airvisual', 'scheduled__2025-03-28T10:00:00+00:00', '--job-id', '389', '--raw', '--subdir', 'DAGS_FOLDER/data_enriched_predict.py', '--cfg-path', '/tmp/tmps69xm9yr']
[2025-03-28T12:48:39.528+0000] {standard_task_runner.py:105} INFO - Job 389: Subtask collecte_donnees_airvisual
[2025-03-28T12:48:39.527+0000] {logging_mixin.py:190} WARNING - /home/airflow/.local/lib/python3.12/site-packages/airflow/task/task_runner/standard_task_runner.py:70 DeprecationWarning: This process (pid=63) is multi-threaded, use of fork() may lead to deadlocks in the child.
[2025-03-28T12:48:39.529+0000] {standard_task_runner.py:72} INFO - Started process 90 to run task
[2025-03-28T12:48:39.704+0000] {task_command.py:467} INFO - Running <TaskInstance: air_quality_monitoring_v2.collecte_donnees_airvisual scheduled__2025-03-28T10:00:00+00:00 [running]> on host 04906466de51
[2025-03-28T12:48:39.897+0000] {taskinstance.py:3132} INFO - Exporting env vars: AIRFLOW_CTX_DAG_EMAIL='fbleza5@gmail.com' AIRFLOW_CTX_DAG_OWNER='airflow' AIRFLOW_CTX_DAG_ID='air_quality_monitoring_v2' AIRFLOW_CTX_TASK_ID='collecte_donnees_airvisual' AIRFLOW_CTX_EXECUTION_DATE='2025-03-28T10:00:00+00:00' AIRFLOW_CTX_TRY_NUMBER='1' AIRFLOW_CTX_DAG_RUN_ID='scheduled__2025-03-28T10:00:00+00:00'
[2025-03-28T12:48:39.898+0000] {taskinstance.py:731} INFO - ::endgroup::
[2025-03-28T12:48:41.080+0000] {data_enriched_predict.py:53} INFO - Données récupérées pour Paris
[2025-03-28T12:48:43.107+0000] {data_enriched_predict.py:57} ERROR - Erreur 400 pour Lille: city_not_found
[2025-03-28T12:48:45.163+0000] {data_enriched_predict.py:57} ERROR - Erreur 400 pour Marseille: city_not_found
[2025-03-28T12:48:46.222+0000] {base.py:84} INFO - Retrieving connection 'postgres_data'
[2025-03-28T12:48:46.301+0000] {data_enriched_predict.py:108} INFO - 1 enregistrements insérés/mis à jour avec succès
[2025-03-28T12:48:46.302+0000] {python.py:240} INFO - Done. Returned value was: None
[2025-03-28T12:48:46.359+0000] {taskinstance.py:340} INFO - ::group::Post task execution logs
[2025-03-28T12:48:46.360+0000] {taskinstance.py:352} INFO - Marking task as SUCCESS. dag_id=air_quality_monitoring_v2, task_id=collecte_donnees_airvisual, run_id=scheduled__2025-03-28T10:00:00+00:00, execution_date=20250328T100000, start_date=20250328T124839, end_date=20250328T124846
[2025-03-28T12:48:46.419+0000] {local_task_job_runner.py:266} INFO - Task exited with return code 0
[2025-03-28T12:48:46.590+0000] {taskinstance.py:3895} INFO - 1 downstream tasks scheduled from follow-on schedule check
[2025-03-28T12:48:46.592+0000] {local_task_job_runner.py:245} INFO - ::endgroup::
