[2025-04-17T12:28:16.199+0000] {local_task_job_runner.py:123} INFO - ::group::Pre task execution logs
[2025-04-17T12:28:16.256+0000] {taskinstance.py:2613} INFO - Dependencies all met for dep_context=non-requeueable deps ti=<TaskInstance: full_pipeline.extract_weather manual__2025-04-17T12:22:57.297448+00:00 [queued]>
[2025-04-17T12:28:16.271+0000] {taskinstance.py:2613} INFO - Dependencies all met for dep_context=requeueable deps ti=<TaskInstance: full_pipeline.extract_weather manual__2025-04-17T12:22:57.297448+00:00 [queued]>
[2025-04-17T12:28:16.272+0000] {taskinstance.py:2866} INFO - Starting attempt 1 of 2
[2025-04-17T12:28:16.289+0000] {taskinstance.py:2889} INFO - Executing <Task(BashOperator): extract_weather> on 2025-04-17 12:22:57.297448+00:00
[2025-04-17T12:28:16.296+0000] {standard_task_runner.py:72} INFO - Started process 270 to run task
[2025-04-17T12:28:16.300+0000] {standard_task_runner.py:104} INFO - Running: ['airflow', 'tasks', 'run', 'full_pipeline', 'extract_weather', 'manual__2025-04-17T12:22:57.297448+00:00', '--job-id', '855', '--raw', '--subdir', 'DAGS_FOLDER/full_pipeline_dag.py', '--cfg-path', '/tmp/tmpexmk2v52']
[2025-04-17T12:28:16.302+0000] {standard_task_runner.py:105} INFO - Job 855: Subtask extract_weather
[2025-04-17T12:28:16.464+0000] {task_command.py:467} INFO - Running <TaskInstance: full_pipeline.extract_weather manual__2025-04-17T12:22:57.297448+00:00 [running]> on host d139622d7ee8
[2025-04-17T12:28:16.674+0000] {taskinstance.py:3132} INFO - Exporting env vars: AIRFLOW_CTX_DAG_OWNER='data_team' AIRFLOW_CTX_DAG_ID='full_pipeline' AIRFLOW_CTX_TASK_ID='extract_weather' AIRFLOW_CTX_EXECUTION_DATE='2025-04-17T12:22:57.297448+00:00' AIRFLOW_CTX_TRY_NUMBER='1' AIRFLOW_CTX_DAG_RUN_ID='manual__2025-04-17T12:22:57.297448+00:00'
[2025-04-17T12:28:16.676+0000] {taskinstance.py:731} INFO - ::endgroup::
[2025-04-17T12:28:16.690+0000] {subprocess.py:78} INFO - Tmp dir root location: /tmp
[2025-04-17T12:28:16.692+0000] {subprocess.py:88} INFO - Running command: ['/usr/bin/bash', '-c', 'python /opt/airflow/pipeline/extract/fetch_weather_stream.py']
[2025-04-17T12:28:16.701+0000] {subprocess.py:99} INFO - Output:
[2025-04-17T12:34:36.406+0000] {local_task_job_runner.py:127} ERROR - Received SIGTERM. Terminating subprocesses
[2025-04-17T12:34:36.479+0000] {process_utils.py:132} INFO - Sending 15 to group 270. PIDs of all processes in the group: [272, 270]
[2025-04-17T12:34:36.484+0000] {process_utils.py:87} INFO - Sending the signal 15 to group 270
[2025-04-17T12:34:36.519+0000] {taskinstance.py:3093} ERROR - Received SIGTERM. Terminating subprocesses.
[2025-04-17T12:34:36.600+0000] {subprocess.py:117} INFO - Sending SIGTERM signal to process group
[2025-04-17T12:34:36.893+0000] {taskinstance.py:3311} ERROR - Task failed with exception
Traceback (most recent call last):
  File "/home/airflow/.local/lib/python3.12/site-packages/airflow/models/taskinstance.py", line 767, in _execute_task
    result = _execute_callable(context=context, **execute_callable_kwargs)
             ^^^^^^^^^^^^^^^^^^^^^^^^^^^^^^^^^^^^^^^^^^^^^^^^^^^^^^^^^^^^^
  File "/home/airflow/.local/lib/python3.12/site-packages/airflow/models/taskinstance.py", line 733, in _execute_callable
    return ExecutionCallableRunner(
           ^^^^^^^^^^^^^^^^^^^^^^^^
  File "/home/airflow/.local/lib/python3.12/site-packages/airflow/utils/operator_helpers.py", line 252, in run
    return self.func(*args, **kwargs)
           ^^^^^^^^^^^^^^^^^^^^^^^^^^
  File "/home/airflow/.local/lib/python3.12/site-packages/airflow/models/baseoperator.py", line 422, in wrapper
    return func(self, *args, **kwargs)
           ^^^^^^^^^^^^^^^^^^^^^^^^^^^
  File "/home/airflow/.local/lib/python3.12/site-packages/airflow/operators/bash.py", line 257, in execute
    result = self._run_inline_command(bash_path=bash_path, env=env)
             ^^^^^^^^^^^^^^^^^^^^^^^^^^^^^^^^^^^^^^^^^^^^^^^^^^^^^^
  File "/home/airflow/.local/lib/python3.12/site-packages/airflow/operators/bash.py", line 284, in _run_inline_command
    return self.subprocess_hook.run_command(
           ^^^^^^^^^^^^^^^^^^^^^^^^^^^^^^^^^
  File "/home/airflow/.local/lib/python3.12/site-packages/airflow/hooks/subprocess.py", line 104, in run_command
    for raw_line in iter(self.sub_process.stdout.readline, b""):
                    ^^^^^^^^^^^^^^^^^^^^^^^^^^^^^^^^^^^^^^^^^^^
  File "/home/airflow/.local/lib/python3.12/site-packages/airflow/models/taskinstance.py", line 3095, in signal_handler
    raise AirflowTaskTerminated("Task received SIGTERM signal")
airflow.exceptions.AirflowTaskTerminated: Task received SIGTERM signal
[2025-04-17T12:34:37.035+0000] {taskinstance.py:1225} INFO - Marking task as UP_FOR_RETRY. dag_id=full_pipeline, task_id=extract_weather, run_id=manual__2025-04-17T12:22:57.297448+00:00, execution_date=20250417T122257, start_date=20250417T122816, end_date=20250417T123437
[2025-04-17T12:34:37.174+0000] {taskinstance.py:340} INFO - ::group::Post task execution logs
[2025-04-17T12:34:37.236+0000] {process_utils.py:80} INFO - Process psutil.Process(pid=272, status='terminated', started='12:28:16') (272) terminated with exit code None
[2025-04-17T12:34:37.239+0000] {process_utils.py:80} INFO - Process psutil.Process(pid=270, status='terminated', exitcode=2, started='12:28:15') (270) terminated with exit code 2
[2025-04-17T12:34:37.244+0000] {local_task_job_runner.py:266} INFO - Task exited with return code 143
[2025-04-17T12:34:37.456+0000] {taskinstance.py:3895} INFO - 0 downstream tasks scheduled from follow-on schedule check
