[2025-04-10T12:16:39.209+0000] {local_task_job_runner.py:123} INFO - ::group::Pre task execution logs
[2025-04-10T12:16:39.255+0000] {taskinstance.py:2613} INFO - Dependencies all met for dep_context=non-requeueable deps ti=<TaskInstance: air_quality_pipeline.create_data_mart manual__2025-04-10T12:16:35.642363+00:00 [queued]>
[2025-04-10T12:16:39.266+0000] {taskinstance.py:2613} INFO - Dependencies all met for dep_context=requeueable deps ti=<TaskInstance: air_quality_pipeline.create_data_mart manual__2025-04-10T12:16:35.642363+00:00 [queued]>
[2025-04-10T12:16:39.266+0000] {taskinstance.py:2866} INFO - Starting attempt 1 of 2
[2025-04-10T12:16:39.281+0000] {taskinstance.py:2889} INFO - Executing <Task(PythonOperator): create_data_mart> on 2025-04-10 12:16:35.642363+00:00
[2025-04-10T12:16:39.288+0000] {standard_task_runner.py:104} INFO - Running: ['airflow', 'tasks', 'run', 'air_quality_pipeline', 'create_data_mart', 'manual__2025-04-10T12:16:35.642363+00:00', '--job-id', '774', '--raw', '--subdir', 'DAGS_FOLDER/data_pipeline.py', '--cfg-path', '/tmp/tmpfbhea4u5']
[2025-04-10T12:16:39.291+0000] {standard_task_runner.py:105} INFO - Job 774: Subtask create_data_mart
[2025-04-10T12:16:39.292+0000] {logging_mixin.py:190} WARNING - /home/airflow/.local/lib/python3.12/site-packages/airflow/task/task_runner/standard_task_runner.py:70 DeprecationWarning: This process (pid=1046) is multi-threaded, use of fork() may lead to deadlocks in the child.
[2025-04-10T12:16:39.293+0000] {standard_task_runner.py:72} INFO - Started process 1060 to run task
[2025-04-10T12:16:39.450+0000] {task_command.py:467} INFO - Running <TaskInstance: air_quality_pipeline.create_data_mart manual__2025-04-10T12:16:35.642363+00:00 [running]> on host 04906466de51
[2025-04-10T12:16:39.659+0000] {taskinstance.py:3132} INFO - Exporting env vars: AIRFLOW_CTX_DAG_EMAIL='fbleza5@gmail.com' AIRFLOW_CTX_DAG_OWNER='airflow' AIRFLOW_CTX_DAG_ID='air_quality_pipeline' AIRFLOW_CTX_TASK_ID='create_data_mart' AIRFLOW_CTX_EXECUTION_DATE='2025-04-10T12:16:35.642363+00:00' AIRFLOW_CTX_TRY_NUMBER='1' AIRFLOW_CTX_DAG_RUN_ID='manual__2025-04-10T12:16:35.642363+00:00'
[2025-04-10T12:16:39.660+0000] {taskinstance.py:731} INFO - ::endgroup::
[2025-04-10T12:16:39.717+0000] {base.py:84} INFO - Retrieving connection 'postgres_data'
[2025-04-10T12:16:39.759+0000] {data_pipeline.py:179} INFO - Tables de Data Mart créées pour chaque ville
[2025-04-10T12:16:39.760+0000] {python.py:240} INFO - Done. Returned value was: None
[2025-04-10T12:16:39.803+0000] {taskinstance.py:340} INFO - ::group::Post task execution logs
[2025-04-10T12:16:39.803+0000] {taskinstance.py:352} INFO - Marking task as SUCCESS. dag_id=air_quality_pipeline, task_id=create_data_mart, run_id=manual__2025-04-10T12:16:35.642363+00:00, execution_date=20250410T121635, start_date=20250410T121639, end_date=20250410T121639
[2025-04-10T12:16:39.830+0000] {local_task_job_runner.py:266} INFO - Task exited with return code 0
[2025-04-10T12:16:39.888+0000] {taskinstance.py:3895} INFO - 1 downstream tasks scheduled from follow-on schedule check
[2025-04-10T12:16:39.891+0000] {local_task_job_runner.py:245} INFO - ::endgroup::
