[2025-03-27T20:00:15.885+0000] {local_task_job_runner.py:123} INFO - ::group::Pre task execution logs
[2025-03-27T20:00:15.932+0000] {taskinstance.py:2613} INFO - Dependencies all met for dep_context=non-requeueable deps ti=<TaskInstance: air_quality_pipeline.store_data scheduled__2025-03-27T18:00:00+00:00 [queued]>
[2025-03-27T20:00:15.944+0000] {taskinstance.py:2613} INFO - Dependencies all met for dep_context=requeueable deps ti=<TaskInstance: air_quality_pipeline.store_data scheduled__2025-03-27T18:00:00+00:00 [queued]>
[2025-03-27T20:00:15.944+0000] {taskinstance.py:2866} INFO - Starting attempt 1 of 2
[2025-03-27T20:00:15.958+0000] {taskinstance.py:2889} INFO - Executing <Task(PythonOperator): store_data> on 2025-03-27 18:00:00+00:00
[2025-03-27T20:00:15.966+0000] {standard_task_runner.py:104} INFO - Running: ['airflow', 'tasks', 'run', 'air_quality_pipeline', 'store_data', 'scheduled__2025-03-27T18:00:00+00:00', '--job-id', '219', '--raw', '--subdir', 'DAGS_FOLDER/data_pipeline.py', '--cfg-path', '/tmp/tmp1q9n4stv']
[2025-03-27T20:00:15.969+0000] {standard_task_runner.py:105} INFO - Job 219: Subtask store_data
[2025-03-27T20:00:15.969+0000] {logging_mixin.py:190} WARNING - /home/airflow/.local/lib/python3.12/site-packages/airflow/task/task_runner/standard_task_runner.py:70 DeprecationWarning: This process (pid=906) is multi-threaded, use of fork() may lead to deadlocks in the child.
[2025-03-27T20:00:15.970+0000] {standard_task_runner.py:72} INFO - Started process 920 to run task
[2025-03-27T20:00:16.112+0000] {task_command.py:467} INFO - Running <TaskInstance: air_quality_pipeline.store_data scheduled__2025-03-27T18:00:00+00:00 [running]> on host 6d0e87c01008
[2025-03-27T20:00:16.288+0000] {taskinstance.py:3132} INFO - Exporting env vars: AIRFLOW_CTX_DAG_OWNER='airflow' AIRFLOW_CTX_DAG_ID='air_quality_pipeline' AIRFLOW_CTX_TASK_ID='store_data' AIRFLOW_CTX_EXECUTION_DATE='2025-03-27T18:00:00+00:00' AIRFLOW_CTX_TRY_NUMBER='1' AIRFLOW_CTX_DAG_RUN_ID='scheduled__2025-03-27T18:00:00+00:00'
[2025-03-27T20:00:16.289+0000] {taskinstance.py:731} INFO - ::endgroup::
[2025-03-27T20:00:16.359+0000] {base.py:84} INFO - Retrieving connection 'postgres_data'
[2025-03-27T20:00:16.560+0000] {data_pipeline.py:99} INFO - Données insérées dans PostgreSQL
[2025-03-27T20:00:16.561+0000] {python.py:240} INFO - Done. Returned value was: None
[2025-03-27T20:00:16.596+0000] {taskinstance.py:340} INFO - ::group::Post task execution logs
[2025-03-27T20:00:16.597+0000] {taskinstance.py:352} INFO - Marking task as SUCCESS. dag_id=air_quality_pipeline, task_id=store_data, run_id=scheduled__2025-03-27T18:00:00+00:00, execution_date=20250327T180000, start_date=20250327T200015, end_date=20250327T200016
[2025-03-27T20:00:16.626+0000] {local_task_job_runner.py:266} INFO - Task exited with return code 0
[2025-03-27T20:00:16.670+0000] {taskinstance.py:3895} INFO - 0 downstream tasks scheduled from follow-on schedule check
[2025-03-27T20:00:16.673+0000] {local_task_job_runner.py:245} INFO - ::endgroup::
