[2025-03-28T10:49:29.518+0000] {local_task_job_runner.py:123} INFO - ::group::Pre task execution logs
[2025-03-28T10:49:29.575+0000] {taskinstance.py:2613} INFO - Dependencies all met for dep_context=non-requeueable deps ti=<TaskInstance: air_quality_pipeline.store_data scheduled__2025-03-27T18:00:00+00:00 [queued]>
[2025-03-28T10:49:29.588+0000] {taskinstance.py:2613} INFO - Dependencies all met for dep_context=requeueable deps ti=<TaskInstance: air_quality_pipeline.store_data scheduled__2025-03-27T18:00:00+00:00 [queued]>
[2025-03-28T10:49:29.589+0000] {taskinstance.py:2866} INFO - Starting attempt 2 of 3
[2025-03-28T10:49:29.606+0000] {taskinstance.py:2889} INFO - Executing <Task(PythonOperator): store_data> on 2025-03-27 18:00:00+00:00
[2025-03-28T10:49:29.614+0000] {standard_task_runner.py:104} INFO - Running: ['airflow', 'tasks', 'run', 'air_quality_pipeline', 'store_data', 'scheduled__2025-03-27T18:00:00+00:00', '--job-id', '304', '--raw', '--subdir', 'DAGS_FOLDER/data_pipeline.py', '--cfg-path', '/tmp/tmpzb1omn8k']
[2025-03-28T10:49:29.616+0000] {standard_task_runner.py:105} INFO - Job 304: Subtask store_data
[2025-03-28T10:49:29.617+0000] {logging_mixin.py:190} WARNING - /home/airflow/.local/lib/python3.12/site-packages/airflow/task/task_runner/standard_task_runner.py:70 DeprecationWarning: This process (pid=932) is multi-threaded, use of fork() may lead to deadlocks in the child.
[2025-03-28T10:49:29.618+0000] {standard_task_runner.py:72} INFO - Started process 946 to run task
[2025-03-28T10:49:29.875+0000] {task_command.py:467} INFO - Running <TaskInstance: air_quality_pipeline.store_data scheduled__2025-03-27T18:00:00+00:00 [running]> on host 6d0e87c01008
[2025-03-28T10:49:30.217+0000] {taskinstance.py:3132} INFO - Exporting env vars: AIRFLOW_CTX_DAG_OWNER='airflow' AIRFLOW_CTX_DAG_ID='air_quality_pipeline' AIRFLOW_CTX_TASK_ID='store_data' AIRFLOW_CTX_EXECUTION_DATE='2025-03-27T18:00:00+00:00' AIRFLOW_CTX_TRY_NUMBER='2' AIRFLOW_CTX_DAG_RUN_ID='scheduled__2025-03-27T18:00:00+00:00'
[2025-03-28T10:49:30.218+0000] {taskinstance.py:731} INFO - ::endgroup::
[2025-03-28T10:49:30.279+0000] {base.py:84} INFO - Retrieving connection 'postgres_data'
[2025-03-28T10:49:30.468+0000] {data_pipeline.py:141} INFO - Données insérées dans le Data Warehouse
[2025-03-28T10:49:30.469+0000] {python.py:240} INFO - Done. Returned value was: None
[2025-03-28T10:49:30.518+0000] {taskinstance.py:340} INFO - ::group::Post task execution logs
[2025-03-28T10:49:30.519+0000] {taskinstance.py:352} INFO - Marking task as SUCCESS. dag_id=air_quality_pipeline, task_id=store_data, run_id=scheduled__2025-03-27T18:00:00+00:00, execution_date=20250327T180000, start_date=20250328T104929, end_date=20250328T104930
[2025-03-28T10:49:30.556+0000] {local_task_job_runner.py:266} INFO - Task exited with return code 0
[2025-03-28T10:49:30.619+0000] {taskinstance.py:3895} INFO - 1 downstream tasks scheduled from follow-on schedule check
[2025-03-28T10:49:30.623+0000] {local_task_job_runner.py:245} INFO - ::endgroup::
