[2025-03-28T10:01:29.978+0000] {local_task_job_runner.py:123} INFO - ::group::Pre task execution logs
[2025-03-28T10:01:30.072+0000] {taskinstance.py:2613} INFO - Dependencies all met for dep_context=non-requeueable deps ti=<TaskInstance: air_quality_pipeline.load_to_warehouse manual__2025-03-28T10:01:14.963866+00:00 [queued]>
[2025-03-28T10:01:30.088+0000] {taskinstance.py:2613} INFO - Dependencies all met for dep_context=requeueable deps ti=<TaskInstance: air_quality_pipeline.load_to_warehouse manual__2025-03-28T10:01:14.963866+00:00 [queued]>
[2025-03-28T10:01:30.089+0000] {taskinstance.py:2866} INFO - Starting attempt 1 of 2
[2025-03-28T10:01:30.112+0000] {taskinstance.py:2889} INFO - Executing <Task(PythonOperator): load_to_warehouse> on 2025-03-28 10:01:14.963866+00:00
[2025-03-28T10:01:30.121+0000] {standard_task_runner.py:104} INFO - Running: ['airflow', 'tasks', 'run', 'air_quality_pipeline', 'load_to_warehouse', 'manual__2025-03-28T10:01:14.963866+00:00', '--job-id', '236', '--raw', '--subdir', 'DAGS_FOLDER/data_pipeline.py', '--cfg-path', '/tmp/tmp7pn2udpc']
[2025-03-28T10:01:30.124+0000] {standard_task_runner.py:105} INFO - Job 236: Subtask load_to_warehouse
[2025-03-28T10:01:30.126+0000] {logging_mixin.py:190} WARNING - /home/airflow/.local/lib/python3.12/site-packages/airflow/task/task_runner/standard_task_runner.py:70 DeprecationWarning: This process (pid=4470) is multi-threaded, use of fork() may lead to deadlocks in the child.
[2025-03-28T10:01:30.128+0000] {standard_task_runner.py:72} INFO - Started process 4486 to run task
[2025-03-28T10:01:30.389+0000] {task_command.py:467} INFO - Running <TaskInstance: air_quality_pipeline.load_to_warehouse manual__2025-03-28T10:01:14.963866+00:00 [running]> on host 6d0e87c01008
[2025-03-28T10:01:30.705+0000] {taskinstance.py:3132} INFO - Exporting env vars: AIRFLOW_CTX_DAG_OWNER='airflow' AIRFLOW_CTX_DAG_ID='air_quality_pipeline' AIRFLOW_CTX_TASK_ID='load_to_warehouse' AIRFLOW_CTX_EXECUTION_DATE='2025-03-28T10:01:14.963866+00:00' AIRFLOW_CTX_TRY_NUMBER='1' AIRFLOW_CTX_DAG_RUN_ID='manual__2025-03-28T10:01:14.963866+00:00'
[2025-03-28T10:01:30.707+0000] {taskinstance.py:731} INFO - ::endgroup::
[2025-03-28T10:01:30.814+0000] {base.py:84} INFO - Retrieving connection 'postgres_data'
[2025-03-28T10:01:31.140+0000] {data_pipeline.py:101} INFO - ✅ Données enregistrées dans le Data Warehouse
[2025-03-28T10:01:31.143+0000] {python.py:240} INFO - Done. Returned value was: None
[2025-03-28T10:01:31.211+0000] {taskinstance.py:340} INFO - ::group::Post task execution logs
[2025-03-28T10:01:31.212+0000] {taskinstance.py:352} INFO - Marking task as SUCCESS. dag_id=air_quality_pipeline, task_id=load_to_warehouse, run_id=manual__2025-03-28T10:01:14.963866+00:00, execution_date=20250328T100114, start_date=20250328T100130, end_date=20250328T100131
[2025-03-28T10:01:31.269+0000] {local_task_job_runner.py:266} INFO - Task exited with return code 0
[2025-03-28T10:01:31.351+0000] {taskinstance.py:3895} INFO - 1 downstream tasks scheduled from follow-on schedule check
[2025-03-28T10:01:31.358+0000] {local_task_job_runner.py:245} INFO - ::endgroup::
