[2025-03-28T20:40:08.903+0000] {local_task_job_runner.py:123} INFO - ::group::Pre task execution logs
[2025-03-28T20:40:08.953+0000] {taskinstance.py:2613} INFO - Dependencies all met for dep_context=non-requeueable deps ti=<TaskInstance: air_quality_monitoring_v3.collect_air_quality_data scheduled__2025-03-28T20:20:00+00:00 [queued]>
[2025-03-28T20:40:08.966+0000] {taskinstance.py:2613} INFO - Dependencies all met for dep_context=requeueable deps ti=<TaskInstance: air_quality_monitoring_v3.collect_air_quality_data scheduled__2025-03-28T20:20:00+00:00 [queued]>
[2025-03-28T20:40:08.966+0000] {taskinstance.py:2866} INFO - Starting attempt 1 of 4
[2025-03-28T20:40:08.981+0000] {taskinstance.py:2889} INFO - Executing <Task(PythonOperator): collect_air_quality_data> on 2025-03-28 20:20:00+00:00
[2025-03-28T20:40:08.990+0000] {standard_task_runner.py:104} INFO - Running: ['airflow', 'tasks', 'run', 'air_quality_monitoring_v3', 'collect_air_quality_data', 'scheduled__2025-03-28T20:20:00+00:00', '--job-id', '465', '--raw', '--subdir', 'DAGS_FOLDER/data_enriched_predict.py', '--cfg-path', '/tmp/tmp22doxqss']
[2025-03-28T20:40:08.993+0000] {logging_mixin.py:190} WARNING - /home/airflow/.local/lib/python3.12/site-packages/airflow/task/task_runner/standard_task_runner.py:70 DeprecationWarning: This process (pid=14006) is multi-threaded, use of fork() may lead to deadlocks in the child.
[2025-03-28T20:40:08.994+0000] {standard_task_runner.py:105} INFO - Job 465: Subtask collect_air_quality_data
[2025-03-28T20:40:08.994+0000] {standard_task_runner.py:72} INFO - Started process 14031 to run task
[2025-03-28T20:40:09.141+0000] {task_command.py:467} INFO - Running <TaskInstance: air_quality_monitoring_v3.collect_air_quality_data scheduled__2025-03-28T20:20:00+00:00 [running]> on host 04906466de51
[2025-03-28T20:40:09.451+0000] {taskinstance.py:3132} INFO - Exporting env vars: AIRFLOW_CTX_DAG_OWNER='airflow' AIRFLOW_CTX_DAG_ID='air_quality_monitoring_v3' AIRFLOW_CTX_TASK_ID='collect_air_quality_data' AIRFLOW_CTX_EXECUTION_DATE='2025-03-28T20:20:00+00:00' AIRFLOW_CTX_TRY_NUMBER='1' AIRFLOW_CTX_DAG_RUN_ID='scheduled__2025-03-28T20:20:00+00:00'
[2025-03-28T20:40:09.452+0000] {taskinstance.py:731} INFO - ::endgroup::
[2025-03-28T20:40:09.464+0000] {data_enriched_predict.py:144} INFO - Collecte pour Lyon...
[2025-03-28T20:40:10.632+0000] {data_enriched_predict.py:101} INFO - Statut API : 200
[2025-03-28T20:40:10.633+0000] {data_enriched_predict.py:165} INFO - Données validées pour Lyon
[2025-03-28T20:40:10.965+0000] {data_enriched_predict.py:144} INFO - Collecte pour Paris...
[2025-03-28T20:40:12.006+0000] {data_enriched_predict.py:101} INFO - Statut API : 200
[2025-03-28T20:40:12.007+0000] {data_enriched_predict.py:165} INFO - Données validées pour Paris
[2025-03-28T20:40:12.466+0000] {data_enriched_predict.py:144} INFO - Collecte pour Marseille...
[2025-03-28T20:40:13.508+0000] {data_enriched_predict.py:101} INFO - Statut API : 200
[2025-03-28T20:40:13.510+0000] {data_enriched_predict.py:165} INFO - Données validées pour Marseille
[2025-03-28T20:40:13.975+0000] {data_enriched_predict.py:185} INFO - Début du stockage de 3 enregistrements
[2025-03-28T20:40:14.029+0000] {base.py:84} INFO - Retrieving connection 'postgres_data'
[2025-03-28T20:40:14.097+0000] {data_enriched_predict.py:214} INFO - Stockage réussi de 3 enregistrements
[2025-03-28T20:40:14.100+0000] {data_enriched_predict.py:219} INFO - Total en base : 44
[2025-03-28T20:40:14.102+0000] {python.py:240} INFO - Done. Returned value was: None
[2025-03-28T20:40:14.143+0000] {taskinstance.py:340} INFO - ::group::Post task execution logs
[2025-03-28T20:40:14.144+0000] {taskinstance.py:352} INFO - Marking task as SUCCESS. dag_id=air_quality_monitoring_v3, task_id=collect_air_quality_data, run_id=scheduled__2025-03-28T20:20:00+00:00, execution_date=20250328T202000, start_date=20250328T204008, end_date=20250328T204014
[2025-03-28T20:40:14.177+0000] {local_task_job_runner.py:266} INFO - Task exited with return code 0
[2025-03-28T20:40:14.226+0000] {taskinstance.py:3895} INFO - 1 downstream tasks scheduled from follow-on schedule check
[2025-03-28T20:40:14.228+0000] {local_task_job_runner.py:245} INFO - ::endgroup::
