[2025-03-28T15:32:54.605+0000] {local_task_job_runner.py:123} INFO - ::group::Pre task execution logs
[2025-03-28T15:32:54.661+0000] {taskinstance.py:2613} INFO - Dependencies all met for dep_context=non-requeueable deps ti=<TaskInstance: air_quality_france.create_tables scheduled__2025-03-28T12:00:00+00:00 [queued]>
[2025-03-28T15:32:54.675+0000] {taskinstance.py:2613} INFO - Dependencies all met for dep_context=requeueable deps ti=<TaskInstance: air_quality_france.create_tables scheduled__2025-03-28T12:00:00+00:00 [queued]>
[2025-03-28T15:32:54.676+0000] {taskinstance.py:2866} INFO - Starting attempt 1 of 3
[2025-03-28T15:32:54.693+0000] {taskinstance.py:2889} INFO - Executing <Task(PythonOperator): create_tables> on 2025-03-28 12:00:00+00:00
[2025-03-28T15:32:54.706+0000] {standard_task_runner.py:104} INFO - Running: ['airflow', 'tasks', 'run', 'air_quality_france', 'create_tables', 'scheduled__2025-03-28T12:00:00+00:00', '--job-id', '403', '--raw', '--subdir', 'DAGS_FOLDER/data_enriched_predict.py', '--cfg-path', '/tmp/tmprsciasyl']
[2025-03-28T15:32:54.709+0000] {standard_task_runner.py:105} INFO - Job 403: Subtask create_tables
[2025-03-28T15:32:54.711+0000] {logging_mixin.py:190} WARNING - /home/airflow/.local/lib/python3.12/site-packages/airflow/task/task_runner/standard_task_runner.py:70 DeprecationWarning: This process (pid=3403) is multi-threaded, use of fork() may lead to deadlocks in the child.
[2025-03-28T15:32:54.711+0000] {standard_task_runner.py:72} INFO - Started process 3428 to run task
[2025-03-28T15:32:54.984+0000] {task_command.py:467} INFO - Running <TaskInstance: air_quality_france.create_tables scheduled__2025-03-28T12:00:00+00:00 [running]> on host 04906466de51
[2025-03-28T15:32:55.307+0000] {taskinstance.py:3132} INFO - Exporting env vars: AIRFLOW_CTX_DAG_OWNER='airflow' AIRFLOW_CTX_DAG_ID='air_quality_france' AIRFLOW_CTX_TASK_ID='create_tables' AIRFLOW_CTX_EXECUTION_DATE='2025-03-28T12:00:00+00:00' AIRFLOW_CTX_TRY_NUMBER='1' AIRFLOW_CTX_DAG_RUN_ID='scheduled__2025-03-28T12:00:00+00:00'
[2025-03-28T15:32:55.308+0000] {taskinstance.py:731} INFO - ::endgroup::
[2025-03-28T15:32:55.369+0000] {base.py:84} INFO - Retrieving connection 'postgres_data'
[2025-03-28T15:32:55.433+0000] {data_enriched_predict.py:59} INFO - Tables créées avec succès
[2025-03-28T15:32:55.434+0000] {python.py:240} INFO - Done. Returned value was: None
[2025-03-28T15:32:55.474+0000] {taskinstance.py:340} INFO - ::group::Post task execution logs
[2025-03-28T15:32:55.475+0000] {taskinstance.py:352} INFO - Marking task as SUCCESS. dag_id=air_quality_france, task_id=create_tables, run_id=scheduled__2025-03-28T12:00:00+00:00, execution_date=20250328T120000, start_date=20250328T153254, end_date=20250328T153255
[2025-03-28T15:32:55.531+0000] {local_task_job_runner.py:266} INFO - Task exited with return code 0
[2025-03-28T15:32:55.584+0000] {taskinstance.py:3895} INFO - 0 downstream tasks scheduled from follow-on schedule check
[2025-03-28T15:32:55.587+0000] {local_task_job_runner.py:245} INFO - ::endgroup::
[2025-03-28T16:02:58.732+0000] {local_task_job_runner.py:123} INFO - ::group::Pre task execution logs
[2025-03-28T16:02:58.787+0000] {taskinstance.py:2613} INFO - Dependencies all met for dep_context=non-requeueable deps ti=<TaskInstance: air_quality_france.create_tables scheduled__2025-03-28T12:00:00+00:00 [queued]>
[2025-03-28T16:02:58.800+0000] {taskinstance.py:2613} INFO - Dependencies all met for dep_context=requeueable deps ti=<TaskInstance: air_quality_france.create_tables scheduled__2025-03-28T12:00:00+00:00 [queued]>
[2025-03-28T16:02:58.801+0000] {taskinstance.py:2866} INFO - Starting attempt 1 of 3
[2025-03-28T16:02:58.820+0000] {taskinstance.py:2889} INFO - Executing <Task(PythonOperator): create_tables> on 2025-03-28 12:00:00+00:00
[2025-03-28T16:02:58.834+0000] {standard_task_runner.py:104} INFO - Running: ['airflow', 'tasks', 'run', 'air_quality_france', 'create_tables', 'scheduled__2025-03-28T12:00:00+00:00', '--job-id', '410', '--raw', '--subdir', 'DAGS_FOLDER/data_enriched_predict.py', '--cfg-path', '/tmp/tmp5pb_9lfn']
[2025-03-28T16:02:58.838+0000] {logging_mixin.py:190} WARNING - /home/airflow/.local/lib/python3.12/site-packages/airflow/task/task_runner/standard_task_runner.py:70 DeprecationWarning: This process (pid=4475) is multi-threaded, use of fork() may lead to deadlocks in the child.
[2025-03-28T16:02:58.838+0000] {standard_task_runner.py:105} INFO - Job 410: Subtask create_tables
[2025-03-28T16:02:58.839+0000] {standard_task_runner.py:72} INFO - Started process 4500 to run task
[2025-03-28T16:02:59.007+0000] {task_command.py:467} INFO - Running <TaskInstance: air_quality_france.create_tables scheduled__2025-03-28T12:00:00+00:00 [running]> on host 04906466de51
[2025-03-28T16:02:59.226+0000] {taskinstance.py:3132} INFO - Exporting env vars: AIRFLOW_CTX_DAG_OWNER='airflow' AIRFLOW_CTX_DAG_ID='air_quality_france' AIRFLOW_CTX_TASK_ID='create_tables' AIRFLOW_CTX_EXECUTION_DATE='2025-03-28T12:00:00+00:00' AIRFLOW_CTX_TRY_NUMBER='1' AIRFLOW_CTX_DAG_RUN_ID='scheduled__2025-03-28T12:00:00+00:00'
[2025-03-28T16:02:59.228+0000] {taskinstance.py:731} INFO - ::endgroup::
[2025-03-28T16:02:59.291+0000] {base.py:84} INFO - Retrieving connection 'postgres_data'
[2025-03-28T16:02:59.332+0000] {data_enriched_predict.py:60} INFO - Tables créées avec succès
[2025-03-28T16:02:59.333+0000] {python.py:240} INFO - Done. Returned value was: None
[2025-03-28T16:02:59.374+0000] {taskinstance.py:340} INFO - ::group::Post task execution logs
[2025-03-28T16:02:59.375+0000] {taskinstance.py:352} INFO - Marking task as SUCCESS. dag_id=air_quality_france, task_id=create_tables, run_id=scheduled__2025-03-28T12:00:00+00:00, execution_date=20250328T120000, start_date=20250328T160258, end_date=20250328T160259
[2025-03-28T16:02:59.417+0000] {local_task_job_runner.py:266} INFO - Task exited with return code 0
[2025-03-28T16:02:59.481+0000] {taskinstance.py:3895} INFO - 1 downstream tasks scheduled from follow-on schedule check
[2025-03-28T16:02:59.483+0000] {local_task_job_runner.py:245} INFO - ::endgroup::
