[2025-03-31T22:00:10.287+0000] {local_task_job_runner.py:123} INFO - ::group::Pre task execution logs
[2025-03-31T22:00:10.358+0000] {taskinstance.py:2613} INFO - Dependencies all met for dep_context=non-requeueable deps ti=<TaskInstance: air_quality_pipeline.transform_data scheduled__2025-03-31T20:00:00+00:00 [queued]>
[2025-03-31T22:00:10.379+0000] {taskinstance.py:2613} INFO - Dependencies all met for dep_context=requeueable deps ti=<TaskInstance: air_quality_pipeline.transform_data scheduled__2025-03-31T20:00:00+00:00 [queued]>
[2025-03-31T22:00:10.380+0000] {taskinstance.py:2866} INFO - Starting attempt 1 of 2
[2025-03-31T22:00:10.400+0000] {taskinstance.py:2889} INFO - Executing <Task(PythonOperator): transform_data> on 2025-03-31 20:00:00+00:00
[2025-03-31T22:00:10.408+0000] {standard_task_runner.py:104} INFO - Running: ['airflow', 'tasks', 'run', 'air_quality_pipeline', 'transform_data', 'scheduled__2025-03-31T20:00:00+00:00', '--job-id', '710', '--raw', '--subdir', 'DAGS_FOLDER/data_pipeline.py', '--cfg-path', '/tmp/tmp88_90ot2']
[2025-03-31T22:00:10.411+0000] {standard_task_runner.py:105} INFO - Job 710: Subtask transform_data
[2025-03-31T22:00:10.412+0000] {logging_mixin.py:190} WARNING - /home/airflow/.local/lib/python3.12/site-packages/airflow/task/task_runner/standard_task_runner.py:70 DeprecationWarning: This process (pid=7323) is multi-threaded, use of fork() may lead to deadlocks in the child.
[2025-03-31T22:00:10.412+0000] {standard_task_runner.py:72} INFO - Started process 7337 to run task
[2025-03-31T22:00:10.595+0000] {task_command.py:467} INFO - Running <TaskInstance: air_quality_pipeline.transform_data scheduled__2025-03-31T20:00:00+00:00 [running]> on host 04906466de51
[2025-03-31T22:00:10.823+0000] {taskinstance.py:3132} INFO - Exporting env vars: AIRFLOW_CTX_DAG_EMAIL='fbleza5@gmail.com' AIRFLOW_CTX_DAG_OWNER='airflow' AIRFLOW_CTX_DAG_ID='air_quality_pipeline' AIRFLOW_CTX_TASK_ID='transform_data' AIRFLOW_CTX_EXECUTION_DATE='2025-03-31T20:00:00+00:00' AIRFLOW_CTX_TRY_NUMBER='1' AIRFLOW_CTX_DAG_RUN_ID='scheduled__2025-03-31T20:00:00+00:00'
[2025-03-31T22:00:10.825+0000] {taskinstance.py:731} INFO - ::endgroup::
[2025-03-31T22:00:12.096+0000] {base.py:84} INFO - Retrieving connection 'postgres_data'
[2025-03-31T22:00:12.181+0000] {data_pipeline.py:55} INFO - Données brutes insérées pour Paris dans Data Lake
[2025-03-31T22:00:13.391+0000] {base.py:84} INFO - Retrieving connection 'postgres_data'
[2025-03-31T22:00:13.456+0000] {data_pipeline.py:55} INFO - Données brutes insérées pour Lyon dans Data Lake
[2025-03-31T22:00:14.672+0000] {base.py:84} INFO - Retrieving connection 'postgres_data'
[2025-03-31T22:00:14.738+0000] {data_pipeline.py:55} INFO - Données brutes insérées pour Lille dans Data Lake
[2025-03-31T22:00:15.942+0000] {base.py:84} INFO - Retrieving connection 'postgres_data'
[2025-03-31T22:00:16.025+0000] {data_pipeline.py:55} INFO - Données brutes insérées pour Marseille dans Data Lake
[2025-03-31T22:00:17.274+0000] {base.py:84} INFO - Retrieving connection 'postgres_data'
[2025-03-31T22:00:17.344+0000] {data_pipeline.py:55} INFO - Données brutes insérées pour Montpellier dans Data Lake
[2025-03-31T22:00:17.410+0000] {base.py:84} INFO - Retrieving connection 'postgres_data'
[2025-03-31T22:00:17.919+0000] {data_pipeline.py:141} INFO - Données insérées dans le Data Warehouse
[2025-03-31T22:00:17.921+0000] {data_pipeline.py:100} INFO - Données transformées et stockées dans le Data Warehouse
[2025-03-31T22:00:17.922+0000] {python.py:240} INFO - Done. Returned value was:             city           timestamp  temperature  ...  aqi  pm25  pm10
0          Paris 2025-04-01 00:00:00            9  ...   53    53    26
1          Paris 2025-04-01 03:00:00            6  ...   53    53    26
2          Paris 2025-04-01 06:00:00            4  ...   53    53    26
3          Paris 2025-04-01 09:00:00           10  ...   53    53    26
4          Paris 2025-04-01 12:00:00           13  ...   53    53    26
..           ...                 ...          ...  ...  ...   ...   ...
195  Montpellier 2025-04-05 09:00:00           15  ...   13    13     5
196  Montpellier 2025-04-05 12:00:00           17  ...   13    13     5
197  Montpellier 2025-04-05 15:00:00           18  ...   13    13     5
198  Montpellier 2025-04-05 18:00:00           15  ...   13    13     5
199  Montpellier 2025-04-05 21:00:00           13  ...   13    13     5

[200 rows x 8 columns]
[2025-03-31T22:00:18.233+0000] {taskinstance.py:340} INFO - ::group::Post task execution logs
[2025-03-31T22:00:18.233+0000] {taskinstance.py:352} INFO - Marking task as SUCCESS. dag_id=air_quality_pipeline, task_id=transform_data, run_id=scheduled__2025-03-31T20:00:00+00:00, execution_date=20250331T200000, start_date=20250331T220010, end_date=20250331T220018
[2025-03-31T22:00:18.298+0000] {local_task_job_runner.py:266} INFO - Task exited with return code 0
[2025-03-31T22:00:18.387+0000] {taskinstance.py:3895} INFO - 1 downstream tasks scheduled from follow-on schedule check
[2025-03-31T22:00:18.391+0000] {local_task_job_runner.py:245} INFO - ::endgroup::
