[2025-03-30T21:34:06.683+0000] {local_task_job_runner.py:123} INFO - ::group::Pre task execution logs
[2025-03-30T21:34:06.728+0000] {taskinstance.py:2613} INFO - Dependencies all met for dep_context=non-requeueable deps ti=<TaskInstance: paris_air_quality_advanced.generate_forecast scheduled__2025-03-29T03:00:00+00:00 [queued]>
[2025-03-30T21:34:06.739+0000] {taskinstance.py:2613} INFO - Dependencies all met for dep_context=requeueable deps ti=<TaskInstance: paris_air_quality_advanced.generate_forecast scheduled__2025-03-29T03:00:00+00:00 [queued]>
[2025-03-30T21:34:06.739+0000] {taskinstance.py:2866} INFO - Starting attempt 1 of 3
[2025-03-30T21:34:06.754+0000] {taskinstance.py:2889} INFO - Executing <Task(PythonOperator): generate_forecast> on 2025-03-29 03:00:00+00:00
[2025-03-30T21:34:06.763+0000] {standard_task_runner.py:104} INFO - Running: ['airflow', 'tasks', 'run', 'paris_air_quality_advanced', 'generate_forecast', 'scheduled__2025-03-29T03:00:00+00:00', '--job-id', '635', '--raw', '--subdir', 'DAGS_FOLDER/data_enriched_predict.py', '--cfg-path', '/tmp/tmpl0dhzlq8']
[2025-03-30T21:34:06.765+0000] {standard_task_runner.py:105} INFO - Job 635: Subtask generate_forecast
[2025-03-30T21:34:06.767+0000] {logging_mixin.py:190} WARNING - /home/airflow/.local/lib/python3.12/site-packages/airflow/task/task_runner/standard_task_runner.py:70 DeprecationWarning: This process (pid=119) is multi-threaded, use of fork() may lead to deadlocks in the child.
[2025-03-30T21:34:06.767+0000] {standard_task_runner.py:72} INFO - Started process 144 to run task
[2025-03-30T21:34:06.915+0000] {task_command.py:467} INFO - Running <TaskInstance: paris_air_quality_advanced.generate_forecast scheduled__2025-03-29T03:00:00+00:00 [running]> on host 04906466de51
[2025-03-30T21:34:07.094+0000] {taskinstance.py:3132} INFO - Exporting env vars: AIRFLOW_CTX_DAG_OWNER='airflow' AIRFLOW_CTX_DAG_ID='paris_air_quality_advanced' AIRFLOW_CTX_TASK_ID='generate_forecast' AIRFLOW_CTX_EXECUTION_DATE='2025-03-29T03:00:00+00:00' AIRFLOW_CTX_TRY_NUMBER='1' AIRFLOW_CTX_DAG_RUN_ID='scheduled__2025-03-29T03:00:00+00:00'
[2025-03-30T21:34:07.095+0000] {taskinstance.py:731} INFO - ::endgroup::
[2025-03-30T21:34:07.260+0000] {base.py:84} INFO - Retrieving connection 'postgres_data'
[2025-03-30T21:34:08.406+0000] {logging_mixin.py:190} WARNING - /opt/airflow/dags/data_enriched_predict.py:83 FutureWarning: The behavior of DataFrame concatenation with empty or all-NA entries is deprecated. In a future version, this will no longer exclude empty or all-NA columns when determining the result dtypes. To retain the old behavior, exclude the relevant entries before the concat operation.
[2025-03-30T21:34:08.736+0000] {taskinstance.py:3311} ERROR - Task failed with exception
Traceback (most recent call last):
  File "/home/airflow/.local/lib/python3.12/site-packages/airflow/models/taskinstance.py", line 767, in _execute_task
    result = _execute_callable(context=context, **execute_callable_kwargs)
             ^^^^^^^^^^^^^^^^^^^^^^^^^^^^^^^^^^^^^^^^^^^^^^^^^^^^^^^^^^^^^
  File "/home/airflow/.local/lib/python3.12/site-packages/airflow/models/taskinstance.py", line 733, in _execute_callable
    return ExecutionCallableRunner(
           ^^^^^^^^^^^^^^^^^^^^^^^^
  File "/home/airflow/.local/lib/python3.12/site-packages/airflow/utils/operator_helpers.py", line 252, in run
    return self.func(*args, **kwargs)
           ^^^^^^^^^^^^^^^^^^^^^^^^^^
  File "/home/airflow/.local/lib/python3.12/site-packages/airflow/models/baseoperator.py", line 422, in wrapper
    return func(self, *args, **kwargs)
           ^^^^^^^^^^^^^^^^^^^^^^^^^^^
  File "/home/airflow/.local/lib/python3.12/site-packages/airflow/operators/python.py", line 238, in execute
    return_value = self.execute_callable()
                   ^^^^^^^^^^^^^^^^^^^^^^^
  File "/home/airflow/.local/lib/python3.12/site-packages/airflow/operators/python.py", line 256, in execute_callable
    return runner.run(*self.op_args, **self.op_kwargs)
           ^^^^^^^^^^^^^^^^^^^^^^^^^^^^^^^^^^^^^^^^^^^
  File "/home/airflow/.local/lib/python3.12/site-packages/airflow/utils/operator_helpers.py", line 252, in run
    return self.func(*args, **kwargs)
           ^^^^^^^^^^^^^^^^^^^^^^^^^^
  File "/opt/airflow/dags/data_enriched_predict.py", line 165, in train_and_forecast
    weather_forecast = get_meteorological_data(days=28)
                       ^^^^^^^^^^^^^^^^^^^^^^^^^^^^^^^^
  File "/opt/airflow/dags/data_enriched_predict.py", line 130, in get_meteorological_data
    df = pd.DataFrame(data['hourly'])
                      ~~~~^^^^^^^^^^
KeyError: 'hourly'
[2025-03-30T21:34:08.793+0000] {taskinstance.py:1225} INFO - Marking task as UP_FOR_RETRY. dag_id=paris_air_quality_advanced, task_id=generate_forecast, run_id=scheduled__2025-03-29T03:00:00+00:00, execution_date=20250329T030000, start_date=20250330T213406, end_date=20250330T213408
[2025-03-30T21:34:08.819+0000] {taskinstance.py:340} INFO - ::group::Post task execution logs
[2025-03-30T21:34:08.820+0000] {standard_task_runner.py:124} ERROR - Failed to execute job 635 for task generate_forecast ('hourly'; 144)
Traceback (most recent call last):
  File "/home/airflow/.local/lib/python3.12/site-packages/airflow/task/task_runner/standard_task_runner.py", line 117, in _start_by_fork
    ret = args.func(args, dag=self.dag)
          ^^^^^^^^^^^^^^^^^^^^^^^^^^^^^
  File "/home/airflow/.local/lib/python3.12/site-packages/airflow/cli/cli_config.py", line 49, in command
    return func(*args, **kwargs)
           ^^^^^^^^^^^^^^^^^^^^^
  File "/home/airflow/.local/lib/python3.12/site-packages/airflow/utils/cli.py", line 116, in wrapper
    return f(*args, **kwargs)
           ^^^^^^^^^^^^^^^^^^
  File "/home/airflow/.local/lib/python3.12/site-packages/airflow/cli/commands/task_command.py", line 483, in task_run
    task_return_code = _run_task_by_selected_method(args, _dag, ti)
                       ^^^^^^^^^^^^^^^^^^^^^^^^^^^^^^^^^^^^^^^^^^^^
  File "/home/airflow/.local/lib/python3.12/site-packages/airflow/cli/commands/task_command.py", line 256, in _run_task_by_selected_method
    return _run_raw_task(args, ti)
           ^^^^^^^^^^^^^^^^^^^^^^^
  File "/home/airflow/.local/lib/python3.12/site-packages/airflow/cli/commands/task_command.py", line 341, in _run_raw_task
    return ti._run_raw_task(
           ^^^^^^^^^^^^^^^^^
  File "/home/airflow/.local/lib/python3.12/site-packages/airflow/utils/session.py", line 97, in wrapper
    return func(*args, session=session, **kwargs)
           ^^^^^^^^^^^^^^^^^^^^^^^^^^^^^^^^^^^^^^
  File "/home/airflow/.local/lib/python3.12/site-packages/airflow/models/taskinstance.py", line 3005, in _run_raw_task
    return _run_raw_task(
           ^^^^^^^^^^^^^^
  File "/home/airflow/.local/lib/python3.12/site-packages/airflow/models/taskinstance.py", line 273, in _run_raw_task
    TaskInstance._execute_task_with_callbacks(
  File "/home/airflow/.local/lib/python3.12/site-packages/airflow/models/taskinstance.py", line 3159, in _execute_task_with_callbacks
    result = self._execute_task(context, task_orig)
             ^^^^^^^^^^^^^^^^^^^^^^^^^^^^^^^^^^^^^^
  File "/home/airflow/.local/lib/python3.12/site-packages/airflow/models/taskinstance.py", line 3183, in _execute_task
    return _execute_task(self, context, task_orig)
           ^^^^^^^^^^^^^^^^^^^^^^^^^^^^^^^^^^^^^^^
  File "/home/airflow/.local/lib/python3.12/site-packages/airflow/models/taskinstance.py", line 767, in _execute_task
    result = _execute_callable(context=context, **execute_callable_kwargs)
             ^^^^^^^^^^^^^^^^^^^^^^^^^^^^^^^^^^^^^^^^^^^^^^^^^^^^^^^^^^^^^
  File "/home/airflow/.local/lib/python3.12/site-packages/airflow/models/taskinstance.py", line 733, in _execute_callable
    return ExecutionCallableRunner(
           ^^^^^^^^^^^^^^^^^^^^^^^^
  File "/home/airflow/.local/lib/python3.12/site-packages/airflow/utils/operator_helpers.py", line 252, in run
    return self.func(*args, **kwargs)
           ^^^^^^^^^^^^^^^^^^^^^^^^^^
  File "/home/airflow/.local/lib/python3.12/site-packages/airflow/models/baseoperator.py", line 422, in wrapper
    return func(self, *args, **kwargs)
           ^^^^^^^^^^^^^^^^^^^^^^^^^^^
  File "/home/airflow/.local/lib/python3.12/site-packages/airflow/operators/python.py", line 238, in execute
    return_value = self.execute_callable()
                   ^^^^^^^^^^^^^^^^^^^^^^^
  File "/home/airflow/.local/lib/python3.12/site-packages/airflow/operators/python.py", line 256, in execute_callable
    return runner.run(*self.op_args, **self.op_kwargs)
           ^^^^^^^^^^^^^^^^^^^^^^^^^^^^^^^^^^^^^^^^^^^
  File "/home/airflow/.local/lib/python3.12/site-packages/airflow/utils/operator_helpers.py", line 252, in run
    return self.func(*args, **kwargs)
           ^^^^^^^^^^^^^^^^^^^^^^^^^^
  File "/opt/airflow/dags/data_enriched_predict.py", line 165, in train_and_forecast
    weather_forecast = get_meteorological_data(days=28)
                       ^^^^^^^^^^^^^^^^^^^^^^^^^^^^^^^^
  File "/opt/airflow/dags/data_enriched_predict.py", line 130, in get_meteorological_data
    df = pd.DataFrame(data['hourly'])
                      ~~~~^^^^^^^^^^
KeyError: 'hourly'
[2025-03-30T21:34:08.836+0000] {local_task_job_runner.py:266} INFO - Task exited with return code 1
[2025-03-30T21:34:08.928+0000] {taskinstance.py:3895} INFO - 0 downstream tasks scheduled from follow-on schedule check
[2025-03-30T21:34:08.934+0000] {local_task_job_runner.py:245} INFO - ::endgroup::
[2025-03-30T22:00:22.483+0000] {local_task_job_runner.py:123} INFO - ::group::Pre task execution logs
[2025-03-30T22:00:22.534+0000] {taskinstance.py:2613} INFO - Dependencies all met for dep_context=non-requeueable deps ti=<TaskInstance: paris_air_quality_advanced.generate_forecast scheduled__2025-03-29T03:00:00+00:00 [queued]>
[2025-03-30T22:00:22.546+0000] {taskinstance.py:2613} INFO - Dependencies all met for dep_context=requeueable deps ti=<TaskInstance: paris_air_quality_advanced.generate_forecast scheduled__2025-03-29T03:00:00+00:00 [queued]>
[2025-03-30T22:00:22.547+0000] {taskinstance.py:2866} INFO - Starting attempt 1 of 3
[2025-03-30T22:00:22.563+0000] {taskinstance.py:2889} INFO - Executing <Task(PythonOperator): generate_forecast> on 2025-03-29 03:00:00+00:00
[2025-03-30T22:00:22.573+0000] {standard_task_runner.py:104} INFO - Running: ['airflow', 'tasks', 'run', 'paris_air_quality_advanced', 'generate_forecast', 'scheduled__2025-03-29T03:00:00+00:00', '--job-id', '640', '--raw', '--subdir', 'DAGS_FOLDER/data_enriched_predict.py', '--cfg-path', '/tmp/tmp9tu56nns']
[2025-03-30T22:00:22.576+0000] {standard_task_runner.py:105} INFO - Job 640: Subtask generate_forecast
[2025-03-30T22:00:22.576+0000] {logging_mixin.py:190} WARNING - /home/airflow/.local/lib/python3.12/site-packages/airflow/task/task_runner/standard_task_runner.py:70 DeprecationWarning: This process (pid=1045) is multi-threaded, use of fork() may lead to deadlocks in the child.
[2025-03-30T22:00:22.577+0000] {standard_task_runner.py:72} INFO - Started process 1070 to run task
[2025-03-30T22:00:22.719+0000] {task_command.py:467} INFO - Running <TaskInstance: paris_air_quality_advanced.generate_forecast scheduled__2025-03-29T03:00:00+00:00 [running]> on host 04906466de51
[2025-03-30T22:00:22.896+0000] {taskinstance.py:3132} INFO - Exporting env vars: AIRFLOW_CTX_DAG_OWNER='airflow' AIRFLOW_CTX_DAG_ID='paris_air_quality_advanced' AIRFLOW_CTX_TASK_ID='generate_forecast' AIRFLOW_CTX_EXECUTION_DATE='2025-03-29T03:00:00+00:00' AIRFLOW_CTX_TRY_NUMBER='1' AIRFLOW_CTX_DAG_RUN_ID='scheduled__2025-03-29T03:00:00+00:00'
[2025-03-30T22:00:22.897+0000] {taskinstance.py:731} INFO - ::endgroup::
[2025-03-30T22:00:22.911+0000] {data_enriched_predict.py:210} INFO - Début de l'exécution du pipeline de prévision
[2025-03-30T22:00:22.960+0000] {base.py:84} INFO - Retrieving connection 'postgres_data'
[2025-03-30T22:00:24.133+0000] {logging_mixin.py:190} WARNING - /opt/airflow/dags/data_enriched_predict.py:87 FutureWarning: The behavior of DataFrame concatenation with empty or all-NA entries is deprecated. In a future version, this will no longer exclude empty or all-NA columns when determining the result dtypes. To retain the old behavior, exclude the relevant entries before the concat operation.
[2025-03-30T22:00:24.135+0000] {data_enriched_predict.py:218} INFO - Données AQI récupérées: 161 enregistrements
[2025-03-30T22:00:24.413+0000] {data_enriched_predict.py:158} ERROR - Erreur API météo: 400 Client Error: Bad Request for url: https://api.open-meteo.com/v1/forecast?latitude=48.8566&longitude=2.3522&hourly=temperature_2m%2Crelative_humidity_2m%2Cpressure_msl%2Cprecipitation&timezone=Europe%2FParis&forecast_days=28
[2025-03-30T22:00:24.414+0000] {data_enriched_predict.py:313} ERROR - Échec du pipeline de prévision: 400 Client Error: Bad Request for url: https://api.open-meteo.com/v1/forecast?latitude=48.8566&longitude=2.3522&hourly=temperature_2m%2Crelative_humidity_2m%2Cpressure_msl%2Cprecipitation&timezone=Europe%2FParis&forecast_days=28
Traceback (most recent call last):
  File "/opt/airflow/dags/data_enriched_predict.py", line 222, in train_and_forecast
    weather_forecast = get_meteorological_data(days=28)
                       ^^^^^^^^^^^^^^^^^^^^^^^^^^^^^^^^
  File "/opt/airflow/dags/data_enriched_predict.py", line 137, in get_meteorological_data
    response.raise_for_status()
  File "/home/airflow/.local/lib/python3.12/site-packages/requests/models.py", line 1024, in raise_for_status
    raise HTTPError(http_error_msg, response=self)
requests.exceptions.HTTPError: 400 Client Error: Bad Request for url: https://api.open-meteo.com/v1/forecast?latitude=48.8566&longitude=2.3522&hourly=temperature_2m%2Crelative_humidity_2m%2Cpressure_msl%2Cprecipitation&timezone=Europe%2FParis&forecast_days=28
[2025-03-30T22:00:24.425+0000] {taskinstance.py:3311} ERROR - Task failed with exception
Traceback (most recent call last):
  File "/home/airflow/.local/lib/python3.12/site-packages/airflow/models/taskinstance.py", line 767, in _execute_task
    result = _execute_callable(context=context, **execute_callable_kwargs)
             ^^^^^^^^^^^^^^^^^^^^^^^^^^^^^^^^^^^^^^^^^^^^^^^^^^^^^^^^^^^^^
  File "/home/airflow/.local/lib/python3.12/site-packages/airflow/models/taskinstance.py", line 733, in _execute_callable
    return ExecutionCallableRunner(
           ^^^^^^^^^^^^^^^^^^^^^^^^
  File "/home/airflow/.local/lib/python3.12/site-packages/airflow/utils/operator_helpers.py", line 252, in run
    return self.func(*args, **kwargs)
           ^^^^^^^^^^^^^^^^^^^^^^^^^^
  File "/home/airflow/.local/lib/python3.12/site-packages/airflow/models/baseoperator.py", line 422, in wrapper
    return func(self, *args, **kwargs)
           ^^^^^^^^^^^^^^^^^^^^^^^^^^^
  File "/home/airflow/.local/lib/python3.12/site-packages/airflow/operators/python.py", line 238, in execute
    return_value = self.execute_callable()
                   ^^^^^^^^^^^^^^^^^^^^^^^
  File "/home/airflow/.local/lib/python3.12/site-packages/airflow/operators/python.py", line 256, in execute_callable
    return runner.run(*self.op_args, **self.op_kwargs)
           ^^^^^^^^^^^^^^^^^^^^^^^^^^^^^^^^^^^^^^^^^^^
  File "/home/airflow/.local/lib/python3.12/site-packages/airflow/utils/operator_helpers.py", line 252, in run
    return self.func(*args, **kwargs)
           ^^^^^^^^^^^^^^^^^^^^^^^^^^
  File "/opt/airflow/dags/data_enriched_predict.py", line 222, in train_and_forecast
    weather_forecast = get_meteorological_data(days=28)
                       ^^^^^^^^^^^^^^^^^^^^^^^^^^^^^^^^
  File "/opt/airflow/dags/data_enriched_predict.py", line 137, in get_meteorological_data
    response.raise_for_status()
  File "/home/airflow/.local/lib/python3.12/site-packages/requests/models.py", line 1024, in raise_for_status
    raise HTTPError(http_error_msg, response=self)
requests.exceptions.HTTPError: 400 Client Error: Bad Request for url: https://api.open-meteo.com/v1/forecast?latitude=48.8566&longitude=2.3522&hourly=temperature_2m%2Crelative_humidity_2m%2Cpressure_msl%2Cprecipitation&timezone=Europe%2FParis&forecast_days=28
[2025-03-30T22:00:24.576+0000] {taskinstance.py:1225} INFO - Marking task as UP_FOR_RETRY. dag_id=paris_air_quality_advanced, task_id=generate_forecast, run_id=scheduled__2025-03-29T03:00:00+00:00, execution_date=20250329T030000, start_date=20250330T220022, end_date=20250330T220024
[2025-03-30T22:00:24.597+0000] {taskinstance.py:340} INFO - ::group::Post task execution logs
[2025-03-30T22:00:24.597+0000] {standard_task_runner.py:124} ERROR - Failed to execute job 640 for task generate_forecast (400 Client Error: Bad Request for url: https://api.open-meteo.com/v1/forecast?latitude=48.8566&longitude=2.3522&hourly=temperature_2m%2Crelative_humidity_2m%2Cpressure_msl%2Cprecipitation&timezone=Europe%2FParis&forecast_days=28; 1070)
Traceback (most recent call last):
  File "/home/airflow/.local/lib/python3.12/site-packages/airflow/task/task_runner/standard_task_runner.py", line 117, in _start_by_fork
    ret = args.func(args, dag=self.dag)
          ^^^^^^^^^^^^^^^^^^^^^^^^^^^^^
  File "/home/airflow/.local/lib/python3.12/site-packages/airflow/cli/cli_config.py", line 49, in command
    return func(*args, **kwargs)
           ^^^^^^^^^^^^^^^^^^^^^
  File "/home/airflow/.local/lib/python3.12/site-packages/airflow/utils/cli.py", line 116, in wrapper
    return f(*args, **kwargs)
           ^^^^^^^^^^^^^^^^^^
  File "/home/airflow/.local/lib/python3.12/site-packages/airflow/cli/commands/task_command.py", line 483, in task_run
    task_return_code = _run_task_by_selected_method(args, _dag, ti)
                       ^^^^^^^^^^^^^^^^^^^^^^^^^^^^^^^^^^^^^^^^^^^^
  File "/home/airflow/.local/lib/python3.12/site-packages/airflow/cli/commands/task_command.py", line 256, in _run_task_by_selected_method
    return _run_raw_task(args, ti)
           ^^^^^^^^^^^^^^^^^^^^^^^
  File "/home/airflow/.local/lib/python3.12/site-packages/airflow/cli/commands/task_command.py", line 341, in _run_raw_task
    return ti._run_raw_task(
           ^^^^^^^^^^^^^^^^^
  File "/home/airflow/.local/lib/python3.12/site-packages/airflow/utils/session.py", line 97, in wrapper
    return func(*args, session=session, **kwargs)
           ^^^^^^^^^^^^^^^^^^^^^^^^^^^^^^^^^^^^^^
  File "/home/airflow/.local/lib/python3.12/site-packages/airflow/models/taskinstance.py", line 3005, in _run_raw_task
    return _run_raw_task(
           ^^^^^^^^^^^^^^
  File "/home/airflow/.local/lib/python3.12/site-packages/airflow/models/taskinstance.py", line 273, in _run_raw_task
    TaskInstance._execute_task_with_callbacks(
  File "/home/airflow/.local/lib/python3.12/site-packages/airflow/models/taskinstance.py", line 3159, in _execute_task_with_callbacks
    result = self._execute_task(context, task_orig)
             ^^^^^^^^^^^^^^^^^^^^^^^^^^^^^^^^^^^^^^
  File "/home/airflow/.local/lib/python3.12/site-packages/airflow/models/taskinstance.py", line 3183, in _execute_task
    return _execute_task(self, context, task_orig)
           ^^^^^^^^^^^^^^^^^^^^^^^^^^^^^^^^^^^^^^^
  File "/home/airflow/.local/lib/python3.12/site-packages/airflow/models/taskinstance.py", line 767, in _execute_task
    result = _execute_callable(context=context, **execute_callable_kwargs)
             ^^^^^^^^^^^^^^^^^^^^^^^^^^^^^^^^^^^^^^^^^^^^^^^^^^^^^^^^^^^^^
  File "/home/airflow/.local/lib/python3.12/site-packages/airflow/models/taskinstance.py", line 733, in _execute_callable
    return ExecutionCallableRunner(
           ^^^^^^^^^^^^^^^^^^^^^^^^
  File "/home/airflow/.local/lib/python3.12/site-packages/airflow/utils/operator_helpers.py", line 252, in run
    return self.func(*args, **kwargs)
           ^^^^^^^^^^^^^^^^^^^^^^^^^^
  File "/home/airflow/.local/lib/python3.12/site-packages/airflow/models/baseoperator.py", line 422, in wrapper
    return func(self, *args, **kwargs)
           ^^^^^^^^^^^^^^^^^^^^^^^^^^^
  File "/home/airflow/.local/lib/python3.12/site-packages/airflow/operators/python.py", line 238, in execute
    return_value = self.execute_callable()
                   ^^^^^^^^^^^^^^^^^^^^^^^
  File "/home/airflow/.local/lib/python3.12/site-packages/airflow/operators/python.py", line 256, in execute_callable
    return runner.run(*self.op_args, **self.op_kwargs)
           ^^^^^^^^^^^^^^^^^^^^^^^^^^^^^^^^^^^^^^^^^^^
  File "/home/airflow/.local/lib/python3.12/site-packages/airflow/utils/operator_helpers.py", line 252, in run
    return self.func(*args, **kwargs)
           ^^^^^^^^^^^^^^^^^^^^^^^^^^
  File "/opt/airflow/dags/data_enriched_predict.py", line 222, in train_and_forecast
    weather_forecast = get_meteorological_data(days=28)
                       ^^^^^^^^^^^^^^^^^^^^^^^^^^^^^^^^
  File "/opt/airflow/dags/data_enriched_predict.py", line 137, in get_meteorological_data
    response.raise_for_status()
  File "/home/airflow/.local/lib/python3.12/site-packages/requests/models.py", line 1024, in raise_for_status
    raise HTTPError(http_error_msg, response=self)
requests.exceptions.HTTPError: 400 Client Error: Bad Request for url: https://api.open-meteo.com/v1/forecast?latitude=48.8566&longitude=2.3522&hourly=temperature_2m%2Crelative_humidity_2m%2Cpressure_msl%2Cprecipitation&timezone=Europe%2FParis&forecast_days=28
[2025-03-30T22:00:24.647+0000] {local_task_job_runner.py:266} INFO - Task exited with return code 1
[2025-03-30T22:00:24.698+0000] {taskinstance.py:3895} INFO - 0 downstream tasks scheduled from follow-on schedule check
[2025-03-30T22:00:24.701+0000] {local_task_job_runner.py:245} INFO - ::endgroup::
