[2025-03-29T11:40:29.185+0000] {local_task_job_runner.py:123} INFO - ::group::Pre task execution logs
[2025-03-29T11:40:29.298+0000] {taskinstance.py:2613} INFO - Dependencies all met for dep_context=non-requeueable deps ti=<TaskInstance: air_quality_monitoring_v3.generate_air_quality_forecasts scheduled__2025-03-29T11:20:00+00:00 [queued]>
[2025-03-29T11:40:29.520+0000] {taskinstance.py:2613} INFO - Dependencies all met for dep_context=requeueable deps ti=<TaskInstance: air_quality_monitoring_v3.generate_air_quality_forecasts scheduled__2025-03-29T11:20:00+00:00 [queued]>
[2025-03-29T11:40:29.521+0000] {taskinstance.py:2866} INFO - Starting attempt 1 of 4
[2025-03-29T11:40:29.646+0000] {taskinstance.py:2889} INFO - Executing <Task(PythonOperator): generate_air_quality_forecasts> on 2025-03-29 11:20:00+00:00
[2025-03-29T11:40:29.821+0000] {standard_task_runner.py:104} INFO - Running: ['airflow', 'tasks', 'run', 'air_quality_monitoring_v3', 'generate_air_quality_forecasts', 'scheduled__2025-03-29T11:20:00+00:00', '--job-id', '601', '--raw', '--subdir', 'DAGS_FOLDER/data_enriched_predict.py', '--cfg-path', '/tmp/tmpr3a07331']
[2025-03-29T11:40:29.824+0000] {standard_task_runner.py:105} INFO - Job 601: Subtask generate_air_quality_forecasts
[2025-03-29T11:40:29.824+0000] {logging_mixin.py:190} WARNING - /home/airflow/.local/lib/python3.12/site-packages/airflow/task/task_runner/standard_task_runner.py:70 DeprecationWarning: This process (pid=44681) is multi-threaded, use of fork() may lead to deadlocks in the child.
[2025-03-29T11:40:29.826+0000] {standard_task_runner.py:72} INFO - Started process 44706 to run task
[2025-03-29T11:40:30.352+0000] {task_command.py:467} INFO - Running <TaskInstance: air_quality_monitoring_v3.generate_air_quality_forecasts scheduled__2025-03-29T11:20:00+00:00 [running]> on host 04906466de51
[2025-03-29T11:40:30.839+0000] {taskinstance.py:3132} INFO - Exporting env vars: AIRFLOW_CTX_DAG_OWNER='airflow' AIRFLOW_CTX_DAG_ID='air_quality_monitoring_v3' AIRFLOW_CTX_TASK_ID='generate_air_quality_forecasts' AIRFLOW_CTX_EXECUTION_DATE='2025-03-29T11:20:00+00:00' AIRFLOW_CTX_TRY_NUMBER='1' AIRFLOW_CTX_DAG_RUN_ID='scheduled__2025-03-29T11:20:00+00:00'
[2025-03-29T11:40:30.840+0000] {taskinstance.py:731} INFO - ::endgroup::
[2025-03-29T11:40:30.972+0000] {base.py:84} INFO - Retrieving connection 'postgres_data'
[2025-03-29T11:40:30.976+0000] {data_enriched_predict.py:231} INFO - Chargement des données historiques...
[2025-03-29T11:40:31.525+0000] {data_enriched_predict.py:238} INFO - Nettoyage des données...
[2025-03-29T11:40:31.639+0000] {data_enriched_predict.py:252} INFO - Entraînement du modèle...
[2025-03-29T11:40:31.672+0000] {logging_mixin.py:190} WARNING - /home/airflow/.local/lib/python3.12/site-packages/sklearn/utils/extmath.py:1101 RuntimeWarning: invalid value encountered in divide
[2025-03-29T11:40:31.673+0000] {logging_mixin.py:190} WARNING - /home/airflow/.local/lib/python3.12/site-packages/sklearn/utils/extmath.py:1106 RuntimeWarning: invalid value encountered in divide
[2025-03-29T11:40:31.675+0000] {logging_mixin.py:190} WARNING - /home/airflow/.local/lib/python3.12/site-packages/sklearn/utils/extmath.py:1126 RuntimeWarning: invalid value encountered in divide
[2025-03-29T11:40:32.771+0000] {data_enriched_predict.py:266} INFO - Génération des prévisions...
[2025-03-29T11:40:33.405+0000] {logging_mixin.py:190} WARNING - /home/airflow/.local/lib/python3.12/site-packages/numpy/lib/nanfunctions.py:1215 RuntimeWarning: Mean of empty slice
[2025-03-29T11:40:33.409+0000] {logging_mixin.py:190} WARNING - /home/airflow/.local/lib/python3.12/site-packages/numpy/lib/nanfunctions.py:1215 RuntimeWarning: Mean of empty slice
[2025-03-29T11:40:33.410+0000] {logging_mixin.py:190} WARNING - /home/airflow/.local/lib/python3.12/site-packages/numpy/lib/nanfunctions.py:1215 RuntimeWarning: Mean of empty slice
[2025-03-29T11:40:33.411+0000] {logging_mixin.py:190} WARNING - /home/airflow/.local/lib/python3.12/site-packages/numpy/lib/nanfunctions.py:1215 RuntimeWarning: Mean of empty slice
[2025-03-29T11:40:33.413+0000] {logging_mixin.py:190} WARNING - /home/airflow/.local/lib/python3.12/site-packages/numpy/lib/nanfunctions.py:1215 RuntimeWarning: Mean of empty slice
[2025-03-29T11:40:33.415+0000] {logging_mixin.py:190} WARNING - /home/airflow/.local/lib/python3.12/site-packages/numpy/lib/nanfunctions.py:1215 RuntimeWarning: Mean of empty slice
[2025-03-29T11:40:33.416+0000] {logging_mixin.py:190} WARNING - /home/airflow/.local/lib/python3.12/site-packages/numpy/lib/nanfunctions.py:1215 RuntimeWarning: Mean of empty slice
[2025-03-29T11:40:33.418+0000] {logging_mixin.py:190} WARNING - /home/airflow/.local/lib/python3.12/site-packages/numpy/lib/nanfunctions.py:1215 RuntimeWarning: Mean of empty slice
[2025-03-29T11:40:33.420+0000] {logging_mixin.py:190} WARNING - /home/airflow/.local/lib/python3.12/site-packages/numpy/lib/nanfunctions.py:1215 RuntimeWarning: Mean of empty slice
[2025-03-29T11:40:33.422+0000] {logging_mixin.py:190} WARNING - /home/airflow/.local/lib/python3.12/site-packages/numpy/lib/nanfunctions.py:1215 RuntimeWarning: Mean of empty slice
[2025-03-29T11:40:33.423+0000] {logging_mixin.py:190} WARNING - /home/airflow/.local/lib/python3.12/site-packages/numpy/lib/nanfunctions.py:1215 RuntimeWarning: Mean of empty slice
[2025-03-29T11:40:33.424+0000] {logging_mixin.py:190} WARNING - /home/airflow/.local/lib/python3.12/site-packages/numpy/lib/nanfunctions.py:1215 RuntimeWarning: Mean of empty slice
[2025-03-29T11:40:33.426+0000] {logging_mixin.py:190} WARNING - /home/airflow/.local/lib/python3.12/site-packages/numpy/lib/nanfunctions.py:1215 RuntimeWarning: Mean of empty slice
[2025-03-29T11:40:33.428+0000] {logging_mixin.py:190} WARNING - /home/airflow/.local/lib/python3.12/site-packages/numpy/lib/nanfunctions.py:1215 RuntimeWarning: Mean of empty slice
[2025-03-29T11:40:33.429+0000] {logging_mixin.py:190} WARNING - /home/airflow/.local/lib/python3.12/site-packages/numpy/lib/nanfunctions.py:1215 RuntimeWarning: Mean of empty slice
[2025-03-29T11:40:33.430+0000] {logging_mixin.py:190} WARNING - /home/airflow/.local/lib/python3.12/site-packages/numpy/lib/nanfunctions.py:1215 RuntimeWarning: Mean of empty slice
[2025-03-29T11:40:33.431+0000] {logging_mixin.py:190} WARNING - /home/airflow/.local/lib/python3.12/site-packages/numpy/lib/nanfunctions.py:1215 RuntimeWarning: Mean of empty slice
[2025-03-29T11:40:33.432+0000] {logging_mixin.py:190} WARNING - /home/airflow/.local/lib/python3.12/site-packages/numpy/lib/nanfunctions.py:1215 RuntimeWarning: Mean of empty slice
[2025-03-29T11:40:33.433+0000] {logging_mixin.py:190} WARNING - /home/airflow/.local/lib/python3.12/site-packages/numpy/lib/nanfunctions.py:1215 RuntimeWarning: Mean of empty slice
[2025-03-29T11:40:33.434+0000] {logging_mixin.py:190} WARNING - /home/airflow/.local/lib/python3.12/site-packages/numpy/lib/nanfunctions.py:1215 RuntimeWarning: Mean of empty slice
[2025-03-29T11:40:33.435+0000] {logging_mixin.py:190} WARNING - /home/airflow/.local/lib/python3.12/site-packages/numpy/lib/nanfunctions.py:1215 RuntimeWarning: Mean of empty slice
[2025-03-29T11:40:33.436+0000] {logging_mixin.py:190} WARNING - /home/airflow/.local/lib/python3.12/site-packages/numpy/lib/nanfunctions.py:1215 RuntimeWarning: Mean of empty slice
[2025-03-29T11:40:33.437+0000] {logging_mixin.py:190} WARNING - /home/airflow/.local/lib/python3.12/site-packages/numpy/lib/nanfunctions.py:1215 RuntimeWarning: Mean of empty slice
[2025-03-29T11:40:33.438+0000] {logging_mixin.py:190} WARNING - /home/airflow/.local/lib/python3.12/site-packages/numpy/lib/nanfunctions.py:1215 RuntimeWarning: Mean of empty slice
[2025-03-29T11:40:33.440+0000] {logging_mixin.py:190} WARNING - /home/airflow/.local/lib/python3.12/site-packages/numpy/lib/nanfunctions.py:1215 RuntimeWarning: Mean of empty slice
[2025-03-29T11:40:33.441+0000] {logging_mixin.py:190} WARNING - /home/airflow/.local/lib/python3.12/site-packages/numpy/lib/nanfunctions.py:1215 RuntimeWarning: Mean of empty slice
[2025-03-29T11:40:33.442+0000] {logging_mixin.py:190} WARNING - /home/airflow/.local/lib/python3.12/site-packages/numpy/lib/nanfunctions.py:1215 RuntimeWarning: Mean of empty slice
[2025-03-29T11:40:33.443+0000] {logging_mixin.py:190} WARNING - /home/airflow/.local/lib/python3.12/site-packages/numpy/lib/nanfunctions.py:1215 RuntimeWarning: Mean of empty slice
[2025-03-29T11:40:33.444+0000] {logging_mixin.py:190} WARNING - /home/airflow/.local/lib/python3.12/site-packages/numpy/lib/nanfunctions.py:1215 RuntimeWarning: Mean of empty slice
[2025-03-29T11:40:33.445+0000] {logging_mixin.py:190} WARNING - /home/airflow/.local/lib/python3.12/site-packages/numpy/lib/nanfunctions.py:1215 RuntimeWarning: Mean of empty slice
[2025-03-29T11:40:33.447+0000] {logging_mixin.py:190} WARNING - /home/airflow/.local/lib/python3.12/site-packages/numpy/lib/nanfunctions.py:1215 RuntimeWarning: Mean of empty slice
[2025-03-29T11:40:33.448+0000] {logging_mixin.py:190} WARNING - /home/airflow/.local/lib/python3.12/site-packages/numpy/lib/nanfunctions.py:1215 RuntimeWarning: Mean of empty slice
[2025-03-29T11:40:33.449+0000] {logging_mixin.py:190} WARNING - /home/airflow/.local/lib/python3.12/site-packages/numpy/lib/nanfunctions.py:1215 RuntimeWarning: Mean of empty slice
[2025-03-29T11:40:33.450+0000] {logging_mixin.py:190} WARNING - /home/airflow/.local/lib/python3.12/site-packages/numpy/lib/nanfunctions.py:1215 RuntimeWarning: Mean of empty slice
[2025-03-29T11:40:33.451+0000] {logging_mixin.py:190} WARNING - /home/airflow/.local/lib/python3.12/site-packages/numpy/lib/nanfunctions.py:1215 RuntimeWarning: Mean of empty slice
[2025-03-29T11:40:33.453+0000] {logging_mixin.py:190} WARNING - /home/airflow/.local/lib/python3.12/site-packages/numpy/lib/nanfunctions.py:1215 RuntimeWarning: Mean of empty slice
[2025-03-29T11:40:33.456+0000] {logging_mixin.py:190} WARNING - /home/airflow/.local/lib/python3.12/site-packages/numpy/lib/nanfunctions.py:1215 RuntimeWarning: Mean of empty slice
[2025-03-29T11:40:33.457+0000] {logging_mixin.py:190} WARNING - /home/airflow/.local/lib/python3.12/site-packages/numpy/lib/nanfunctions.py:1215 RuntimeWarning: Mean of empty slice
[2025-03-29T11:40:33.459+0000] {logging_mixin.py:190} WARNING - /home/airflow/.local/lib/python3.12/site-packages/numpy/lib/nanfunctions.py:1215 RuntimeWarning: Mean of empty slice
[2025-03-29T11:40:33.460+0000] {logging_mixin.py:190} WARNING - /home/airflow/.local/lib/python3.12/site-packages/numpy/lib/nanfunctions.py:1215 RuntimeWarning: Mean of empty slice
[2025-03-29T11:40:33.462+0000] {logging_mixin.py:190} WARNING - /home/airflow/.local/lib/python3.12/site-packages/numpy/lib/nanfunctions.py:1215 RuntimeWarning: Mean of empty slice
[2025-03-29T11:40:33.463+0000] {logging_mixin.py:190} WARNING - /home/airflow/.local/lib/python3.12/site-packages/numpy/lib/nanfunctions.py:1215 RuntimeWarning: Mean of empty slice
[2025-03-29T11:40:33.464+0000] {logging_mixin.py:190} WARNING - /home/airflow/.local/lib/python3.12/site-packages/numpy/lib/nanfunctions.py:1215 RuntimeWarning: Mean of empty slice
[2025-03-29T11:40:33.465+0000] {logging_mixin.py:190} WARNING - /home/airflow/.local/lib/python3.12/site-packages/numpy/lib/nanfunctions.py:1215 RuntimeWarning: Mean of empty slice
[2025-03-29T11:40:33.467+0000] {logging_mixin.py:190} WARNING - /home/airflow/.local/lib/python3.12/site-packages/numpy/lib/nanfunctions.py:1215 RuntimeWarning: Mean of empty slice
[2025-03-29T11:40:33.468+0000] {logging_mixin.py:190} WARNING - /home/airflow/.local/lib/python3.12/site-packages/numpy/lib/nanfunctions.py:1215 RuntimeWarning: Mean of empty slice
[2025-03-29T11:40:33.470+0000] {logging_mixin.py:190} WARNING - /home/airflow/.local/lib/python3.12/site-packages/numpy/lib/nanfunctions.py:1215 RuntimeWarning: Mean of empty slice
[2025-03-29T11:40:33.472+0000] {logging_mixin.py:190} WARNING - /home/airflow/.local/lib/python3.12/site-packages/numpy/lib/nanfunctions.py:1215 RuntimeWarning: Mean of empty slice
[2025-03-29T11:40:33.473+0000] {logging_mixin.py:190} WARNING - /home/airflow/.local/lib/python3.12/site-packages/numpy/lib/nanfunctions.py:1215 RuntimeWarning: Mean of empty slice
[2025-03-29T11:40:33.475+0000] {logging_mixin.py:190} WARNING - /home/airflow/.local/lib/python3.12/site-packages/numpy/lib/nanfunctions.py:1215 RuntimeWarning: Mean of empty slice
[2025-03-29T11:40:33.477+0000] {logging_mixin.py:190} WARNING - /home/airflow/.local/lib/python3.12/site-packages/numpy/lib/nanfunctions.py:1215 RuntimeWarning: Mean of empty slice
[2025-03-29T11:40:33.478+0000] {logging_mixin.py:190} WARNING - /home/airflow/.local/lib/python3.12/site-packages/numpy/lib/nanfunctions.py:1215 RuntimeWarning: Mean of empty slice
[2025-03-29T11:40:33.480+0000] {logging_mixin.py:190} WARNING - /home/airflow/.local/lib/python3.12/site-packages/numpy/lib/nanfunctions.py:1215 RuntimeWarning: Mean of empty slice
[2025-03-29T11:40:33.482+0000] {logging_mixin.py:190} WARNING - /home/airflow/.local/lib/python3.12/site-packages/numpy/lib/nanfunctions.py:1215 RuntimeWarning: Mean of empty slice
[2025-03-29T11:40:33.484+0000] {logging_mixin.py:190} WARNING - /home/airflow/.local/lib/python3.12/site-packages/numpy/lib/nanfunctions.py:1215 RuntimeWarning: Mean of empty slice
[2025-03-29T11:40:33.485+0000] {logging_mixin.py:190} WARNING - /home/airflow/.local/lib/python3.12/site-packages/numpy/lib/nanfunctions.py:1215 RuntimeWarning: Mean of empty slice
[2025-03-29T11:40:33.487+0000] {logging_mixin.py:190} WARNING - /home/airflow/.local/lib/python3.12/site-packages/numpy/lib/nanfunctions.py:1215 RuntimeWarning: Mean of empty slice
[2025-03-29T11:40:33.489+0000] {logging_mixin.py:190} WARNING - /home/airflow/.local/lib/python3.12/site-packages/numpy/lib/nanfunctions.py:1215 RuntimeWarning: Mean of empty slice
[2025-03-29T11:40:33.491+0000] {logging_mixin.py:190} WARNING - /home/airflow/.local/lib/python3.12/site-packages/numpy/lib/nanfunctions.py:1215 RuntimeWarning: Mean of empty slice
[2025-03-29T11:40:33.492+0000] {logging_mixin.py:190} WARNING - /home/airflow/.local/lib/python3.12/site-packages/numpy/lib/nanfunctions.py:1215 RuntimeWarning: Mean of empty slice
[2025-03-29T11:40:33.494+0000] {logging_mixin.py:190} WARNING - /home/airflow/.local/lib/python3.12/site-packages/numpy/lib/nanfunctions.py:1215 RuntimeWarning: Mean of empty slice
[2025-03-29T11:40:33.496+0000] {logging_mixin.py:190} WARNING - /home/airflow/.local/lib/python3.12/site-packages/numpy/lib/nanfunctions.py:1215 RuntimeWarning: Mean of empty slice
[2025-03-29T11:40:33.497+0000] {logging_mixin.py:190} WARNING - /home/airflow/.local/lib/python3.12/site-packages/numpy/lib/nanfunctions.py:1215 RuntimeWarning: Mean of empty slice
[2025-03-29T11:40:33.499+0000] {logging_mixin.py:190} WARNING - /home/airflow/.local/lib/python3.12/site-packages/numpy/lib/nanfunctions.py:1215 RuntimeWarning: Mean of empty slice
[2025-03-29T11:40:33.500+0000] {logging_mixin.py:190} WARNING - /home/airflow/.local/lib/python3.12/site-packages/numpy/lib/nanfunctions.py:1215 RuntimeWarning: Mean of empty slice
[2025-03-29T11:40:33.501+0000] {logging_mixin.py:190} WARNING - /home/airflow/.local/lib/python3.12/site-packages/numpy/lib/nanfunctions.py:1215 RuntimeWarning: Mean of empty slice
[2025-03-29T11:40:33.503+0000] {logging_mixin.py:190} WARNING - /home/airflow/.local/lib/python3.12/site-packages/numpy/lib/nanfunctions.py:1215 RuntimeWarning: Mean of empty slice
[2025-03-29T11:40:33.504+0000] {logging_mixin.py:190} WARNING - /home/airflow/.local/lib/python3.12/site-packages/numpy/lib/nanfunctions.py:1215 RuntimeWarning: Mean of empty slice
[2025-03-29T11:40:33.505+0000] {logging_mixin.py:190} WARNING - /home/airflow/.local/lib/python3.12/site-packages/numpy/lib/nanfunctions.py:1215 RuntimeWarning: Mean of empty slice
[2025-03-29T11:40:33.507+0000] {logging_mixin.py:190} WARNING - /home/airflow/.local/lib/python3.12/site-packages/numpy/lib/nanfunctions.py:1215 RuntimeWarning: Mean of empty slice
[2025-03-29T11:40:33.508+0000] {logging_mixin.py:190} WARNING - /home/airflow/.local/lib/python3.12/site-packages/numpy/lib/nanfunctions.py:1215 RuntimeWarning: Mean of empty slice
[2025-03-29T11:40:33.510+0000] {logging_mixin.py:190} WARNING - /home/airflow/.local/lib/python3.12/site-packages/numpy/lib/nanfunctions.py:1215 RuntimeWarning: Mean of empty slice
[2025-03-29T11:40:33.511+0000] {logging_mixin.py:190} WARNING - /home/airflow/.local/lib/python3.12/site-packages/numpy/lib/nanfunctions.py:1215 RuntimeWarning: Mean of empty slice
[2025-03-29T11:40:33.513+0000] {logging_mixin.py:190} WARNING - /home/airflow/.local/lib/python3.12/site-packages/numpy/lib/nanfunctions.py:1215 RuntimeWarning: Mean of empty slice
[2025-03-29T11:40:33.514+0000] {logging_mixin.py:190} WARNING - /home/airflow/.local/lib/python3.12/site-packages/numpy/lib/nanfunctions.py:1215 RuntimeWarning: Mean of empty slice
[2025-03-29T11:40:33.515+0000] {logging_mixin.py:190} WARNING - /home/airflow/.local/lib/python3.12/site-packages/numpy/lib/nanfunctions.py:1215 RuntimeWarning: Mean of empty slice
[2025-03-29T11:40:33.517+0000] {logging_mixin.py:190} WARNING - /home/airflow/.local/lib/python3.12/site-packages/numpy/lib/nanfunctions.py:1215 RuntimeWarning: Mean of empty slice
[2025-03-29T11:40:33.518+0000] {logging_mixin.py:190} WARNING - /home/airflow/.local/lib/python3.12/site-packages/numpy/lib/nanfunctions.py:1215 RuntimeWarning: Mean of empty slice
[2025-03-29T11:40:33.520+0000] {logging_mixin.py:190} WARNING - /home/airflow/.local/lib/python3.12/site-packages/numpy/lib/nanfunctions.py:1215 RuntimeWarning: Mean of empty slice
[2025-03-29T11:40:33.521+0000] {logging_mixin.py:190} WARNING - /home/airflow/.local/lib/python3.12/site-packages/numpy/lib/nanfunctions.py:1215 RuntimeWarning: Mean of empty slice
[2025-03-29T11:40:33.522+0000] {logging_mixin.py:190} WARNING - /home/airflow/.local/lib/python3.12/site-packages/numpy/lib/nanfunctions.py:1215 RuntimeWarning: Mean of empty slice
[2025-03-29T11:40:33.524+0000] {logging_mixin.py:190} WARNING - /home/airflow/.local/lib/python3.12/site-packages/numpy/lib/nanfunctions.py:1215 RuntimeWarning: Mean of empty slice
[2025-03-29T11:40:33.526+0000] {logging_mixin.py:190} WARNING - /home/airflow/.local/lib/python3.12/site-packages/numpy/lib/nanfunctions.py:1215 RuntimeWarning: Mean of empty slice
[2025-03-29T11:40:33.527+0000] {logging_mixin.py:190} WARNING - /home/airflow/.local/lib/python3.12/site-packages/numpy/lib/nanfunctions.py:1215 RuntimeWarning: Mean of empty slice
[2025-03-29T11:40:33.697+0000] {data_enriched_predict.py:295} INFO - Stockage des prévisions...
[2025-03-29T11:40:34.111+0000] {data_enriched_predict.py:307} INFO - 84 prévisions stockées
[2025-03-29T11:40:34.113+0000] {python.py:240} INFO - Done. Returned value was: None
[2025-03-29T11:40:34.271+0000] {taskinstance.py:340} INFO - ::group::Post task execution logs
[2025-03-29T11:40:34.272+0000] {taskinstance.py:352} INFO - Marking task as SUCCESS. dag_id=air_quality_monitoring_v3, task_id=generate_air_quality_forecasts, run_id=scheduled__2025-03-29T11:20:00+00:00, execution_date=20250329T112000, start_date=20250329T114029, end_date=20250329T114034
[2025-03-29T11:40:34.349+0000] {local_task_job_runner.py:266} INFO - Task exited with return code 0
[2025-03-29T11:40:34.537+0000] {taskinstance.py:3895} INFO - 0 downstream tasks scheduled from follow-on schedule check
[2025-03-29T11:40:34.555+0000] {local_task_job_runner.py:245} INFO - ::endgroup::
[2025-03-29T11:40:34.853+0000] {standard_task_runner.py:217} INFO - Process not found (most likely exited), stop collecting metrics
