[2025-03-30T20:28:30.994+0000] {local_task_job_runner.py:123} INFO - ::group::Pre task execution logs
[2025-03-30T20:28:31.041+0000] {taskinstance.py:2613} INFO - Dependencies all met for dep_context=non-requeueable deps ti=<TaskInstance: air_quality_advanced.collect_data manual__2025-03-30T20:28:07.881537+00:00 [queued]>
[2025-03-30T20:28:31.052+0000] {taskinstance.py:2613} INFO - Dependencies all met for dep_context=requeueable deps ti=<TaskInstance: air_quality_advanced.collect_data manual__2025-03-30T20:28:07.881537+00:00 [queued]>
[2025-03-30T20:28:31.053+0000] {taskinstance.py:2866} INFO - Starting attempt 1 of 4
[2025-03-30T20:28:31.069+0000] {taskinstance.py:2889} INFO - Executing <Task(PythonOperator): collect_data> on 2025-03-30 20:28:07.881537+00:00
[2025-03-30T20:28:31.076+0000] {standard_task_runner.py:104} INFO - Running: ['airflow', 'tasks', 'run', 'air_quality_advanced', 'collect_data', 'manual__2025-03-30T20:28:07.881537+00:00', '--job-id', '616', '--raw', '--subdir', 'DAGS_FOLDER/data_enriched_predict.py', '--cfg-path', '/tmp/tmpdut01ypt']
[2025-03-30T20:28:31.079+0000] {standard_task_runner.py:105} INFO - Job 616: Subtask collect_data
[2025-03-30T20:28:31.079+0000] {logging_mixin.py:190} WARNING - /home/airflow/.local/lib/python3.12/site-packages/airflow/task/task_runner/standard_task_runner.py:70 DeprecationWarning: This process (pid=203) is multi-threaded, use of fork() may lead to deadlocks in the child.
[2025-03-30T20:28:31.080+0000] {standard_task_runner.py:72} INFO - Started process 228 to run task
[2025-03-30T20:28:31.222+0000] {task_command.py:467} INFO - Running <TaskInstance: air_quality_advanced.collect_data manual__2025-03-30T20:28:07.881537+00:00 [running]> on host 04906466de51
[2025-03-30T20:28:31.415+0000] {taskinstance.py:3132} INFO - Exporting env vars: AIRFLOW_CTX_DAG_OWNER='airflow' AIRFLOW_CTX_DAG_ID='air_quality_advanced' AIRFLOW_CTX_TASK_ID='collect_data' AIRFLOW_CTX_EXECUTION_DATE='2025-03-30T20:28:07.881537+00:00' AIRFLOW_CTX_TRY_NUMBER='1' AIRFLOW_CTX_DAG_RUN_ID='manual__2025-03-30T20:28:07.881537+00:00'
[2025-03-30T20:28:31.417+0000] {taskinstance.py:731} INFO - ::endgroup::
[2025-03-30T20:28:32.584+0000] {data_enriched_predict.py:110} INFO - Données collectées pour Paris
[2025-03-30T20:28:34.137+0000] {base.py:84} INFO - Retrieving connection 'postgres_data'
[2025-03-30T20:28:34.200+0000] {data_enriched_predict.py:134} INFO - 1 mesures stockées
[2025-03-30T20:28:34.201+0000] {python.py:240} INFO - Done. Returned value was: None
[2025-03-30T20:28:34.242+0000] {taskinstance.py:340} INFO - ::group::Post task execution logs
[2025-03-30T20:28:34.243+0000] {taskinstance.py:352} INFO - Marking task as SUCCESS. dag_id=air_quality_advanced, task_id=collect_data, run_id=manual__2025-03-30T20:28:07.881537+00:00, execution_date=20250330T202807, start_date=20250330T202831, end_date=20250330T202834
[2025-03-30T20:28:34.273+0000] {local_task_job_runner.py:266} INFO - Task exited with return code 0
[2025-03-30T20:28:34.329+0000] {taskinstance.py:3895} INFO - 1 downstream tasks scheduled from follow-on schedule check
[2025-03-30T20:28:34.332+0000] {local_task_job_runner.py:245} INFO - ::endgroup::
