[2025-03-30T22:24:27.577+0000] {local_task_job_runner.py:123} INFO - ::group::Pre task execution logs
[2025-03-30T22:24:27.623+0000] {taskinstance.py:2613} INFO - Dependencies all met for dep_context=non-requeueable deps ti=<TaskInstance: paris_air_quality_prod.daily_forecast manual__2025-03-30T22:24:17.825548+00:00 [queued]>
[2025-03-30T22:24:27.634+0000] {taskinstance.py:2613} INFO - Dependencies all met for dep_context=requeueable deps ti=<TaskInstance: paris_air_quality_prod.daily_forecast manual__2025-03-30T22:24:17.825548+00:00 [queued]>
[2025-03-30T22:24:27.635+0000] {taskinstance.py:2866} INFO - Starting attempt 1 of 3
[2025-03-30T22:24:27.650+0000] {taskinstance.py:2889} INFO - Executing <Task(PythonOperator): daily_forecast> on 2025-03-30 22:24:17.825548+00:00
[2025-03-30T22:24:27.658+0000] {standard_task_runner.py:104} INFO - Running: ['airflow', 'tasks', 'run', 'paris_air_quality_prod', 'daily_forecast', 'manual__2025-03-30T22:24:17.825548+00:00', '--job-id', '649', '--raw', '--subdir', 'DAGS_FOLDER/data_enriched_predict.py', '--cfg-path', '/tmp/tmp8glqf3gu']
[2025-03-30T22:24:27.661+0000] {standard_task_runner.py:105} INFO - Job 649: Subtask daily_forecast
[2025-03-30T22:24:27.662+0000] {logging_mixin.py:190} WARNING - /home/airflow/.local/lib/python3.12/site-packages/airflow/task/task_runner/standard_task_runner.py:70 DeprecationWarning: This process (pid=2087) is multi-threaded, use of fork() may lead to deadlocks in the child.
[2025-03-30T22:24:27.663+0000] {standard_task_runner.py:72} INFO - Started process 2112 to run task
[2025-03-30T22:24:27.804+0000] {task_command.py:467} INFO - Running <TaskInstance: paris_air_quality_prod.daily_forecast manual__2025-03-30T22:24:17.825548+00:00 [running]> on host 04906466de51
[2025-03-30T22:24:27.997+0000] {taskinstance.py:3132} INFO - Exporting env vars: AIRFLOW_CTX_DAG_OWNER='airflow' AIRFLOW_CTX_DAG_ID='paris_air_quality_prod' AIRFLOW_CTX_TASK_ID='daily_forecast' AIRFLOW_CTX_EXECUTION_DATE='2025-03-30T22:24:17.825548+00:00' AIRFLOW_CTX_TRY_NUMBER='1' AIRFLOW_CTX_DAG_RUN_ID='manual__2025-03-30T22:24:17.825548+00:00'
[2025-03-30T22:24:27.998+0000] {taskinstance.py:731} INFO - ::endgroup::
[2025-03-30T22:24:28.011+0000] {data_enriched_predict.py:159} INFO - Début du workflow de prévision
[2025-03-30T22:24:28.059+0000] {base.py:84} INFO - Retrieving connection 'postgres_data'
[2025-03-30T22:24:28.062+0000] {data_enriched_predict.py:168} INFO - Exécution de la requête: SELECT * FROM data_warehouse WHERE city = 'Paris'
[2025-03-30T22:24:28.127+0000] {data_enriched_predict.py:170} INFO - Données chargées de la base: 160 lignes
[2025-03-30T22:24:29.295+0000] {logging_mixin.py:190} WARNING - /opt/airflow/dags/data_enriched_predict.py:177 FutureWarning: The behavior of DataFrame concatenation with empty or all-NA entries is deprecated. In a future version, this will no longer exclude empty or all-NA columns when determining the result dtypes. To retain the old behavior, exclude the relevant entries before the concat operation.
[2025-03-30T22:24:29.296+0000] {data_enriched_predict.py:178} INFO - Données après ajout des données actuelles: 161 lignes
[2025-03-30T22:24:29.297+0000] {data_enriched_predict.py:135} INFO - Données initiales: 161 lignes
[2025-03-30T22:24:29.302+0000] {data_enriched_predict.py:150} INFO - Données après préparation: 161 lignes
[2025-03-30T22:24:29.304+0000] {data_enriched_predict.py:253} ERROR - Échec du workflow: Données insuffisantes: 0 enregistrements
Traceback (most recent call last):
  File "/opt/airflow/dags/data_enriched_predict.py", line 183, in train_and_forecast
    raise ValueError(f"Données insuffisantes: {len(training_data)} enregistrements")
ValueError: Données insuffisantes: 0 enregistrements
[2025-03-30T22:24:29.313+0000] {taskinstance.py:3311} ERROR - Task failed with exception
Traceback (most recent call last):
  File "/home/airflow/.local/lib/python3.12/site-packages/airflow/models/taskinstance.py", line 767, in _execute_task
    result = _execute_callable(context=context, **execute_callable_kwargs)
             ^^^^^^^^^^^^^^^^^^^^^^^^^^^^^^^^^^^^^^^^^^^^^^^^^^^^^^^^^^^^^
  File "/home/airflow/.local/lib/python3.12/site-packages/airflow/models/taskinstance.py", line 733, in _execute_callable
    return ExecutionCallableRunner(
           ^^^^^^^^^^^^^^^^^^^^^^^^
  File "/home/airflow/.local/lib/python3.12/site-packages/airflow/utils/operator_helpers.py", line 252, in run
    return self.func(*args, **kwargs)
           ^^^^^^^^^^^^^^^^^^^^^^^^^^
  File "/home/airflow/.local/lib/python3.12/site-packages/airflow/models/baseoperator.py", line 422, in wrapper
    return func(self, *args, **kwargs)
           ^^^^^^^^^^^^^^^^^^^^^^^^^^^
  File "/home/airflow/.local/lib/python3.12/site-packages/airflow/operators/python.py", line 238, in execute
    return_value = self.execute_callable()
                   ^^^^^^^^^^^^^^^^^^^^^^^
  File "/home/airflow/.local/lib/python3.12/site-packages/airflow/operators/python.py", line 256, in execute_callable
    return runner.run(*self.op_args, **self.op_kwargs)
           ^^^^^^^^^^^^^^^^^^^^^^^^^^^^^^^^^^^^^^^^^^^
  File "/home/airflow/.local/lib/python3.12/site-packages/airflow/utils/operator_helpers.py", line 252, in run
    return self.func(*args, **kwargs)
           ^^^^^^^^^^^^^^^^^^^^^^^^^^
  File "/opt/airflow/dags/data_enriched_predict.py", line 183, in train_and_forecast
    raise ValueError(f"Données insuffisantes: {len(training_data)} enregistrements")
ValueError: Données insuffisantes: 0 enregistrements
[2025-03-30T22:24:29.361+0000] {taskinstance.py:1225} INFO - Marking task as UP_FOR_RETRY. dag_id=paris_air_quality_prod, task_id=daily_forecast, run_id=manual__2025-03-30T22:24:17.825548+00:00, execution_date=20250330T222417, start_date=20250330T222427, end_date=20250330T222429
[2025-03-30T22:24:29.383+0000] {taskinstance.py:340} INFO - ::group::Post task execution logs
[2025-03-30T22:24:29.383+0000] {standard_task_runner.py:124} ERROR - Failed to execute job 649 for task daily_forecast (Données insuffisantes: 0 enregistrements; 2112)
Traceback (most recent call last):
  File "/home/airflow/.local/lib/python3.12/site-packages/airflow/task/task_runner/standard_task_runner.py", line 117, in _start_by_fork
    ret = args.func(args, dag=self.dag)
          ^^^^^^^^^^^^^^^^^^^^^^^^^^^^^
  File "/home/airflow/.local/lib/python3.12/site-packages/airflow/cli/cli_config.py", line 49, in command
    return func(*args, **kwargs)
           ^^^^^^^^^^^^^^^^^^^^^
  File "/home/airflow/.local/lib/python3.12/site-packages/airflow/utils/cli.py", line 116, in wrapper
    return f(*args, **kwargs)
           ^^^^^^^^^^^^^^^^^^
  File "/home/airflow/.local/lib/python3.12/site-packages/airflow/cli/commands/task_command.py", line 483, in task_run
    task_return_code = _run_task_by_selected_method(args, _dag, ti)
                       ^^^^^^^^^^^^^^^^^^^^^^^^^^^^^^^^^^^^^^^^^^^^
  File "/home/airflow/.local/lib/python3.12/site-packages/airflow/cli/commands/task_command.py", line 256, in _run_task_by_selected_method
    return _run_raw_task(args, ti)
           ^^^^^^^^^^^^^^^^^^^^^^^
  File "/home/airflow/.local/lib/python3.12/site-packages/airflow/cli/commands/task_command.py", line 341, in _run_raw_task
    return ti._run_raw_task(
           ^^^^^^^^^^^^^^^^^
  File "/home/airflow/.local/lib/python3.12/site-packages/airflow/utils/session.py", line 97, in wrapper
    return func(*args, session=session, **kwargs)
           ^^^^^^^^^^^^^^^^^^^^^^^^^^^^^^^^^^^^^^
  File "/home/airflow/.local/lib/python3.12/site-packages/airflow/models/taskinstance.py", line 3005, in _run_raw_task
    return _run_raw_task(
           ^^^^^^^^^^^^^^
  File "/home/airflow/.local/lib/python3.12/site-packages/airflow/models/taskinstance.py", line 273, in _run_raw_task
    TaskInstance._execute_task_with_callbacks(
  File "/home/airflow/.local/lib/python3.12/site-packages/airflow/models/taskinstance.py", line 3159, in _execute_task_with_callbacks
    result = self._execute_task(context, task_orig)
             ^^^^^^^^^^^^^^^^^^^^^^^^^^^^^^^^^^^^^^
  File "/home/airflow/.local/lib/python3.12/site-packages/airflow/models/taskinstance.py", line 3183, in _execute_task
    return _execute_task(self, context, task_orig)
           ^^^^^^^^^^^^^^^^^^^^^^^^^^^^^^^^^^^^^^^
  File "/home/airflow/.local/lib/python3.12/site-packages/airflow/models/taskinstance.py", line 767, in _execute_task
    result = _execute_callable(context=context, **execute_callable_kwargs)
             ^^^^^^^^^^^^^^^^^^^^^^^^^^^^^^^^^^^^^^^^^^^^^^^^^^^^^^^^^^^^^
  File "/home/airflow/.local/lib/python3.12/site-packages/airflow/models/taskinstance.py", line 733, in _execute_callable
    return ExecutionCallableRunner(
           ^^^^^^^^^^^^^^^^^^^^^^^^
  File "/home/airflow/.local/lib/python3.12/site-packages/airflow/utils/operator_helpers.py", line 252, in run
    return self.func(*args, **kwargs)
           ^^^^^^^^^^^^^^^^^^^^^^^^^^
  File "/home/airflow/.local/lib/python3.12/site-packages/airflow/models/baseoperator.py", line 422, in wrapper
    return func(self, *args, **kwargs)
           ^^^^^^^^^^^^^^^^^^^^^^^^^^^
  File "/home/airflow/.local/lib/python3.12/site-packages/airflow/operators/python.py", line 238, in execute
    return_value = self.execute_callable()
                   ^^^^^^^^^^^^^^^^^^^^^^^
  File "/home/airflow/.local/lib/python3.12/site-packages/airflow/operators/python.py", line 256, in execute_callable
    return runner.run(*self.op_args, **self.op_kwargs)
           ^^^^^^^^^^^^^^^^^^^^^^^^^^^^^^^^^^^^^^^^^^^
  File "/home/airflow/.local/lib/python3.12/site-packages/airflow/utils/operator_helpers.py", line 252, in run
    return self.func(*args, **kwargs)
           ^^^^^^^^^^^^^^^^^^^^^^^^^^
  File "/opt/airflow/dags/data_enriched_predict.py", line 183, in train_and_forecast
    raise ValueError(f"Données insuffisantes: {len(training_data)} enregistrements")
ValueError: Données insuffisantes: 0 enregistrements
[2025-03-30T22:24:29.406+0000] {local_task_job_runner.py:266} INFO - Task exited with return code 1
[2025-03-30T22:24:29.463+0000] {taskinstance.py:3895} INFO - 0 downstream tasks scheduled from follow-on schedule check
[2025-03-30T22:24:29.466+0000] {local_task_job_runner.py:245} INFO - ::endgroup::
