[2025-04-17T12:00:31.840+0000] {local_task_job_runner.py:123} INFO - ::group::Pre task execution logs
[2025-04-17T12:00:31.902+0000] {taskinstance.py:2613} INFO - Dependencies all met for dep_context=non-requeueable deps ti=<TaskInstance: air_quality_pipeline.store_data scheduled__2025-04-17T10:00:00+00:00 [queued]>
[2025-04-17T12:00:31.919+0000] {taskinstance.py:2613} INFO - Dependencies all met for dep_context=requeueable deps ti=<TaskInstance: air_quality_pipeline.store_data scheduled__2025-04-17T10:00:00+00:00 [queued]>
[2025-04-17T12:00:31.920+0000] {taskinstance.py:2866} INFO - Starting attempt 1 of 2
[2025-04-17T12:00:31.942+0000] {taskinstance.py:2889} INFO - Executing <Task(PythonOperator): store_data> on 2025-04-17 10:00:00+00:00
[2025-04-17T12:00:31.951+0000] {standard_task_runner.py:104} INFO - Running: ['airflow', 'tasks', 'run', 'air_quality_pipeline', 'store_data', 'scheduled__2025-04-17T10:00:00+00:00', '--job-id', '845', '--raw', '--subdir', 'DAGS_FOLDER/data_pipeline.py', '--cfg-path', '/tmp/tmp_z113zvb']
[2025-04-17T12:00:31.956+0000] {standard_task_runner.py:105} INFO - Job 845: Subtask store_data
[2025-04-17T12:00:31.955+0000] {logging_mixin.py:190} WARNING - /home/airflow/.local/lib/python3.12/site-packages/airflow/task/task_runner/standard_task_runner.py:70 DeprecationWarning: This process (pid=153) is multi-threaded, use of fork() may lead to deadlocks in the child.
[2025-04-17T12:00:31.957+0000] {standard_task_runner.py:72} INFO - Started process 167 to run task
[2025-04-17T12:00:32.138+0000] {task_command.py:467} INFO - Running <TaskInstance: air_quality_pipeline.store_data scheduled__2025-04-17T10:00:00+00:00 [running]> on host 3988cbd5836a
[2025-04-17T12:00:32.632+0000] {taskinstance.py:3132} INFO - Exporting env vars: AIRFLOW_CTX_DAG_EMAIL='fbleza5@gmail.com' AIRFLOW_CTX_DAG_OWNER='airflow' AIRFLOW_CTX_DAG_ID='air_quality_pipeline' AIRFLOW_CTX_TASK_ID='store_data' AIRFLOW_CTX_EXECUTION_DATE='2025-04-17T10:00:00+00:00' AIRFLOW_CTX_TRY_NUMBER='1' AIRFLOW_CTX_DAG_RUN_ID='scheduled__2025-04-17T10:00:00+00:00'
[2025-04-17T12:00:32.634+0000] {taskinstance.py:731} INFO - ::endgroup::
[2025-04-17T12:00:32.697+0000] {base.py:84} INFO - Retrieving connection 'postgres_data'
[2025-04-17T12:00:32.916+0000] {data_pipeline.py:152} INFO - Données insérées dans le Data Warehouse
[2025-04-17T12:00:32.917+0000] {python.py:240} INFO - Done. Returned value was: None
[2025-04-17T12:00:32.962+0000] {taskinstance.py:340} INFO - ::group::Post task execution logs
[2025-04-17T12:00:32.963+0000] {taskinstance.py:352} INFO - Marking task as SUCCESS. dag_id=air_quality_pipeline, task_id=store_data, run_id=scheduled__2025-04-17T10:00:00+00:00, execution_date=20250417T100000, start_date=20250417T120031, end_date=20250417T120032
[2025-04-17T12:00:33.018+0000] {local_task_job_runner.py:266} INFO - Task exited with return code 0
[2025-04-17T12:00:33.076+0000] {taskinstance.py:3895} INFO - 1 downstream tasks scheduled from follow-on schedule check
[2025-04-17T12:00:33.079+0000] {local_task_job_runner.py:245} INFO - ::endgroup::
