[2025-03-28T10:15:51.308+0000] {local_task_job_runner.py:123} INFO - ::group::Pre task execution logs
[2025-03-28T10:15:51.388+0000] {taskinstance.py:2613} INFO - Dependencies all met for dep_context=non-requeueable deps ti=<TaskInstance: air_quality_pipeline.fetch_and_store_raw_data manual__2025-03-28T10:15:46.503766+00:00 [queued]>
[2025-03-28T10:15:51.406+0000] {taskinstance.py:2613} INFO - Dependencies all met for dep_context=requeueable deps ti=<TaskInstance: air_quality_pipeline.fetch_and_store_raw_data manual__2025-03-28T10:15:46.503766+00:00 [queued]>
[2025-03-28T10:15:51.407+0000] {taskinstance.py:2866} INFO - Starting attempt 1 of 2
[2025-03-28T10:15:51.429+0000] {taskinstance.py:2889} INFO - Executing <Task(PythonOperator): fetch_and_store_raw_data> on 2025-03-28 10:15:46.503766+00:00
[2025-03-28T10:15:51.457+0000] {logging_mixin.py:190} WARNING - /home/airflow/.local/lib/python3.12/site-packages/airflow/task/task_runner/standard_task_runner.py:70 DeprecationWarning: This process (pid=40) is multi-threaded, use of fork() may lead to deadlocks in the child.
[2025-03-28T10:15:51.457+0000] {standard_task_runner.py:104} INFO - Running: ['airflow', 'tasks', 'run', 'air_quality_pipeline', 'fetch_and_store_raw_data', 'manual__2025-03-28T10:15:46.503766+00:00', '--job-id', '239', '--raw', '--subdir', 'DAGS_FOLDER/data_pipeline.py', '--cfg-path', '/tmp/tmp63oe32_z']
[2025-03-28T10:15:51.461+0000] {standard_task_runner.py:72} INFO - Started process 54 to run task
[2025-03-28T10:15:51.461+0000] {standard_task_runner.py:105} INFO - Job 239: Subtask fetch_and_store_raw_data
[2025-03-28T10:15:51.641+0000] {task_command.py:467} INFO - Running <TaskInstance: air_quality_pipeline.fetch_and_store_raw_data manual__2025-03-28T10:15:46.503766+00:00 [running]> on host 6d0e87c01008
[2025-03-28T10:15:51.879+0000] {taskinstance.py:3132} INFO - Exporting env vars: AIRFLOW_CTX_DAG_OWNER='airflow' AIRFLOW_CTX_DAG_ID='air_quality_pipeline' AIRFLOW_CTX_TASK_ID='fetch_and_store_raw_data' AIRFLOW_CTX_EXECUTION_DATE='2025-03-28T10:15:46.503766+00:00' AIRFLOW_CTX_TRY_NUMBER='1' AIRFLOW_CTX_DAG_RUN_ID='manual__2025-03-28T10:15:46.503766+00:00'
[2025-03-28T10:15:51.881+0000] {taskinstance.py:731} INFO - ::endgroup::
[2025-03-28T10:15:51.975+0000] {base.py:84} INFO - Retrieving connection 'postgres_data'
[2025-03-28T10:15:58.846+0000] {data_pipeline.py:42} INFO - Données brutes stockées dans le Data Lake
[2025-03-28T10:15:58.847+0000] {python.py:240} INFO - Done. Returned value was: None
[2025-03-28T10:15:58.911+0000] {taskinstance.py:340} INFO - ::group::Post task execution logs
[2025-03-28T10:15:58.912+0000] {taskinstance.py:352} INFO - Marking task as SUCCESS. dag_id=air_quality_pipeline, task_id=fetch_and_store_raw_data, run_id=manual__2025-03-28T10:15:46.503766+00:00, execution_date=20250328T101546, start_date=20250328T101551, end_date=20250328T101558
[2025-03-28T10:15:58.948+0000] {local_task_job_runner.py:266} INFO - Task exited with return code 0
[2025-03-28T10:15:59.050+0000] {taskinstance.py:3895} INFO - 1 downstream tasks scheduled from follow-on schedule check
[2025-03-28T10:15:59.053+0000] {local_task_job_runner.py:245} INFO - ::endgroup::
