[2025-04-17T09:54:01.552+0000] {local_task_job_runner.py:123} INFO - ::group::Pre task execution logs
[2025-04-17T09:54:01.612+0000] {taskinstance.py:2613} INFO - Dependencies all met for dep_context=non-requeueable deps ti=<TaskInstance: air_quality_pipeline.transform_data scheduled__2025-04-10T14:00:00+00:00 [queued]>
[2025-04-17T09:54:01.631+0000] {taskinstance.py:2613} INFO - Dependencies all met for dep_context=requeueable deps ti=<TaskInstance: air_quality_pipeline.transform_data scheduled__2025-04-10T14:00:00+00:00 [queued]>
[2025-04-17T09:54:01.631+0000] {taskinstance.py:2866} INFO - Starting attempt 1 of 2
[2025-04-17T09:54:01.651+0000] {taskinstance.py:2889} INFO - Executing <Task(PythonOperator): transform_data> on 2025-04-10 14:00:00+00:00
[2025-04-17T09:54:01.660+0000] {standard_task_runner.py:104} INFO - Running: ['airflow', 'tasks', 'run', 'air_quality_pipeline', 'transform_data', 'scheduled__2025-04-10T14:00:00+00:00', '--job-id', '798', '--raw', '--subdir', 'DAGS_FOLDER/data_pipeline.py', '--cfg-path', '/tmp/tmpe7k893gh']
[2025-04-17T09:54:01.662+0000] {standard_task_runner.py:105} INFO - Job 798: Subtask transform_data
[2025-04-17T09:54:01.664+0000] {logging_mixin.py:190} WARNING - /home/airflow/.local/lib/python3.12/site-packages/airflow/task/task_runner/standard_task_runner.py:70 DeprecationWarning: This process (pid=106) is multi-threaded, use of fork() may lead to deadlocks in the child.
[2025-04-17T09:54:01.665+0000] {standard_task_runner.py:72} INFO - Started process 120 to run task
[2025-04-17T09:54:01.852+0000] {task_command.py:467} INFO - Running <TaskInstance: air_quality_pipeline.transform_data scheduled__2025-04-10T14:00:00+00:00 [running]> on host 04906466de51
[2025-04-17T09:54:02.209+0000] {taskinstance.py:3132} INFO - Exporting env vars: AIRFLOW_CTX_DAG_EMAIL='fbleza5@gmail.com' AIRFLOW_CTX_DAG_OWNER='airflow' AIRFLOW_CTX_DAG_ID='air_quality_pipeline' AIRFLOW_CTX_TASK_ID='transform_data' AIRFLOW_CTX_EXECUTION_DATE='2025-04-10T14:00:00+00:00' AIRFLOW_CTX_TRY_NUMBER='1' AIRFLOW_CTX_DAG_RUN_ID='scheduled__2025-04-10T14:00:00+00:00'
[2025-04-17T09:54:02.211+0000] {taskinstance.py:731} INFO - ::endgroup::
[2025-04-17T09:54:03.448+0000] {base.py:84} INFO - Retrieving connection 'postgres_data'
[2025-04-17T09:54:03.522+0000] {data_pipeline.py:55} INFO - Données brutes insérées pour Paris dans Data Lake
[2025-04-17T09:54:04.706+0000] {base.py:84} INFO - Retrieving connection 'postgres_data'
[2025-04-17T09:54:04.766+0000] {data_pipeline.py:55} INFO - Données brutes insérées pour Lyon dans Data Lake
[2025-04-17T09:54:06.016+0000] {base.py:84} INFO - Retrieving connection 'postgres_data'
[2025-04-17T09:54:06.067+0000] {data_pipeline.py:55} INFO - Données brutes insérées pour Lille dans Data Lake
[2025-04-17T09:54:07.249+0000] {base.py:84} INFO - Retrieving connection 'postgres_data'
[2025-04-17T09:54:07.296+0000] {data_pipeline.py:55} INFO - Données brutes insérées pour Marseille dans Data Lake
[2025-04-17T09:54:08.624+0000] {base.py:84} INFO - Retrieving connection 'postgres_data'
[2025-04-17T09:54:08.842+0000] {data_pipeline.py:55} INFO - Données brutes insérées pour Montpellier dans Data Lake
[2025-04-17T09:54:08.933+0000] {data_pipeline.py:107} WARNING - 40 lignes ont été ignorées à cause de valeurs non valides.
[2025-04-17T09:54:09.139+0000] {base.py:84} INFO - Retrieving connection 'postgres_data'
[2025-04-17T09:54:09.784+0000] {data_pipeline.py:152} INFO - Données insérées dans le Data Warehouse
[2025-04-17T09:54:09.786+0000] {data_pipeline.py:111} INFO - Données transformées et stockées dans le Data Warehouse
[2025-04-17T09:54:09.788+0000] {python.py:240} INFO - Done. Returned value was:             city           timestamp  temperature  ...  aqi  pm25  pm10
0          Paris 2025-04-17 12:00:00           15  ...   95    95  26.0
1          Paris 2025-04-17 15:00:00           14  ...   95    95  26.0
2          Paris 2025-04-17 18:00:00           13  ...   95    95  26.0
3          Paris 2025-04-17 21:00:00           10  ...   95    95  26.0
4          Paris 2025-04-18 00:00:00           12  ...   95    95  26.0
..           ...                 ...          ...  ...  ...   ...   ...
195  Montpellier 2025-04-21 21:00:00           13  ...   33    11  10.0
196  Montpellier 2025-04-22 00:00:00           11  ...   33    11  10.0
197  Montpellier 2025-04-22 03:00:00           10  ...   33    11  10.0
198  Montpellier 2025-04-22 06:00:00           10  ...   33    11  10.0
199  Montpellier 2025-04-22 09:00:00           14  ...   33    11  10.0

[160 rows x 8 columns]
[2025-04-17T09:54:10.052+0000] {taskinstance.py:340} INFO - ::group::Post task execution logs
[2025-04-17T09:54:10.053+0000] {taskinstance.py:352} INFO - Marking task as SUCCESS. dag_id=air_quality_pipeline, task_id=transform_data, run_id=scheduled__2025-04-10T14:00:00+00:00, execution_date=20250410T140000, start_date=20250417T095401, end_date=20250417T095410
[2025-04-17T09:54:10.112+0000] {local_task_job_runner.py:266} INFO - Task exited with return code 0
[2025-04-17T09:54:10.201+0000] {taskinstance.py:3895} INFO - 1 downstream tasks scheduled from follow-on schedule check
[2025-04-17T09:54:10.205+0000] {local_task_job_runner.py:245} INFO - ::endgroup::
