[2025-03-30T23:03:18.941+0000] {local_task_job_runner.py:123} INFO - ::group::Pre task execution logs
[2025-03-30T23:03:18.991+0000] {taskinstance.py:2613} INFO - Dependencies all met for dep_context=non-requeueable deps ti=<TaskInstance: paris_air_quality_prod.init_database manual__2025-03-30T23:03:14.227213+00:00 [queued]>
[2025-03-30T23:03:19.002+0000] {taskinstance.py:2613} INFO - Dependencies all met for dep_context=requeueable deps ti=<TaskInstance: paris_air_quality_prod.init_database manual__2025-03-30T23:03:14.227213+00:00 [queued]>
[2025-03-30T23:03:19.003+0000] {taskinstance.py:2866} INFO - Starting attempt 1 of 3
[2025-03-30T23:03:19.018+0000] {taskinstance.py:2889} INFO - Executing <Task(PythonOperator): init_database> on 2025-03-30 23:03:14.227213+00:00
[2025-03-30T23:03:19.027+0000] {standard_task_runner.py:104} INFO - Running: ['airflow', 'tasks', 'run', 'paris_air_quality_prod', 'init_database', 'manual__2025-03-30T23:03:14.227213+00:00', '--job-id', '665', '--raw', '--subdir', 'DAGS_FOLDER/data_enriched_predict.py', '--cfg-path', '/tmp/tmpqikwyovp']
[2025-03-30T23:03:19.030+0000] {standard_task_runner.py:105} INFO - Job 665: Subtask init_database
[2025-03-30T23:03:19.034+0000] {logging_mixin.py:190} WARNING - /home/airflow/.local/lib/python3.12/site-packages/airflow/task/task_runner/standard_task_runner.py:70 DeprecationWarning: This process (pid=4044) is multi-threaded, use of fork() may lead to deadlocks in the child.
[2025-03-30T23:03:19.035+0000] {standard_task_runner.py:72} INFO - Started process 4069 to run task
[2025-03-30T23:03:19.175+0000] {task_command.py:467} INFO - Running <TaskInstance: paris_air_quality_prod.init_database manual__2025-03-30T23:03:14.227213+00:00 [running]> on host 04906466de51
[2025-03-30T23:03:19.495+0000] {taskinstance.py:3132} INFO - Exporting env vars: AIRFLOW_CTX_DAG_OWNER='airflow' AIRFLOW_CTX_DAG_ID='paris_air_quality_prod' AIRFLOW_CTX_TASK_ID='init_database' AIRFLOW_CTX_EXECUTION_DATE='2025-03-30T23:03:14.227213+00:00' AIRFLOW_CTX_TRY_NUMBER='1' AIRFLOW_CTX_DAG_RUN_ID='manual__2025-03-30T23:03:14.227213+00:00'
[2025-03-30T23:03:19.497+0000] {taskinstance.py:731} INFO - ::endgroup::
[2025-03-30T23:03:19.564+0000] {base.py:84} INFO - Retrieving connection 'postgres_data'
[2025-03-30T23:03:19.620+0000] {data_enriched_predict.py:77} INFO - Tables créées avec succès
[2025-03-30T23:03:19.621+0000] {python.py:240} INFO - Done. Returned value was: None
[2025-03-30T23:03:19.662+0000] {taskinstance.py:340} INFO - ::group::Post task execution logs
[2025-03-30T23:03:19.663+0000] {taskinstance.py:352} INFO - Marking task as SUCCESS. dag_id=paris_air_quality_prod, task_id=init_database, run_id=manual__2025-03-30T23:03:14.227213+00:00, execution_date=20250330T230314, start_date=20250330T230318, end_date=20250330T230319
[2025-03-30T23:03:19.694+0000] {local_task_job_runner.py:266} INFO - Task exited with return code 0
[2025-03-30T23:03:19.752+0000] {taskinstance.py:3895} INFO - 1 downstream tasks scheduled from follow-on schedule check
[2025-03-30T23:03:19.754+0000] {local_task_job_runner.py:245} INFO - ::endgroup::
