[2025-04-17T10:00:21.934+0000] {local_task_job_runner.py:123} INFO - ::group::Pre task execution logs
[2025-04-17T10:00:21.988+0000] {taskinstance.py:2613} INFO - Dependencies all met for dep_context=non-requeueable deps ti=<TaskInstance: air_quality_pipeline.store_data scheduled__2025-04-17T08:00:00+00:00 [queued]>
[2025-04-17T10:00:22.001+0000] {taskinstance.py:2613} INFO - Dependencies all met for dep_context=requeueable deps ti=<TaskInstance: air_quality_pipeline.store_data scheduled__2025-04-17T08:00:00+00:00 [queued]>
[2025-04-17T10:00:22.002+0000] {taskinstance.py:2866} INFO - Starting attempt 1 of 2
[2025-04-17T10:00:22.021+0000] {taskinstance.py:2889} INFO - Executing <Task(PythonOperator): store_data> on 2025-04-17 08:00:00+00:00
[2025-04-17T10:00:22.033+0000] {standard_task_runner.py:104} INFO - Running: ['airflow', 'tasks', 'run', 'air_quality_pipeline', 'store_data', 'scheduled__2025-04-17T08:00:00+00:00', '--job-id', '809', '--raw', '--subdir', 'DAGS_FOLDER/data_pipeline.py', '--cfg-path', '/tmp/tmpobxqokac']
[2025-04-17T10:00:22.037+0000] {standard_task_runner.py:105} INFO - Job 809: Subtask store_data
[2025-04-17T10:00:22.037+0000] {logging_mixin.py:190} WARNING - /home/airflow/.local/lib/python3.12/site-packages/airflow/task/task_runner/standard_task_runner.py:70 DeprecationWarning: This process (pid=543) is multi-threaded, use of fork() may lead to deadlocks in the child.
[2025-04-17T10:00:22.038+0000] {standard_task_runner.py:72} INFO - Started process 557 to run task
[2025-04-17T10:00:22.203+0000] {task_command.py:467} INFO - Running <TaskInstance: air_quality_pipeline.store_data scheduled__2025-04-17T08:00:00+00:00 [running]> on host 04906466de51
[2025-04-17T10:00:22.790+0000] {taskinstance.py:3132} INFO - Exporting env vars: AIRFLOW_CTX_DAG_EMAIL='fbleza5@gmail.com' AIRFLOW_CTX_DAG_OWNER='airflow' AIRFLOW_CTX_DAG_ID='air_quality_pipeline' AIRFLOW_CTX_TASK_ID='store_data' AIRFLOW_CTX_EXECUTION_DATE='2025-04-17T08:00:00+00:00' AIRFLOW_CTX_TRY_NUMBER='1' AIRFLOW_CTX_DAG_RUN_ID='scheduled__2025-04-17T08:00:00+00:00'
[2025-04-17T10:00:22.791+0000] {taskinstance.py:731} INFO - ::endgroup::
[2025-04-17T10:00:22.854+0000] {base.py:84} INFO - Retrieving connection 'postgres_data'
[2025-04-17T10:00:23.054+0000] {data_pipeline.py:152} INFO - Données insérées dans le Data Warehouse
[2025-04-17T10:00:23.055+0000] {python.py:240} INFO - Done. Returned value was: None
[2025-04-17T10:00:23.097+0000] {taskinstance.py:340} INFO - ::group::Post task execution logs
[2025-04-17T10:00:23.098+0000] {taskinstance.py:352} INFO - Marking task as SUCCESS. dag_id=air_quality_pipeline, task_id=store_data, run_id=scheduled__2025-04-17T08:00:00+00:00, execution_date=20250417T080000, start_date=20250417T100021, end_date=20250417T100023
[2025-04-17T10:00:23.145+0000] {local_task_job_runner.py:266} INFO - Task exited with return code 0
[2025-04-17T10:00:23.205+0000] {taskinstance.py:3895} INFO - 1 downstream tasks scheduled from follow-on schedule check
[2025-04-17T10:00:23.208+0000] {local_task_job_runner.py:245} INFO - ::endgroup::
