[2025-03-28T10:50:57.931+0000] {local_task_job_runner.py:123} INFO - ::group::Pre task execution logs
[2025-03-28T10:50:57.981+0000] {taskinstance.py:2613} INFO - Dependencies all met for dep_context=non-requeueable deps ti=<TaskInstance: air_quality_pipeline.create_data_mart scheduled__2025-03-28T00:00:00+00:00 [queued]>
[2025-03-28T10:50:57.995+0000] {taskinstance.py:2613} INFO - Dependencies all met for dep_context=requeueable deps ti=<TaskInstance: air_quality_pipeline.create_data_mart scheduled__2025-03-28T00:00:00+00:00 [queued]>
[2025-03-28T10:50:57.996+0000] {taskinstance.py:2866} INFO - Starting attempt 1 of 2
[2025-03-28T10:50:58.014+0000] {taskinstance.py:2889} INFO - Executing <Task(PythonOperator): create_data_mart> on 2025-03-28 00:00:00+00:00
[2025-03-28T10:50:58.023+0000] {standard_task_runner.py:104} INFO - Running: ['airflow', 'tasks', 'run', 'air_quality_pipeline', 'create_data_mart', 'scheduled__2025-03-28T00:00:00+00:00', '--job-id', '321', '--raw', '--subdir', 'DAGS_FOLDER/data_pipeline.py', '--cfg-path', '/tmp/tmpkhuj9ki1']
[2025-03-28T10:50:58.025+0000] {standard_task_runner.py:105} INFO - Job 321: Subtask create_data_mart
[2025-03-28T10:50:58.026+0000] {logging_mixin.py:190} WARNING - /home/airflow/.local/lib/python3.12/site-packages/airflow/task/task_runner/standard_task_runner.py:70 DeprecationWarning: This process (pid=1350) is multi-threaded, use of fork() may lead to deadlocks in the child.
[2025-03-28T10:50:58.027+0000] {standard_task_runner.py:72} INFO - Started process 1364 to run task
[2025-03-28T10:50:58.283+0000] {task_command.py:467} INFO - Running <TaskInstance: air_quality_pipeline.create_data_mart scheduled__2025-03-28T00:00:00+00:00 [running]> on host 6d0e87c01008
[2025-03-28T10:50:58.488+0000] {taskinstance.py:3132} INFO - Exporting env vars: AIRFLOW_CTX_DAG_OWNER='airflow' AIRFLOW_CTX_DAG_ID='air_quality_pipeline' AIRFLOW_CTX_TASK_ID='create_data_mart' AIRFLOW_CTX_EXECUTION_DATE='2025-03-28T00:00:00+00:00' AIRFLOW_CTX_TRY_NUMBER='1' AIRFLOW_CTX_DAG_RUN_ID='scheduled__2025-03-28T00:00:00+00:00'
[2025-03-28T10:50:58.490+0000] {taskinstance.py:731} INFO - ::endgroup::
[2025-03-28T10:50:58.545+0000] {base.py:84} INFO - Retrieving connection 'postgres_data'
[2025-03-28T10:50:58.588+0000] {data_pipeline.py:168} INFO - Tables de Data Mart créées pour chaque ville
[2025-03-28T10:50:58.589+0000] {python.py:240} INFO - Done. Returned value was: None
[2025-03-28T10:50:58.633+0000] {taskinstance.py:340} INFO - ::group::Post task execution logs
[2025-03-28T10:50:58.634+0000] {taskinstance.py:352} INFO - Marking task as SUCCESS. dag_id=air_quality_pipeline, task_id=create_data_mart, run_id=scheduled__2025-03-28T00:00:00+00:00, execution_date=20250328T000000, start_date=20250328T105057, end_date=20250328T105058
[2025-03-28T10:50:58.684+0000] {local_task_job_runner.py:266} INFO - Task exited with return code 0
[2025-03-28T10:50:58.742+0000] {taskinstance.py:3895} INFO - 1 downstream tasks scheduled from follow-on schedule check
[2025-03-28T10:50:58.745+0000] {local_task_job_runner.py:245} INFO - ::endgroup::
