[2025-03-28T10:49:50.538+0000] {local_task_job_runner.py:123} INFO - ::group::Pre task execution logs
[2025-03-28T10:49:50.615+0000] {taskinstance.py:2613} INFO - Dependencies all met for dep_context=non-requeueable deps ti=<TaskInstance: air_quality_pipeline.insert_data_mart manual__2025-03-27T09:14:32.423568+00:00 [queued]>
[2025-03-28T10:49:50.635+0000] {taskinstance.py:2613} INFO - Dependencies all met for dep_context=requeueable deps ti=<TaskInstance: air_quality_pipeline.insert_data_mart manual__2025-03-27T09:14:32.423568+00:00 [queued]>
[2025-03-28T10:49:50.636+0000] {taskinstance.py:2866} INFO - Starting attempt 1 of 2
[2025-03-28T10:49:50.658+0000] {taskinstance.py:2889} INFO - Executing <Task(PythonOperator): insert_data_mart> on 2025-03-27 09:14:32.423568+00:00
[2025-03-28T10:49:50.667+0000] {standard_task_runner.py:104} INFO - Running: ['airflow', 'tasks', 'run', 'air_quality_pipeline', 'insert_data_mart', 'manual__2025-03-27T09:14:32.423568+00:00', '--job-id', '308', '--raw', '--subdir', 'DAGS_FOLDER/data_pipeline.py', '--cfg-path', '/tmp/tmph0mf5bgo']
[2025-03-28T10:49:50.669+0000] {standard_task_runner.py:105} INFO - Job 308: Subtask insert_data_mart
[2025-03-28T10:49:50.670+0000] {logging_mixin.py:190} WARNING - /home/airflow/.local/lib/python3.12/site-packages/airflow/task/task_runner/standard_task_runner.py:70 DeprecationWarning: This process (pid=1038) is multi-threaded, use of fork() may lead to deadlocks in the child.
[2025-03-28T10:49:50.671+0000] {standard_task_runner.py:72} INFO - Started process 1052 to run task
[2025-03-28T10:49:50.950+0000] {task_command.py:467} INFO - Running <TaskInstance: air_quality_pipeline.insert_data_mart manual__2025-03-27T09:14:32.423568+00:00 [running]> on host 6d0e87c01008
[2025-03-28T10:49:51.526+0000] {taskinstance.py:3132} INFO - Exporting env vars: AIRFLOW_CTX_DAG_OWNER='airflow' AIRFLOW_CTX_DAG_ID='air_quality_pipeline' AIRFLOW_CTX_TASK_ID='insert_data_mart' AIRFLOW_CTX_EXECUTION_DATE='2025-03-27T09:14:32.423568+00:00' AIRFLOW_CTX_TRY_NUMBER='1' AIRFLOW_CTX_DAG_RUN_ID='manual__2025-03-27T09:14:32.423568+00:00'
[2025-03-28T10:49:51.527+0000] {taskinstance.py:731} INFO - ::endgroup::
[2025-03-28T10:49:51.588+0000] {base.py:84} INFO - Retrieving connection 'postgres_data'
[2025-03-28T10:49:51.884+0000] {data_pipeline.py:198} INFO - Données insérées dans les Data Marts pour chaque ville
[2025-03-28T10:49:51.885+0000] {python.py:240} INFO - Done. Returned value was: None
[2025-03-28T10:49:51.935+0000] {taskinstance.py:340} INFO - ::group::Post task execution logs
[2025-03-28T10:49:51.936+0000] {taskinstance.py:352} INFO - Marking task as SUCCESS. dag_id=air_quality_pipeline, task_id=insert_data_mart, run_id=manual__2025-03-27T09:14:32.423568+00:00, execution_date=20250327T091432, start_date=20250328T104950, end_date=20250328T104951
[2025-03-28T10:49:51.972+0000] {local_task_job_runner.py:266} INFO - Task exited with return code 0
[2025-03-28T10:49:52.037+0000] {taskinstance.py:3895} INFO - 0 downstream tasks scheduled from follow-on schedule check
[2025-03-28T10:49:52.041+0000] {local_task_job_runner.py:245} INFO - ::endgroup::
