[2025-03-30T21:34:01.442+0000] {local_task_job_runner.py:123} INFO - ::group::Pre task execution logs
[2025-03-30T21:34:01.492+0000] {taskinstance.py:2613} INFO - Dependencies all met for dep_context=non-requeueable deps ti=<TaskInstance: paris_air_quality_advanced.initialize_tables scheduled__2025-03-29T03:00:00+00:00 [queued]>
[2025-03-30T21:34:01.504+0000] {taskinstance.py:2613} INFO - Dependencies all met for dep_context=requeueable deps ti=<TaskInstance: paris_air_quality_advanced.initialize_tables scheduled__2025-03-29T03:00:00+00:00 [queued]>
[2025-03-30T21:34:01.505+0000] {taskinstance.py:2866} INFO - Starting attempt 1 of 3
[2025-03-30T21:34:01.523+0000] {taskinstance.py:2889} INFO - Executing <Task(PythonOperator): initialize_tables> on 2025-03-29 03:00:00+00:00
[2025-03-30T21:34:01.531+0000] {standard_task_runner.py:104} INFO - Running: ['airflow', 'tasks', 'run', 'paris_air_quality_advanced', 'initialize_tables', 'scheduled__2025-03-29T03:00:00+00:00', '--job-id', '634', '--raw', '--subdir', 'DAGS_FOLDER/data_enriched_predict.py', '--cfg-path', '/tmp/tmpzv4hi0ni']
[2025-03-30T21:34:01.533+0000] {standard_task_runner.py:105} INFO - Job 634: Subtask initialize_tables
[2025-03-30T21:34:01.534+0000] {logging_mixin.py:190} WARNING - /home/airflow/.local/lib/python3.12/site-packages/airflow/task/task_runner/standard_task_runner.py:70 DeprecationWarning: This process (pid=77) is multi-threaded, use of fork() may lead to deadlocks in the child.
[2025-03-30T21:34:01.535+0000] {standard_task_runner.py:72} INFO - Started process 117 to run task
[2025-03-30T21:34:01.678+0000] {task_command.py:467} INFO - Running <TaskInstance: paris_air_quality_advanced.initialize_tables scheduled__2025-03-29T03:00:00+00:00 [running]> on host 04906466de51
[2025-03-30T21:34:01.860+0000] {taskinstance.py:3132} INFO - Exporting env vars: AIRFLOW_CTX_DAG_OWNER='airflow' AIRFLOW_CTX_DAG_ID='paris_air_quality_advanced' AIRFLOW_CTX_TASK_ID='initialize_tables' AIRFLOW_CTX_EXECUTION_DATE='2025-03-29T03:00:00+00:00' AIRFLOW_CTX_TRY_NUMBER='1' AIRFLOW_CTX_DAG_RUN_ID='scheduled__2025-03-29T03:00:00+00:00'
[2025-03-30T21:34:01.861+0000] {taskinstance.py:731} INFO - ::endgroup::
[2025-03-30T21:34:02.040+0000] {base.py:84} INFO - Retrieving connection 'postgres_data'
[2025-03-30T21:34:02.083+0000] {python.py:240} INFO - Done. Returned value was: None
[2025-03-30T21:34:02.125+0000] {taskinstance.py:340} INFO - ::group::Post task execution logs
[2025-03-30T21:34:02.126+0000] {taskinstance.py:352} INFO - Marking task as SUCCESS. dag_id=paris_air_quality_advanced, task_id=initialize_tables, run_id=scheduled__2025-03-29T03:00:00+00:00, execution_date=20250329T030000, start_date=20250330T213401, end_date=20250330T213402
[2025-03-30T21:34:02.152+0000] {local_task_job_runner.py:266} INFO - Task exited with return code 0
[2025-03-30T21:34:02.207+0000] {taskinstance.py:3895} INFO - 1 downstream tasks scheduled from follow-on schedule check
[2025-03-30T21:34:02.210+0000] {local_task_job_runner.py:245} INFO - ::endgroup::
[2025-03-30T22:00:17.208+0000] {local_task_job_runner.py:123} INFO - ::group::Pre task execution logs
[2025-03-30T22:00:17.258+0000] {taskinstance.py:2613} INFO - Dependencies all met for dep_context=non-requeueable deps ti=<TaskInstance: paris_air_quality_advanced.initialize_tables scheduled__2025-03-29T03:00:00+00:00 [queued]>
[2025-03-30T22:00:17.270+0000] {taskinstance.py:2613} INFO - Dependencies all met for dep_context=requeueable deps ti=<TaskInstance: paris_air_quality_advanced.initialize_tables scheduled__2025-03-29T03:00:00+00:00 [queued]>
[2025-03-30T22:00:17.271+0000] {taskinstance.py:2866} INFO - Starting attempt 1 of 3
[2025-03-30T22:00:17.287+0000] {taskinstance.py:2889} INFO - Executing <Task(PythonOperator): initialize_tables> on 2025-03-29 03:00:00+00:00
[2025-03-30T22:00:17.295+0000] {standard_task_runner.py:104} INFO - Running: ['airflow', 'tasks', 'run', 'paris_air_quality_advanced', 'initialize_tables', 'scheduled__2025-03-29T03:00:00+00:00', '--job-id', '639', '--raw', '--subdir', 'DAGS_FOLDER/data_enriched_predict.py', '--cfg-path', '/tmp/tmpxpxx3uyu']
[2025-03-30T22:00:17.298+0000] {standard_task_runner.py:105} INFO - Job 639: Subtask initialize_tables
[2025-03-30T22:00:17.298+0000] {logging_mixin.py:190} WARNING - /home/airflow/.local/lib/python3.12/site-packages/airflow/task/task_runner/standard_task_runner.py:70 DeprecationWarning: This process (pid=1018) is multi-threaded, use of fork() may lead to deadlocks in the child.
[2025-03-30T22:00:17.299+0000] {standard_task_runner.py:72} INFO - Started process 1043 to run task
[2025-03-30T22:00:17.451+0000] {task_command.py:467} INFO - Running <TaskInstance: paris_air_quality_advanced.initialize_tables scheduled__2025-03-29T03:00:00+00:00 [running]> on host 04906466de51
[2025-03-30T22:00:17.652+0000] {taskinstance.py:3132} INFO - Exporting env vars: AIRFLOW_CTX_DAG_OWNER='airflow' AIRFLOW_CTX_DAG_ID='paris_air_quality_advanced' AIRFLOW_CTX_TASK_ID='initialize_tables' AIRFLOW_CTX_EXECUTION_DATE='2025-03-29T03:00:00+00:00' AIRFLOW_CTX_TRY_NUMBER='1' AIRFLOW_CTX_DAG_RUN_ID='scheduled__2025-03-29T03:00:00+00:00'
[2025-03-30T22:00:17.654+0000] {taskinstance.py:731} INFO - ::endgroup::
[2025-03-30T22:00:17.712+0000] {base.py:84} INFO - Retrieving connection 'postgres_data'
[2025-03-30T22:00:17.751+0000] {python.py:240} INFO - Done. Returned value was: None
[2025-03-30T22:00:17.792+0000] {taskinstance.py:340} INFO - ::group::Post task execution logs
[2025-03-30T22:00:17.793+0000] {taskinstance.py:352} INFO - Marking task as SUCCESS. dag_id=paris_air_quality_advanced, task_id=initialize_tables, run_id=scheduled__2025-03-29T03:00:00+00:00, execution_date=20250329T030000, start_date=20250330T220017, end_date=20250330T220017
[2025-03-30T22:00:17.836+0000] {local_task_job_runner.py:266} INFO - Task exited with return code 0
[2025-03-30T22:00:17.889+0000] {taskinstance.py:3895} INFO - 1 downstream tasks scheduled from follow-on schedule check
[2025-03-30T22:00:17.892+0000] {local_task_job_runner.py:245} INFO - ::endgroup::
