[2025-03-29T05:40:05.507+0000] {local_task_job_runner.py:123} INFO - ::group::Pre task execution logs
[2025-03-29T05:40:05.567+0000] {taskinstance.py:2613} INFO - Dependencies all met for dep_context=non-requeueable deps ti=<TaskInstance: air_quality_monitoring_v3.initialize_database scheduled__2025-03-29T05:20:00+00:00 [queued]>
[2025-03-29T05:40:05.580+0000] {taskinstance.py:2613} INFO - Dependencies all met for dep_context=requeueable deps ti=<TaskInstance: air_quality_monitoring_v3.initialize_database scheduled__2025-03-29T05:20:00+00:00 [queued]>
[2025-03-29T05:40:05.581+0000] {taskinstance.py:2866} INFO - Starting attempt 1 of 4
[2025-03-29T05:40:05.599+0000] {taskinstance.py:2889} INFO - Executing <Task(PythonOperator): initialize_database> on 2025-03-29 05:20:00+00:00
[2025-03-29T05:40:05.611+0000] {standard_task_runner.py:104} INFO - Running: ['airflow', 'tasks', 'run', 'air_quality_monitoring_v3', 'initialize_database', 'scheduled__2025-03-29T05:20:00+00:00', '--job-id', '545', '--raw', '--subdir', 'DAGS_FOLDER/data_enriched_predict.py', '--cfg-path', '/tmp/tmp9uvc5h11']
[2025-03-29T05:40:05.613+0000] {logging_mixin.py:190} WARNING - /home/airflow/.local/lib/python3.12/site-packages/airflow/task/task_runner/standard_task_runner.py:70 DeprecationWarning: This process (pid=32339) is multi-threaded, use of fork() may lead to deadlocks in the child.
[2025-03-29T05:40:05.613+0000] {standard_task_runner.py:105} INFO - Job 545: Subtask initialize_database
[2025-03-29T05:40:05.614+0000] {standard_task_runner.py:72} INFO - Started process 32377 to run task
[2025-03-29T05:40:05.845+0000] {task_command.py:467} INFO - Running <TaskInstance: air_quality_monitoring_v3.initialize_database scheduled__2025-03-29T05:20:00+00:00 [running]> on host 04906466de51
[2025-03-29T05:40:06.089+0000] {taskinstance.py:3132} INFO - Exporting env vars: AIRFLOW_CTX_DAG_OWNER='airflow' AIRFLOW_CTX_DAG_ID='air_quality_monitoring_v3' AIRFLOW_CTX_TASK_ID='initialize_database' AIRFLOW_CTX_EXECUTION_DATE='2025-03-29T05:20:00+00:00' AIRFLOW_CTX_TRY_NUMBER='1' AIRFLOW_CTX_DAG_RUN_ID='scheduled__2025-03-29T05:20:00+00:00'
[2025-03-29T05:40:06.090+0000] {taskinstance.py:731} INFO - ::endgroup::
[2025-03-29T05:40:06.194+0000] {base.py:84} INFO - Retrieving connection 'postgres_data'
[2025-03-29T05:40:06.362+0000] {data_enriched_predict.py:73} INFO - Tables créées/réinitialisées avec succès
[2025-03-29T05:40:06.406+0000] {python.py:240} INFO - Done. Returned value was: None
[2025-03-29T05:40:06.456+0000] {taskinstance.py:340} INFO - ::group::Post task execution logs
[2025-03-29T05:40:06.457+0000] {taskinstance.py:352} INFO - Marking task as SUCCESS. dag_id=air_quality_monitoring_v3, task_id=initialize_database, run_id=scheduled__2025-03-29T05:20:00+00:00, execution_date=20250329T052000, start_date=20250329T054005, end_date=20250329T054006
[2025-03-29T05:40:06.514+0000] {local_task_job_runner.py:266} INFO - Task exited with return code 0
[2025-03-29T05:40:06.592+0000] {taskinstance.py:3895} INFO - 1 downstream tasks scheduled from follow-on schedule check
[2025-03-29T05:40:06.595+0000] {local_task_job_runner.py:245} INFO - ::endgroup::
