[2025-03-28T14:00:11.010+0000] {local_task_job_runner.py:123} INFO - ::group::Pre task execution logs
[2025-03-28T14:00:11.175+0000] {taskinstance.py:2613} INFO - Dependencies all met for dep_context=non-requeueable deps ti=<TaskInstance: air_quality_pipeline.transform_data scheduled__2025-03-28T12:00:00+00:00 [queued]>
[2025-03-28T14:00:11.188+0000] {taskinstance.py:2613} INFO - Dependencies all met for dep_context=requeueable deps ti=<TaskInstance: air_quality_pipeline.transform_data scheduled__2025-03-28T12:00:00+00:00 [queued]>
[2025-03-28T14:00:11.189+0000] {taskinstance.py:2866} INFO - Starting attempt 1 of 2
[2025-03-28T14:00:11.206+0000] {taskinstance.py:2889} INFO - Executing <Task(PythonOperator): transform_data> on 2025-03-28 12:00:00+00:00
[2025-03-28T14:00:11.217+0000] {standard_task_runner.py:104} INFO - Running: ['airflow', 'tasks', 'run', 'air_quality_pipeline', 'transform_data', 'scheduled__2025-03-28T12:00:00+00:00', '--job-id', '395', '--raw', '--subdir', 'DAGS_FOLDER/data_pipeline.py', '--cfg-path', '/tmp/tmpdfgsdw6n']
[2025-03-28T14:00:11.221+0000] {standard_task_runner.py:105} INFO - Job 395: Subtask transform_data
[2025-03-28T14:00:11.221+0000] {logging_mixin.py:190} WARNING - /home/airflow/.local/lib/python3.12/site-packages/airflow/task/task_runner/standard_task_runner.py:70 DeprecationWarning: This process (pid=423) is multi-threaded, use of fork() may lead to deadlocks in the child.
[2025-03-28T14:00:11.222+0000] {standard_task_runner.py:72} INFO - Started process 437 to run task
[2025-03-28T14:00:11.502+0000] {task_command.py:467} INFO - Running <TaskInstance: air_quality_pipeline.transform_data scheduled__2025-03-28T12:00:00+00:00 [running]> on host 04906466de51
[2025-03-28T14:00:11.827+0000] {taskinstance.py:3132} INFO - Exporting env vars: AIRFLOW_CTX_DAG_EMAIL='fbleza5@gmail.com' AIRFLOW_CTX_DAG_OWNER='airflow' AIRFLOW_CTX_DAG_ID='air_quality_pipeline' AIRFLOW_CTX_TASK_ID='transform_data' AIRFLOW_CTX_EXECUTION_DATE='2025-03-28T12:00:00+00:00' AIRFLOW_CTX_TRY_NUMBER='1' AIRFLOW_CTX_DAG_RUN_ID='scheduled__2025-03-28T12:00:00+00:00'
[2025-03-28T14:00:11.829+0000] {taskinstance.py:731} INFO - ::endgroup::
[2025-03-28T14:00:13.066+0000] {base.py:84} INFO - Retrieving connection 'postgres_data'
[2025-03-28T14:00:13.218+0000] {data_pipeline.py:55} INFO - Données brutes insérées pour Paris dans Data Lake
[2025-03-28T14:00:14.654+0000] {base.py:84} INFO - Retrieving connection 'postgres_data'
[2025-03-28T14:00:14.698+0000] {data_pipeline.py:55} INFO - Données brutes insérées pour Lyon dans Data Lake
[2025-03-28T14:00:15.910+0000] {base.py:84} INFO - Retrieving connection 'postgres_data'
[2025-03-28T14:00:15.952+0000] {data_pipeline.py:55} INFO - Données brutes insérées pour Lille dans Data Lake
[2025-03-28T14:00:17.174+0000] {base.py:84} INFO - Retrieving connection 'postgres_data'
[2025-03-28T14:00:17.224+0000] {data_pipeline.py:55} INFO - Données brutes insérées pour Marseille dans Data Lake
[2025-03-28T14:00:18.446+0000] {base.py:84} INFO - Retrieving connection 'postgres_data'
[2025-03-28T14:00:18.500+0000] {data_pipeline.py:55} INFO - Données brutes insérées pour Montpellier dans Data Lake
[2025-03-28T14:00:18.558+0000] {base.py:84} INFO - Retrieving connection 'postgres_data'
[2025-03-28T14:00:18.795+0000] {data_pipeline.py:141} INFO - Données insérées dans le Data Warehouse
[2025-03-28T14:00:18.797+0000] {data_pipeline.py:100} INFO - Données transformées et stockées dans le Data Warehouse
[2025-03-28T14:00:18.797+0000] {python.py:240} INFO - Done. Returned value was:             city           timestamp  temperature  ...  aqi  pm25  pm10
0          Paris 2025-03-28 15:00:00           13  ...   64    64    21
1          Paris 2025-03-28 18:00:00           10  ...   64    64    21
2          Paris 2025-03-28 21:00:00            6  ...   64    64    21
3          Paris 2025-03-29 00:00:00            4  ...   64    64    21
4          Paris 2025-03-29 03:00:00            3  ...   64    64    21
..           ...                 ...          ...  ...  ...   ...   ...
195  Montpellier 2025-04-02 00:00:00            7  ...   20    20    14
196  Montpellier 2025-04-02 03:00:00            6  ...   20    20    14
197  Montpellier 2025-04-02 06:00:00            7  ...   20    20    14
198  Montpellier 2025-04-02 09:00:00           11  ...   20    20    14
199  Montpellier 2025-04-02 12:00:00           13  ...   20    20    14

[200 rows x 8 columns]
[2025-03-28T14:00:18.976+0000] {taskinstance.py:340} INFO - ::group::Post task execution logs
[2025-03-28T14:00:18.977+0000] {taskinstance.py:352} INFO - Marking task as SUCCESS. dag_id=air_quality_pipeline, task_id=transform_data, run_id=scheduled__2025-03-28T12:00:00+00:00, execution_date=20250328T120000, start_date=20250328T140011, end_date=20250328T140018
[2025-03-28T14:00:19.011+0000] {local_task_job_runner.py:266} INFO - Task exited with return code 0
[2025-03-28T14:00:19.067+0000] {taskinstance.py:3895} INFO - 1 downstream tasks scheduled from follow-on schedule check
[2025-03-28T14:00:19.070+0000] {local_task_job_runner.py:245} INFO - ::endgroup::
