[2025-03-30T20:38:36.168+0000] {local_task_job_runner.py:123} INFO - ::group::Pre task execution logs
[2025-03-30T20:38:36.318+0000] {taskinstance.py:2613} INFO - Dependencies all met for dep_context=non-requeueable deps ti=<TaskInstance: air_quality_advanced.generate_forecasts manual__2025-03-30T20:38:19.033933+00:00 [queued]>
[2025-03-30T20:38:36.330+0000] {taskinstance.py:2613} INFO - Dependencies all met for dep_context=requeueable deps ti=<TaskInstance: air_quality_advanced.generate_forecasts manual__2025-03-30T20:38:19.033933+00:00 [queued]>
[2025-03-30T20:38:36.331+0000] {taskinstance.py:2866} INFO - Starting attempt 1 of 4
[2025-03-30T20:38:36.348+0000] {taskinstance.py:2889} INFO - Executing <Task(PythonOperator): generate_forecasts> on 2025-03-30 20:38:19.033933+00:00
[2025-03-30T20:38:36.357+0000] {standard_task_runner.py:104} INFO - Running: ['airflow', 'tasks', 'run', 'air_quality_advanced', 'generate_forecasts', 'manual__2025-03-30T20:38:19.033933+00:00', '--job-id', '621', '--raw', '--subdir', 'DAGS_FOLDER/data_enriched_predict.py', '--cfg-path', '/tmp/tmpj8cuacxr']
[2025-03-30T20:38:36.360+0000] {standard_task_runner.py:105} INFO - Job 621: Subtask generate_forecasts
[2025-03-30T20:38:36.361+0000] {logging_mixin.py:190} WARNING - /home/airflow/.local/lib/python3.12/site-packages/airflow/task/task_runner/standard_task_runner.py:70 DeprecationWarning: This process (pid=651) is multi-threaded, use of fork() may lead to deadlocks in the child.
[2025-03-30T20:38:36.362+0000] {standard_task_runner.py:72} INFO - Started process 676 to run task
[2025-03-30T20:38:36.521+0000] {task_command.py:467} INFO - Running <TaskInstance: air_quality_advanced.generate_forecasts manual__2025-03-30T20:38:19.033933+00:00 [running]> on host 04906466de51
[2025-03-30T20:38:36.720+0000] {taskinstance.py:3132} INFO - Exporting env vars: AIRFLOW_CTX_DAG_OWNER='airflow' AIRFLOW_CTX_DAG_ID='air_quality_advanced' AIRFLOW_CTX_TASK_ID='generate_forecasts' AIRFLOW_CTX_EXECUTION_DATE='2025-03-30T20:38:19.033933+00:00' AIRFLOW_CTX_TRY_NUMBER='1' AIRFLOW_CTX_DAG_RUN_ID='manual__2025-03-30T20:38:19.033933+00:00'
[2025-03-30T20:38:36.722+0000] {taskinstance.py:731} INFO - ::endgroup::
[2025-03-30T20:38:36.783+0000] {base.py:84} INFO - Retrieving connection 'postgres_data'
[2025-03-30T20:38:37.144+0000] {data_enriched_predict.py:224} INFO - 28 prévisions générées
[2025-03-30T20:38:37.145+0000] {python.py:240} INFO - Done. Returned value was: None
[2025-03-30T20:38:37.182+0000] {taskinstance.py:340} INFO - ::group::Post task execution logs
[2025-03-30T20:38:37.183+0000] {taskinstance.py:352} INFO - Marking task as SUCCESS. dag_id=air_quality_advanced, task_id=generate_forecasts, run_id=manual__2025-03-30T20:38:19.033933+00:00, execution_date=20250330T203819, start_date=20250330T203836, end_date=20250330T203837
[2025-03-30T20:38:37.222+0000] {local_task_job_runner.py:266} INFO - Task exited with return code 0
[2025-03-30T20:38:37.284+0000] {taskinstance.py:3895} INFO - 0 downstream tasks scheduled from follow-on schedule check
[2025-03-30T20:38:37.287+0000] {local_task_job_runner.py:245} INFO - ::endgroup::
