[2025-03-30T20:40:04.761+0000] {local_task_job_runner.py:123} INFO - ::group::Pre task execution logs
[2025-03-30T20:40:04.809+0000] {taskinstance.py:2613} INFO - Dependencies all met for dep_context=non-requeueable deps ti=<TaskInstance: air_quality_advanced.init_tables scheduled__2025-03-30T20:20:00+00:00 [queued]>
[2025-03-30T20:40:04.820+0000] {taskinstance.py:2613} INFO - Dependencies all met for dep_context=requeueable deps ti=<TaskInstance: air_quality_advanced.init_tables scheduled__2025-03-30T20:20:00+00:00 [queued]>
[2025-03-30T20:40:04.821+0000] {taskinstance.py:2866} INFO - Starting attempt 1 of 4
[2025-03-30T20:40:04.836+0000] {taskinstance.py:2889} INFO - Executing <Task(PythonOperator): init_tables> on 2025-03-30 20:20:00+00:00
[2025-03-30T20:40:04.843+0000] {standard_task_runner.py:104} INFO - Running: ['airflow', 'tasks', 'run', 'air_quality_advanced', 'init_tables', 'scheduled__2025-03-30T20:20:00+00:00', '--job-id', '622', '--raw', '--subdir', 'DAGS_FOLDER/data_enriched_predict.py', '--cfg-path', '/tmp/tmpcqrtjnl0']
[2025-03-30T20:40:04.845+0000] {standard_task_runner.py:105} INFO - Job 622: Subtask init_tables
[2025-03-30T20:40:04.846+0000] {logging_mixin.py:190} WARNING - /home/airflow/.local/lib/python3.12/site-packages/airflow/task/task_runner/standard_task_runner.py:70 DeprecationWarning: This process (pid=710) is multi-threaded, use of fork() may lead to deadlocks in the child.
[2025-03-30T20:40:04.847+0000] {standard_task_runner.py:72} INFO - Started process 735 to run task
[2025-03-30T20:40:04.985+0000] {task_command.py:467} INFO - Running <TaskInstance: air_quality_advanced.init_tables scheduled__2025-03-30T20:20:00+00:00 [running]> on host 04906466de51
[2025-03-30T20:40:05.184+0000] {taskinstance.py:3132} INFO - Exporting env vars: AIRFLOW_CTX_DAG_OWNER='airflow' AIRFLOW_CTX_DAG_ID='air_quality_advanced' AIRFLOW_CTX_TASK_ID='init_tables' AIRFLOW_CTX_EXECUTION_DATE='2025-03-30T20:20:00+00:00' AIRFLOW_CTX_TRY_NUMBER='1' AIRFLOW_CTX_DAG_RUN_ID='scheduled__2025-03-30T20:20:00+00:00'
[2025-03-30T20:40:05.186+0000] {taskinstance.py:731} INFO - ::endgroup::
[2025-03-30T20:40:05.251+0000] {base.py:84} INFO - Retrieving connection 'postgres_data'
[2025-03-30T20:40:05.292+0000] {data_enriched_predict.py:65} INFO - Tables créées avec succès
[2025-03-30T20:40:05.293+0000] {python.py:240} INFO - Done. Returned value was: None
[2025-03-30T20:40:05.340+0000] {taskinstance.py:340} INFO - ::group::Post task execution logs
[2025-03-30T20:40:05.341+0000] {taskinstance.py:352} INFO - Marking task as SUCCESS. dag_id=air_quality_advanced, task_id=init_tables, run_id=scheduled__2025-03-30T20:20:00+00:00, execution_date=20250330T202000, start_date=20250330T204004, end_date=20250330T204005
[2025-03-30T20:40:05.383+0000] {local_task_job_runner.py:266} INFO - Task exited with return code 0
[2025-03-30T20:40:05.473+0000] {taskinstance.py:3895} INFO - 1 downstream tasks scheduled from follow-on schedule check
[2025-03-30T20:40:05.478+0000] {local_task_job_runner.py:245} INFO - ::endgroup::
