[2025-03-28T16:08:09.196+0000] {local_task_job_runner.py:123} INFO - ::group::Pre task execution logs
[2025-03-28T16:08:09.243+0000] {taskinstance.py:2613} INFO - Dependencies all met for dep_context=non-requeueable deps ti=<TaskInstance: air_quality_france_pro.generate_ai_forecasts manual__2025-03-28T16:07:27.676098+00:00 [queued]>
[2025-03-28T16:08:09.256+0000] {taskinstance.py:2613} INFO - Dependencies all met for dep_context=requeueable deps ti=<TaskInstance: air_quality_france_pro.generate_ai_forecasts manual__2025-03-28T16:07:27.676098+00:00 [queued]>
[2025-03-28T16:08:09.257+0000] {taskinstance.py:2866} INFO - Starting attempt 1 of 4
[2025-03-28T16:08:09.273+0000] {taskinstance.py:2889} INFO - Executing <Task(PythonOperator): generate_ai_forecasts> on 2025-03-28 16:07:27.676098+00:00
[2025-03-28T16:08:09.283+0000] {standard_task_runner.py:104} INFO - Running: ['airflow', 'tasks', 'run', 'air_quality_france_pro', 'generate_ai_forecasts', 'manual__2025-03-28T16:07:27.676098+00:00', '--job-id', '418', '--raw', '--subdir', 'DAGS_FOLDER/data_enriched_predict.py', '--cfg-path', '/tmp/tmp4pt7yish']
[2025-03-28T16:08:09.286+0000] {standard_task_runner.py:105} INFO - Job 418: Subtask generate_ai_forecasts
[2025-03-28T16:08:09.286+0000] {logging_mixin.py:190} WARNING - /home/airflow/.local/lib/python3.12/site-packages/airflow/task/task_runner/standard_task_runner.py:70 DeprecationWarning: This process (pid=4880) is multi-threaded, use of fork() may lead to deadlocks in the child.
[2025-03-28T16:08:09.286+0000] {standard_task_runner.py:72} INFO - Started process 4905 to run task
[2025-03-28T16:08:09.535+0000] {task_command.py:467} INFO - Running <TaskInstance: air_quality_france_pro.generate_ai_forecasts manual__2025-03-28T16:07:27.676098+00:00 [running]> on host 04906466de51
[2025-03-28T16:08:09.804+0000] {taskinstance.py:3132} INFO - Exporting env vars: AIRFLOW_CTX_DAG_OWNER='airflow' AIRFLOW_CTX_DAG_ID='air_quality_france_pro' AIRFLOW_CTX_TASK_ID='generate_ai_forecasts' AIRFLOW_CTX_EXECUTION_DATE='2025-03-28T16:07:27.676098+00:00' AIRFLOW_CTX_TRY_NUMBER='1' AIRFLOW_CTX_DAG_RUN_ID='manual__2025-03-28T16:07:27.676098+00:00'
[2025-03-28T16:08:09.805+0000] {taskinstance.py:731} INFO - ::endgroup::
[2025-03-28T16:08:09.860+0000] {base.py:84} INFO - Retrieving connection 'postgres_data'
[2025-03-28T16:08:10.082+0000] {data_enriched_predict.py:182} WARNING - Insuffisamment de données (min 100 enregistrements)
[2025-03-28T16:08:10.084+0000] {python.py:240} INFO - Done. Returned value was: None
[2025-03-28T16:08:10.127+0000] {taskinstance.py:340} INFO - ::group::Post task execution logs
[2025-03-28T16:08:10.127+0000] {taskinstance.py:352} INFO - Marking task as SUCCESS. dag_id=air_quality_france_pro, task_id=generate_ai_forecasts, run_id=manual__2025-03-28T16:07:27.676098+00:00, execution_date=20250328T160727, start_date=20250328T160809, end_date=20250328T160810
[2025-03-28T16:08:10.185+0000] {local_task_job_runner.py:266} INFO - Task exited with return code 0
[2025-03-28T16:08:10.236+0000] {taskinstance.py:3895} INFO - 0 downstream tasks scheduled from follow-on schedule check
[2025-03-28T16:08:10.239+0000] {local_task_job_runner.py:245} INFO - ::endgroup::
