[2025-03-31T18:00:11.087+0000] {local_task_job_runner.py:123} INFO - ::group::Pre task execution logs
[2025-03-31T18:00:11.145+0000] {taskinstance.py:2613} INFO - Dependencies all met for dep_context=non-requeueable deps ti=<TaskInstance: air_quality_pipeline.transform_data scheduled__2025-03-31T16:00:00+00:00 [queued]>
[2025-03-31T18:00:11.159+0000] {taskinstance.py:2613} INFO - Dependencies all met for dep_context=requeueable deps ti=<TaskInstance: air_quality_pipeline.transform_data scheduled__2025-03-31T16:00:00+00:00 [queued]>
[2025-03-31T18:00:11.160+0000] {taskinstance.py:2866} INFO - Starting attempt 1 of 2
[2025-03-31T18:00:11.187+0000] {taskinstance.py:2889} INFO - Executing <Task(PythonOperator): transform_data> on 2025-03-31 16:00:00+00:00
[2025-03-31T18:00:11.196+0000] {standard_task_runner.py:104} INFO - Running: ['airflow', 'tasks', 'run', 'air_quality_pipeline', 'transform_data', 'scheduled__2025-03-31T16:00:00+00:00', '--job-id', '702', '--raw', '--subdir', 'DAGS_FOLDER/data_pipeline.py', '--cfg-path', '/tmp/tmp_zhnjm5q']
[2025-03-31T18:00:11.199+0000] {standard_task_runner.py:105} INFO - Job 702: Subtask transform_data
[2025-03-31T18:00:11.199+0000] {logging_mixin.py:190} WARNING - /home/airflow/.local/lib/python3.12/site-packages/airflow/task/task_runner/standard_task_runner.py:70 DeprecationWarning: This process (pid=282) is multi-threaded, use of fork() may lead to deadlocks in the child.
[2025-03-31T18:00:11.200+0000] {standard_task_runner.py:72} INFO - Started process 309 to run task
[2025-03-31T18:00:11.532+0000] {task_command.py:467} INFO - Running <TaskInstance: air_quality_pipeline.transform_data scheduled__2025-03-31T16:00:00+00:00 [running]> on host 04906466de51
[2025-03-31T18:00:11.742+0000] {taskinstance.py:3132} INFO - Exporting env vars: AIRFLOW_CTX_DAG_EMAIL='fbleza5@gmail.com' AIRFLOW_CTX_DAG_OWNER='airflow' AIRFLOW_CTX_DAG_ID='air_quality_pipeline' AIRFLOW_CTX_TASK_ID='transform_data' AIRFLOW_CTX_EXECUTION_DATE='2025-03-31T16:00:00+00:00' AIRFLOW_CTX_TRY_NUMBER='1' AIRFLOW_CTX_DAG_RUN_ID='scheduled__2025-03-31T16:00:00+00:00'
[2025-03-31T18:00:11.744+0000] {taskinstance.py:731} INFO - ::endgroup::
[2025-03-31T18:00:12.944+0000] {base.py:84} INFO - Retrieving connection 'postgres_data'
[2025-03-31T18:00:13.044+0000] {data_pipeline.py:55} INFO - Données brutes insérées pour Paris dans Data Lake
[2025-03-31T18:00:14.217+0000] {base.py:84} INFO - Retrieving connection 'postgres_data'
[2025-03-31T18:00:14.263+0000] {data_pipeline.py:55} INFO - Données brutes insérées pour Lyon dans Data Lake
[2025-03-31T18:00:15.422+0000] {base.py:84} INFO - Retrieving connection 'postgres_data'
[2025-03-31T18:00:15.489+0000] {data_pipeline.py:55} INFO - Données brutes insérées pour Lille dans Data Lake
[2025-03-31T18:00:16.656+0000] {base.py:84} INFO - Retrieving connection 'postgres_data'
[2025-03-31T18:00:16.703+0000] {data_pipeline.py:55} INFO - Données brutes insérées pour Marseille dans Data Lake
[2025-03-31T18:00:17.904+0000] {base.py:84} INFO - Retrieving connection 'postgres_data'
[2025-03-31T18:00:17.956+0000] {data_pipeline.py:55} INFO - Données brutes insérées pour Montpellier dans Data Lake
[2025-03-31T18:00:18.021+0000] {base.py:84} INFO - Retrieving connection 'postgres_data'
[2025-03-31T18:00:18.338+0000] {data_pipeline.py:141} INFO - Données insérées dans le Data Warehouse
[2025-03-31T18:00:18.338+0000] {data_pipeline.py:100} INFO - Données transformées et stockées dans le Data Warehouse
[2025-03-31T18:00:18.339+0000] {python.py:240} INFO - Done. Returned value was:             city           timestamp  temperature  ...  aqi  pm25  pm10
0          Paris 2025-03-31 21:00:00           13  ...   84    84    36
1          Paris 2025-04-01 00:00:00            9  ...   84    84    36
2          Paris 2025-04-01 03:00:00            5  ...   84    84    36
3          Paris 2025-04-01 06:00:00            6  ...   84    84    36
4          Paris 2025-04-01 09:00:00           10  ...   84    84    36
..           ...                 ...          ...  ...  ...   ...   ...
195  Montpellier 2025-04-05 06:00:00           11  ...   37    15     8
196  Montpellier 2025-04-05 09:00:00           16  ...   37    15     8
197  Montpellier 2025-04-05 12:00:00           20  ...   37    15     8
198  Montpellier 2025-04-05 15:00:00           21  ...   37    15     8
199  Montpellier 2025-04-05 18:00:00           18  ...   37    15     8

[200 rows x 8 columns]
[2025-03-31T18:00:18.509+0000] {taskinstance.py:340} INFO - ::group::Post task execution logs
[2025-03-31T18:00:18.510+0000] {taskinstance.py:352} INFO - Marking task as SUCCESS. dag_id=air_quality_pipeline, task_id=transform_data, run_id=scheduled__2025-03-31T16:00:00+00:00, execution_date=20250331T160000, start_date=20250331T180011, end_date=20250331T180018
[2025-03-31T18:00:18.565+0000] {local_task_job_runner.py:266} INFO - Task exited with return code 0
[2025-03-31T18:00:18.631+0000] {taskinstance.py:3895} INFO - 1 downstream tasks scheduled from follow-on schedule check
[2025-03-31T18:00:18.634+0000] {local_task_job_runner.py:245} INFO - ::endgroup::
