[2025-04-10T14:00:03.829+0000] {local_task_job_runner.py:123} INFO - ::group::Pre task execution logs
[2025-04-10T14:00:03.910+0000] {taskinstance.py:2613} INFO - Dependencies all met for dep_context=non-requeueable deps ti=<TaskInstance: air_quality_pipeline.create_data_mart scheduled__2025-04-10T12:00:00+00:00 [queued]>
[2025-04-10T14:00:03.925+0000] {taskinstance.py:2613} INFO - Dependencies all met for dep_context=requeueable deps ti=<TaskInstance: air_quality_pipeline.create_data_mart scheduled__2025-04-10T12:00:00+00:00 [queued]>
[2025-04-10T14:00:03.927+0000] {taskinstance.py:2866} INFO - Starting attempt 1 of 2
[2025-04-10T14:00:03.949+0000] {taskinstance.py:2889} INFO - Executing <Task(PythonOperator): create_data_mart> on 2025-04-10 12:00:00+00:00
[2025-04-10T14:00:03.957+0000] {standard_task_runner.py:104} INFO - Running: ['airflow', 'tasks', 'run', 'air_quality_pipeline', 'create_data_mart', 'scheduled__2025-04-10T12:00:00+00:00', '--job-id', '788', '--raw', '--subdir', 'DAGS_FOLDER/data_pipeline.py', '--cfg-path', '/tmp/tmp1c2srn3u']
[2025-04-10T14:00:03.960+0000] {standard_task_runner.py:105} INFO - Job 788: Subtask create_data_mart
[2025-04-10T14:00:03.961+0000] {logging_mixin.py:190} WARNING - /home/airflow/.local/lib/python3.12/site-packages/airflow/task/task_runner/standard_task_runner.py:70 DeprecationWarning: This process (pid=4369) is multi-threaded, use of fork() may lead to deadlocks in the child.
[2025-04-10T14:00:03.961+0000] {standard_task_runner.py:72} INFO - Started process 4383 to run task
[2025-04-10T14:00:04.147+0000] {task_command.py:467} INFO - Running <TaskInstance: air_quality_pipeline.create_data_mart scheduled__2025-04-10T12:00:00+00:00 [running]> on host 04906466de51
[2025-04-10T14:00:04.374+0000] {taskinstance.py:3132} INFO - Exporting env vars: AIRFLOW_CTX_DAG_EMAIL='fbleza5@gmail.com' AIRFLOW_CTX_DAG_OWNER='airflow' AIRFLOW_CTX_DAG_ID='air_quality_pipeline' AIRFLOW_CTX_TASK_ID='create_data_mart' AIRFLOW_CTX_EXECUTION_DATE='2025-04-10T12:00:00+00:00' AIRFLOW_CTX_TRY_NUMBER='1' AIRFLOW_CTX_DAG_RUN_ID='scheduled__2025-04-10T12:00:00+00:00'
[2025-04-10T14:00:04.376+0000] {taskinstance.py:731} INFO - ::endgroup::
[2025-04-10T14:00:04.451+0000] {base.py:84} INFO - Retrieving connection 'postgres_data'
[2025-04-10T14:00:04.495+0000] {data_pipeline.py:179} INFO - Tables de Data Mart créées pour chaque ville
[2025-04-10T14:00:04.497+0000] {python.py:240} INFO - Done. Returned value was: None
[2025-04-10T14:00:04.549+0000] {taskinstance.py:340} INFO - ::group::Post task execution logs
[2025-04-10T14:00:04.550+0000] {taskinstance.py:352} INFO - Marking task as SUCCESS. dag_id=air_quality_pipeline, task_id=create_data_mart, run_id=scheduled__2025-04-10T12:00:00+00:00, execution_date=20250410T120000, start_date=20250410T140003, end_date=20250410T140004
[2025-04-10T14:00:04.582+0000] {local_task_job_runner.py:266} INFO - Task exited with return code 0
[2025-04-10T14:00:04.650+0000] {taskinstance.py:3895} INFO - 1 downstream tasks scheduled from follow-on schedule check
[2025-04-10T14:00:04.653+0000] {local_task_job_runner.py:245} INFO - ::endgroup::
