[2025-04-10T14:14:32.022+0000] {local_task_job_runner.py:123} INFO - ::group::Pre task execution logs
[2025-04-10T14:14:32.070+0000] {taskinstance.py:2613} INFO - Dependencies all met for dep_context=non-requeueable deps ti=<TaskInstance: paris_air_quality_prod.generate_forecasts manual__2025-04-10T14:14:21.160706+00:00 [queued]>
[2025-04-10T14:14:32.083+0000] {taskinstance.py:2613} INFO - Dependencies all met for dep_context=requeueable deps ti=<TaskInstance: paris_air_quality_prod.generate_forecasts manual__2025-04-10T14:14:21.160706+00:00 [queued]>
[2025-04-10T14:14:32.084+0000] {taskinstance.py:2866} INFO - Starting attempt 1 of 3
[2025-04-10T14:14:32.100+0000] {taskinstance.py:2889} INFO - Executing <Task(PythonOperator): generate_forecasts> on 2025-04-10 14:14:21.160706+00:00
[2025-04-10T14:14:32.110+0000] {standard_task_runner.py:104} INFO - Running: ['airflow', 'tasks', 'run', 'paris_air_quality_prod', 'generate_forecasts', 'manual__2025-04-10T14:14:21.160706+00:00', '--job-id', '793', '--raw', '--subdir', 'DAGS_FOLDER/data_enriched_predict.py', '--cfg-path', '/tmp/tmpeeo684u5']
[2025-04-10T14:14:32.113+0000] {standard_task_runner.py:105} INFO - Job 793: Subtask generate_forecasts
[2025-04-10T14:14:32.114+0000] {logging_mixin.py:190} WARNING - /home/airflow/.local/lib/python3.12/site-packages/airflow/task/task_runner/standard_task_runner.py:70 DeprecationWarning: This process (pid=4902) is multi-threaded, use of fork() may lead to deadlocks in the child.
[2025-04-10T14:14:32.114+0000] {standard_task_runner.py:72} INFO - Started process 4927 to run task
[2025-04-10T14:14:32.369+0000] {task_command.py:467} INFO - Running <TaskInstance: paris_air_quality_prod.generate_forecasts manual__2025-04-10T14:14:21.160706+00:00 [running]> on host 04906466de51
[2025-04-10T14:14:32.561+0000] {taskinstance.py:3132} INFO - Exporting env vars: AIRFLOW_CTX_DAG_OWNER='airflow' AIRFLOW_CTX_DAG_ID='paris_air_quality_prod' AIRFLOW_CTX_TASK_ID='generate_forecasts' AIRFLOW_CTX_EXECUTION_DATE='2025-04-10T14:14:21.160706+00:00' AIRFLOW_CTX_TRY_NUMBER='1' AIRFLOW_CTX_DAG_RUN_ID='manual__2025-04-10T14:14:21.160706+00:00'
[2025-04-10T14:14:32.563+0000] {taskinstance.py:731} INFO - ::endgroup::
[2025-04-10T14:14:32.626+0000] {base.py:84} INFO - Retrieving connection 'postgres_data'
[2025-04-10T14:14:32.815+0000] {data_enriched_predict.py:213} INFO - Données historiques chargées: 960 lignes
[2025-04-10T14:14:32.820+0000] {data_enriched_predict.py:197} INFO - Données d'entraînement préparées: 960 lignes
[2025-04-10T14:14:32.959+0000] {data_enriched_predict.py:237} INFO - Score R² du modèle: 0.701
[2025-04-10T14:14:32.960+0000] {data_enriched_predict.py:81} INFO - Récupération des prévisions météo avec les paramètres: {'latitude': 48.8566, 'longitude': 2.3522, 'hourly': ['temperature_2m', 'relative_humidity_2m', 'pressure_msl', 'precipitation'], 'forecast_days': 16}
[2025-04-10T14:14:33.142+0000] {data_enriched_predict.py:115} INFO - Récupération des prévisions météo pour la période suivante avec les paramètres: {'latitude': 48.8566, 'longitude': 2.3522, 'hourly': ['temperature_2m', 'relative_humidity_2m', 'pressure_msl', 'precipitation'], 'past_days': 1, 'forecast_days': 12}
[2025-04-10T14:14:33.316+0000] {base.py:84} INFO - Retrieving connection 'postgres_data'
[2025-04-10T14:14:33.466+0000] {data_enriched_predict.py:154} INFO - Prévisions météo enregistrées: 384 lignes
[2025-04-10T14:14:33.476+0000] {data_enriched_predict.py:155} INFO - Exemple de données:
                  timestamp  temperature  ...   city  forecast_date
0 2025-04-10 02:00:00+02:00          9.4  ...  Paris     2025-04-10
1 2025-04-10 03:00:00+02:00          8.5  ...  Paris     2025-04-10
2 2025-04-10 04:00:00+02:00          7.7  ...  Paris     2025-04-10
3 2025-04-10 05:00:00+02:00          6.8  ...  Paris     2025-04-10
4 2025-04-10 06:00:00+02:00          6.1  ...  Paris     2025-04-10

[5 rows x 7 columns]
[2025-04-10T14:14:33.502+0000] {data_enriched_predict.py:301} INFO - Prévisions enregistrées pour 17 jours
[2025-04-10T14:14:33.503+0000] {python.py:240} INFO - Done. Returned value was: None
[2025-04-10T14:14:33.543+0000] {taskinstance.py:340} INFO - ::group::Post task execution logs
[2025-04-10T14:14:33.544+0000] {taskinstance.py:352} INFO - Marking task as SUCCESS. dag_id=paris_air_quality_prod, task_id=generate_forecasts, run_id=manual__2025-04-10T14:14:21.160706+00:00, execution_date=20250410T141421, start_date=20250410T141432, end_date=20250410T141433
[2025-04-10T14:14:33.576+0000] {local_task_job_runner.py:266} INFO - Task exited with return code 0
[2025-04-10T14:14:33.642+0000] {taskinstance.py:3895} INFO - 0 downstream tasks scheduled from follow-on schedule check
[2025-04-10T14:14:33.645+0000] {local_task_job_runner.py:245} INFO - ::endgroup::
