[2025-03-30T20:28:38.654+0000] {local_task_job_runner.py:123} INFO - ::group::Pre task execution logs
[2025-03-30T20:28:38.821+0000] {taskinstance.py:2613} INFO - Dependencies all met for dep_context=non-requeueable deps ti=<TaskInstance: air_quality_advanced.generate_forecasts scheduled__2025-03-30T20:00:00+00:00 [queued]>
[2025-03-30T20:28:38.834+0000] {taskinstance.py:2613} INFO - Dependencies all met for dep_context=requeueable deps ti=<TaskInstance: air_quality_advanced.generate_forecasts scheduled__2025-03-30T20:00:00+00:00 [queued]>
[2025-03-30T20:28:38.835+0000] {taskinstance.py:2866} INFO - Starting attempt 1 of 4
[2025-03-30T20:28:38.852+0000] {taskinstance.py:2889} INFO - Executing <Task(PythonOperator): generate_forecasts> on 2025-03-30 20:00:00+00:00
[2025-03-30T20:28:38.862+0000] {standard_task_runner.py:104} INFO - Running: ['airflow', 'tasks', 'run', 'air_quality_advanced', 'generate_forecasts', 'scheduled__2025-03-30T20:00:00+00:00', '--job-id', '617', '--raw', '--subdir', 'DAGS_FOLDER/data_enriched_predict.py', '--cfg-path', '/tmp/tmp167x6_hz']
[2025-03-30T20:28:38.865+0000] {standard_task_runner.py:105} INFO - Job 617: Subtask generate_forecasts
[2025-03-30T20:28:38.866+0000] {logging_mixin.py:190} WARNING - /home/airflow/.local/lib/python3.12/site-packages/airflow/task/task_runner/standard_task_runner.py:70 DeprecationWarning: This process (pid=230) is multi-threaded, use of fork() may lead to deadlocks in the child.
[2025-03-30T20:28:38.866+0000] {standard_task_runner.py:72} INFO - Started process 257 to run task
[2025-03-30T20:28:39.259+0000] {task_command.py:467} INFO - Running <TaskInstance: air_quality_advanced.generate_forecasts scheduled__2025-03-30T20:00:00+00:00 [running]> on host 04906466de51
[2025-03-30T20:28:39.471+0000] {taskinstance.py:3132} INFO - Exporting env vars: AIRFLOW_CTX_DAG_OWNER='airflow' AIRFLOW_CTX_DAG_ID='air_quality_advanced' AIRFLOW_CTX_TASK_ID='generate_forecasts' AIRFLOW_CTX_EXECUTION_DATE='2025-03-30T20:00:00+00:00' AIRFLOW_CTX_TRY_NUMBER='1' AIRFLOW_CTX_DAG_RUN_ID='scheduled__2025-03-30T20:00:00+00:00'
[2025-03-30T20:28:39.473+0000] {taskinstance.py:731} INFO - ::endgroup::
[2025-03-30T20:28:39.651+0000] {base.py:84} INFO - Retrieving connection 'postgres_data'
[2025-03-30T20:28:39.716+0000] {data_enriched_predict.py:221} ERROR - Erreur prévisions : (psycopg2.errors.SyntaxError) syntax error at or near ")"
LINE 15: ...      LEFT JOIN (VALUES ((Paris, 48.8566, 2.3522),)) AS l(ci...
                                                              ^

[SQL: 
        SELECT 
            COALESCE(a.city, d.city) AS city,
            COALESCE(a.timestamp, d.timestamp) AS timestamp,
            COALESCE(a.aqius, d.aqi) AS aqius,
            COALESCE(a.pm25, d.pm25) AS pm25,
            COALESCE(a.temperature, d.temperature) AS temperature,
            COALESCE(a.humidity, d.humidity) AS humidity,
            COALESCE(a.pressure, d.pressure) AS pressure,
            COALESCE(a.lat, l.lat) AS lat,
            COALESCE(a.lon, l.lon) AS lon
        FROM air_quality_measurements a
        FULL OUTER JOIN data_warehouse d 
            ON a.city = d.city AND a.timestamp = d.timestamp
        LEFT JOIN (VALUES ((Paris, 48.8566, 2.3522),)) AS l(city, lat, lon)
            ON COALESCE(a.city, d.city) = l.city
        ]
(Background on this error at: https://sqlalche.me/e/14/f405)
Traceback (most recent call last):
  File "/home/airflow/.local/lib/python3.12/site-packages/sqlalchemy/engine/base.py", line 1910, in _execute_context
    self.dialect.do_execute(
  File "/home/airflow/.local/lib/python3.12/site-packages/sqlalchemy/engine/default.py", line 736, in do_execute
    cursor.execute(statement, parameters)
psycopg2.errors.SyntaxError: syntax error at or near ")"
LINE 15: ...      LEFT JOIN (VALUES ((Paris, 48.8566, 2.3522),)) AS l(ci...
                                                              ^


The above exception was the direct cause of the following exception:

Traceback (most recent call last):
  File "/opt/airflow/dags/data_enriched_predict.py", line 164, in generate_forecasts
    df = pd.read_sql(query, engine)
         ^^^^^^^^^^^^^^^^^^^^^^^^^^
  File "/home/airflow/.local/lib/python3.12/site-packages/pandas/io/sql.py", line 682, in read_sql
    return pandas_sql.read_query(
           ^^^^^^^^^^^^^^^^^^^^^^
  File "/home/airflow/.local/lib/python3.12/site-packages/pandas/io/sql.py", line 1776, in read_query
    result = self.execute(sql, params)
             ^^^^^^^^^^^^^^^^^^^^^^^^^
  File "/home/airflow/.local/lib/python3.12/site-packages/pandas/io/sql.py", line 1599, in execute
    return self.con.exec_driver_sql(sql, *args)
           ^^^^^^^^^^^^^^^^^^^^^^^^^^^^^^^^^^^^
  File "/home/airflow/.local/lib/python3.12/site-packages/sqlalchemy/engine/base.py", line 1770, in exec_driver_sql
    return self._exec_driver_sql(
           ^^^^^^^^^^^^^^^^^^^^^^
  File "/home/airflow/.local/lib/python3.12/site-packages/sqlalchemy/engine/base.py", line 1674, in _exec_driver_sql
    ret = self._execute_context(
          ^^^^^^^^^^^^^^^^^^^^^^
  File "/home/airflow/.local/lib/python3.12/site-packages/sqlalchemy/engine/base.py", line 1953, in _execute_context
    self._handle_dbapi_exception(
  File "/home/airflow/.local/lib/python3.12/site-packages/sqlalchemy/engine/base.py", line 2134, in _handle_dbapi_exception
    util.raise_(
  File "/home/airflow/.local/lib/python3.12/site-packages/sqlalchemy/util/compat.py", line 211, in raise_
    raise exception
  File "/home/airflow/.local/lib/python3.12/site-packages/sqlalchemy/engine/base.py", line 1910, in _execute_context
    self.dialect.do_execute(
  File "/home/airflow/.local/lib/python3.12/site-packages/sqlalchemy/engine/default.py", line 736, in do_execute
    cursor.execute(statement, parameters)
sqlalchemy.exc.ProgrammingError: (psycopg2.errors.SyntaxError) syntax error at or near ")"
LINE 15: ...      LEFT JOIN (VALUES ((Paris, 48.8566, 2.3522),)) AS l(ci...
                                                              ^

[SQL: 
        SELECT 
            COALESCE(a.city, d.city) AS city,
            COALESCE(a.timestamp, d.timestamp) AS timestamp,
            COALESCE(a.aqius, d.aqi) AS aqius,
            COALESCE(a.pm25, d.pm25) AS pm25,
            COALESCE(a.temperature, d.temperature) AS temperature,
            COALESCE(a.humidity, d.humidity) AS humidity,
            COALESCE(a.pressure, d.pressure) AS pressure,
            COALESCE(a.lat, l.lat) AS lat,
            COALESCE(a.lon, l.lon) AS lon
        FROM air_quality_measurements a
        FULL OUTER JOIN data_warehouse d 
            ON a.city = d.city AND a.timestamp = d.timestamp
        LEFT JOIN (VALUES ((Paris, 48.8566, 2.3522),)) AS l(city, lat, lon)
            ON COALESCE(a.city, d.city) = l.city
        ]
(Background on this error at: https://sqlalche.me/e/14/f405)
[2025-03-30T20:28:39.731+0000] {taskinstance.py:3311} ERROR - Task failed with exception
Traceback (most recent call last):
  File "/home/airflow/.local/lib/python3.12/site-packages/sqlalchemy/engine/base.py", line 1910, in _execute_context
    self.dialect.do_execute(
  File "/home/airflow/.local/lib/python3.12/site-packages/sqlalchemy/engine/default.py", line 736, in do_execute
    cursor.execute(statement, parameters)
psycopg2.errors.SyntaxError: syntax error at or near ")"
LINE 15: ...      LEFT JOIN (VALUES ((Paris, 48.8566, 2.3522),)) AS l(ci...
                                                              ^


The above exception was the direct cause of the following exception:

Traceback (most recent call last):
  File "/home/airflow/.local/lib/python3.12/site-packages/airflow/models/taskinstance.py", line 767, in _execute_task
    result = _execute_callable(context=context, **execute_callable_kwargs)
             ^^^^^^^^^^^^^^^^^^^^^^^^^^^^^^^^^^^^^^^^^^^^^^^^^^^^^^^^^^^^^
  File "/home/airflow/.local/lib/python3.12/site-packages/airflow/models/taskinstance.py", line 733, in _execute_callable
    return ExecutionCallableRunner(
           ^^^^^^^^^^^^^^^^^^^^^^^^
  File "/home/airflow/.local/lib/python3.12/site-packages/airflow/utils/operator_helpers.py", line 252, in run
    return self.func(*args, **kwargs)
           ^^^^^^^^^^^^^^^^^^^^^^^^^^
  File "/home/airflow/.local/lib/python3.12/site-packages/airflow/models/baseoperator.py", line 422, in wrapper
    return func(self, *args, **kwargs)
           ^^^^^^^^^^^^^^^^^^^^^^^^^^^
  File "/home/airflow/.local/lib/python3.12/site-packages/airflow/operators/python.py", line 238, in execute
    return_value = self.execute_callable()
                   ^^^^^^^^^^^^^^^^^^^^^^^
  File "/home/airflow/.local/lib/python3.12/site-packages/airflow/operators/python.py", line 256, in execute_callable
    return runner.run(*self.op_args, **self.op_kwargs)
           ^^^^^^^^^^^^^^^^^^^^^^^^^^^^^^^^^^^^^^^^^^^
  File "/home/airflow/.local/lib/python3.12/site-packages/airflow/utils/operator_helpers.py", line 252, in run
    return self.func(*args, **kwargs)
           ^^^^^^^^^^^^^^^^^^^^^^^^^^
  File "/opt/airflow/dags/data_enriched_predict.py", line 164, in generate_forecasts
    df = pd.read_sql(query, engine)
         ^^^^^^^^^^^^^^^^^^^^^^^^^^
  File "/home/airflow/.local/lib/python3.12/site-packages/pandas/io/sql.py", line 682, in read_sql
    return pandas_sql.read_query(
           ^^^^^^^^^^^^^^^^^^^^^^
  File "/home/airflow/.local/lib/python3.12/site-packages/pandas/io/sql.py", line 1776, in read_query
    result = self.execute(sql, params)
             ^^^^^^^^^^^^^^^^^^^^^^^^^
  File "/home/airflow/.local/lib/python3.12/site-packages/pandas/io/sql.py", line 1599, in execute
    return self.con.exec_driver_sql(sql, *args)
           ^^^^^^^^^^^^^^^^^^^^^^^^^^^^^^^^^^^^
  File "/home/airflow/.local/lib/python3.12/site-packages/sqlalchemy/engine/base.py", line 1770, in exec_driver_sql
    return self._exec_driver_sql(
           ^^^^^^^^^^^^^^^^^^^^^^
  File "/home/airflow/.local/lib/python3.12/site-packages/sqlalchemy/engine/base.py", line 1674, in _exec_driver_sql
    ret = self._execute_context(
          ^^^^^^^^^^^^^^^^^^^^^^
  File "/home/airflow/.local/lib/python3.12/site-packages/sqlalchemy/engine/base.py", line 1953, in _execute_context
    self._handle_dbapi_exception(
  File "/home/airflow/.local/lib/python3.12/site-packages/sqlalchemy/engine/base.py", line 2134, in _handle_dbapi_exception
    util.raise_(
  File "/home/airflow/.local/lib/python3.12/site-packages/sqlalchemy/util/compat.py", line 211, in raise_
    raise exception
  File "/home/airflow/.local/lib/python3.12/site-packages/sqlalchemy/engine/base.py", line 1910, in _execute_context
    self.dialect.do_execute(
  File "/home/airflow/.local/lib/python3.12/site-packages/sqlalchemy/engine/default.py", line 736, in do_execute
    cursor.execute(statement, parameters)
sqlalchemy.exc.ProgrammingError: (psycopg2.errors.SyntaxError) syntax error at or near ")"
LINE 15: ...      LEFT JOIN (VALUES ((Paris, 48.8566, 2.3522),)) AS l(ci...
                                                              ^

[SQL: 
        SELECT 
            COALESCE(a.city, d.city) AS city,
            COALESCE(a.timestamp, d.timestamp) AS timestamp,
            COALESCE(a.aqius, d.aqi) AS aqius,
            COALESCE(a.pm25, d.pm25) AS pm25,
            COALESCE(a.temperature, d.temperature) AS temperature,
            COALESCE(a.humidity, d.humidity) AS humidity,
            COALESCE(a.pressure, d.pressure) AS pressure,
            COALESCE(a.lat, l.lat) AS lat,
            COALESCE(a.lon, l.lon) AS lon
        FROM air_quality_measurements a
        FULL OUTER JOIN data_warehouse d 
            ON a.city = d.city AND a.timestamp = d.timestamp
        LEFT JOIN (VALUES ((Paris, 48.8566, 2.3522),)) AS l(city, lat, lon)
            ON COALESCE(a.city, d.city) = l.city
        ]
(Background on this error at: https://sqlalche.me/e/14/f405)
[2025-03-30T20:28:39.793+0000] {taskinstance.py:1225} INFO - Marking task as UP_FOR_RETRY. dag_id=air_quality_advanced, task_id=generate_forecasts, run_id=scheduled__2025-03-30T20:00:00+00:00, execution_date=20250330T200000, start_date=20250330T202838, end_date=20250330T202839
[2025-03-30T20:28:39.822+0000] {taskinstance.py:340} INFO - ::group::Post task execution logs
[2025-03-30T20:28:39.822+0000] {standard_task_runner.py:124} ERROR - Failed to execute job 617 for task generate_forecasts ((psycopg2.errors.SyntaxError) syntax error at or near ")"
LINE 15: ...      LEFT JOIN (VALUES ((Paris, 48.8566, 2.3522),)) AS l(ci...
                                                              ^

[SQL: 
        SELECT 
            COALESCE(a.city, d.city) AS city,
            COALESCE(a.timestamp, d.timestamp) AS timestamp,
            COALESCE(a.aqius, d.aqi) AS aqius,
            COALESCE(a.pm25, d.pm25) AS pm25,
            COALESCE(a.temperature, d.temperature) AS temperature,
            COALESCE(a.humidity, d.humidity) AS humidity,
            COALESCE(a.pressure, d.pressure) AS pressure,
            COALESCE(a.lat, l.lat) AS lat,
            COALESCE(a.lon, l.lon) AS lon
        FROM air_quality_measurements a
        FULL OUTER JOIN data_warehouse d 
            ON a.city = d.city AND a.timestamp = d.timestamp
        LEFT JOIN (VALUES ((Paris, 48.8566, 2.3522),)) AS l(city, lat, lon)
            ON COALESCE(a.city, d.city) = l.city
        ]
(Background on this error at: https://sqlalche.me/e/14/f405); 257)
Traceback (most recent call last):
  File "/home/airflow/.local/lib/python3.12/site-packages/sqlalchemy/engine/base.py", line 1910, in _execute_context
    self.dialect.do_execute(
  File "/home/airflow/.local/lib/python3.12/site-packages/sqlalchemy/engine/default.py", line 736, in do_execute
    cursor.execute(statement, parameters)
psycopg2.errors.SyntaxError: syntax error at or near ")"
LINE 15: ...      LEFT JOIN (VALUES ((Paris, 48.8566, 2.3522),)) AS l(ci...
                                                              ^


The above exception was the direct cause of the following exception:

Traceback (most recent call last):
  File "/home/airflow/.local/lib/python3.12/site-packages/airflow/task/task_runner/standard_task_runner.py", line 117, in _start_by_fork
    ret = args.func(args, dag=self.dag)
          ^^^^^^^^^^^^^^^^^^^^^^^^^^^^^
  File "/home/airflow/.local/lib/python3.12/site-packages/airflow/cli/cli_config.py", line 49, in command
    return func(*args, **kwargs)
           ^^^^^^^^^^^^^^^^^^^^^
  File "/home/airflow/.local/lib/python3.12/site-packages/airflow/utils/cli.py", line 116, in wrapper
    return f(*args, **kwargs)
           ^^^^^^^^^^^^^^^^^^
  File "/home/airflow/.local/lib/python3.12/site-packages/airflow/cli/commands/task_command.py", line 483, in task_run
    task_return_code = _run_task_by_selected_method(args, _dag, ti)
                       ^^^^^^^^^^^^^^^^^^^^^^^^^^^^^^^^^^^^^^^^^^^^
  File "/home/airflow/.local/lib/python3.12/site-packages/airflow/cli/commands/task_command.py", line 256, in _run_task_by_selected_method
    return _run_raw_task(args, ti)
           ^^^^^^^^^^^^^^^^^^^^^^^
  File "/home/airflow/.local/lib/python3.12/site-packages/airflow/cli/commands/task_command.py", line 341, in _run_raw_task
    return ti._run_raw_task(
           ^^^^^^^^^^^^^^^^^
  File "/home/airflow/.local/lib/python3.12/site-packages/airflow/utils/session.py", line 97, in wrapper
    return func(*args, session=session, **kwargs)
           ^^^^^^^^^^^^^^^^^^^^^^^^^^^^^^^^^^^^^^
  File "/home/airflow/.local/lib/python3.12/site-packages/airflow/models/taskinstance.py", line 3005, in _run_raw_task
    return _run_raw_task(
           ^^^^^^^^^^^^^^
  File "/home/airflow/.local/lib/python3.12/site-packages/airflow/models/taskinstance.py", line 273, in _run_raw_task
    TaskInstance._execute_task_with_callbacks(
  File "/home/airflow/.local/lib/python3.12/site-packages/airflow/models/taskinstance.py", line 3159, in _execute_task_with_callbacks
    result = self._execute_task(context, task_orig)
             ^^^^^^^^^^^^^^^^^^^^^^^^^^^^^^^^^^^^^^
  File "/home/airflow/.local/lib/python3.12/site-packages/airflow/models/taskinstance.py", line 3183, in _execute_task
    return _execute_task(self, context, task_orig)
           ^^^^^^^^^^^^^^^^^^^^^^^^^^^^^^^^^^^^^^^
  File "/home/airflow/.local/lib/python3.12/site-packages/airflow/models/taskinstance.py", line 767, in _execute_task
    result = _execute_callable(context=context, **execute_callable_kwargs)
             ^^^^^^^^^^^^^^^^^^^^^^^^^^^^^^^^^^^^^^^^^^^^^^^^^^^^^^^^^^^^^
  File "/home/airflow/.local/lib/python3.12/site-packages/airflow/models/taskinstance.py", line 733, in _execute_callable
    return ExecutionCallableRunner(
           ^^^^^^^^^^^^^^^^^^^^^^^^
  File "/home/airflow/.local/lib/python3.12/site-packages/airflow/utils/operator_helpers.py", line 252, in run
    return self.func(*args, **kwargs)
           ^^^^^^^^^^^^^^^^^^^^^^^^^^
  File "/home/airflow/.local/lib/python3.12/site-packages/airflow/models/baseoperator.py", line 422, in wrapper
    return func(self, *args, **kwargs)
           ^^^^^^^^^^^^^^^^^^^^^^^^^^^
  File "/home/airflow/.local/lib/python3.12/site-packages/airflow/operators/python.py", line 238, in execute
    return_value = self.execute_callable()
                   ^^^^^^^^^^^^^^^^^^^^^^^
  File "/home/airflow/.local/lib/python3.12/site-packages/airflow/operators/python.py", line 256, in execute_callable
    return runner.run(*self.op_args, **self.op_kwargs)
           ^^^^^^^^^^^^^^^^^^^^^^^^^^^^^^^^^^^^^^^^^^^
  File "/home/airflow/.local/lib/python3.12/site-packages/airflow/utils/operator_helpers.py", line 252, in run
    return self.func(*args, **kwargs)
           ^^^^^^^^^^^^^^^^^^^^^^^^^^
  File "/opt/airflow/dags/data_enriched_predict.py", line 164, in generate_forecasts
    df = pd.read_sql(query, engine)
         ^^^^^^^^^^^^^^^^^^^^^^^^^^
  File "/home/airflow/.local/lib/python3.12/site-packages/pandas/io/sql.py", line 682, in read_sql
    return pandas_sql.read_query(
           ^^^^^^^^^^^^^^^^^^^^^^
  File "/home/airflow/.local/lib/python3.12/site-packages/pandas/io/sql.py", line 1776, in read_query
    result = self.execute(sql, params)
             ^^^^^^^^^^^^^^^^^^^^^^^^^
  File "/home/airflow/.local/lib/python3.12/site-packages/pandas/io/sql.py", line 1599, in execute
    return self.con.exec_driver_sql(sql, *args)
           ^^^^^^^^^^^^^^^^^^^^^^^^^^^^^^^^^^^^
  File "/home/airflow/.local/lib/python3.12/site-packages/sqlalchemy/engine/base.py", line 1770, in exec_driver_sql
    return self._exec_driver_sql(
           ^^^^^^^^^^^^^^^^^^^^^^
  File "/home/airflow/.local/lib/python3.12/site-packages/sqlalchemy/engine/base.py", line 1674, in _exec_driver_sql
    ret = self._execute_context(
          ^^^^^^^^^^^^^^^^^^^^^^
  File "/home/airflow/.local/lib/python3.12/site-packages/sqlalchemy/engine/base.py", line 1953, in _execute_context
    self._handle_dbapi_exception(
  File "/home/airflow/.local/lib/python3.12/site-packages/sqlalchemy/engine/base.py", line 2134, in _handle_dbapi_exception
    util.raise_(
  File "/home/airflow/.local/lib/python3.12/site-packages/sqlalchemy/util/compat.py", line 211, in raise_
    raise exception
  File "/home/airflow/.local/lib/python3.12/site-packages/sqlalchemy/engine/base.py", line 1910, in _execute_context
    self.dialect.do_execute(
  File "/home/airflow/.local/lib/python3.12/site-packages/sqlalchemy/engine/default.py", line 736, in do_execute
    cursor.execute(statement, parameters)
sqlalchemy.exc.ProgrammingError: (psycopg2.errors.SyntaxError) syntax error at or near ")"
LINE 15: ...      LEFT JOIN (VALUES ((Paris, 48.8566, 2.3522),)) AS l(ci...
                                                              ^

[SQL: 
        SELECT 
            COALESCE(a.city, d.city) AS city,
            COALESCE(a.timestamp, d.timestamp) AS timestamp,
            COALESCE(a.aqius, d.aqi) AS aqius,
            COALESCE(a.pm25, d.pm25) AS pm25,
            COALESCE(a.temperature, d.temperature) AS temperature,
            COALESCE(a.humidity, d.humidity) AS humidity,
            COALESCE(a.pressure, d.pressure) AS pressure,
            COALESCE(a.lat, l.lat) AS lat,
            COALESCE(a.lon, l.lon) AS lon
        FROM air_quality_measurements a
        FULL OUTER JOIN data_warehouse d 
            ON a.city = d.city AND a.timestamp = d.timestamp
        LEFT JOIN (VALUES ((Paris, 48.8566, 2.3522),)) AS l(city, lat, lon)
            ON COALESCE(a.city, d.city) = l.city
        ]
(Background on this error at: https://sqlalche.me/e/14/f405)
[2025-03-30T20:28:39.845+0000] {local_task_job_runner.py:266} INFO - Task exited with return code 1
[2025-03-30T20:28:39.912+0000] {taskinstance.py:3895} INFO - 0 downstream tasks scheduled from follow-on schedule check
[2025-03-30T20:28:39.915+0000] {local_task_job_runner.py:245} INFO - ::endgroup::
