[2025-03-28T16:15:23.867+0000] {local_task_job_runner.py:123} INFO - ::group::Pre task execution logs
[2025-03-28T16:15:23.929+0000] {taskinstance.py:2613} INFO - Dependencies all met for dep_context=non-requeueable deps ti=<TaskInstance: air_quality_france_pro.generate_ai_forecasts scheduled__2025-03-28T16:00:00+00:00 [queued]>
[2025-03-28T16:15:23.943+0000] {taskinstance.py:2613} INFO - Dependencies all met for dep_context=requeueable deps ti=<TaskInstance: air_quality_france_pro.generate_ai_forecasts scheduled__2025-03-28T16:00:00+00:00 [queued]>
[2025-03-28T16:15:23.944+0000] {taskinstance.py:2866} INFO - Starting attempt 1 of 4
[2025-03-28T16:15:23.963+0000] {taskinstance.py:2889} INFO - Executing <Task(PythonOperator): generate_ai_forecasts> on 2025-03-28 16:00:00+00:00
[2025-03-28T16:15:23.981+0000] {standard_task_runner.py:104} INFO - Running: ['airflow', 'tasks', 'run', 'air_quality_france_pro', 'generate_ai_forecasts', 'scheduled__2025-03-28T16:00:00+00:00', '--job-id', '421', '--raw', '--subdir', 'DAGS_FOLDER/data_enriched_predict.py', '--cfg-path', '/tmp/tmpnowqyp2k']
[2025-03-28T16:15:23.986+0000] {logging_mixin.py:190} WARNING - /home/airflow/.local/lib/python3.12/site-packages/airflow/task/task_runner/standard_task_runner.py:70 DeprecationWarning: This process (pid=5171) is multi-threaded, use of fork() may lead to deadlocks in the child.
[2025-03-28T16:15:23.987+0000] {standard_task_runner.py:105} INFO - Job 421: Subtask generate_ai_forecasts
[2025-03-28T16:15:23.987+0000] {standard_task_runner.py:72} INFO - Started process 5198 to run task
[2025-03-28T16:15:24.342+0000] {task_command.py:467} INFO - Running <TaskInstance: air_quality_france_pro.generate_ai_forecasts scheduled__2025-03-28T16:00:00+00:00 [running]> on host 04906466de51
[2025-03-28T16:15:24.676+0000] {taskinstance.py:3132} INFO - Exporting env vars: AIRFLOW_CTX_DAG_OWNER='airflow' AIRFLOW_CTX_DAG_ID='air_quality_france_pro' AIRFLOW_CTX_TASK_ID='generate_ai_forecasts' AIRFLOW_CTX_EXECUTION_DATE='2025-03-28T16:00:00+00:00' AIRFLOW_CTX_TRY_NUMBER='1' AIRFLOW_CTX_DAG_RUN_ID='scheduled__2025-03-28T16:00:00+00:00'
[2025-03-28T16:15:24.677+0000] {taskinstance.py:731} INFO - ::endgroup::
[2025-03-28T16:15:24.843+0000] {base.py:84} INFO - Retrieving connection 'postgres_data'
[2025-03-28T16:15:25.068+0000] {data_enriched_predict.py:182} WARNING - Insuffisamment de données (min 100 enregistrements)
[2025-03-28T16:15:25.070+0000] {python.py:240} INFO - Done. Returned value was: None
[2025-03-28T16:15:25.122+0000] {taskinstance.py:340} INFO - ::group::Post task execution logs
[2025-03-28T16:15:25.123+0000] {taskinstance.py:352} INFO - Marking task as SUCCESS. dag_id=air_quality_france_pro, task_id=generate_ai_forecasts, run_id=scheduled__2025-03-28T16:00:00+00:00, execution_date=20250328T160000, start_date=20250328T161523, end_date=20250328T161525
[2025-03-28T16:15:25.167+0000] {local_task_job_runner.py:266} INFO - Task exited with return code 0
[2025-03-28T16:15:25.233+0000] {taskinstance.py:3895} INFO - 0 downstream tasks scheduled from follow-on schedule check
[2025-03-28T16:15:25.236+0000] {local_task_job_runner.py:245} INFO - ::endgroup::
