[2025-03-29T06:20:13.178+0000] {local_task_job_runner.py:123} INFO - ::group::Pre task execution logs
[2025-03-29T06:20:13.223+0000] {taskinstance.py:2613} INFO - Dependencies all met for dep_context=non-requeueable deps ti=<TaskInstance: air_quality_monitoring_v3.collect_air_quality_data scheduled__2025-03-29T06:00:00+00:00 [queued]>
[2025-03-29T06:20:13.234+0000] {taskinstance.py:2613} INFO - Dependencies all met for dep_context=requeueable deps ti=<TaskInstance: air_quality_monitoring_v3.collect_air_quality_data scheduled__2025-03-29T06:00:00+00:00 [queued]>
[2025-03-29T06:20:13.234+0000] {taskinstance.py:2866} INFO - Starting attempt 1 of 4
[2025-03-29T06:20:13.248+0000] {taskinstance.py:2889} INFO - Executing <Task(PythonOperator): collect_air_quality_data> on 2025-03-29 06:00:00+00:00
[2025-03-29T06:20:13.262+0000] {standard_task_runner.py:104} INFO - Running: ['airflow', 'tasks', 'run', 'air_quality_monitoring_v3', 'collect_air_quality_data', 'scheduled__2025-03-29T06:00:00+00:00', '--job-id', '552', '--raw', '--subdir', 'DAGS_FOLDER/data_enriched_predict.py', '--cfg-path', '/tmp/tmpk1hlqdpg']
[2025-03-29T06:20:13.264+0000] {standard_task_runner.py:105} INFO - Job 552: Subtask collect_air_quality_data
[2025-03-29T06:20:13.265+0000] {logging_mixin.py:190} WARNING - /home/airflow/.local/lib/python3.12/site-packages/airflow/task/task_runner/standard_task_runner.py:70 DeprecationWarning: This process (pid=33745) is multi-threaded, use of fork() may lead to deadlocks in the child.
[2025-03-29T06:20:13.266+0000] {standard_task_runner.py:72} INFO - Started process 33770 to run task
[2025-03-29T06:20:13.536+0000] {task_command.py:467} INFO - Running <TaskInstance: air_quality_monitoring_v3.collect_air_quality_data scheduled__2025-03-29T06:00:00+00:00 [running]> on host 04906466de51
[2025-03-29T06:20:13.726+0000] {taskinstance.py:3132} INFO - Exporting env vars: AIRFLOW_CTX_DAG_OWNER='airflow' AIRFLOW_CTX_DAG_ID='air_quality_monitoring_v3' AIRFLOW_CTX_TASK_ID='collect_air_quality_data' AIRFLOW_CTX_EXECUTION_DATE='2025-03-29T06:00:00+00:00' AIRFLOW_CTX_TRY_NUMBER='1' AIRFLOW_CTX_DAG_RUN_ID='scheduled__2025-03-29T06:00:00+00:00'
[2025-03-29T06:20:13.727+0000] {taskinstance.py:731} INFO - ::endgroup::
[2025-03-29T06:20:13.739+0000] {data_enriched_predict.py:144} INFO - Collecte pour Lyon...
[2025-03-29T06:20:14.906+0000] {data_enriched_predict.py:101} INFO - Statut API : 200
[2025-03-29T06:20:14.908+0000] {data_enriched_predict.py:165} INFO - Données validées pour Lyon
[2025-03-29T06:20:15.240+0000] {data_enriched_predict.py:144} INFO - Collecte pour Paris...
[2025-03-29T06:20:16.268+0000] {data_enriched_predict.py:101} INFO - Statut API : 200
[2025-03-29T06:20:16.269+0000] {data_enriched_predict.py:165} INFO - Données validées pour Paris
[2025-03-29T06:20:16.741+0000] {data_enriched_predict.py:144} INFO - Collecte pour Marseille...
[2025-03-29T06:20:17.849+0000] {data_enriched_predict.py:101} INFO - Statut API : 200
[2025-03-29T06:20:17.850+0000] {data_enriched_predict.py:165} INFO - Données validées pour Marseille
[2025-03-29T06:20:18.249+0000] {data_enriched_predict.py:185} INFO - Début du stockage de 3 enregistrements
[2025-03-29T06:20:18.328+0000] {base.py:84} INFO - Retrieving connection 'postgres_data'
[2025-03-29T06:20:18.440+0000] {data_enriched_predict.py:214} INFO - Stockage réussi de 3 enregistrements
[2025-03-29T06:20:18.446+0000] {data_enriched_predict.py:219} INFO - Total en base : 131
[2025-03-29T06:20:18.448+0000] {python.py:240} INFO - Done. Returned value was: None
[2025-03-29T06:20:18.508+0000] {taskinstance.py:340} INFO - ::group::Post task execution logs
[2025-03-29T06:20:18.509+0000] {taskinstance.py:352} INFO - Marking task as SUCCESS. dag_id=air_quality_monitoring_v3, task_id=collect_air_quality_data, run_id=scheduled__2025-03-29T06:00:00+00:00, execution_date=20250329T060000, start_date=20250329T062013, end_date=20250329T062018
[2025-03-29T06:20:18.560+0000] {local_task_job_runner.py:266} INFO - Task exited with return code 0
[2025-03-29T06:20:18.623+0000] {taskinstance.py:3895} INFO - 1 downstream tasks scheduled from follow-on schedule check
[2025-03-29T06:20:18.627+0000] {local_task_job_runner.py:245} INFO - ::endgroup::
