[2025-03-29T05:00:20.311+0000] {local_task_job_runner.py:123} INFO - ::group::Pre task execution logs
[2025-03-29T05:00:20.470+0000] {taskinstance.py:2613} INFO - Dependencies all met for dep_context=non-requeueable deps ti=<TaskInstance: air_quality_monitoring_v3.generate_air_quality_forecasts scheduled__2025-03-29T04:40:00+00:00 [queued]>
[2025-03-29T05:00:20.481+0000] {taskinstance.py:2613} INFO - Dependencies all met for dep_context=requeueable deps ti=<TaskInstance: air_quality_monitoring_v3.generate_air_quality_forecasts scheduled__2025-03-29T04:40:00+00:00 [queued]>
[2025-03-29T05:00:20.482+0000] {taskinstance.py:2866} INFO - Starting attempt 1 of 4
[2025-03-29T05:00:20.497+0000] {taskinstance.py:2889} INFO - Executing <Task(PythonOperator): generate_air_quality_forecasts> on 2025-03-29 04:40:00+00:00
[2025-03-29T05:00:20.507+0000] {standard_task_runner.py:104} INFO - Running: ['airflow', 'tasks', 'run', 'air_quality_monitoring_v3', 'generate_air_quality_forecasts', 'scheduled__2025-03-29T04:40:00+00:00', '--job-id', '541', '--raw', '--subdir', 'DAGS_FOLDER/data_enriched_predict.py', '--cfg-path', '/tmp/tmpucm2ew5q']
[2025-03-29T05:00:20.509+0000] {standard_task_runner.py:105} INFO - Job 541: Subtask generate_air_quality_forecasts
[2025-03-29T05:00:20.510+0000] {logging_mixin.py:190} WARNING - /home/airflow/.local/lib/python3.12/site-packages/airflow/task/task_runner/standard_task_runner.py:70 DeprecationWarning: This process (pid=31042) is multi-threaded, use of fork() may lead to deadlocks in the child.
[2025-03-29T05:00:20.511+0000] {standard_task_runner.py:72} INFO - Started process 31067 to run task
[2025-03-29T05:00:20.762+0000] {task_command.py:467} INFO - Running <TaskInstance: air_quality_monitoring_v3.generate_air_quality_forecasts scheduled__2025-03-29T04:40:00+00:00 [running]> on host 04906466de51
[2025-03-29T05:00:21.056+0000] {taskinstance.py:3132} INFO - Exporting env vars: AIRFLOW_CTX_DAG_OWNER='airflow' AIRFLOW_CTX_DAG_ID='air_quality_monitoring_v3' AIRFLOW_CTX_TASK_ID='generate_air_quality_forecasts' AIRFLOW_CTX_EXECUTION_DATE='2025-03-29T04:40:00+00:00' AIRFLOW_CTX_TRY_NUMBER='1' AIRFLOW_CTX_DAG_RUN_ID='scheduled__2025-03-29T04:40:00+00:00'
[2025-03-29T05:00:21.057+0000] {taskinstance.py:731} INFO - ::endgroup::
[2025-03-29T05:00:21.116+0000] {base.py:84} INFO - Retrieving connection 'postgres_data'
[2025-03-29T05:00:21.118+0000] {data_enriched_predict.py:231} INFO - Chargement des données historiques...
[2025-03-29T05:00:21.182+0000] {data_enriched_predict.py:238} INFO - Nettoyage des données...
[2025-03-29T05:00:21.187+0000] {data_enriched_predict.py:252} INFO - Entraînement du modèle...
[2025-03-29T05:00:21.195+0000] {logging_mixin.py:190} WARNING - /home/airflow/.local/lib/python3.12/site-packages/sklearn/utils/extmath.py:1101 RuntimeWarning: invalid value encountered in divide
[2025-03-29T05:00:21.196+0000] {logging_mixin.py:190} WARNING - /home/airflow/.local/lib/python3.12/site-packages/sklearn/utils/extmath.py:1106 RuntimeWarning: invalid value encountered in divide
[2025-03-29T05:00:21.197+0000] {logging_mixin.py:190} WARNING - /home/airflow/.local/lib/python3.12/site-packages/sklearn/utils/extmath.py:1126 RuntimeWarning: invalid value encountered in divide
[2025-03-29T05:00:21.385+0000] {data_enriched_predict.py:266} INFO - Génération des prévisions...
[2025-03-29T05:00:21.390+0000] {logging_mixin.py:190} WARNING - /home/airflow/.local/lib/python3.12/site-packages/numpy/lib/nanfunctions.py:1215 RuntimeWarning: Mean of empty slice
[2025-03-29T05:00:21.391+0000] {logging_mixin.py:190} WARNING - /home/airflow/.local/lib/python3.12/site-packages/numpy/lib/nanfunctions.py:1215 RuntimeWarning: Mean of empty slice
[2025-03-29T05:00:21.393+0000] {logging_mixin.py:190} WARNING - /home/airflow/.local/lib/python3.12/site-packages/numpy/lib/nanfunctions.py:1215 RuntimeWarning: Mean of empty slice
[2025-03-29T05:00:21.394+0000] {logging_mixin.py:190} WARNING - /home/airflow/.local/lib/python3.12/site-packages/numpy/lib/nanfunctions.py:1215 RuntimeWarning: Mean of empty slice
[2025-03-29T05:00:21.395+0000] {logging_mixin.py:190} WARNING - /home/airflow/.local/lib/python3.12/site-packages/numpy/lib/nanfunctions.py:1215 RuntimeWarning: Mean of empty slice
[2025-03-29T05:00:21.396+0000] {logging_mixin.py:190} WARNING - /home/airflow/.local/lib/python3.12/site-packages/numpy/lib/nanfunctions.py:1215 RuntimeWarning: Mean of empty slice
[2025-03-29T05:00:21.397+0000] {logging_mixin.py:190} WARNING - /home/airflow/.local/lib/python3.12/site-packages/numpy/lib/nanfunctions.py:1215 RuntimeWarning: Mean of empty slice
[2025-03-29T05:00:21.398+0000] {logging_mixin.py:190} WARNING - /home/airflow/.local/lib/python3.12/site-packages/numpy/lib/nanfunctions.py:1215 RuntimeWarning: Mean of empty slice
[2025-03-29T05:00:21.400+0000] {logging_mixin.py:190} WARNING - /home/airflow/.local/lib/python3.12/site-packages/numpy/lib/nanfunctions.py:1215 RuntimeWarning: Mean of empty slice
[2025-03-29T05:00:21.401+0000] {logging_mixin.py:190} WARNING - /home/airflow/.local/lib/python3.12/site-packages/numpy/lib/nanfunctions.py:1215 RuntimeWarning: Mean of empty slice
[2025-03-29T05:00:21.402+0000] {logging_mixin.py:190} WARNING - /home/airflow/.local/lib/python3.12/site-packages/numpy/lib/nanfunctions.py:1215 RuntimeWarning: Mean of empty slice
[2025-03-29T05:00:21.403+0000] {logging_mixin.py:190} WARNING - /home/airflow/.local/lib/python3.12/site-packages/numpy/lib/nanfunctions.py:1215 RuntimeWarning: Mean of empty slice
[2025-03-29T05:00:21.404+0000] {logging_mixin.py:190} WARNING - /home/airflow/.local/lib/python3.12/site-packages/numpy/lib/nanfunctions.py:1215 RuntimeWarning: Mean of empty slice
[2025-03-29T05:00:21.405+0000] {logging_mixin.py:190} WARNING - /home/airflow/.local/lib/python3.12/site-packages/numpy/lib/nanfunctions.py:1215 RuntimeWarning: Mean of empty slice
[2025-03-29T05:00:21.406+0000] {logging_mixin.py:190} WARNING - /home/airflow/.local/lib/python3.12/site-packages/numpy/lib/nanfunctions.py:1215 RuntimeWarning: Mean of empty slice
[2025-03-29T05:00:21.408+0000] {logging_mixin.py:190} WARNING - /home/airflow/.local/lib/python3.12/site-packages/numpy/lib/nanfunctions.py:1215 RuntimeWarning: Mean of empty slice
[2025-03-29T05:00:21.409+0000] {logging_mixin.py:190} WARNING - /home/airflow/.local/lib/python3.12/site-packages/numpy/lib/nanfunctions.py:1215 RuntimeWarning: Mean of empty slice
[2025-03-29T05:00:21.410+0000] {logging_mixin.py:190} WARNING - /home/airflow/.local/lib/python3.12/site-packages/numpy/lib/nanfunctions.py:1215 RuntimeWarning: Mean of empty slice
[2025-03-29T05:00:21.411+0000] {logging_mixin.py:190} WARNING - /home/airflow/.local/lib/python3.12/site-packages/numpy/lib/nanfunctions.py:1215 RuntimeWarning: Mean of empty slice
[2025-03-29T05:00:21.412+0000] {logging_mixin.py:190} WARNING - /home/airflow/.local/lib/python3.12/site-packages/numpy/lib/nanfunctions.py:1215 RuntimeWarning: Mean of empty slice
[2025-03-29T05:00:21.412+0000] {logging_mixin.py:190} WARNING - /home/airflow/.local/lib/python3.12/site-packages/numpy/lib/nanfunctions.py:1215 RuntimeWarning: Mean of empty slice
[2025-03-29T05:00:21.414+0000] {logging_mixin.py:190} WARNING - /home/airflow/.local/lib/python3.12/site-packages/numpy/lib/nanfunctions.py:1215 RuntimeWarning: Mean of empty slice
[2025-03-29T05:00:21.415+0000] {logging_mixin.py:190} WARNING - /home/airflow/.local/lib/python3.12/site-packages/numpy/lib/nanfunctions.py:1215 RuntimeWarning: Mean of empty slice
[2025-03-29T05:00:21.416+0000] {logging_mixin.py:190} WARNING - /home/airflow/.local/lib/python3.12/site-packages/numpy/lib/nanfunctions.py:1215 RuntimeWarning: Mean of empty slice
[2025-03-29T05:00:21.416+0000] {logging_mixin.py:190} WARNING - /home/airflow/.local/lib/python3.12/site-packages/numpy/lib/nanfunctions.py:1215 RuntimeWarning: Mean of empty slice
[2025-03-29T05:00:21.418+0000] {logging_mixin.py:190} WARNING - /home/airflow/.local/lib/python3.12/site-packages/numpy/lib/nanfunctions.py:1215 RuntimeWarning: Mean of empty slice
[2025-03-29T05:00:21.419+0000] {logging_mixin.py:190} WARNING - /home/airflow/.local/lib/python3.12/site-packages/numpy/lib/nanfunctions.py:1215 RuntimeWarning: Mean of empty slice
[2025-03-29T05:00:21.420+0000] {logging_mixin.py:190} WARNING - /home/airflow/.local/lib/python3.12/site-packages/numpy/lib/nanfunctions.py:1215 RuntimeWarning: Mean of empty slice
[2025-03-29T05:00:21.421+0000] {logging_mixin.py:190} WARNING - /home/airflow/.local/lib/python3.12/site-packages/numpy/lib/nanfunctions.py:1215 RuntimeWarning: Mean of empty slice
[2025-03-29T05:00:21.422+0000] {logging_mixin.py:190} WARNING - /home/airflow/.local/lib/python3.12/site-packages/numpy/lib/nanfunctions.py:1215 RuntimeWarning: Mean of empty slice
[2025-03-29T05:00:21.424+0000] {logging_mixin.py:190} WARNING - /home/airflow/.local/lib/python3.12/site-packages/numpy/lib/nanfunctions.py:1215 RuntimeWarning: Mean of empty slice
[2025-03-29T05:00:21.425+0000] {logging_mixin.py:190} WARNING - /home/airflow/.local/lib/python3.12/site-packages/numpy/lib/nanfunctions.py:1215 RuntimeWarning: Mean of empty slice
[2025-03-29T05:00:21.426+0000] {logging_mixin.py:190} WARNING - /home/airflow/.local/lib/python3.12/site-packages/numpy/lib/nanfunctions.py:1215 RuntimeWarning: Mean of empty slice
[2025-03-29T05:00:21.427+0000] {logging_mixin.py:190} WARNING - /home/airflow/.local/lib/python3.12/site-packages/numpy/lib/nanfunctions.py:1215 RuntimeWarning: Mean of empty slice
[2025-03-29T05:00:21.428+0000] {logging_mixin.py:190} WARNING - /home/airflow/.local/lib/python3.12/site-packages/numpy/lib/nanfunctions.py:1215 RuntimeWarning: Mean of empty slice
[2025-03-29T05:00:21.429+0000] {logging_mixin.py:190} WARNING - /home/airflow/.local/lib/python3.12/site-packages/numpy/lib/nanfunctions.py:1215 RuntimeWarning: Mean of empty slice
[2025-03-29T05:00:21.430+0000] {logging_mixin.py:190} WARNING - /home/airflow/.local/lib/python3.12/site-packages/numpy/lib/nanfunctions.py:1215 RuntimeWarning: Mean of empty slice
[2025-03-29T05:00:21.431+0000] {logging_mixin.py:190} WARNING - /home/airflow/.local/lib/python3.12/site-packages/numpy/lib/nanfunctions.py:1215 RuntimeWarning: Mean of empty slice
[2025-03-29T05:00:21.432+0000] {logging_mixin.py:190} WARNING - /home/airflow/.local/lib/python3.12/site-packages/numpy/lib/nanfunctions.py:1215 RuntimeWarning: Mean of empty slice
[2025-03-29T05:00:21.433+0000] {logging_mixin.py:190} WARNING - /home/airflow/.local/lib/python3.12/site-packages/numpy/lib/nanfunctions.py:1215 RuntimeWarning: Mean of empty slice
[2025-03-29T05:00:21.434+0000] {logging_mixin.py:190} WARNING - /home/airflow/.local/lib/python3.12/site-packages/numpy/lib/nanfunctions.py:1215 RuntimeWarning: Mean of empty slice
[2025-03-29T05:00:21.435+0000] {logging_mixin.py:190} WARNING - /home/airflow/.local/lib/python3.12/site-packages/numpy/lib/nanfunctions.py:1215 RuntimeWarning: Mean of empty slice
[2025-03-29T05:00:21.436+0000] {logging_mixin.py:190} WARNING - /home/airflow/.local/lib/python3.12/site-packages/numpy/lib/nanfunctions.py:1215 RuntimeWarning: Mean of empty slice
[2025-03-29T05:00:21.437+0000] {logging_mixin.py:190} WARNING - /home/airflow/.local/lib/python3.12/site-packages/numpy/lib/nanfunctions.py:1215 RuntimeWarning: Mean of empty slice
[2025-03-29T05:00:21.438+0000] {logging_mixin.py:190} WARNING - /home/airflow/.local/lib/python3.12/site-packages/numpy/lib/nanfunctions.py:1215 RuntimeWarning: Mean of empty slice
[2025-03-29T05:00:21.439+0000] {logging_mixin.py:190} WARNING - /home/airflow/.local/lib/python3.12/site-packages/numpy/lib/nanfunctions.py:1215 RuntimeWarning: Mean of empty slice
[2025-03-29T05:00:21.440+0000] {logging_mixin.py:190} WARNING - /home/airflow/.local/lib/python3.12/site-packages/numpy/lib/nanfunctions.py:1215 RuntimeWarning: Mean of empty slice
[2025-03-29T05:00:21.441+0000] {logging_mixin.py:190} WARNING - /home/airflow/.local/lib/python3.12/site-packages/numpy/lib/nanfunctions.py:1215 RuntimeWarning: Mean of empty slice
[2025-03-29T05:00:21.443+0000] {logging_mixin.py:190} WARNING - /home/airflow/.local/lib/python3.12/site-packages/numpy/lib/nanfunctions.py:1215 RuntimeWarning: Mean of empty slice
[2025-03-29T05:00:21.444+0000] {logging_mixin.py:190} WARNING - /home/airflow/.local/lib/python3.12/site-packages/numpy/lib/nanfunctions.py:1215 RuntimeWarning: Mean of empty slice
[2025-03-29T05:00:21.445+0000] {logging_mixin.py:190} WARNING - /home/airflow/.local/lib/python3.12/site-packages/numpy/lib/nanfunctions.py:1215 RuntimeWarning: Mean of empty slice
[2025-03-29T05:00:21.446+0000] {logging_mixin.py:190} WARNING - /home/airflow/.local/lib/python3.12/site-packages/numpy/lib/nanfunctions.py:1215 RuntimeWarning: Mean of empty slice
[2025-03-29T05:00:21.447+0000] {logging_mixin.py:190} WARNING - /home/airflow/.local/lib/python3.12/site-packages/numpy/lib/nanfunctions.py:1215 RuntimeWarning: Mean of empty slice
[2025-03-29T05:00:21.448+0000] {logging_mixin.py:190} WARNING - /home/airflow/.local/lib/python3.12/site-packages/numpy/lib/nanfunctions.py:1215 RuntimeWarning: Mean of empty slice
[2025-03-29T05:00:21.449+0000] {logging_mixin.py:190} WARNING - /home/airflow/.local/lib/python3.12/site-packages/numpy/lib/nanfunctions.py:1215 RuntimeWarning: Mean of empty slice
[2025-03-29T05:00:21.450+0000] {logging_mixin.py:190} WARNING - /home/airflow/.local/lib/python3.12/site-packages/numpy/lib/nanfunctions.py:1215 RuntimeWarning: Mean of empty slice
[2025-03-29T05:00:21.451+0000] {logging_mixin.py:190} WARNING - /home/airflow/.local/lib/python3.12/site-packages/numpy/lib/nanfunctions.py:1215 RuntimeWarning: Mean of empty slice
[2025-03-29T05:00:21.452+0000] {logging_mixin.py:190} WARNING - /home/airflow/.local/lib/python3.12/site-packages/numpy/lib/nanfunctions.py:1215 RuntimeWarning: Mean of empty slice
[2025-03-29T05:00:21.453+0000] {logging_mixin.py:190} WARNING - /home/airflow/.local/lib/python3.12/site-packages/numpy/lib/nanfunctions.py:1215 RuntimeWarning: Mean of empty slice
[2025-03-29T05:00:21.454+0000] {logging_mixin.py:190} WARNING - /home/airflow/.local/lib/python3.12/site-packages/numpy/lib/nanfunctions.py:1215 RuntimeWarning: Mean of empty slice
[2025-03-29T05:00:21.455+0000] {logging_mixin.py:190} WARNING - /home/airflow/.local/lib/python3.12/site-packages/numpy/lib/nanfunctions.py:1215 RuntimeWarning: Mean of empty slice
[2025-03-29T05:00:21.456+0000] {logging_mixin.py:190} WARNING - /home/airflow/.local/lib/python3.12/site-packages/numpy/lib/nanfunctions.py:1215 RuntimeWarning: Mean of empty slice
[2025-03-29T05:00:21.457+0000] {logging_mixin.py:190} WARNING - /home/airflow/.local/lib/python3.12/site-packages/numpy/lib/nanfunctions.py:1215 RuntimeWarning: Mean of empty slice
[2025-03-29T05:00:21.458+0000] {logging_mixin.py:190} WARNING - /home/airflow/.local/lib/python3.12/site-packages/numpy/lib/nanfunctions.py:1215 RuntimeWarning: Mean of empty slice
[2025-03-29T05:00:21.459+0000] {logging_mixin.py:190} WARNING - /home/airflow/.local/lib/python3.12/site-packages/numpy/lib/nanfunctions.py:1215 RuntimeWarning: Mean of empty slice
[2025-03-29T05:00:21.460+0000] {logging_mixin.py:190} WARNING - /home/airflow/.local/lib/python3.12/site-packages/numpy/lib/nanfunctions.py:1215 RuntimeWarning: Mean of empty slice
[2025-03-29T05:00:21.461+0000] {logging_mixin.py:190} WARNING - /home/airflow/.local/lib/python3.12/site-packages/numpy/lib/nanfunctions.py:1215 RuntimeWarning: Mean of empty slice
[2025-03-29T05:00:21.463+0000] {logging_mixin.py:190} WARNING - /home/airflow/.local/lib/python3.12/site-packages/numpy/lib/nanfunctions.py:1215 RuntimeWarning: Mean of empty slice
[2025-03-29T05:00:21.463+0000] {logging_mixin.py:190} WARNING - /home/airflow/.local/lib/python3.12/site-packages/numpy/lib/nanfunctions.py:1215 RuntimeWarning: Mean of empty slice
[2025-03-29T05:00:21.465+0000] {logging_mixin.py:190} WARNING - /home/airflow/.local/lib/python3.12/site-packages/numpy/lib/nanfunctions.py:1215 RuntimeWarning: Mean of empty slice
[2025-03-29T05:00:21.466+0000] {logging_mixin.py:190} WARNING - /home/airflow/.local/lib/python3.12/site-packages/numpy/lib/nanfunctions.py:1215 RuntimeWarning: Mean of empty slice
[2025-03-29T05:00:21.467+0000] {logging_mixin.py:190} WARNING - /home/airflow/.local/lib/python3.12/site-packages/numpy/lib/nanfunctions.py:1215 RuntimeWarning: Mean of empty slice
[2025-03-29T05:00:21.468+0000] {logging_mixin.py:190} WARNING - /home/airflow/.local/lib/python3.12/site-packages/numpy/lib/nanfunctions.py:1215 RuntimeWarning: Mean of empty slice
[2025-03-29T05:00:21.469+0000] {logging_mixin.py:190} WARNING - /home/airflow/.local/lib/python3.12/site-packages/numpy/lib/nanfunctions.py:1215 RuntimeWarning: Mean of empty slice
[2025-03-29T05:00:21.470+0000] {logging_mixin.py:190} WARNING - /home/airflow/.local/lib/python3.12/site-packages/numpy/lib/nanfunctions.py:1215 RuntimeWarning: Mean of empty slice
[2025-03-29T05:00:21.471+0000] {logging_mixin.py:190} WARNING - /home/airflow/.local/lib/python3.12/site-packages/numpy/lib/nanfunctions.py:1215 RuntimeWarning: Mean of empty slice
[2025-03-29T05:00:21.472+0000] {logging_mixin.py:190} WARNING - /home/airflow/.local/lib/python3.12/site-packages/numpy/lib/nanfunctions.py:1215 RuntimeWarning: Mean of empty slice
[2025-03-29T05:00:21.473+0000] {logging_mixin.py:190} WARNING - /home/airflow/.local/lib/python3.12/site-packages/numpy/lib/nanfunctions.py:1215 RuntimeWarning: Mean of empty slice
[2025-03-29T05:00:21.474+0000] {logging_mixin.py:190} WARNING - /home/airflow/.local/lib/python3.12/site-packages/numpy/lib/nanfunctions.py:1215 RuntimeWarning: Mean of empty slice
[2025-03-29T05:00:21.475+0000] {logging_mixin.py:190} WARNING - /home/airflow/.local/lib/python3.12/site-packages/numpy/lib/nanfunctions.py:1215 RuntimeWarning: Mean of empty slice
[2025-03-29T05:00:21.476+0000] {logging_mixin.py:190} WARNING - /home/airflow/.local/lib/python3.12/site-packages/numpy/lib/nanfunctions.py:1215 RuntimeWarning: Mean of empty slice
[2025-03-29T05:00:21.477+0000] {logging_mixin.py:190} WARNING - /home/airflow/.local/lib/python3.12/site-packages/numpy/lib/nanfunctions.py:1215 RuntimeWarning: Mean of empty slice
[2025-03-29T05:00:21.478+0000] {logging_mixin.py:190} WARNING - /home/airflow/.local/lib/python3.12/site-packages/numpy/lib/nanfunctions.py:1215 RuntimeWarning: Mean of empty slice
[2025-03-29T05:00:21.479+0000] {logging_mixin.py:190} WARNING - /home/airflow/.local/lib/python3.12/site-packages/numpy/lib/nanfunctions.py:1215 RuntimeWarning: Mean of empty slice
[2025-03-29T05:00:21.521+0000] {data_enriched_predict.py:295} INFO - Stockage des prévisions...
[2025-03-29T05:00:21.532+0000] {data_enriched_predict.py:307} INFO - 84 prévisions stockées
[2025-03-29T05:00:21.533+0000] {python.py:240} INFO - Done. Returned value was: None
[2025-03-29T05:00:21.576+0000] {taskinstance.py:340} INFO - ::group::Post task execution logs
[2025-03-29T05:00:21.577+0000] {taskinstance.py:352} INFO - Marking task as SUCCESS. dag_id=air_quality_monitoring_v3, task_id=generate_air_quality_forecasts, run_id=scheduled__2025-03-29T04:40:00+00:00, execution_date=20250329T044000, start_date=20250329T050020, end_date=20250329T050021
[2025-03-29T05:00:21.609+0000] {local_task_job_runner.py:266} INFO - Task exited with return code 0
[2025-03-29T05:00:21.657+0000] {taskinstance.py:3895} INFO - 0 downstream tasks scheduled from follow-on schedule check
[2025-03-29T05:00:21.660+0000] {local_task_job_runner.py:245} INFO - ::endgroup::
