[2025-03-28T10:50:10.797+0000] {local_task_job_runner.py:123} INFO - ::group::Pre task execution logs
[2025-03-28T10:50:10.854+0000] {taskinstance.py:2613} INFO - Dependencies all met for dep_context=non-requeueable deps ti=<TaskInstance: air_quality_pipeline.insert_data_mart manual__2025-03-27T14:44:31.238331+00:00 [queued]>
[2025-03-28T10:50:10.868+0000] {taskinstance.py:2613} INFO - Dependencies all met for dep_context=requeueable deps ti=<TaskInstance: air_quality_pipeline.insert_data_mart manual__2025-03-27T14:44:31.238331+00:00 [queued]>
[2025-03-28T10:50:10.869+0000] {taskinstance.py:2866} INFO - Starting attempt 1 of 2
[2025-03-28T10:50:10.886+0000] {taskinstance.py:2889} INFO - Executing <Task(PythonOperator): insert_data_mart> on 2025-03-27 14:44:31.238331+00:00
[2025-03-28T10:50:10.895+0000] {standard_task_runner.py:104} INFO - Running: ['airflow', 'tasks', 'run', 'air_quality_pipeline', 'insert_data_mart', 'manual__2025-03-27T14:44:31.238331+00:00', '--job-id', '312', '--raw', '--subdir', 'DAGS_FOLDER/data_pipeline.py', '--cfg-path', '/tmp/tmp3262bp6s']
[2025-03-28T10:50:10.898+0000] {standard_task_runner.py:105} INFO - Job 312: Subtask insert_data_mart
[2025-03-28T10:50:10.899+0000] {logging_mixin.py:190} WARNING - /home/airflow/.local/lib/python3.12/site-packages/airflow/task/task_runner/standard_task_runner.py:70 DeprecationWarning: This process (pid=1144) is multi-threaded, use of fork() may lead to deadlocks in the child.
[2025-03-28T10:50:10.900+0000] {standard_task_runner.py:72} INFO - Started process 1158 to run task
[2025-03-28T10:50:11.061+0000] {task_command.py:467} INFO - Running <TaskInstance: air_quality_pipeline.insert_data_mart manual__2025-03-27T14:44:31.238331+00:00 [running]> on host 6d0e87c01008
[2025-03-28T10:50:11.394+0000] {taskinstance.py:3132} INFO - Exporting env vars: AIRFLOW_CTX_DAG_OWNER='airflow' AIRFLOW_CTX_DAG_ID='air_quality_pipeline' AIRFLOW_CTX_TASK_ID='insert_data_mart' AIRFLOW_CTX_EXECUTION_DATE='2025-03-27T14:44:31.238331+00:00' AIRFLOW_CTX_TRY_NUMBER='1' AIRFLOW_CTX_DAG_RUN_ID='manual__2025-03-27T14:44:31.238331+00:00'
[2025-03-28T10:50:11.396+0000] {taskinstance.py:731} INFO - ::endgroup::
[2025-03-28T10:50:11.474+0000] {base.py:84} INFO - Retrieving connection 'postgres_data'
[2025-03-28T10:50:11.777+0000] {data_pipeline.py:198} INFO - Données insérées dans les Data Marts pour chaque ville
[2025-03-28T10:50:11.778+0000] {python.py:240} INFO - Done. Returned value was: None
[2025-03-28T10:50:11.824+0000] {taskinstance.py:340} INFO - ::group::Post task execution logs
[2025-03-28T10:50:11.825+0000] {taskinstance.py:352} INFO - Marking task as SUCCESS. dag_id=air_quality_pipeline, task_id=insert_data_mart, run_id=manual__2025-03-27T14:44:31.238331+00:00, execution_date=20250327T144431, start_date=20250328T105010, end_date=20250328T105011
[2025-03-28T10:50:11.879+0000] {local_task_job_runner.py:266} INFO - Task exited with return code 0
[2025-03-28T10:50:11.940+0000] {taskinstance.py:3895} INFO - 0 downstream tasks scheduled from follow-on schedule check
[2025-03-28T10:50:12.071+0000] {local_task_job_runner.py:245} INFO - ::endgroup::
