[2025-03-28T12:49:07.471+0000] {local_task_job_runner.py:123} INFO - ::group::Pre task execution logs
[2025-03-28T12:49:07.530+0000] {taskinstance.py:2613} INFO - Dependencies all met for dep_context=non-requeueable deps ti=<TaskInstance: air_quality_monitoring_v2.prediction_qualite_air manual__2025-03-28T12:48:34.585378+00:00 [queued]>
[2025-03-28T12:49:07.543+0000] {taskinstance.py:2613} INFO - Dependencies all met for dep_context=requeueable deps ti=<TaskInstance: air_quality_monitoring_v2.prediction_qualite_air manual__2025-03-28T12:48:34.585378+00:00 [queued]>
[2025-03-28T12:49:07.544+0000] {taskinstance.py:2866} INFO - Starting attempt 1 of 3
[2025-03-28T12:49:07.566+0000] {taskinstance.py:2889} INFO - Executing <Task(PythonOperator): prediction_qualite_air> on 2025-03-28 12:48:34.585378+00:00
[2025-03-28T12:49:07.578+0000] {standard_task_runner.py:104} INFO - Running: ['airflow', 'tasks', 'run', 'air_quality_monitoring_v2', 'prediction_qualite_air', 'manual__2025-03-28T12:48:34.585378+00:00', '--job-id', '392', '--raw', '--subdir', 'DAGS_FOLDER/data_enriched_predict.py', '--cfg-path', '/tmp/tmpfalxzz34']
[2025-03-28T12:49:07.582+0000] {standard_task_runner.py:105} INFO - Job 392: Subtask prediction_qualite_air
[2025-03-28T12:49:07.582+0000] {logging_mixin.py:190} WARNING - /home/airflow/.local/lib/python3.12/site-packages/airflow/task/task_runner/standard_task_runner.py:70 DeprecationWarning: This process (pid=159) is multi-threaded, use of fork() may lead to deadlocks in the child.
[2025-03-28T12:49:07.583+0000] {standard_task_runner.py:72} INFO - Started process 184 to run task
[2025-03-28T12:49:07.738+0000] {task_command.py:467} INFO - Running <TaskInstance: air_quality_monitoring_v2.prediction_qualite_air manual__2025-03-28T12:48:34.585378+00:00 [running]> on host 04906466de51
[2025-03-28T12:49:07.923+0000] {taskinstance.py:3132} INFO - Exporting env vars: AIRFLOW_CTX_DAG_EMAIL='fbleza5@gmail.com' AIRFLOW_CTX_DAG_OWNER='airflow' AIRFLOW_CTX_DAG_ID='air_quality_monitoring_v2' AIRFLOW_CTX_TASK_ID='prediction_qualite_air' AIRFLOW_CTX_EXECUTION_DATE='2025-03-28T12:48:34.585378+00:00' AIRFLOW_CTX_TRY_NUMBER='1' AIRFLOW_CTX_DAG_RUN_ID='manual__2025-03-28T12:48:34.585378+00:00'
[2025-03-28T12:49:07.924+0000] {taskinstance.py:731} INFO - ::endgroup::
[2025-03-28T12:49:07.986+0000] {base.py:84} INFO - Retrieving connection 'postgres_data'
[2025-03-28T12:49:08.026+0000] {logging_mixin.py:190} WARNING - /opt/airflow/dags/data_enriched_predict.py:125 UserWarning: pandas only supports SQLAlchemy connectable (engine/connection) or database string URI or sqlite3 DBAPI2 connection. Other DBAPI2 objects are not tested. Please consider using SQLAlchemy.
[2025-03-28T12:49:08.077+0000] {base.py:84} INFO - Retrieving connection 'postgres_data'
[2025-03-28T12:49:08.115+0000] {logging_mixin.py:190} WARNING - /opt/airflow/dags/data_enriched_predict.py:136 UserWarning: pandas only supports SQLAlchemy connectable (engine/connection) or database string URI or sqlite3 DBAPI2 connection. Other DBAPI2 objects are not tested. Please consider using SQLAlchemy.
[2025-03-28T12:49:08.169+0000] {base.py:84} INFO - Retrieving connection 'postgres_data'
[2025-03-28T12:49:08.281+0000] {data_enriched_predict.py:194} INFO - 80 prédictions stockées
[2025-03-28T12:49:08.282+0000] {data_enriched_predict.py:161} INFO - Prédictions effectuées avec succès
[2025-03-28T12:49:08.283+0000] {python.py:240} INFO - Done. Returned value was: None
[2025-03-28T12:49:08.322+0000] {taskinstance.py:340} INFO - ::group::Post task execution logs
[2025-03-28T12:49:08.323+0000] {taskinstance.py:352} INFO - Marking task as SUCCESS. dag_id=air_quality_monitoring_v2, task_id=prediction_qualite_air, run_id=manual__2025-03-28T12:48:34.585378+00:00, execution_date=20250328T124834, start_date=20250328T124907, end_date=20250328T124908
[2025-03-28T12:49:08.361+0000] {local_task_job_runner.py:266} INFO - Task exited with return code 0
[2025-03-28T12:49:08.414+0000] {taskinstance.py:3895} INFO - 0 downstream tasks scheduled from follow-on schedule check
[2025-03-28T12:49:08.417+0000] {local_task_job_runner.py:245} INFO - ::endgroup::
