[2025-04-10T12:01:16.510+0000] {local_task_job_runner.py:123} INFO - ::group::Pre task execution logs
[2025-04-10T12:01:16.557+0000] {taskinstance.py:2613} INFO - Dependencies all met for dep_context=non-requeueable deps ti=<TaskInstance: air_quality_pipeline.create_data_mart manual__2025-04-10T12:01:12.518255+00:00 [queued]>
[2025-04-10T12:01:16.567+0000] {taskinstance.py:2613} INFO - Dependencies all met for dep_context=requeueable deps ti=<TaskInstance: air_quality_pipeline.create_data_mart manual__2025-04-10T12:01:12.518255+00:00 [queued]>
[2025-04-10T12:01:16.568+0000] {taskinstance.py:2866} INFO - Starting attempt 1 of 2
[2025-04-10T12:01:16.582+0000] {taskinstance.py:2889} INFO - Executing <Task(PythonOperator): create_data_mart> on 2025-04-10 12:01:12.518255+00:00
[2025-04-10T12:01:16.590+0000] {standard_task_runner.py:104} INFO - Running: ['airflow', 'tasks', 'run', 'air_quality_pipeline', 'create_data_mart', 'manual__2025-04-10T12:01:12.518255+00:00', '--job-id', '764', '--raw', '--subdir', 'DAGS_FOLDER/data_pipeline.py', '--cfg-path', '/tmp/tmpf_fhui8t']
[2025-04-10T12:01:16.592+0000] {standard_task_runner.py:105} INFO - Job 764: Subtask create_data_mart
[2025-04-10T12:01:16.593+0000] {logging_mixin.py:190} WARNING - /home/airflow/.local/lib/python3.12/site-packages/airflow/task/task_runner/standard_task_runner.py:70 DeprecationWarning: This process (pid=435) is multi-threaded, use of fork() may lead to deadlocks in the child.
[2025-04-10T12:01:16.594+0000] {standard_task_runner.py:72} INFO - Started process 449 to run task
[2025-04-10T12:01:16.736+0000] {task_command.py:467} INFO - Running <TaskInstance: air_quality_pipeline.create_data_mart manual__2025-04-10T12:01:12.518255+00:00 [running]> on host 04906466de51
[2025-04-10T12:01:17.036+0000] {taskinstance.py:3132} INFO - Exporting env vars: AIRFLOW_CTX_DAG_EMAIL='fbleza5@gmail.com' AIRFLOW_CTX_DAG_OWNER='airflow' AIRFLOW_CTX_DAG_ID='air_quality_pipeline' AIRFLOW_CTX_TASK_ID='create_data_mart' AIRFLOW_CTX_EXECUTION_DATE='2025-04-10T12:01:12.518255+00:00' AIRFLOW_CTX_TRY_NUMBER='1' AIRFLOW_CTX_DAG_RUN_ID='manual__2025-04-10T12:01:12.518255+00:00'
[2025-04-10T12:01:17.037+0000] {taskinstance.py:731} INFO - ::endgroup::
[2025-04-10T12:01:17.095+0000] {base.py:84} INFO - Retrieving connection 'postgres_data'
[2025-04-10T12:01:17.243+0000] {data_pipeline.py:167} INFO - Tables de Data Mart créées pour chaque ville
[2025-04-10T12:01:17.243+0000] {python.py:240} INFO - Done. Returned value was: None
[2025-04-10T12:01:17.282+0000] {taskinstance.py:340} INFO - ::group::Post task execution logs
[2025-04-10T12:01:17.282+0000] {taskinstance.py:352} INFO - Marking task as SUCCESS. dag_id=air_quality_pipeline, task_id=create_data_mart, run_id=manual__2025-04-10T12:01:12.518255+00:00, execution_date=20250410T120112, start_date=20250410T120116, end_date=20250410T120117
[2025-04-10T12:01:17.332+0000] {local_task_job_runner.py:266} INFO - Task exited with return code 0
[2025-04-10T12:01:17.389+0000] {taskinstance.py:3895} INFO - 1 downstream tasks scheduled from follow-on schedule check
[2025-04-10T12:01:17.392+0000] {local_task_job_runner.py:245} INFO - ::endgroup::
