[2025-03-28T10:45:54.167+0000] {local_task_job_runner.py:123} INFO - ::group::Pre task execution logs
[2025-03-28T10:45:54.222+0000] {taskinstance.py:2613} INFO - Dependencies all met for dep_context=non-requeueable deps ti=<TaskInstance: air_quality_pipeline.transform_data scheduled__2025-03-27T08:50:00+00:00 [queued]>
[2025-03-28T10:45:54.236+0000] {taskinstance.py:2613} INFO - Dependencies all met for dep_context=requeueable deps ti=<TaskInstance: air_quality_pipeline.transform_data scheduled__2025-03-27T08:50:00+00:00 [queued]>
[2025-03-28T10:45:54.237+0000] {taskinstance.py:2866} INFO - Starting attempt 2 of 3
[2025-03-28T10:45:54.256+0000] {taskinstance.py:2889} INFO - Executing <Task(PythonOperator): transform_data> on 2025-03-27 08:50:00+00:00
[2025-03-28T10:45:54.263+0000] {standard_task_runner.py:104} INFO - Running: ['airflow', 'tasks', 'run', 'air_quality_pipeline', 'transform_data', 'scheduled__2025-03-27T08:50:00+00:00', '--job-id', '275', '--raw', '--subdir', 'DAGS_FOLDER/data_pipeline.py', '--cfg-path', '/tmp/tmpr1fjr9cq']
[2025-03-28T10:45:54.266+0000] {standard_task_runner.py:105} INFO - Job 275: Subtask transform_data
[2025-03-28T10:45:54.267+0000] {logging_mixin.py:190} WARNING - /home/airflow/.local/lib/python3.12/site-packages/airflow/task/task_runner/standard_task_runner.py:70 DeprecationWarning: This process (pid=314) is multi-threaded, use of fork() may lead to deadlocks in the child.
[2025-03-28T10:45:54.268+0000] {standard_task_runner.py:72} INFO - Started process 328 to run task
[2025-03-28T10:45:54.670+0000] {task_command.py:467} INFO - Running <TaskInstance: air_quality_pipeline.transform_data scheduled__2025-03-27T08:50:00+00:00 [running]> on host 6d0e87c01008
[2025-03-28T10:45:54.892+0000] {taskinstance.py:3132} INFO - Exporting env vars: AIRFLOW_CTX_DAG_OWNER='airflow' AIRFLOW_CTX_DAG_ID='air_quality_pipeline' AIRFLOW_CTX_TASK_ID='transform_data' AIRFLOW_CTX_EXECUTION_DATE='2025-03-27T08:50:00+00:00' AIRFLOW_CTX_TRY_NUMBER='2' AIRFLOW_CTX_DAG_RUN_ID='scheduled__2025-03-27T08:50:00+00:00'
[2025-03-28T10:45:54.893+0000] {taskinstance.py:731} INFO - ::endgroup::
[2025-03-28T10:45:56.138+0000] {base.py:84} INFO - Retrieving connection 'postgres_data'
[2025-03-28T10:45:56.203+0000] {data_pipeline.py:55} INFO - Données brutes insérées pour Paris dans Data Lake
[2025-03-28T10:45:57.354+0000] {base.py:84} INFO - Retrieving connection 'postgres_data'
[2025-03-28T10:45:57.397+0000] {data_pipeline.py:55} INFO - Données brutes insérées pour Lyon dans Data Lake
[2025-03-28T10:45:58.539+0000] {base.py:84} INFO - Retrieving connection 'postgres_data'
[2025-03-28T10:45:58.588+0000] {data_pipeline.py:55} INFO - Données brutes insérées pour Nice dans Data Lake
[2025-03-28T10:45:59.757+0000] {base.py:84} INFO - Retrieving connection 'postgres_data'
[2025-03-28T10:45:59.812+0000] {data_pipeline.py:55} INFO - Données brutes insérées pour Marseille dans Data Lake
[2025-03-28T10:45:59.859+0000] {base.py:84} INFO - Retrieving connection 'postgres_data'
[2025-03-28T10:46:00.073+0000] {data_pipeline.py:141} INFO - Données insérées dans le Data Warehouse
[2025-03-28T10:46:00.074+0000] {data_pipeline.py:100} INFO - Données transformées et stockées dans le Data Warehouse
[2025-03-28T10:46:00.074+0000] {python.py:240} INFO - Done. Returned value was:           city           timestamp  temperature  ...  aqi  pm25  pm10
0        Paris 2025-03-28 12:00:00           12  ...   56    56    24
1        Paris 2025-03-28 15:00:00           14  ...   56    56    24
2        Paris 2025-03-28 18:00:00           10  ...   56    56    24
3        Paris 2025-03-28 21:00:00            7  ...   56    56    24
4        Paris 2025-03-29 00:00:00            6  ...   56    56    24
..         ...                 ...          ...  ...  ...   ...   ...
155  Marseille 2025-04-01 21:00:00           10  ...   30    30    15
156  Marseille 2025-04-02 00:00:00           10  ...   30    30    15
157  Marseille 2025-04-02 03:00:00           10  ...   30    30    15
158  Marseille 2025-04-02 06:00:00            9  ...   30    30    15
159  Marseille 2025-04-02 09:00:00           11  ...   30    30    15

[160 rows x 8 columns]
[2025-03-28T10:46:00.210+0000] {taskinstance.py:340} INFO - ::group::Post task execution logs
[2025-03-28T10:46:00.211+0000] {taskinstance.py:352} INFO - Marking task as SUCCESS. dag_id=air_quality_pipeline, task_id=transform_data, run_id=scheduled__2025-03-27T08:50:00+00:00, execution_date=20250327T085000, start_date=20250328T104554, end_date=20250328T104600
[2025-03-28T10:46:00.255+0000] {local_task_job_runner.py:266} INFO - Task exited with return code 0
[2025-03-28T10:46:00.318+0000] {taskinstance.py:3895} INFO - 1 downstream tasks scheduled from follow-on schedule check
[2025-03-28T10:46:00.321+0000] {local_task_job_runner.py:245} INFO - ::endgroup::
