[2025-03-28T12:23:54.181+0000] {local_task_job_runner.py:123} INFO - ::group::Pre task execution logs
[2025-03-28T12:23:54.229+0000] {taskinstance.py:2613} INFO - Dependencies all met for dep_context=non-requeueable deps ti=<TaskInstance: air_quality_pipeline.transform_data scheduled__2025-03-28T10:00:00+00:00 [queued]>
[2025-03-28T12:23:54.241+0000] {taskinstance.py:2613} INFO - Dependencies all met for dep_context=requeueable deps ti=<TaskInstance: air_quality_pipeline.transform_data scheduled__2025-03-28T10:00:00+00:00 [queued]>
[2025-03-28T12:23:54.242+0000] {taskinstance.py:2866} INFO - Starting attempt 1 of 2
[2025-03-28T12:23:54.256+0000] {taskinstance.py:2889} INFO - Executing <Task(PythonOperator): transform_data> on 2025-03-28 10:00:00+00:00
[2025-03-28T12:23:54.262+0000] {standard_task_runner.py:104} INFO - Running: ['airflow', 'tasks', 'run', 'air_quality_pipeline', 'transform_data', 'scheduled__2025-03-28T10:00:00+00:00', '--job-id', '381', '--raw', '--subdir', 'DAGS_FOLDER/data_pipeline.py', '--cfg-path', '/tmp/tmpwh9laz5p']
[2025-03-28T12:23:54.264+0000] {standard_task_runner.py:105} INFO - Job 381: Subtask transform_data
[2025-03-28T12:23:54.265+0000] {logging_mixin.py:190} WARNING - /home/airflow/.local/lib/python3.12/site-packages/airflow/task/task_runner/standard_task_runner.py:70 DeprecationWarning: This process (pid=78) is multi-threaded, use of fork() may lead to deadlocks in the child.
[2025-03-28T12:23:54.266+0000] {standard_task_runner.py:72} INFO - Started process 92 to run task
[2025-03-28T12:23:54.405+0000] {task_command.py:467} INFO - Running <TaskInstance: air_quality_pipeline.transform_data scheduled__2025-03-28T10:00:00+00:00 [running]> on host 04906466de51
[2025-03-28T12:23:54.612+0000] {taskinstance.py:3132} INFO - Exporting env vars: AIRFLOW_CTX_DAG_EMAIL='fbleza5@gmail.com' AIRFLOW_CTX_DAG_OWNER='airflow' AIRFLOW_CTX_DAG_ID='air_quality_pipeline' AIRFLOW_CTX_TASK_ID='transform_data' AIRFLOW_CTX_EXECUTION_DATE='2025-03-28T10:00:00+00:00' AIRFLOW_CTX_TRY_NUMBER='1' AIRFLOW_CTX_DAG_RUN_ID='scheduled__2025-03-28T10:00:00+00:00'
[2025-03-28T12:23:54.614+0000] {taskinstance.py:731} INFO - ::endgroup::
[2025-03-28T12:23:55.872+0000] {base.py:84} INFO - Retrieving connection 'postgres_data'
[2025-03-28T12:23:55.949+0000] {data_pipeline.py:55} INFO - Données brutes insérées pour Paris dans Data Lake
[2025-03-28T12:23:57.101+0000] {base.py:84} INFO - Retrieving connection 'postgres_data'
[2025-03-28T12:23:57.142+0000] {data_pipeline.py:55} INFO - Données brutes insérées pour Lyon dans Data Lake
[2025-03-28T12:23:58.330+0000] {base.py:84} INFO - Retrieving connection 'postgres_data'
[2025-03-28T12:23:58.371+0000] {data_pipeline.py:55} INFO - Données brutes insérées pour Lille dans Data Lake
[2025-03-28T12:23:59.536+0000] {base.py:84} INFO - Retrieving connection 'postgres_data'
[2025-03-28T12:23:59.694+0000] {data_pipeline.py:55} INFO - Données brutes insérées pour Marseille dans Data Lake
[2025-03-28T12:24:00.878+0000] {base.py:84} INFO - Retrieving connection 'postgres_data'
[2025-03-28T12:24:00.917+0000] {data_pipeline.py:55} INFO - Données brutes insérées pour Montpellier dans Data Lake
[2025-03-28T12:24:00.977+0000] {base.py:84} INFO - Retrieving connection 'postgres_data'
[2025-03-28T12:24:01.252+0000] {data_pipeline.py:141} INFO - Données insérées dans le Data Warehouse
[2025-03-28T12:24:01.254+0000] {data_pipeline.py:100} INFO - Données transformées et stockées dans le Data Warehouse
[2025-03-28T12:24:01.254+0000] {python.py:240} INFO - Done. Returned value was:             city           timestamp  temperature  ...  aqi  pm25  pm10
0          Paris 2025-03-28 15:00:00           14  ...   64    64    20
1          Paris 2025-03-28 18:00:00           10  ...   64    64    20
2          Paris 2025-03-28 21:00:00            7  ...   64    64    20
3          Paris 2025-03-29 00:00:00            6  ...   64    64    20
4          Paris 2025-03-29 03:00:00            7  ...   64    64    20
..           ...                 ...          ...  ...  ...   ...   ...
195  Montpellier 2025-04-02 00:00:00            7  ...   30    16     7
196  Montpellier 2025-04-02 03:00:00            7  ...   30    16     7
197  Montpellier 2025-04-02 06:00:00            7  ...   30    16     7
198  Montpellier 2025-04-02 09:00:00           11  ...   30    16     7
199  Montpellier 2025-04-02 12:00:00           14  ...   30    16     7

[200 rows x 8 columns]
[2025-03-28T12:24:01.482+0000] {taskinstance.py:340} INFO - ::group::Post task execution logs
[2025-03-28T12:24:01.483+0000] {taskinstance.py:352} INFO - Marking task as SUCCESS. dag_id=air_quality_pipeline, task_id=transform_data, run_id=scheduled__2025-03-28T10:00:00+00:00, execution_date=20250328T100000, start_date=20250328T122354, end_date=20250328T122401
[2025-03-28T12:24:01.539+0000] {local_task_job_runner.py:266} INFO - Task exited with return code 0
[2025-03-28T12:24:01.606+0000] {taskinstance.py:3895} INFO - 1 downstream tasks scheduled from follow-on schedule check
[2025-03-28T12:24:01.610+0000] {local_task_job_runner.py:245} INFO - ::endgroup::
