[2025-03-28T10:48:45.896+0000] {local_task_job_runner.py:123} INFO - ::group::Pre task execution logs
[2025-03-28T10:48:45.950+0000] {taskinstance.py:2613} INFO - Dependencies all met for dep_context=non-requeueable deps ti=<TaskInstance: air_quality_pipeline.store_data manual__2025-03-27T09:09:42.304409+00:00 [queued]>
[2025-03-28T10:48:45.963+0000] {taskinstance.py:2613} INFO - Dependencies all met for dep_context=requeueable deps ti=<TaskInstance: air_quality_pipeline.store_data manual__2025-03-27T09:09:42.304409+00:00 [queued]>
[2025-03-28T10:48:45.964+0000] {taskinstance.py:2866} INFO - Starting attempt 2 of 3
[2025-03-28T10:48:45.980+0000] {taskinstance.py:2889} INFO - Executing <Task(PythonOperator): store_data> on 2025-03-27 09:09:42.304409+00:00
[2025-03-28T10:48:45.989+0000] {standard_task_runner.py:104} INFO - Running: ['airflow', 'tasks', 'run', 'air_quality_pipeline', 'store_data', 'manual__2025-03-27T09:09:42.304409+00:00', '--job-id', '295', '--raw', '--subdir', 'DAGS_FOLDER/data_pipeline.py', '--cfg-path', '/tmp/tmpz5rgd2g6']
[2025-03-28T10:48:45.991+0000] {standard_task_runner.py:105} INFO - Job 295: Subtask store_data
[2025-03-28T10:48:45.992+0000] {logging_mixin.py:190} WARNING - /home/airflow/.local/lib/python3.12/site-packages/airflow/task/task_runner/standard_task_runner.py:70 DeprecationWarning: This process (pid=696) is multi-threaded, use of fork() may lead to deadlocks in the child.
[2025-03-28T10:48:45.992+0000] {standard_task_runner.py:72} INFO - Started process 710 to run task
[2025-03-28T10:48:46.150+0000] {task_command.py:467} INFO - Running <TaskInstance: air_quality_pipeline.store_data manual__2025-03-27T09:09:42.304409+00:00 [running]> on host 6d0e87c01008
[2025-03-28T10:48:46.456+0000] {taskinstance.py:3132} INFO - Exporting env vars: AIRFLOW_CTX_DAG_OWNER='airflow' AIRFLOW_CTX_DAG_ID='air_quality_pipeline' AIRFLOW_CTX_TASK_ID='store_data' AIRFLOW_CTX_EXECUTION_DATE='2025-03-27T09:09:42.304409+00:00' AIRFLOW_CTX_TRY_NUMBER='2' AIRFLOW_CTX_DAG_RUN_ID='manual__2025-03-27T09:09:42.304409+00:00'
[2025-03-28T10:48:46.458+0000] {taskinstance.py:731} INFO - ::endgroup::
[2025-03-28T10:48:46.519+0000] {base.py:84} INFO - Retrieving connection 'postgres_data'
[2025-03-28T10:48:46.773+0000] {data_pipeline.py:141} INFO - Données insérées dans le Data Warehouse
[2025-03-28T10:48:46.774+0000] {python.py:240} INFO - Done. Returned value was: None
[2025-03-28T10:48:46.821+0000] {taskinstance.py:340} INFO - ::group::Post task execution logs
[2025-03-28T10:48:46.822+0000] {taskinstance.py:352} INFO - Marking task as SUCCESS. dag_id=air_quality_pipeline, task_id=store_data, run_id=manual__2025-03-27T09:09:42.304409+00:00, execution_date=20250327T090942, start_date=20250328T104845, end_date=20250328T104846
[2025-03-28T10:48:46.850+0000] {local_task_job_runner.py:266} INFO - Task exited with return code 0
[2025-03-28T10:48:46.913+0000] {taskinstance.py:3895} INFO - 1 downstream tasks scheduled from follow-on schedule check
[2025-03-28T10:48:46.963+0000] {local_task_job_runner.py:245} INFO - ::endgroup::
