[2025-03-28T17:20:09.803+0000] {local_task_job_runner.py:123} INFO - ::group::Pre task execution logs
[2025-03-28T17:20:09.847+0000] {taskinstance.py:2613} INFO - Dependencies all met for dep_context=non-requeueable deps ti=<TaskInstance: air_quality_monitoring_v3.collect_air_quality_data scheduled__2025-03-28T17:00:00+00:00 [queued]>
[2025-03-28T17:20:09.857+0000] {taskinstance.py:2613} INFO - Dependencies all met for dep_context=requeueable deps ti=<TaskInstance: air_quality_monitoring_v3.collect_air_quality_data scheduled__2025-03-28T17:00:00+00:00 [queued]>
[2025-03-28T17:20:09.858+0000] {taskinstance.py:2866} INFO - Starting attempt 1 of 4
[2025-03-28T17:20:09.874+0000] {taskinstance.py:2889} INFO - Executing <Task(PythonOperator): collect_air_quality_data> on 2025-03-28 17:00:00+00:00
[2025-03-28T17:20:09.883+0000] {standard_task_runner.py:104} INFO - Running: ['airflow', 'tasks', 'run', 'air_quality_monitoring_v3', 'collect_air_quality_data', 'scheduled__2025-03-28T17:00:00+00:00', '--job-id', '435', '--raw', '--subdir', 'DAGS_FOLDER/data_enriched_predict.py', '--cfg-path', '/tmp/tmpdkqc8fwr']
[2025-03-28T17:20:09.886+0000] {standard_task_runner.py:105} INFO - Job 435: Subtask collect_air_quality_data
[2025-03-28T17:20:09.886+0000] {logging_mixin.py:190} WARNING - /home/airflow/.local/lib/python3.12/site-packages/airflow/task/task_runner/standard_task_runner.py:70 DeprecationWarning: This process (pid=7467) is multi-threaded, use of fork() may lead to deadlocks in the child.
[2025-03-28T17:20:09.887+0000] {standard_task_runner.py:72} INFO - Started process 7492 to run task
[2025-03-28T17:20:10.033+0000] {task_command.py:467} INFO - Running <TaskInstance: air_quality_monitoring_v3.collect_air_quality_data scheduled__2025-03-28T17:00:00+00:00 [running]> on host 04906466de51
[2025-03-28T17:20:10.213+0000] {taskinstance.py:3132} INFO - Exporting env vars: AIRFLOW_CTX_DAG_OWNER='airflow' AIRFLOW_CTX_DAG_ID='air_quality_monitoring_v3' AIRFLOW_CTX_TASK_ID='collect_air_quality_data' AIRFLOW_CTX_EXECUTION_DATE='2025-03-28T17:00:00+00:00' AIRFLOW_CTX_TRY_NUMBER='1' AIRFLOW_CTX_DAG_RUN_ID='scheduled__2025-03-28T17:00:00+00:00'
[2025-03-28T17:20:10.215+0000] {taskinstance.py:731} INFO - ::endgroup::
[2025-03-28T17:20:10.227+0000] {data_enriched_predict.py:144} INFO - Collecte pour Lyon...
[2025-03-28T17:20:11.403+0000] {data_enriched_predict.py:101} INFO - Statut API : 200
[2025-03-28T17:20:11.404+0000] {data_enriched_predict.py:165} INFO - Données validées pour Lyon
[2025-03-28T17:20:11.728+0000] {data_enriched_predict.py:144} INFO - Collecte pour Paris...
[2025-03-28T17:20:12.767+0000] {data_enriched_predict.py:101} INFO - Statut API : 200
[2025-03-28T17:20:12.767+0000] {data_enriched_predict.py:165} INFO - Données validées pour Paris
[2025-03-28T17:20:13.230+0000] {data_enriched_predict.py:144} INFO - Collecte pour Marseille...
[2025-03-28T17:20:14.332+0000] {data_enriched_predict.py:101} INFO - Statut API : 200
[2025-03-28T17:20:14.333+0000] {data_enriched_predict.py:165} INFO - Données validées pour Marseille
[2025-03-28T17:20:14.737+0000] {data_enriched_predict.py:185} INFO - Début du stockage de 3 enregistrements
[2025-03-28T17:20:14.790+0000] {base.py:84} INFO - Retrieving connection 'postgres_data'
[2025-03-28T17:20:14.860+0000] {data_enriched_predict.py:214} INFO - Stockage réussi de 3 enregistrements
[2025-03-28T17:20:14.865+0000] {data_enriched_predict.py:219} INFO - Total en base : 14
[2025-03-28T17:20:14.866+0000] {python.py:240} INFO - Done. Returned value was: None
[2025-03-28T17:20:14.908+0000] {taskinstance.py:340} INFO - ::group::Post task execution logs
[2025-03-28T17:20:14.909+0000] {taskinstance.py:352} INFO - Marking task as SUCCESS. dag_id=air_quality_monitoring_v3, task_id=collect_air_quality_data, run_id=scheduled__2025-03-28T17:00:00+00:00, execution_date=20250328T170000, start_date=20250328T172009, end_date=20250328T172014
[2025-03-28T17:20:15.015+0000] {local_task_job_runner.py:266} INFO - Task exited with return code 0
[2025-03-28T17:20:15.068+0000] {taskinstance.py:3895} INFO - 1 downstream tasks scheduled from follow-on schedule check
[2025-03-28T17:20:15.070+0000] {local_task_job_runner.py:245} INFO - ::endgroup::
