[2025-03-28T10:49:39.809+0000] {local_task_job_runner.py:123} INFO - ::group::Pre task execution logs
[2025-03-28T10:49:39.867+0000] {taskinstance.py:2613} INFO - Dependencies all met for dep_context=non-requeueable deps ti=<TaskInstance: air_quality_pipeline.insert_data_mart scheduled__2025-03-27T09:00:00+00:00 [queued]>
[2025-03-28T10:49:39.881+0000] {taskinstance.py:2613} INFO - Dependencies all met for dep_context=requeueable deps ti=<TaskInstance: air_quality_pipeline.insert_data_mart scheduled__2025-03-27T09:00:00+00:00 [queued]>
[2025-03-28T10:49:39.882+0000] {taskinstance.py:2866} INFO - Starting attempt 1 of 2
[2025-03-28T10:49:39.935+0000] {taskinstance.py:2889} INFO - Executing <Task(PythonOperator): insert_data_mart> on 2025-03-27 09:00:00+00:00
[2025-03-28T10:49:39.943+0000] {standard_task_runner.py:104} INFO - Running: ['airflow', 'tasks', 'run', 'air_quality_pipeline', 'insert_data_mart', 'scheduled__2025-03-27T09:00:00+00:00', '--job-id', '306', '--raw', '--subdir', 'DAGS_FOLDER/data_pipeline.py', '--cfg-path', '/tmp/tmpg3royn5_']
[2025-03-28T10:49:39.945+0000] {standard_task_runner.py:105} INFO - Job 306: Subtask insert_data_mart
[2025-03-28T10:49:39.946+0000] {logging_mixin.py:190} WARNING - /home/airflow/.local/lib/python3.12/site-packages/airflow/task/task_runner/standard_task_runner.py:70 DeprecationWarning: This process (pid=986) is multi-threaded, use of fork() may lead to deadlocks in the child.
[2025-03-28T10:49:39.947+0000] {standard_task_runner.py:72} INFO - Started process 1000 to run task
[2025-03-28T10:49:40.216+0000] {task_command.py:467} INFO - Running <TaskInstance: air_quality_pipeline.insert_data_mart scheduled__2025-03-27T09:00:00+00:00 [running]> on host 6d0e87c01008
[2025-03-28T10:49:40.506+0000] {taskinstance.py:3132} INFO - Exporting env vars: AIRFLOW_CTX_DAG_OWNER='airflow' AIRFLOW_CTX_DAG_ID='air_quality_pipeline' AIRFLOW_CTX_TASK_ID='insert_data_mart' AIRFLOW_CTX_EXECUTION_DATE='2025-03-27T09:00:00+00:00' AIRFLOW_CTX_TRY_NUMBER='1' AIRFLOW_CTX_DAG_RUN_ID='scheduled__2025-03-27T09:00:00+00:00'
[2025-03-28T10:49:40.508+0000] {taskinstance.py:731} INFO - ::endgroup::
[2025-03-28T10:49:40.569+0000] {base.py:84} INFO - Retrieving connection 'postgres_data'
[2025-03-28T10:49:40.775+0000] {data_pipeline.py:198} INFO - Données insérées dans les Data Marts pour chaque ville
[2025-03-28T10:49:40.776+0000] {python.py:240} INFO - Done. Returned value was: None
[2025-03-28T10:49:40.931+0000] {taskinstance.py:340} INFO - ::group::Post task execution logs
[2025-03-28T10:49:40.932+0000] {taskinstance.py:352} INFO - Marking task as SUCCESS. dag_id=air_quality_pipeline, task_id=insert_data_mart, run_id=scheduled__2025-03-27T09:00:00+00:00, execution_date=20250327T090000, start_date=20250328T104939, end_date=20250328T104940
[2025-03-28T10:49:40.967+0000] {local_task_job_runner.py:266} INFO - Task exited with return code 0
[2025-03-28T10:49:41.021+0000] {taskinstance.py:3895} INFO - 0 downstream tasks scheduled from follow-on schedule check
[2025-03-28T10:49:41.025+0000] {local_task_job_runner.py:245} INFO - ::endgroup::
