[2025-03-28T16:28:15.778+0000] {local_task_job_runner.py:123} INFO - ::group::Pre task execution logs
[2025-03-28T16:28:15.825+0000] {taskinstance.py:2613} INFO - Dependencies all met for dep_context=non-requeueable deps ti=<TaskInstance: air_quality_monitoring_v3.initialize_database scheduled__2025-03-28T16:00:00+00:00 [queued]>
[2025-03-28T16:28:15.836+0000] {taskinstance.py:2613} INFO - Dependencies all met for dep_context=requeueable deps ti=<TaskInstance: air_quality_monitoring_v3.initialize_database scheduled__2025-03-28T16:00:00+00:00 [queued]>
[2025-03-28T16:28:15.837+0000] {taskinstance.py:2866} INFO - Starting attempt 1 of 4
[2025-03-28T16:28:15.853+0000] {taskinstance.py:2889} INFO - Executing <Task(PythonOperator): initialize_database> on 2025-03-28 16:00:00+00:00
[2025-03-28T16:28:15.868+0000] {standard_task_runner.py:104} INFO - Running: ['airflow', 'tasks', 'run', 'air_quality_monitoring_v3', 'initialize_database', 'scheduled__2025-03-28T16:00:00+00:00', '--job-id', '422', '--raw', '--subdir', 'DAGS_FOLDER/data_enriched_predict.py', '--cfg-path', '/tmp/tmpira6tqql']
[2025-03-28T16:28:15.871+0000] {standard_task_runner.py:105} INFO - Job 422: Subtask initialize_database
[2025-03-28T16:28:15.872+0000] {logging_mixin.py:190} WARNING - /home/airflow/.local/lib/python3.12/site-packages/airflow/task/task_runner/standard_task_runner.py:70 DeprecationWarning: This process (pid=5627) is multi-threaded, use of fork() may lead to deadlocks in the child.
[2025-03-28T16:28:15.873+0000] {standard_task_runner.py:72} INFO - Started process 5652 to run task
[2025-03-28T16:28:16.027+0000] {task_command.py:467} INFO - Running <TaskInstance: air_quality_monitoring_v3.initialize_database scheduled__2025-03-28T16:00:00+00:00 [running]> on host 04906466de51
[2025-03-28T16:28:16.234+0000] {taskinstance.py:3132} INFO - Exporting env vars: AIRFLOW_CTX_DAG_OWNER='airflow' AIRFLOW_CTX_DAG_ID='air_quality_monitoring_v3' AIRFLOW_CTX_TASK_ID='initialize_database' AIRFLOW_CTX_EXECUTION_DATE='2025-03-28T16:00:00+00:00' AIRFLOW_CTX_TRY_NUMBER='1' AIRFLOW_CTX_DAG_RUN_ID='scheduled__2025-03-28T16:00:00+00:00'
[2025-03-28T16:28:16.235+0000] {taskinstance.py:731} INFO - ::endgroup::
[2025-03-28T16:28:16.311+0000] {base.py:84} INFO - Retrieving connection 'postgres_data'
[2025-03-28T16:28:16.471+0000] {data_enriched_predict.py:73} INFO - Tables créées/réinitialisées avec succès
[2025-03-28T16:28:16.484+0000] {python.py:240} INFO - Done. Returned value was: None
[2025-03-28T16:28:16.543+0000] {taskinstance.py:340} INFO - ::group::Post task execution logs
[2025-03-28T16:28:16.544+0000] {taskinstance.py:352} INFO - Marking task as SUCCESS. dag_id=air_quality_monitoring_v3, task_id=initialize_database, run_id=scheduled__2025-03-28T16:00:00+00:00, execution_date=20250328T160000, start_date=20250328T162815, end_date=20250328T162816
[2025-03-28T16:28:16.611+0000] {local_task_job_runner.py:266} INFO - Task exited with return code 0
[2025-03-28T16:28:16.681+0000] {taskinstance.py:3895} INFO - 1 downstream tasks scheduled from follow-on schedule check
[2025-03-28T16:28:16.684+0000] {local_task_job_runner.py:245} INFO - ::endgroup::
