[2025-03-28T14:28:32.615+0000] {local_task_job_runner.py:123} INFO - ::group::Pre task execution logs
[2025-03-28T14:28:32.680+0000] {taskinstance.py:2613} INFO - Dependencies all met for dep_context=non-requeueable deps ti=<TaskInstance: air_quality_france_forecast.collect_data scheduled__2025-03-28T09:00:00+00:00 [queued]>
[2025-03-28T14:28:32.697+0000] {taskinstance.py:2613} INFO - Dependencies all met for dep_context=requeueable deps ti=<TaskInstance: air_quality_france_forecast.collect_data scheduled__2025-03-28T09:00:00+00:00 [queued]>
[2025-03-28T14:28:32.698+0000] {taskinstance.py:2866} INFO - Starting attempt 1 of 4
[2025-03-28T14:28:32.722+0000] {taskinstance.py:2889} INFO - Executing <Task(PythonOperator): collect_data> on 2025-03-28 09:00:00+00:00
[2025-03-28T14:28:32.755+0000] {logging_mixin.py:190} WARNING - /home/airflow/.local/lib/python3.12/site-packages/airflow/task/task_runner/standard_task_runner.py:70 DeprecationWarning: This process (pid=1329) is multi-threaded, use of fork() may lead to deadlocks in the child.
[2025-03-28T14:28:32.754+0000] {standard_task_runner.py:104} INFO - Running: ['airflow', 'tasks', 'run', 'air_quality_france_forecast', 'collect_data', 'scheduled__2025-03-28T09:00:00+00:00', '--job-id', '398', '--raw', '--subdir', 'DAGS_FOLDER/data_enriched_predict.py', '--cfg-path', '/tmp/tmp49jkcl1z']
[2025-03-28T14:28:32.757+0000] {standard_task_runner.py:72} INFO - Started process 1356 to run task
[2025-03-28T14:28:32.757+0000] {standard_task_runner.py:105} INFO - Job 398: Subtask collect_data
[2025-03-28T14:28:33.042+0000] {task_command.py:467} INFO - Running <TaskInstance: air_quality_france_forecast.collect_data scheduled__2025-03-28T09:00:00+00:00 [running]> on host 04906466de51
[2025-03-28T14:28:33.306+0000] {taskinstance.py:3132} INFO - Exporting env vars: AIRFLOW_CTX_DAG_EMAIL='fbleza5@gmail.com' AIRFLOW_CTX_DAG_OWNER='airflow' AIRFLOW_CTX_DAG_ID='air_quality_france_forecast' AIRFLOW_CTX_TASK_ID='collect_data' AIRFLOW_CTX_EXECUTION_DATE='2025-03-28T09:00:00+00:00' AIRFLOW_CTX_TRY_NUMBER='1' AIRFLOW_CTX_DAG_RUN_ID='scheduled__2025-03-28T09:00:00+00:00'
[2025-03-28T14:28:33.307+0000] {taskinstance.py:731} INFO - ::endgroup::
[2025-03-28T14:28:34.400+0000] {data_enriched_predict.py:73} INFO - Données collectées pour Lyon
[2025-03-28T14:28:37.011+0000] {data_enriched_predict.py:73} INFO - Données collectées pour Paris
[2025-03-28T14:28:39.571+0000] {data_enriched_predict.py:73} INFO - Données collectées pour Marseille
[2025-03-28T14:28:41.127+0000] {base.py:84} INFO - Retrieving connection 'postgres_data'
[2025-03-28T14:28:41.190+0000] {data_enriched_predict.py:107} ERROR - Erreur de base de données: The type of timestamp is not a SQLAlchemy type
[2025-03-28T14:28:41.230+0000] {base.py:84} INFO - Retrieving connection 'postgres_data'
[2025-03-28T14:28:41.272+0000] {logging_mixin.py:190} WARNING - /opt/airflow/dags/data_enriched_predict.py:117 UserWarning: pandas only supports SQLAlchemy connectable (engine/connection) or database string URI or sqlite3 DBAPI2 connection. Other DBAPI2 objects are not tested. Please consider using SQLAlchemy.
[2025-03-28T14:28:41.281+0000] {data_enriched_predict.py:119} ERROR - Erreur de chargement: Execution failed on sql '
        SELECT * FROM air_quality_measurements 
        WHERE timestamp >= NOW() - INTERVAL '90 days'
        ': relation "air_quality_measurements" does not exist
LINE 2:         SELECT * FROM air_quality_measurements 
                              ^

[2025-03-28T14:28:41.284+0000] {python.py:240} INFO - Done. Returned value was: None
[2025-03-28T14:28:41.329+0000] {taskinstance.py:340} INFO - ::group::Post task execution logs
[2025-03-28T14:28:41.330+0000] {taskinstance.py:352} INFO - Marking task as SUCCESS. dag_id=air_quality_france_forecast, task_id=collect_data, run_id=scheduled__2025-03-28T09:00:00+00:00, execution_date=20250328T090000, start_date=20250328T142832, end_date=20250328T142841
[2025-03-28T14:28:41.365+0000] {local_task_job_runner.py:266} INFO - Task exited with return code 0
[2025-03-28T14:28:41.533+0000] {taskinstance.py:3895} INFO - 1 downstream tasks scheduled from follow-on schedule check
[2025-03-28T14:28:41.535+0000] {local_task_job_runner.py:245} INFO - ::endgroup::
