[2025-03-28T15:42:11.940+0000] {local_task_job_runner.py:123} INFO - ::group::Pre task execution logs
[2025-03-28T15:42:12.012+0000] {taskinstance.py:2613} INFO - Dependencies all met for dep_context=non-requeueable deps ti=<TaskInstance: air_quality_france.create_tables manual__2025-03-28T15:42:07.358249+00:00 [queued]>
[2025-03-28T15:42:12.032+0000] {taskinstance.py:2613} INFO - Dependencies all met for dep_context=requeueable deps ti=<TaskInstance: air_quality_france.create_tables manual__2025-03-28T15:42:07.358249+00:00 [queued]>
[2025-03-28T15:42:12.033+0000] {taskinstance.py:2866} INFO - Starting attempt 1 of 3
[2025-03-28T15:42:12.062+0000] {taskinstance.py:2889} INFO - Executing <Task(PythonOperator): create_tables> on 2025-03-28 15:42:07.358249+00:00
[2025-03-28T15:42:12.077+0000] {standard_task_runner.py:104} INFO - Running: ['airflow', 'tasks', 'run', 'air_quality_france', 'create_tables', 'manual__2025-03-28T15:42:07.358249+00:00', '--job-id', '405', '--raw', '--subdir', 'DAGS_FOLDER/data_enriched_predict.py', '--cfg-path', '/tmp/tmpndq3sc3r']
[2025-03-28T15:42:12.081+0000] {standard_task_runner.py:105} INFO - Job 405: Subtask create_tables
[2025-03-28T15:42:12.081+0000] {logging_mixin.py:190} WARNING - /home/airflow/.local/lib/python3.12/site-packages/airflow/task/task_runner/standard_task_runner.py:70 DeprecationWarning: This process (pid=3740) is multi-threaded, use of fork() may lead to deadlocks in the child.
[2025-03-28T15:42:12.082+0000] {standard_task_runner.py:72} INFO - Started process 3765 to run task
[2025-03-28T15:42:12.292+0000] {task_command.py:467} INFO - Running <TaskInstance: air_quality_france.create_tables manual__2025-03-28T15:42:07.358249+00:00 [running]> on host 04906466de51
[2025-03-28T15:42:12.513+0000] {taskinstance.py:3132} INFO - Exporting env vars: AIRFLOW_CTX_DAG_OWNER='airflow' AIRFLOW_CTX_DAG_ID='air_quality_france' AIRFLOW_CTX_TASK_ID='create_tables' AIRFLOW_CTX_EXECUTION_DATE='2025-03-28T15:42:07.358249+00:00' AIRFLOW_CTX_TRY_NUMBER='1' AIRFLOW_CTX_DAG_RUN_ID='manual__2025-03-28T15:42:07.358249+00:00'
[2025-03-28T15:42:12.515+0000] {taskinstance.py:731} INFO - ::endgroup::
[2025-03-28T15:42:12.596+0000] {base.py:84} INFO - Retrieving connection 'postgres_data'
[2025-03-28T15:42:12.662+0000] {data_enriched_predict.py:60} INFO - Tables créées avec succès
[2025-03-28T15:42:12.663+0000] {python.py:240} INFO - Done. Returned value was: None
[2025-03-28T15:42:12.708+0000] {taskinstance.py:340} INFO - ::group::Post task execution logs
[2025-03-28T15:42:12.708+0000] {taskinstance.py:352} INFO - Marking task as SUCCESS. dag_id=air_quality_france, task_id=create_tables, run_id=manual__2025-03-28T15:42:07.358249+00:00, execution_date=20250328T154207, start_date=20250328T154212, end_date=20250328T154212
[2025-03-28T15:42:12.743+0000] {local_task_job_runner.py:266} INFO - Task exited with return code 0
[2025-03-28T15:42:12.815+0000] {taskinstance.py:3895} INFO - 1 downstream tasks scheduled from follow-on schedule check
[2025-03-28T15:42:12.819+0000] {local_task_job_runner.py:245} INFO - ::endgroup::
