[2025-03-29T01:40:20.373+0000] {local_task_job_runner.py:123} INFO - ::group::Pre task execution logs
[2025-03-29T01:40:20.420+0000] {taskinstance.py:2613} INFO - Dependencies all met for dep_context=non-requeueable deps ti=<TaskInstance: air_quality_monitoring_v3.generate_air_quality_forecasts scheduled__2025-03-29T01:20:00+00:00 [queued]>
[2025-03-29T01:40:20.431+0000] {taskinstance.py:2613} INFO - Dependencies all met for dep_context=requeueable deps ti=<TaskInstance: air_quality_monitoring_v3.generate_air_quality_forecasts scheduled__2025-03-29T01:20:00+00:00 [queued]>
[2025-03-29T01:40:20.432+0000] {taskinstance.py:2866} INFO - Starting attempt 1 of 4
[2025-03-29T01:40:20.448+0000] {taskinstance.py:2889} INFO - Executing <Task(PythonOperator): generate_air_quality_forecasts> on 2025-03-29 01:20:00+00:00
[2025-03-29T01:40:20.460+0000] {standard_task_runner.py:104} INFO - Running: ['airflow', 'tasks', 'run', 'air_quality_monitoring_v3', 'generate_air_quality_forecasts', 'scheduled__2025-03-29T01:20:00+00:00', '--job-id', '511', '--raw', '--subdir', 'DAGS_FOLDER/data_enriched_predict.py', '--cfg-path', '/tmp/tmpnvz75yyv']
[2025-03-29T01:40:20.462+0000] {standard_task_runner.py:105} INFO - Job 511: Subtask generate_air_quality_forecasts
[2025-03-29T01:40:20.463+0000] {logging_mixin.py:190} WARNING - /home/airflow/.local/lib/python3.12/site-packages/airflow/task/task_runner/standard_task_runner.py:70 DeprecationWarning: This process (pid=24199) is multi-threaded, use of fork() may lead to deadlocks in the child.
[2025-03-29T01:40:20.463+0000] {standard_task_runner.py:72} INFO - Started process 24224 to run task
[2025-03-29T01:40:20.626+0000] {task_command.py:467} INFO - Running <TaskInstance: air_quality_monitoring_v3.generate_air_quality_forecasts scheduled__2025-03-29T01:20:00+00:00 [running]> on host 04906466de51
[2025-03-29T01:40:20.857+0000] {taskinstance.py:3132} INFO - Exporting env vars: AIRFLOW_CTX_DAG_OWNER='airflow' AIRFLOW_CTX_DAG_ID='air_quality_monitoring_v3' AIRFLOW_CTX_TASK_ID='generate_air_quality_forecasts' AIRFLOW_CTX_EXECUTION_DATE='2025-03-29T01:20:00+00:00' AIRFLOW_CTX_TRY_NUMBER='1' AIRFLOW_CTX_DAG_RUN_ID='scheduled__2025-03-29T01:20:00+00:00'
[2025-03-29T01:40:20.858+0000] {taskinstance.py:731} INFO - ::endgroup::
[2025-03-29T01:40:20.922+0000] {base.py:84} INFO - Retrieving connection 'postgres_data'
[2025-03-29T01:40:20.925+0000] {data_enriched_predict.py:231} INFO - Chargement des données historiques...
[2025-03-29T01:40:20.991+0000] {data_enriched_predict.py:238} INFO - Nettoyage des données...
[2025-03-29T01:40:20.996+0000] {data_enriched_predict.py:252} INFO - Entraînement du modèle...
[2025-03-29T01:40:21.004+0000] {logging_mixin.py:190} WARNING - /home/airflow/.local/lib/python3.12/site-packages/sklearn/utils/extmath.py:1101 RuntimeWarning: invalid value encountered in divide
[2025-03-29T01:40:21.005+0000] {logging_mixin.py:190} WARNING - /home/airflow/.local/lib/python3.12/site-packages/sklearn/utils/extmath.py:1106 RuntimeWarning: invalid value encountered in divide
[2025-03-29T01:40:21.006+0000] {logging_mixin.py:190} WARNING - /home/airflow/.local/lib/python3.12/site-packages/sklearn/utils/extmath.py:1126 RuntimeWarning: invalid value encountered in divide
[2025-03-29T01:40:21.195+0000] {data_enriched_predict.py:266} INFO - Génération des prévisions...
[2025-03-29T01:40:21.200+0000] {logging_mixin.py:190} WARNING - /home/airflow/.local/lib/python3.12/site-packages/numpy/lib/nanfunctions.py:1215 RuntimeWarning: Mean of empty slice
[2025-03-29T01:40:21.201+0000] {logging_mixin.py:190} WARNING - /home/airflow/.local/lib/python3.12/site-packages/numpy/lib/nanfunctions.py:1215 RuntimeWarning: Mean of empty slice
[2025-03-29T01:40:21.202+0000] {logging_mixin.py:190} WARNING - /home/airflow/.local/lib/python3.12/site-packages/numpy/lib/nanfunctions.py:1215 RuntimeWarning: Mean of empty slice
[2025-03-29T01:40:21.203+0000] {logging_mixin.py:190} WARNING - /home/airflow/.local/lib/python3.12/site-packages/numpy/lib/nanfunctions.py:1215 RuntimeWarning: Mean of empty slice
[2025-03-29T01:40:21.204+0000] {logging_mixin.py:190} WARNING - /home/airflow/.local/lib/python3.12/site-packages/numpy/lib/nanfunctions.py:1215 RuntimeWarning: Mean of empty slice
[2025-03-29T01:40:21.205+0000] {logging_mixin.py:190} WARNING - /home/airflow/.local/lib/python3.12/site-packages/numpy/lib/nanfunctions.py:1215 RuntimeWarning: Mean of empty slice
[2025-03-29T01:40:21.207+0000] {logging_mixin.py:190} WARNING - /home/airflow/.local/lib/python3.12/site-packages/numpy/lib/nanfunctions.py:1215 RuntimeWarning: Mean of empty slice
[2025-03-29T01:40:21.208+0000] {logging_mixin.py:190} WARNING - /home/airflow/.local/lib/python3.12/site-packages/numpy/lib/nanfunctions.py:1215 RuntimeWarning: Mean of empty slice
[2025-03-29T01:40:21.209+0000] {logging_mixin.py:190} WARNING - /home/airflow/.local/lib/python3.12/site-packages/numpy/lib/nanfunctions.py:1215 RuntimeWarning: Mean of empty slice
[2025-03-29T01:40:21.210+0000] {logging_mixin.py:190} WARNING - /home/airflow/.local/lib/python3.12/site-packages/numpy/lib/nanfunctions.py:1215 RuntimeWarning: Mean of empty slice
[2025-03-29T01:40:21.211+0000] {logging_mixin.py:190} WARNING - /home/airflow/.local/lib/python3.12/site-packages/numpy/lib/nanfunctions.py:1215 RuntimeWarning: Mean of empty slice
[2025-03-29T01:40:21.212+0000] {logging_mixin.py:190} WARNING - /home/airflow/.local/lib/python3.12/site-packages/numpy/lib/nanfunctions.py:1215 RuntimeWarning: Mean of empty slice
[2025-03-29T01:40:21.213+0000] {logging_mixin.py:190} WARNING - /home/airflow/.local/lib/python3.12/site-packages/numpy/lib/nanfunctions.py:1215 RuntimeWarning: Mean of empty slice
[2025-03-29T01:40:21.215+0000] {logging_mixin.py:190} WARNING - /home/airflow/.local/lib/python3.12/site-packages/numpy/lib/nanfunctions.py:1215 RuntimeWarning: Mean of empty slice
[2025-03-29T01:40:21.216+0000] {logging_mixin.py:190} WARNING - /home/airflow/.local/lib/python3.12/site-packages/numpy/lib/nanfunctions.py:1215 RuntimeWarning: Mean of empty slice
[2025-03-29T01:40:21.217+0000] {logging_mixin.py:190} WARNING - /home/airflow/.local/lib/python3.12/site-packages/numpy/lib/nanfunctions.py:1215 RuntimeWarning: Mean of empty slice
[2025-03-29T01:40:21.218+0000] {logging_mixin.py:190} WARNING - /home/airflow/.local/lib/python3.12/site-packages/numpy/lib/nanfunctions.py:1215 RuntimeWarning: Mean of empty slice
[2025-03-29T01:40:21.219+0000] {logging_mixin.py:190} WARNING - /home/airflow/.local/lib/python3.12/site-packages/numpy/lib/nanfunctions.py:1215 RuntimeWarning: Mean of empty slice
[2025-03-29T01:40:21.220+0000] {logging_mixin.py:190} WARNING - /home/airflow/.local/lib/python3.12/site-packages/numpy/lib/nanfunctions.py:1215 RuntimeWarning: Mean of empty slice
[2025-03-29T01:40:21.221+0000] {logging_mixin.py:190} WARNING - /home/airflow/.local/lib/python3.12/site-packages/numpy/lib/nanfunctions.py:1215 RuntimeWarning: Mean of empty slice
[2025-03-29T01:40:21.223+0000] {logging_mixin.py:190} WARNING - /home/airflow/.local/lib/python3.12/site-packages/numpy/lib/nanfunctions.py:1215 RuntimeWarning: Mean of empty slice
[2025-03-29T01:40:21.224+0000] {logging_mixin.py:190} WARNING - /home/airflow/.local/lib/python3.12/site-packages/numpy/lib/nanfunctions.py:1215 RuntimeWarning: Mean of empty slice
[2025-03-29T01:40:21.225+0000] {logging_mixin.py:190} WARNING - /home/airflow/.local/lib/python3.12/site-packages/numpy/lib/nanfunctions.py:1215 RuntimeWarning: Mean of empty slice
[2025-03-29T01:40:21.226+0000] {logging_mixin.py:190} WARNING - /home/airflow/.local/lib/python3.12/site-packages/numpy/lib/nanfunctions.py:1215 RuntimeWarning: Mean of empty slice
[2025-03-29T01:40:21.227+0000] {logging_mixin.py:190} WARNING - /home/airflow/.local/lib/python3.12/site-packages/numpy/lib/nanfunctions.py:1215 RuntimeWarning: Mean of empty slice
[2025-03-29T01:40:21.228+0000] {logging_mixin.py:190} WARNING - /home/airflow/.local/lib/python3.12/site-packages/numpy/lib/nanfunctions.py:1215 RuntimeWarning: Mean of empty slice
[2025-03-29T01:40:21.230+0000] {logging_mixin.py:190} WARNING - /home/airflow/.local/lib/python3.12/site-packages/numpy/lib/nanfunctions.py:1215 RuntimeWarning: Mean of empty slice
[2025-03-29T01:40:21.231+0000] {logging_mixin.py:190} WARNING - /home/airflow/.local/lib/python3.12/site-packages/numpy/lib/nanfunctions.py:1215 RuntimeWarning: Mean of empty slice
[2025-03-29T01:40:21.231+0000] {logging_mixin.py:190} WARNING - /home/airflow/.local/lib/python3.12/site-packages/numpy/lib/nanfunctions.py:1215 RuntimeWarning: Mean of empty slice
[2025-03-29T01:40:21.232+0000] {logging_mixin.py:190} WARNING - /home/airflow/.local/lib/python3.12/site-packages/numpy/lib/nanfunctions.py:1215 RuntimeWarning: Mean of empty slice
[2025-03-29T01:40:21.233+0000] {logging_mixin.py:190} WARNING - /home/airflow/.local/lib/python3.12/site-packages/numpy/lib/nanfunctions.py:1215 RuntimeWarning: Mean of empty slice
[2025-03-29T01:40:21.235+0000] {logging_mixin.py:190} WARNING - /home/airflow/.local/lib/python3.12/site-packages/numpy/lib/nanfunctions.py:1215 RuntimeWarning: Mean of empty slice
[2025-03-29T01:40:21.236+0000] {logging_mixin.py:190} WARNING - /home/airflow/.local/lib/python3.12/site-packages/numpy/lib/nanfunctions.py:1215 RuntimeWarning: Mean of empty slice
[2025-03-29T01:40:21.237+0000] {logging_mixin.py:190} WARNING - /home/airflow/.local/lib/python3.12/site-packages/numpy/lib/nanfunctions.py:1215 RuntimeWarning: Mean of empty slice
[2025-03-29T01:40:21.238+0000] {logging_mixin.py:190} WARNING - /home/airflow/.local/lib/python3.12/site-packages/numpy/lib/nanfunctions.py:1215 RuntimeWarning: Mean of empty slice
[2025-03-29T01:40:21.239+0000] {logging_mixin.py:190} WARNING - /home/airflow/.local/lib/python3.12/site-packages/numpy/lib/nanfunctions.py:1215 RuntimeWarning: Mean of empty slice
[2025-03-29T01:40:21.240+0000] {logging_mixin.py:190} WARNING - /home/airflow/.local/lib/python3.12/site-packages/numpy/lib/nanfunctions.py:1215 RuntimeWarning: Mean of empty slice
[2025-03-29T01:40:21.241+0000] {logging_mixin.py:190} WARNING - /home/airflow/.local/lib/python3.12/site-packages/numpy/lib/nanfunctions.py:1215 RuntimeWarning: Mean of empty slice
[2025-03-29T01:40:21.242+0000] {logging_mixin.py:190} WARNING - /home/airflow/.local/lib/python3.12/site-packages/numpy/lib/nanfunctions.py:1215 RuntimeWarning: Mean of empty slice
[2025-03-29T01:40:21.243+0000] {logging_mixin.py:190} WARNING - /home/airflow/.local/lib/python3.12/site-packages/numpy/lib/nanfunctions.py:1215 RuntimeWarning: Mean of empty slice
[2025-03-29T01:40:21.245+0000] {logging_mixin.py:190} WARNING - /home/airflow/.local/lib/python3.12/site-packages/numpy/lib/nanfunctions.py:1215 RuntimeWarning: Mean of empty slice
[2025-03-29T01:40:21.246+0000] {logging_mixin.py:190} WARNING - /home/airflow/.local/lib/python3.12/site-packages/numpy/lib/nanfunctions.py:1215 RuntimeWarning: Mean of empty slice
[2025-03-29T01:40:21.247+0000] {logging_mixin.py:190} WARNING - /home/airflow/.local/lib/python3.12/site-packages/numpy/lib/nanfunctions.py:1215 RuntimeWarning: Mean of empty slice
[2025-03-29T01:40:21.248+0000] {logging_mixin.py:190} WARNING - /home/airflow/.local/lib/python3.12/site-packages/numpy/lib/nanfunctions.py:1215 RuntimeWarning: Mean of empty slice
[2025-03-29T01:40:21.249+0000] {logging_mixin.py:190} WARNING - /home/airflow/.local/lib/python3.12/site-packages/numpy/lib/nanfunctions.py:1215 RuntimeWarning: Mean of empty slice
[2025-03-29T01:40:21.250+0000] {logging_mixin.py:190} WARNING - /home/airflow/.local/lib/python3.12/site-packages/numpy/lib/nanfunctions.py:1215 RuntimeWarning: Mean of empty slice
[2025-03-29T01:40:21.251+0000] {logging_mixin.py:190} WARNING - /home/airflow/.local/lib/python3.12/site-packages/numpy/lib/nanfunctions.py:1215 RuntimeWarning: Mean of empty slice
[2025-03-29T01:40:21.252+0000] {logging_mixin.py:190} WARNING - /home/airflow/.local/lib/python3.12/site-packages/numpy/lib/nanfunctions.py:1215 RuntimeWarning: Mean of empty slice
[2025-03-29T01:40:21.254+0000] {logging_mixin.py:190} WARNING - /home/airflow/.local/lib/python3.12/site-packages/numpy/lib/nanfunctions.py:1215 RuntimeWarning: Mean of empty slice
[2025-03-29T01:40:21.255+0000] {logging_mixin.py:190} WARNING - /home/airflow/.local/lib/python3.12/site-packages/numpy/lib/nanfunctions.py:1215 RuntimeWarning: Mean of empty slice
[2025-03-29T01:40:21.256+0000] {logging_mixin.py:190} WARNING - /home/airflow/.local/lib/python3.12/site-packages/numpy/lib/nanfunctions.py:1215 RuntimeWarning: Mean of empty slice
[2025-03-29T01:40:21.257+0000] {logging_mixin.py:190} WARNING - /home/airflow/.local/lib/python3.12/site-packages/numpy/lib/nanfunctions.py:1215 RuntimeWarning: Mean of empty slice
[2025-03-29T01:40:21.258+0000] {logging_mixin.py:190} WARNING - /home/airflow/.local/lib/python3.12/site-packages/numpy/lib/nanfunctions.py:1215 RuntimeWarning: Mean of empty slice
[2025-03-29T01:40:21.259+0000] {logging_mixin.py:190} WARNING - /home/airflow/.local/lib/python3.12/site-packages/numpy/lib/nanfunctions.py:1215 RuntimeWarning: Mean of empty slice
[2025-03-29T01:40:21.260+0000] {logging_mixin.py:190} WARNING - /home/airflow/.local/lib/python3.12/site-packages/numpy/lib/nanfunctions.py:1215 RuntimeWarning: Mean of empty slice
[2025-03-29T01:40:21.261+0000] {logging_mixin.py:190} WARNING - /home/airflow/.local/lib/python3.12/site-packages/numpy/lib/nanfunctions.py:1215 RuntimeWarning: Mean of empty slice
[2025-03-29T01:40:21.262+0000] {logging_mixin.py:190} WARNING - /home/airflow/.local/lib/python3.12/site-packages/numpy/lib/nanfunctions.py:1215 RuntimeWarning: Mean of empty slice
[2025-03-29T01:40:21.264+0000] {logging_mixin.py:190} WARNING - /home/airflow/.local/lib/python3.12/site-packages/numpy/lib/nanfunctions.py:1215 RuntimeWarning: Mean of empty slice
[2025-03-29T01:40:21.265+0000] {logging_mixin.py:190} WARNING - /home/airflow/.local/lib/python3.12/site-packages/numpy/lib/nanfunctions.py:1215 RuntimeWarning: Mean of empty slice
[2025-03-29T01:40:21.266+0000] {logging_mixin.py:190} WARNING - /home/airflow/.local/lib/python3.12/site-packages/numpy/lib/nanfunctions.py:1215 RuntimeWarning: Mean of empty slice
[2025-03-29T01:40:21.267+0000] {logging_mixin.py:190} WARNING - /home/airflow/.local/lib/python3.12/site-packages/numpy/lib/nanfunctions.py:1215 RuntimeWarning: Mean of empty slice
[2025-03-29T01:40:21.268+0000] {logging_mixin.py:190} WARNING - /home/airflow/.local/lib/python3.12/site-packages/numpy/lib/nanfunctions.py:1215 RuntimeWarning: Mean of empty slice
[2025-03-29T01:40:21.269+0000] {logging_mixin.py:190} WARNING - /home/airflow/.local/lib/python3.12/site-packages/numpy/lib/nanfunctions.py:1215 RuntimeWarning: Mean of empty slice
[2025-03-29T01:40:21.270+0000] {logging_mixin.py:190} WARNING - /home/airflow/.local/lib/python3.12/site-packages/numpy/lib/nanfunctions.py:1215 RuntimeWarning: Mean of empty slice
[2025-03-29T01:40:21.271+0000] {logging_mixin.py:190} WARNING - /home/airflow/.local/lib/python3.12/site-packages/numpy/lib/nanfunctions.py:1215 RuntimeWarning: Mean of empty slice
[2025-03-29T01:40:21.272+0000] {logging_mixin.py:190} WARNING - /home/airflow/.local/lib/python3.12/site-packages/numpy/lib/nanfunctions.py:1215 RuntimeWarning: Mean of empty slice
[2025-03-29T01:40:21.273+0000] {logging_mixin.py:190} WARNING - /home/airflow/.local/lib/python3.12/site-packages/numpy/lib/nanfunctions.py:1215 RuntimeWarning: Mean of empty slice
[2025-03-29T01:40:21.275+0000] {logging_mixin.py:190} WARNING - /home/airflow/.local/lib/python3.12/site-packages/numpy/lib/nanfunctions.py:1215 RuntimeWarning: Mean of empty slice
[2025-03-29T01:40:21.277+0000] {logging_mixin.py:190} WARNING - /home/airflow/.local/lib/python3.12/site-packages/numpy/lib/nanfunctions.py:1215 RuntimeWarning: Mean of empty slice
[2025-03-29T01:40:21.278+0000] {logging_mixin.py:190} WARNING - /home/airflow/.local/lib/python3.12/site-packages/numpy/lib/nanfunctions.py:1215 RuntimeWarning: Mean of empty slice
[2025-03-29T01:40:21.280+0000] {logging_mixin.py:190} WARNING - /home/airflow/.local/lib/python3.12/site-packages/numpy/lib/nanfunctions.py:1215 RuntimeWarning: Mean of empty slice
[2025-03-29T01:40:21.281+0000] {logging_mixin.py:190} WARNING - /home/airflow/.local/lib/python3.12/site-packages/numpy/lib/nanfunctions.py:1215 RuntimeWarning: Mean of empty slice
[2025-03-29T01:40:21.282+0000] {logging_mixin.py:190} WARNING - /home/airflow/.local/lib/python3.12/site-packages/numpy/lib/nanfunctions.py:1215 RuntimeWarning: Mean of empty slice
[2025-03-29T01:40:21.284+0000] {logging_mixin.py:190} WARNING - /home/airflow/.local/lib/python3.12/site-packages/numpy/lib/nanfunctions.py:1215 RuntimeWarning: Mean of empty slice
[2025-03-29T01:40:21.285+0000] {logging_mixin.py:190} WARNING - /home/airflow/.local/lib/python3.12/site-packages/numpy/lib/nanfunctions.py:1215 RuntimeWarning: Mean of empty slice
[2025-03-29T01:40:21.286+0000] {logging_mixin.py:190} WARNING - /home/airflow/.local/lib/python3.12/site-packages/numpy/lib/nanfunctions.py:1215 RuntimeWarning: Mean of empty slice
[2025-03-29T01:40:21.287+0000] {logging_mixin.py:190} WARNING - /home/airflow/.local/lib/python3.12/site-packages/numpy/lib/nanfunctions.py:1215 RuntimeWarning: Mean of empty slice
[2025-03-29T01:40:21.288+0000] {logging_mixin.py:190} WARNING - /home/airflow/.local/lib/python3.12/site-packages/numpy/lib/nanfunctions.py:1215 RuntimeWarning: Mean of empty slice
[2025-03-29T01:40:21.290+0000] {logging_mixin.py:190} WARNING - /home/airflow/.local/lib/python3.12/site-packages/numpy/lib/nanfunctions.py:1215 RuntimeWarning: Mean of empty slice
[2025-03-29T01:40:21.291+0000] {logging_mixin.py:190} WARNING - /home/airflow/.local/lib/python3.12/site-packages/numpy/lib/nanfunctions.py:1215 RuntimeWarning: Mean of empty slice
[2025-03-29T01:40:21.292+0000] {logging_mixin.py:190} WARNING - /home/airflow/.local/lib/python3.12/site-packages/numpy/lib/nanfunctions.py:1215 RuntimeWarning: Mean of empty slice
[2025-03-29T01:40:21.293+0000] {logging_mixin.py:190} WARNING - /home/airflow/.local/lib/python3.12/site-packages/numpy/lib/nanfunctions.py:1215 RuntimeWarning: Mean of empty slice
[2025-03-29T01:40:21.294+0000] {logging_mixin.py:190} WARNING - /home/airflow/.local/lib/python3.12/site-packages/numpy/lib/nanfunctions.py:1215 RuntimeWarning: Mean of empty slice
[2025-03-29T01:40:21.295+0000] {logging_mixin.py:190} WARNING - /home/airflow/.local/lib/python3.12/site-packages/numpy/lib/nanfunctions.py:1215 RuntimeWarning: Mean of empty slice
[2025-03-29T01:40:21.337+0000] {data_enriched_predict.py:295} INFO - Stockage des prévisions...
[2025-03-29T01:40:21.351+0000] {data_enriched_predict.py:307} INFO - 84 prévisions stockées
[2025-03-29T01:40:21.352+0000] {python.py:240} INFO - Done. Returned value was: None
[2025-03-29T01:40:21.393+0000] {taskinstance.py:340} INFO - ::group::Post task execution logs
[2025-03-29T01:40:21.394+0000] {taskinstance.py:352} INFO - Marking task as SUCCESS. dag_id=air_quality_monitoring_v3, task_id=generate_air_quality_forecasts, run_id=scheduled__2025-03-29T01:20:00+00:00, execution_date=20250329T012000, start_date=20250329T014020, end_date=20250329T014021
[2025-03-29T01:40:21.441+0000] {local_task_job_runner.py:266} INFO - Task exited with return code 0
[2025-03-29T01:40:21.491+0000] {taskinstance.py:3895} INFO - 0 downstream tasks scheduled from follow-on schedule check
[2025-03-29T01:40:21.494+0000] {local_task_job_runner.py:245} INFO - ::endgroup::
