[2025-03-31T20:00:09.304+0000] {local_task_job_runner.py:123} INFO - ::group::Pre task execution logs
[2025-03-31T20:00:09.350+0000] {taskinstance.py:2613} INFO - Dependencies all met for dep_context=non-requeueable deps ti=<TaskInstance: air_quality_pipeline.transform_data scheduled__2025-03-31T18:00:00+00:00 [queued]>
[2025-03-31T20:00:09.361+0000] {taskinstance.py:2613} INFO - Dependencies all met for dep_context=requeueable deps ti=<TaskInstance: air_quality_pipeline.transform_data scheduled__2025-03-31T18:00:00+00:00 [queued]>
[2025-03-31T20:00:09.361+0000] {taskinstance.py:2866} INFO - Starting attempt 1 of 2
[2025-03-31T20:00:09.375+0000] {taskinstance.py:2889} INFO - Executing <Task(PythonOperator): transform_data> on 2025-03-31 18:00:00+00:00
[2025-03-31T20:00:09.383+0000] {standard_task_runner.py:104} INFO - Running: ['airflow', 'tasks', 'run', 'air_quality_pipeline', 'transform_data', 'scheduled__2025-03-31T18:00:00+00:00', '--job-id', '706', '--raw', '--subdir', 'DAGS_FOLDER/data_pipeline.py', '--cfg-path', '/tmp/tmpzoby7x1u']
[2025-03-31T20:00:09.386+0000] {standard_task_runner.py:105} INFO - Job 706: Subtask transform_data
[2025-03-31T20:00:09.387+0000] {logging_mixin.py:190} WARNING - /home/airflow/.local/lib/python3.12/site-packages/airflow/task/task_runner/standard_task_runner.py:70 DeprecationWarning: This process (pid=3796) is multi-threaded, use of fork() may lead to deadlocks in the child.
[2025-03-31T20:00:09.388+0000] {standard_task_runner.py:72} INFO - Started process 3810 to run task
[2025-03-31T20:00:09.535+0000] {task_command.py:467} INFO - Running <TaskInstance: air_quality_pipeline.transform_data scheduled__2025-03-31T18:00:00+00:00 [running]> on host 04906466de51
[2025-03-31T20:00:09.751+0000] {taskinstance.py:3132} INFO - Exporting env vars: AIRFLOW_CTX_DAG_EMAIL='fbleza5@gmail.com' AIRFLOW_CTX_DAG_OWNER='airflow' AIRFLOW_CTX_DAG_ID='air_quality_pipeline' AIRFLOW_CTX_TASK_ID='transform_data' AIRFLOW_CTX_EXECUTION_DATE='2025-03-31T18:00:00+00:00' AIRFLOW_CTX_TRY_NUMBER='1' AIRFLOW_CTX_DAG_RUN_ID='scheduled__2025-03-31T18:00:00+00:00'
[2025-03-31T20:00:09.753+0000] {taskinstance.py:731} INFO - ::endgroup::
[2025-03-31T20:00:11.082+0000] {base.py:84} INFO - Retrieving connection 'postgres_data'
[2025-03-31T20:00:11.134+0000] {data_pipeline.py:55} INFO - Données brutes insérées pour Paris dans Data Lake
[2025-03-31T20:00:12.337+0000] {base.py:84} INFO - Retrieving connection 'postgres_data'
[2025-03-31T20:00:12.385+0000] {data_pipeline.py:55} INFO - Données brutes insérées pour Lyon dans Data Lake
[2025-03-31T20:00:13.590+0000] {base.py:84} INFO - Retrieving connection 'postgres_data'
[2025-03-31T20:00:13.634+0000] {data_pipeline.py:55} INFO - Données brutes insérées pour Lille dans Data Lake
[2025-03-31T20:00:14.751+0000] {base.py:84} INFO - Retrieving connection 'postgres_data'
[2025-03-31T20:00:14.791+0000] {data_pipeline.py:55} INFO - Données brutes insérées pour Marseille dans Data Lake
[2025-03-31T20:00:16.017+0000] {base.py:84} INFO - Retrieving connection 'postgres_data'
[2025-03-31T20:00:16.170+0000] {data_pipeline.py:55} INFO - Données brutes insérées pour Montpellier dans Data Lake
[2025-03-31T20:00:16.239+0000] {base.py:84} INFO - Retrieving connection 'postgres_data'
[2025-03-31T20:00:16.451+0000] {data_pipeline.py:141} INFO - Données insérées dans le Data Warehouse
[2025-03-31T20:00:16.451+0000] {data_pipeline.py:100} INFO - Données transformées et stockées dans le Data Warehouse
[2025-03-31T20:00:16.452+0000] {python.py:240} INFO - Done. Returned value was:             city           timestamp  temperature  ...  aqi  pm25  pm10
0          Paris 2025-03-31 21:00:00           12  ...   58    58    18
1          Paris 2025-04-01 00:00:00           10  ...   58    58    18
2          Paris 2025-04-01 03:00:00            7  ...   58    58    18
3          Paris 2025-04-01 06:00:00            4  ...   58    58    18
4          Paris 2025-04-01 09:00:00           10  ...   58    58    18
..           ...                 ...          ...  ...  ...   ...   ...
195  Montpellier 2025-04-05 06:00:00           11  ...   38    15     9
196  Montpellier 2025-04-05 09:00:00           15  ...   38    15     9
197  Montpellier 2025-04-05 12:00:00           17  ...   38    15     9
198  Montpellier 2025-04-05 15:00:00           18  ...   38    15     9
199  Montpellier 2025-04-05 18:00:00           15  ...   38    15     9

[200 rows x 8 columns]
[2025-03-31T20:00:16.659+0000] {taskinstance.py:340} INFO - ::group::Post task execution logs
[2025-03-31T20:00:16.659+0000] {taskinstance.py:352} INFO - Marking task as SUCCESS. dag_id=air_quality_pipeline, task_id=transform_data, run_id=scheduled__2025-03-31T18:00:00+00:00, execution_date=20250331T180000, start_date=20250331T200009, end_date=20250331T200016
[2025-03-31T20:00:16.707+0000] {local_task_job_runner.py:266} INFO - Task exited with return code 0
[2025-03-31T20:00:16.763+0000] {taskinstance.py:3895} INFO - 1 downstream tasks scheduled from follow-on schedule check
[2025-03-31T20:00:16.766+0000] {local_task_job_runner.py:245} INFO - ::endgroup::
