[2025-03-30T20:28:22.941+0000] {local_task_job_runner.py:123} INFO - ::group::Pre task execution logs
[2025-03-30T20:28:22.988+0000] {taskinstance.py:2613} INFO - Dependencies all met for dep_context=non-requeueable deps ti=<TaskInstance: air_quality_advanced.collect_data scheduled__2025-03-30T20:00:00+00:00 [queued]>
[2025-03-30T20:28:22.999+0000] {taskinstance.py:2613} INFO - Dependencies all met for dep_context=requeueable deps ti=<TaskInstance: air_quality_advanced.collect_data scheduled__2025-03-30T20:00:00+00:00 [queued]>
[2025-03-30T20:28:23.000+0000] {taskinstance.py:2866} INFO - Starting attempt 1 of 4
[2025-03-30T20:28:23.017+0000] {taskinstance.py:2889} INFO - Executing <Task(PythonOperator): collect_data> on 2025-03-30 20:00:00+00:00
[2025-03-30T20:28:23.023+0000] {standard_task_runner.py:104} INFO - Running: ['airflow', 'tasks', 'run', 'air_quality_advanced', 'collect_data', 'scheduled__2025-03-30T20:00:00+00:00', '--job-id', '615', '--raw', '--subdir', 'DAGS_FOLDER/data_enriched_predict.py', '--cfg-path', '/tmp/tmp9qptyb3o']
[2025-03-30T20:28:23.026+0000] {standard_task_runner.py:105} INFO - Job 615: Subtask collect_data
[2025-03-30T20:28:23.027+0000] {logging_mixin.py:190} WARNING - /home/airflow/.local/lib/python3.12/site-packages/airflow/task/task_runner/standard_task_runner.py:70 DeprecationWarning: This process (pid=176) is multi-threaded, use of fork() may lead to deadlocks in the child.
[2025-03-30T20:28:23.027+0000] {standard_task_runner.py:72} INFO - Started process 201 to run task
[2025-03-30T20:28:23.176+0000] {task_command.py:467} INFO - Running <TaskInstance: air_quality_advanced.collect_data scheduled__2025-03-30T20:00:00+00:00 [running]> on host 04906466de51
[2025-03-30T20:28:23.349+0000] {taskinstance.py:3132} INFO - Exporting env vars: AIRFLOW_CTX_DAG_OWNER='airflow' AIRFLOW_CTX_DAG_ID='air_quality_advanced' AIRFLOW_CTX_TASK_ID='collect_data' AIRFLOW_CTX_EXECUTION_DATE='2025-03-30T20:00:00+00:00' AIRFLOW_CTX_TRY_NUMBER='1' AIRFLOW_CTX_DAG_RUN_ID='scheduled__2025-03-30T20:00:00+00:00'
[2025-03-30T20:28:23.350+0000] {taskinstance.py:731} INFO - ::endgroup::
[2025-03-30T20:28:24.448+0000] {data_enriched_predict.py:110} INFO - Données collectées pour Paris
[2025-03-30T20:28:26.111+0000] {base.py:84} INFO - Retrieving connection 'postgres_data'
[2025-03-30T20:28:26.170+0000] {data_enriched_predict.py:134} INFO - 1 mesures stockées
[2025-03-30T20:28:26.172+0000] {python.py:240} INFO - Done. Returned value was: None
[2025-03-30T20:28:26.325+0000] {taskinstance.py:340} INFO - ::group::Post task execution logs
[2025-03-30T20:28:26.326+0000] {taskinstance.py:352} INFO - Marking task as SUCCESS. dag_id=air_quality_advanced, task_id=collect_data, run_id=scheduled__2025-03-30T20:00:00+00:00, execution_date=20250330T200000, start_date=20250330T202822, end_date=20250330T202826
[2025-03-30T20:28:26.385+0000] {local_task_job_runner.py:266} INFO - Task exited with return code 0
[2025-03-30T20:28:26.462+0000] {taskinstance.py:3895} INFO - 1 downstream tasks scheduled from follow-on schedule check
[2025-03-30T20:28:26.466+0000] {local_task_job_runner.py:245} INFO - ::endgroup::
