[2025-03-28T16:07:53.549+0000] {local_task_job_runner.py:123} INFO - ::group::Pre task execution logs
[2025-03-28T16:07:53.603+0000] {taskinstance.py:2613} INFO - Dependencies all met for dep_context=non-requeueable deps ti=<TaskInstance: air_quality_france_pro.collect_high_frequency_data manual__2025-03-28T16:07:27.676098+00:00 [queued]>
[2025-03-28T16:07:53.616+0000] {taskinstance.py:2613} INFO - Dependencies all met for dep_context=requeueable deps ti=<TaskInstance: air_quality_france_pro.collect_high_frequency_data manual__2025-03-28T16:07:27.676098+00:00 [queued]>
[2025-03-28T16:07:53.617+0000] {taskinstance.py:2866} INFO - Starting attempt 1 of 4
[2025-03-28T16:07:53.638+0000] {taskinstance.py:2889} INFO - Executing <Task(PythonOperator): collect_high_frequency_data> on 2025-03-28 16:07:27.676098+00:00
[2025-03-28T16:07:53.648+0000] {standard_task_runner.py:104} INFO - Running: ['airflow', 'tasks', 'run', 'air_quality_france_pro', 'collect_high_frequency_data', 'manual__2025-03-28T16:07:27.676098+00:00', '--job-id', '416', '--raw', '--subdir', 'DAGS_FOLDER/data_enriched_predict.py', '--cfg-path', '/tmp/tmp4e3ivxd7']
[2025-03-28T16:07:53.651+0000] {standard_task_runner.py:105} INFO - Job 416: Subtask collect_high_frequency_data
[2025-03-28T16:07:53.651+0000] {logging_mixin.py:190} WARNING - /home/airflow/.local/lib/python3.12/site-packages/airflow/task/task_runner/standard_task_runner.py:70 DeprecationWarning: This process (pid=4826) is multi-threaded, use of fork() may lead to deadlocks in the child.
[2025-03-28T16:07:53.652+0000] {standard_task_runner.py:72} INFO - Started process 4851 to run task
[2025-03-28T16:07:53.819+0000] {task_command.py:467} INFO - Running <TaskInstance: air_quality_france_pro.collect_high_frequency_data manual__2025-03-28T16:07:27.676098+00:00 [running]> on host 04906466de51
[2025-03-28T16:07:54.026+0000] {taskinstance.py:3132} INFO - Exporting env vars: AIRFLOW_CTX_DAG_OWNER='airflow' AIRFLOW_CTX_DAG_ID='air_quality_france_pro' AIRFLOW_CTX_TASK_ID='collect_high_frequency_data' AIRFLOW_CTX_EXECUTION_DATE='2025-03-28T16:07:27.676098+00:00' AIRFLOW_CTX_TRY_NUMBER='1' AIRFLOW_CTX_DAG_RUN_ID='manual__2025-03-28T16:07:27.676098+00:00'
[2025-03-28T16:07:54.028+0000] {taskinstance.py:731} INFO - ::endgroup::
[2025-03-28T16:07:55.191+0000] {data_enriched_predict.py:111} ERROR - Erreur API 429: {"status":"fail","data":{"message":"Too Many Requests"}}
[2025-03-28T16:07:56.348+0000] {data_enriched_predict.py:111} ERROR - Erreur API 429: {"status":"fail","data":{"message":"Too Many Requests"}}
[2025-03-28T16:07:57.558+0000] {data_enriched_predict.py:111} ERROR - Erreur API 429: {"status":"fail","data":{"message":"Too Many Requests"}}
[2025-03-28T16:07:58.745+0000] {data_enriched_predict.py:111} ERROR - Erreur API 429: {"status":"fail","data":{"message":"Too Many Requests"}}
[2025-03-28T16:07:59.888+0000] {data_enriched_predict.py:111} ERROR - Erreur API 429: {"status":"fail","data":{"message":"Too Many Requests"}}
[2025-03-28T16:08:00.044+0000] {python.py:240} INFO - Done. Returned value was: None
[2025-03-28T16:08:00.091+0000] {taskinstance.py:340} INFO - ::group::Post task execution logs
[2025-03-28T16:08:00.092+0000] {taskinstance.py:352} INFO - Marking task as SUCCESS. dag_id=air_quality_france_pro, task_id=collect_high_frequency_data, run_id=manual__2025-03-28T16:07:27.676098+00:00, execution_date=20250328T160727, start_date=20250328T160753, end_date=20250328T160800
[2025-03-28T16:08:00.133+0000] {local_task_job_runner.py:266} INFO - Task exited with return code 0
[2025-03-28T16:08:00.186+0000] {taskinstance.py:3895} INFO - 1 downstream tasks scheduled from follow-on schedule check
[2025-03-28T16:08:00.189+0000] {local_task_job_runner.py:245} INFO - ::endgroup::
