[2025-03-28T21:20:09.001+0000] {local_task_job_runner.py:123} INFO - ::group::Pre task execution logs
[2025-03-28T21:20:09.045+0000] {taskinstance.py:2613} INFO - Dependencies all met for dep_context=non-requeueable deps ti=<TaskInstance: air_quality_monitoring_v3.collect_air_quality_data scheduled__2025-03-28T21:00:00+00:00 [queued]>
[2025-03-28T21:20:09.057+0000] {taskinstance.py:2613} INFO - Dependencies all met for dep_context=requeueable deps ti=<TaskInstance: air_quality_monitoring_v3.collect_air_quality_data scheduled__2025-03-28T21:00:00+00:00 [queued]>
[2025-03-28T21:20:09.058+0000] {taskinstance.py:2866} INFO - Starting attempt 1 of 4
[2025-03-28T21:20:09.073+0000] {taskinstance.py:2889} INFO - Executing <Task(PythonOperator): collect_air_quality_data> on 2025-03-28 21:00:00+00:00
[2025-03-28T21:20:09.081+0000] {standard_task_runner.py:104} INFO - Running: ['airflow', 'tasks', 'run', 'air_quality_monitoring_v3', 'collect_air_quality_data', 'scheduled__2025-03-28T21:00:00+00:00', '--job-id', '471', '--raw', '--subdir', 'DAGS_FOLDER/data_enriched_predict.py', '--cfg-path', '/tmp/tmpxxrdyy0p']
[2025-03-28T21:20:09.084+0000] {standard_task_runner.py:105} INFO - Job 471: Subtask collect_air_quality_data
[2025-03-28T21:20:09.085+0000] {logging_mixin.py:190} WARNING - /home/airflow/.local/lib/python3.12/site-packages/airflow/task/task_runner/standard_task_runner.py:70 DeprecationWarning: This process (pid=15312) is multi-threaded, use of fork() may lead to deadlocks in the child.
[2025-03-28T21:20:09.085+0000] {standard_task_runner.py:72} INFO - Started process 15337 to run task
[2025-03-28T21:20:09.239+0000] {task_command.py:467} INFO - Running <TaskInstance: air_quality_monitoring_v3.collect_air_quality_data scheduled__2025-03-28T21:00:00+00:00 [running]> on host 04906466de51
[2025-03-28T21:20:09.550+0000] {taskinstance.py:3132} INFO - Exporting env vars: AIRFLOW_CTX_DAG_OWNER='airflow' AIRFLOW_CTX_DAG_ID='air_quality_monitoring_v3' AIRFLOW_CTX_TASK_ID='collect_air_quality_data' AIRFLOW_CTX_EXECUTION_DATE='2025-03-28T21:00:00+00:00' AIRFLOW_CTX_TRY_NUMBER='1' AIRFLOW_CTX_DAG_RUN_ID='scheduled__2025-03-28T21:00:00+00:00'
[2025-03-28T21:20:09.553+0000] {taskinstance.py:731} INFO - ::endgroup::
[2025-03-28T21:20:09.569+0000] {data_enriched_predict.py:144} INFO - Collecte pour Lyon...
[2025-03-28T21:20:10.675+0000] {data_enriched_predict.py:101} INFO - Statut API : 200
[2025-03-28T21:20:10.677+0000] {data_enriched_predict.py:165} INFO - Données validées pour Lyon
[2025-03-28T21:20:11.071+0000] {data_enriched_predict.py:144} INFO - Collecte pour Paris...
[2025-03-28T21:20:12.175+0000] {data_enriched_predict.py:101} INFO - Statut API : 200
[2025-03-28T21:20:12.177+0000] {data_enriched_predict.py:165} INFO - Données validées pour Paris
[2025-03-28T21:20:12.572+0000] {data_enriched_predict.py:144} INFO - Collecte pour Marseille...
[2025-03-28T21:20:13.602+0000] {data_enriched_predict.py:101} INFO - Statut API : 200
[2025-03-28T21:20:13.603+0000] {data_enriched_predict.py:165} INFO - Données validées pour Marseille
[2025-03-28T21:20:14.083+0000] {data_enriched_predict.py:185} INFO - Début du stockage de 3 enregistrements
[2025-03-28T21:20:14.141+0000] {base.py:84} INFO - Retrieving connection 'postgres_data'
[2025-03-28T21:20:14.312+0000] {data_enriched_predict.py:214} INFO - Stockage réussi de 3 enregistrements
[2025-03-28T21:20:14.315+0000] {data_enriched_predict.py:219} INFO - Total en base : 50
[2025-03-28T21:20:14.317+0000] {python.py:240} INFO - Done. Returned value was: None
[2025-03-28T21:20:14.457+0000] {taskinstance.py:340} INFO - ::group::Post task execution logs
[2025-03-28T21:20:14.458+0000] {taskinstance.py:352} INFO - Marking task as SUCCESS. dag_id=air_quality_monitoring_v3, task_id=collect_air_quality_data, run_id=scheduled__2025-03-28T21:00:00+00:00, execution_date=20250328T210000, start_date=20250328T212009, end_date=20250328T212014
[2025-03-28T21:20:14.516+0000] {local_task_job_runner.py:266} INFO - Task exited with return code 0
[2025-03-28T21:20:14.564+0000] {taskinstance.py:3895} INFO - 1 downstream tasks scheduled from follow-on schedule check
[2025-03-28T21:20:14.567+0000] {local_task_job_runner.py:245} INFO - ::endgroup::
