[2025-03-30T20:38:23.444+0000] {local_task_job_runner.py:123} INFO - ::group::Pre task execution logs
[2025-03-30T20:38:23.489+0000] {taskinstance.py:2613} INFO - Dependencies all met for dep_context=non-requeueable deps ti=<TaskInstance: air_quality_advanced.init_tables manual__2025-03-30T20:38:19.033933+00:00 [queued]>
[2025-03-30T20:38:23.500+0000] {taskinstance.py:2613} INFO - Dependencies all met for dep_context=requeueable deps ti=<TaskInstance: air_quality_advanced.init_tables manual__2025-03-30T20:38:19.033933+00:00 [queued]>
[2025-03-30T20:38:23.501+0000] {taskinstance.py:2866} INFO - Starting attempt 1 of 4
[2025-03-30T20:38:23.516+0000] {taskinstance.py:2889} INFO - Executing <Task(PythonOperator): init_tables> on 2025-03-30 20:38:19.033933+00:00
[2025-03-30T20:38:23.524+0000] {standard_task_runner.py:104} INFO - Running: ['airflow', 'tasks', 'run', 'air_quality_advanced', 'init_tables', 'manual__2025-03-30T20:38:19.033933+00:00', '--job-id', '619', '--raw', '--subdir', 'DAGS_FOLDER/data_enriched_predict.py', '--cfg-path', '/tmp/tmpi8cws18x']
[2025-03-30T20:38:23.527+0000] {standard_task_runner.py:105} INFO - Job 619: Subtask init_tables
[2025-03-30T20:38:23.528+0000] {logging_mixin.py:190} WARNING - /home/airflow/.local/lib/python3.12/site-packages/airflow/task/task_runner/standard_task_runner.py:70 DeprecationWarning: This process (pid=582) is multi-threaded, use of fork() may lead to deadlocks in the child.
[2025-03-30T20:38:23.528+0000] {standard_task_runner.py:72} INFO - Started process 607 to run task
[2025-03-30T20:38:23.677+0000] {task_command.py:467} INFO - Running <TaskInstance: air_quality_advanced.init_tables manual__2025-03-30T20:38:19.033933+00:00 [running]> on host 04906466de51
[2025-03-30T20:38:23.862+0000] {taskinstance.py:3132} INFO - Exporting env vars: AIRFLOW_CTX_DAG_OWNER='airflow' AIRFLOW_CTX_DAG_ID='air_quality_advanced' AIRFLOW_CTX_TASK_ID='init_tables' AIRFLOW_CTX_EXECUTION_DATE='2025-03-30T20:38:19.033933+00:00' AIRFLOW_CTX_TRY_NUMBER='1' AIRFLOW_CTX_DAG_RUN_ID='manual__2025-03-30T20:38:19.033933+00:00'
[2025-03-30T20:38:23.864+0000] {taskinstance.py:731} INFO - ::endgroup::
[2025-03-30T20:38:23.920+0000] {base.py:84} INFO - Retrieving connection 'postgres_data'
[2025-03-30T20:38:23.966+0000] {data_enriched_predict.py:65} INFO - Tables créées avec succès
[2025-03-30T20:38:23.967+0000] {python.py:240} INFO - Done. Returned value was: None
[2025-03-30T20:38:24.011+0000] {taskinstance.py:340} INFO - ::group::Post task execution logs
[2025-03-30T20:38:24.012+0000] {taskinstance.py:352} INFO - Marking task as SUCCESS. dag_id=air_quality_advanced, task_id=init_tables, run_id=manual__2025-03-30T20:38:19.033933+00:00, execution_date=20250330T203819, start_date=20250330T203823, end_date=20250330T203824
[2025-03-30T20:38:24.065+0000] {local_task_job_runner.py:266} INFO - Task exited with return code 0
[2025-03-30T20:38:24.121+0000] {taskinstance.py:3895} INFO - 1 downstream tasks scheduled from follow-on schedule check
[2025-03-30T20:38:24.124+0000] {local_task_job_runner.py:245} INFO - ::endgroup::
