[2025-03-28T19:40:09.036+0000] {local_task_job_runner.py:123} INFO - ::group::Pre task execution logs
[2025-03-28T19:40:09.080+0000] {taskinstance.py:2613} INFO - Dependencies all met for dep_context=non-requeueable deps ti=<TaskInstance: air_quality_monitoring_v3.collect_air_quality_data scheduled__2025-03-28T19:20:00+00:00 [queued]>
[2025-03-28T19:40:09.090+0000] {taskinstance.py:2613} INFO - Dependencies all met for dep_context=requeueable deps ti=<TaskInstance: air_quality_monitoring_v3.collect_air_quality_data scheduled__2025-03-28T19:20:00+00:00 [queued]>
[2025-03-28T19:40:09.090+0000] {taskinstance.py:2866} INFO - Starting attempt 1 of 4
[2025-03-28T19:40:09.106+0000] {taskinstance.py:2889} INFO - Executing <Task(PythonOperator): collect_air_quality_data> on 2025-03-28 19:20:00+00:00
[2025-03-28T19:40:09.114+0000] {standard_task_runner.py:104} INFO - Running: ['airflow', 'tasks', 'run', 'air_quality_monitoring_v3', 'collect_air_quality_data', 'scheduled__2025-03-28T19:20:00+00:00', '--job-id', '456', '--raw', '--subdir', 'DAGS_FOLDER/data_enriched_predict.py', '--cfg-path', '/tmp/tmpv7ood9a_']
[2025-03-28T19:40:09.117+0000] {standard_task_runner.py:105} INFO - Job 456: Subtask collect_air_quality_data
[2025-03-28T19:40:09.117+0000] {logging_mixin.py:190} WARNING - /home/airflow/.local/lib/python3.12/site-packages/airflow/task/task_runner/standard_task_runner.py:70 DeprecationWarning: This process (pid=12034) is multi-threaded, use of fork() may lead to deadlocks in the child.
[2025-03-28T19:40:09.118+0000] {standard_task_runner.py:72} INFO - Started process 12059 to run task
[2025-03-28T19:40:09.382+0000] {task_command.py:467} INFO - Running <TaskInstance: air_quality_monitoring_v3.collect_air_quality_data scheduled__2025-03-28T19:20:00+00:00 [running]> on host 04906466de51
[2025-03-28T19:40:09.575+0000] {taskinstance.py:3132} INFO - Exporting env vars: AIRFLOW_CTX_DAG_OWNER='airflow' AIRFLOW_CTX_DAG_ID='air_quality_monitoring_v3' AIRFLOW_CTX_TASK_ID='collect_air_quality_data' AIRFLOW_CTX_EXECUTION_DATE='2025-03-28T19:20:00+00:00' AIRFLOW_CTX_TRY_NUMBER='1' AIRFLOW_CTX_DAG_RUN_ID='scheduled__2025-03-28T19:20:00+00:00'
[2025-03-28T19:40:09.577+0000] {taskinstance.py:731} INFO - ::endgroup::
[2025-03-28T19:40:09.598+0000] {data_enriched_predict.py:144} INFO - Collecte pour Lyon...
[2025-03-28T19:40:10.772+0000] {data_enriched_predict.py:101} INFO - Statut API : 200
[2025-03-28T19:40:10.775+0000] {data_enriched_predict.py:165} INFO - Données validées pour Lyon
[2025-03-28T19:40:11.098+0000] {data_enriched_predict.py:144} INFO - Collecte pour Paris...
[2025-03-28T19:40:12.135+0000] {data_enriched_predict.py:101} INFO - Statut API : 200
[2025-03-28T19:40:12.136+0000] {data_enriched_predict.py:165} INFO - Données validées pour Paris
[2025-03-28T19:40:12.599+0000] {data_enriched_predict.py:144} INFO - Collecte pour Marseille...
[2025-03-28T19:40:13.733+0000] {data_enriched_predict.py:101} INFO - Statut API : 200
[2025-03-28T19:40:13.734+0000] {data_enriched_predict.py:165} INFO - Données validées pour Marseille
[2025-03-28T19:40:14.109+0000] {data_enriched_predict.py:185} INFO - Début du stockage de 3 enregistrements
[2025-03-28T19:40:14.164+0000] {base.py:84} INFO - Retrieving connection 'postgres_data'
[2025-03-28T19:40:14.237+0000] {data_enriched_predict.py:214} INFO - Stockage réussi de 3 enregistrements
[2025-03-28T19:40:14.240+0000] {data_enriched_predict.py:219} INFO - Total en base : 35
[2025-03-28T19:40:14.241+0000] {python.py:240} INFO - Done. Returned value was: None
[2025-03-28T19:40:14.281+0000] {taskinstance.py:340} INFO - ::group::Post task execution logs
[2025-03-28T19:40:14.282+0000] {taskinstance.py:352} INFO - Marking task as SUCCESS. dag_id=air_quality_monitoring_v3, task_id=collect_air_quality_data, run_id=scheduled__2025-03-28T19:20:00+00:00, execution_date=20250328T192000, start_date=20250328T194009, end_date=20250328T194014
[2025-03-28T19:40:14.305+0000] {local_task_job_runner.py:266} INFO - Task exited with return code 0
[2025-03-28T19:40:14.359+0000] {taskinstance.py:3895} INFO - 1 downstream tasks scheduled from follow-on schedule check
[2025-03-28T19:40:14.361+0000] {local_task_job_runner.py:245} INFO - ::endgroup::
