[2025-03-28T15:29:20.580+0000] {local_task_job_runner.py:123} INFO - ::group::Pre task execution logs
[2025-03-28T15:29:20.632+0000] {taskinstance.py:2613} INFO - Dependencies all met for dep_context=non-requeueable deps ti=<TaskInstance: air_quality_france.collect_data scheduled__2025-03-28T12:00:00+00:00 [queued]>
[2025-03-28T15:29:20.644+0000] {taskinstance.py:2613} INFO - Dependencies all met for dep_context=requeueable deps ti=<TaskInstance: air_quality_france.collect_data scheduled__2025-03-28T12:00:00+00:00 [queued]>
[2025-03-28T15:29:20.645+0000] {taskinstance.py:2866} INFO - Starting attempt 2 of 3
[2025-03-28T15:29:20.662+0000] {taskinstance.py:2889} INFO - Executing <Task(PythonOperator): collect_data> on 2025-03-28 12:00:00+00:00
[2025-03-28T15:29:20.673+0000] {standard_task_runner.py:104} INFO - Running: ['airflow', 'tasks', 'run', 'air_quality_france', 'collect_data', 'scheduled__2025-03-28T12:00:00+00:00', '--job-id', '401', '--raw', '--subdir', 'DAGS_FOLDER/data_enriched_predict.py', '--cfg-path', '/tmp/tmpa_gt_glb']
[2025-03-28T15:29:20.678+0000] {standard_task_runner.py:105} INFO - Job 401: Subtask collect_data
[2025-03-28T15:29:20.679+0000] {logging_mixin.py:190} WARNING - /home/airflow/.local/lib/python3.12/site-packages/airflow/task/task_runner/standard_task_runner.py:70 DeprecationWarning: This process (pid=3218) is multi-threaded, use of fork() may lead to deadlocks in the child.
[2025-03-28T15:29:20.680+0000] {standard_task_runner.py:72} INFO - Started process 3245 to run task
[2025-03-28T15:29:20.845+0000] {task_command.py:467} INFO - Running <TaskInstance: air_quality_france.collect_data scheduled__2025-03-28T12:00:00+00:00 [running]> on host 04906466de51
[2025-03-28T15:29:21.115+0000] {taskinstance.py:3132} INFO - Exporting env vars: AIRFLOW_CTX_DAG_OWNER='airflow' AIRFLOW_CTX_DAG_ID='air_quality_france' AIRFLOW_CTX_TASK_ID='collect_data' AIRFLOW_CTX_EXECUTION_DATE='2025-03-28T12:00:00+00:00' AIRFLOW_CTX_TRY_NUMBER='2' AIRFLOW_CTX_DAG_RUN_ID='scheduled__2025-03-28T12:00:00+00:00'
[2025-03-28T15:29:21.120+0000] {taskinstance.py:731} INFO - ::endgroup::
[2025-03-28T15:29:22.300+0000] {data_enriched_predict.py:64} INFO - Données collectées pour Lyon
[2025-03-28T15:29:24.847+0000] {data_enriched_predict.py:64} INFO - Données collectées pour Paris
[2025-03-28T15:29:27.476+0000] {data_enriched_predict.py:64} INFO - Données collectées pour Marseille
[2025-03-28T15:29:29.039+0000] {base.py:84} INFO - Retrieving connection 'postgres_data'
[2025-03-28T15:29:29.148+0000] {data_enriched_predict.py:92} INFO - Stocké 3 enregistrements
[2025-03-28T15:29:29.150+0000] {python.py:240} INFO - Done. Returned value was: None
[2025-03-28T15:29:29.200+0000] {taskinstance.py:340} INFO - ::group::Post task execution logs
[2025-03-28T15:29:29.201+0000] {taskinstance.py:352} INFO - Marking task as SUCCESS. dag_id=air_quality_france, task_id=collect_data, run_id=scheduled__2025-03-28T12:00:00+00:00, execution_date=20250328T120000, start_date=20250328T152920, end_date=20250328T152929
[2025-03-28T15:29:29.250+0000] {local_task_job_runner.py:266} INFO - Task exited with return code 0
[2025-03-28T15:29:29.313+0000] {taskinstance.py:3895} INFO - 1 downstream tasks scheduled from follow-on schedule check
[2025-03-28T15:29:29.316+0000] {local_task_job_runner.py:245} INFO - ::endgroup::
