[2025-03-28T15:19:07.820+0000] {local_task_job_runner.py:123} INFO - ::group::Pre task execution logs
[2025-03-28T15:19:07.865+0000] {taskinstance.py:2613} INFO - Dependencies all met for dep_context=non-requeueable deps ti=<TaskInstance: air_quality_france.collect_data scheduled__2025-03-28T12:00:00+00:00 [queued]>
[2025-03-28T15:19:07.877+0000] {taskinstance.py:2613} INFO - Dependencies all met for dep_context=requeueable deps ti=<TaskInstance: air_quality_france.collect_data scheduled__2025-03-28T12:00:00+00:00 [queued]>
[2025-03-28T15:19:07.878+0000] {taskinstance.py:2866} INFO - Starting attempt 1 of 3
[2025-03-28T15:19:07.896+0000] {taskinstance.py:2889} INFO - Executing <Task(PythonOperator): collect_data> on 2025-03-28 12:00:00+00:00
[2025-03-28T15:19:07.908+0000] {standard_task_runner.py:104} INFO - Running: ['airflow', 'tasks', 'run', 'air_quality_france', 'collect_data', 'scheduled__2025-03-28T12:00:00+00:00', '--job-id', '400', '--raw', '--subdir', 'DAGS_FOLDER/data_enriched_predict.py', '--cfg-path', '/tmp/tmpgcs2mggj']
[2025-03-28T15:19:07.911+0000] {standard_task_runner.py:105} INFO - Job 400: Subtask collect_data
[2025-03-28T15:19:07.912+0000] {logging_mixin.py:190} WARNING - /home/airflow/.local/lib/python3.12/site-packages/airflow/task/task_runner/standard_task_runner.py:70 DeprecationWarning: This process (pid=2878) is multi-threaded, use of fork() may lead to deadlocks in the child.
[2025-03-28T15:19:07.913+0000] {standard_task_runner.py:72} INFO - Started process 2903 to run task
[2025-03-28T15:19:08.061+0000] {task_command.py:467} INFO - Running <TaskInstance: air_quality_france.collect_data scheduled__2025-03-28T12:00:00+00:00 [running]> on host 04906466de51
[2025-03-28T15:19:08.259+0000] {taskinstance.py:3132} INFO - Exporting env vars: AIRFLOW_CTX_DAG_OWNER='airflow' AIRFLOW_CTX_DAG_ID='air_quality_france' AIRFLOW_CTX_TASK_ID='collect_data' AIRFLOW_CTX_EXECUTION_DATE='2025-03-28T12:00:00+00:00' AIRFLOW_CTX_TRY_NUMBER='1' AIRFLOW_CTX_DAG_RUN_ID='scheduled__2025-03-28T12:00:00+00:00'
[2025-03-28T15:19:08.261+0000] {taskinstance.py:731} INFO - ::endgroup::
[2025-03-28T15:19:09.382+0000] {data_enriched_predict.py:63} INFO - Données collectées pour Lyon
[2025-03-28T15:19:11.979+0000] {data_enriched_predict.py:63} INFO - Données collectées pour Paris
[2025-03-28T15:19:14.616+0000] {data_enriched_predict.py:63} INFO - Données collectées pour Marseille
[2025-03-28T15:19:16.184+0000] {base.py:84} INFO - Retrieving connection 'postgres_data'
[2025-03-28T15:19:16.353+0000] {data_enriched_predict.py:85} ERROR - Erreur DB: The type of timestamp is not a SQLAlchemy type
[2025-03-28T15:19:16.353+0000] {taskinstance.py:3311} ERROR - Task failed with exception
Traceback (most recent call last):
  File "/home/airflow/.local/lib/python3.12/site-packages/airflow/models/taskinstance.py", line 767, in _execute_task
    result = _execute_callable(context=context, **execute_callable_kwargs)
             ^^^^^^^^^^^^^^^^^^^^^^^^^^^^^^^^^^^^^^^^^^^^^^^^^^^^^^^^^^^^^
  File "/home/airflow/.local/lib/python3.12/site-packages/airflow/models/taskinstance.py", line 733, in _execute_callable
    return ExecutionCallableRunner(
           ^^^^^^^^^^^^^^^^^^^^^^^^
  File "/home/airflow/.local/lib/python3.12/site-packages/airflow/utils/operator_helpers.py", line 252, in run
    return self.func(*args, **kwargs)
           ^^^^^^^^^^^^^^^^^^^^^^^^^^
  File "/home/airflow/.local/lib/python3.12/site-packages/airflow/models/baseoperator.py", line 422, in wrapper
    return func(self, *args, **kwargs)
           ^^^^^^^^^^^^^^^^^^^^^^^^^^^
  File "/home/airflow/.local/lib/python3.12/site-packages/airflow/operators/python.py", line 238, in execute
    return_value = self.execute_callable()
                   ^^^^^^^^^^^^^^^^^^^^^^^
  File "/home/airflow/.local/lib/python3.12/site-packages/airflow/operators/python.py", line 256, in execute_callable
    return runner.run(*self.op_args, **self.op_kwargs)
           ^^^^^^^^^^^^^^^^^^^^^^^^^^^^^^^^^^^^^^^^^^^
  File "/home/airflow/.local/lib/python3.12/site-packages/airflow/utils/operator_helpers.py", line 252, in run
    return self.func(*args, **kwargs)
           ^^^^^^^^^^^^^^^^^^^^^^^^^^
  File "/opt/airflow/dags/data_enriched_predict.py", line 70, in enrich_data_airvisual
    store_enriched_data(df)
  File "/opt/airflow/dags/data_enriched_predict.py", line 76, in store_enriched_data
    df.to_sql(
  File "/home/airflow/.local/lib/python3.12/site-packages/pandas/util/_decorators.py", line 333, in wrapper
    return func(*args, **kwargs)
           ^^^^^^^^^^^^^^^^^^^^^
  File "/home/airflow/.local/lib/python3.12/site-packages/pandas/core/generic.py", line 3008, in to_sql
    return sql.to_sql(
           ^^^^^^^^^^^
  File "/home/airflow/.local/lib/python3.12/site-packages/pandas/io/sql.py", line 788, in to_sql
    return pandas_sql.to_sql(
           ^^^^^^^^^^^^^^^^^^
  File "/home/airflow/.local/lib/python3.12/site-packages/pandas/io/sql.py", line 1948, in to_sql
    table = self.prep_table(
            ^^^^^^^^^^^^^^^^
  File "/home/airflow/.local/lib/python3.12/site-packages/pandas/io/sql.py", line 1840, in prep_table
    raise ValueError(f"The type of {col} is not a SQLAlchemy type")
ValueError: The type of timestamp is not a SQLAlchemy type
[2025-03-28T15:19:16.419+0000] {taskinstance.py:1225} INFO - Marking task as UP_FOR_RETRY. dag_id=air_quality_france, task_id=collect_data, run_id=scheduled__2025-03-28T12:00:00+00:00, execution_date=20250328T120000, start_date=20250328T151907, end_date=20250328T151916
[2025-03-28T15:19:16.445+0000] {taskinstance.py:340} INFO - ::group::Post task execution logs
[2025-03-28T15:19:16.446+0000] {standard_task_runner.py:124} ERROR - Failed to execute job 400 for task collect_data (The type of timestamp is not a SQLAlchemy type; 2903)
Traceback (most recent call last):
  File "/home/airflow/.local/lib/python3.12/site-packages/airflow/task/task_runner/standard_task_runner.py", line 117, in _start_by_fork
    ret = args.func(args, dag=self.dag)
          ^^^^^^^^^^^^^^^^^^^^^^^^^^^^^
  File "/home/airflow/.local/lib/python3.12/site-packages/airflow/cli/cli_config.py", line 49, in command
    return func(*args, **kwargs)
           ^^^^^^^^^^^^^^^^^^^^^
  File "/home/airflow/.local/lib/python3.12/site-packages/airflow/utils/cli.py", line 116, in wrapper
    return f(*args, **kwargs)
           ^^^^^^^^^^^^^^^^^^
  File "/home/airflow/.local/lib/python3.12/site-packages/airflow/cli/commands/task_command.py", line 483, in task_run
    task_return_code = _run_task_by_selected_method(args, _dag, ti)
                       ^^^^^^^^^^^^^^^^^^^^^^^^^^^^^^^^^^^^^^^^^^^^
  File "/home/airflow/.local/lib/python3.12/site-packages/airflow/cli/commands/task_command.py", line 256, in _run_task_by_selected_method
    return _run_raw_task(args, ti)
           ^^^^^^^^^^^^^^^^^^^^^^^
  File "/home/airflow/.local/lib/python3.12/site-packages/airflow/cli/commands/task_command.py", line 341, in _run_raw_task
    return ti._run_raw_task(
           ^^^^^^^^^^^^^^^^^
  File "/home/airflow/.local/lib/python3.12/site-packages/airflow/utils/session.py", line 97, in wrapper
    return func(*args, session=session, **kwargs)
           ^^^^^^^^^^^^^^^^^^^^^^^^^^^^^^^^^^^^^^
  File "/home/airflow/.local/lib/python3.12/site-packages/airflow/models/taskinstance.py", line 3005, in _run_raw_task
    return _run_raw_task(
           ^^^^^^^^^^^^^^
  File "/home/airflow/.local/lib/python3.12/site-packages/airflow/models/taskinstance.py", line 273, in _run_raw_task
    TaskInstance._execute_task_with_callbacks(
  File "/home/airflow/.local/lib/python3.12/site-packages/airflow/models/taskinstance.py", line 3159, in _execute_task_with_callbacks
    result = self._execute_task(context, task_orig)
             ^^^^^^^^^^^^^^^^^^^^^^^^^^^^^^^^^^^^^^
  File "/home/airflow/.local/lib/python3.12/site-packages/airflow/models/taskinstance.py", line 3183, in _execute_task
    return _execute_task(self, context, task_orig)
           ^^^^^^^^^^^^^^^^^^^^^^^^^^^^^^^^^^^^^^^
  File "/home/airflow/.local/lib/python3.12/site-packages/airflow/models/taskinstance.py", line 767, in _execute_task
    result = _execute_callable(context=context, **execute_callable_kwargs)
             ^^^^^^^^^^^^^^^^^^^^^^^^^^^^^^^^^^^^^^^^^^^^^^^^^^^^^^^^^^^^^
  File "/home/airflow/.local/lib/python3.12/site-packages/airflow/models/taskinstance.py", line 733, in _execute_callable
    return ExecutionCallableRunner(
           ^^^^^^^^^^^^^^^^^^^^^^^^
  File "/home/airflow/.local/lib/python3.12/site-packages/airflow/utils/operator_helpers.py", line 252, in run
    return self.func(*args, **kwargs)
           ^^^^^^^^^^^^^^^^^^^^^^^^^^
  File "/home/airflow/.local/lib/python3.12/site-packages/airflow/models/baseoperator.py", line 422, in wrapper
    return func(self, *args, **kwargs)
           ^^^^^^^^^^^^^^^^^^^^^^^^^^^
  File "/home/airflow/.local/lib/python3.12/site-packages/airflow/operators/python.py", line 238, in execute
    return_value = self.execute_callable()
                   ^^^^^^^^^^^^^^^^^^^^^^^
  File "/home/airflow/.local/lib/python3.12/site-packages/airflow/operators/python.py", line 256, in execute_callable
    return runner.run(*self.op_args, **self.op_kwargs)
           ^^^^^^^^^^^^^^^^^^^^^^^^^^^^^^^^^^^^^^^^^^^
  File "/home/airflow/.local/lib/python3.12/site-packages/airflow/utils/operator_helpers.py", line 252, in run
    return self.func(*args, **kwargs)
           ^^^^^^^^^^^^^^^^^^^^^^^^^^
  File "/opt/airflow/dags/data_enriched_predict.py", line 70, in enrich_data_airvisual
    store_enriched_data(df)
  File "/opt/airflow/dags/data_enriched_predict.py", line 76, in store_enriched_data
    df.to_sql(
  File "/home/airflow/.local/lib/python3.12/site-packages/pandas/util/_decorators.py", line 333, in wrapper
    return func(*args, **kwargs)
           ^^^^^^^^^^^^^^^^^^^^^
  File "/home/airflow/.local/lib/python3.12/site-packages/pandas/core/generic.py", line 3008, in to_sql
    return sql.to_sql(
           ^^^^^^^^^^^
  File "/home/airflow/.local/lib/python3.12/site-packages/pandas/io/sql.py", line 788, in to_sql
    return pandas_sql.to_sql(
           ^^^^^^^^^^^^^^^^^^
  File "/home/airflow/.local/lib/python3.12/site-packages/pandas/io/sql.py", line 1948, in to_sql
    table = self.prep_table(
            ^^^^^^^^^^^^^^^^
  File "/home/airflow/.local/lib/python3.12/site-packages/pandas/io/sql.py", line 1840, in prep_table
    raise ValueError(f"The type of {col} is not a SQLAlchemy type")
ValueError: The type of timestamp is not a SQLAlchemy type
[2025-03-28T15:19:16.468+0000] {local_task_job_runner.py:266} INFO - Task exited with return code 1
[2025-03-28T15:19:16.525+0000] {taskinstance.py:3895} INFO - 0 downstream tasks scheduled from follow-on schedule check
[2025-03-28T15:19:16.528+0000] {local_task_job_runner.py:245} INFO - ::endgroup::
[2025-03-28T16:03:04.086+0000] {local_task_job_runner.py:123} INFO - ::group::Pre task execution logs
[2025-03-28T16:03:04.140+0000] {taskinstance.py:2613} INFO - Dependencies all met for dep_context=non-requeueable deps ti=<TaskInstance: air_quality_france.collect_data scheduled__2025-03-28T12:00:00+00:00 [queued]>
[2025-03-28T16:03:04.154+0000] {taskinstance.py:2613} INFO - Dependencies all met for dep_context=requeueable deps ti=<TaskInstance: air_quality_france.collect_data scheduled__2025-03-28T12:00:00+00:00 [queued]>
[2025-03-28T16:03:04.155+0000] {taskinstance.py:2866} INFO - Starting attempt 1 of 3
[2025-03-28T16:03:04.179+0000] {taskinstance.py:2889} INFO - Executing <Task(PythonOperator): collect_data> on 2025-03-28 12:00:00+00:00
[2025-03-28T16:03:04.197+0000] {standard_task_runner.py:104} INFO - Running: ['airflow', 'tasks', 'run', 'air_quality_france', 'collect_data', 'scheduled__2025-03-28T12:00:00+00:00', '--job-id', '411', '--raw', '--subdir', 'DAGS_FOLDER/data_enriched_predict.py', '--cfg-path', '/tmp/tmp_4p01hxh']
[2025-03-28T16:03:04.200+0000] {standard_task_runner.py:105} INFO - Job 411: Subtask collect_data
[2025-03-28T16:03:04.201+0000] {logging_mixin.py:190} WARNING - /home/airflow/.local/lib/python3.12/site-packages/airflow/task/task_runner/standard_task_runner.py:70 DeprecationWarning: This process (pid=4502) is multi-threaded, use of fork() may lead to deadlocks in the child.
[2025-03-28T16:03:04.201+0000] {standard_task_runner.py:72} INFO - Started process 4529 to run task
[2025-03-28T16:03:04.394+0000] {task_command.py:467} INFO - Running <TaskInstance: air_quality_france.collect_data scheduled__2025-03-28T12:00:00+00:00 [running]> on host 04906466de51
[2025-03-28T16:03:04.603+0000] {taskinstance.py:3132} INFO - Exporting env vars: AIRFLOW_CTX_DAG_OWNER='airflow' AIRFLOW_CTX_DAG_ID='air_quality_france' AIRFLOW_CTX_TASK_ID='collect_data' AIRFLOW_CTX_EXECUTION_DATE='2025-03-28T12:00:00+00:00' AIRFLOW_CTX_TRY_NUMBER='1' AIRFLOW_CTX_DAG_RUN_ID='scheduled__2025-03-28T12:00:00+00:00'
[2025-03-28T16:03:04.605+0000] {taskinstance.py:731} INFO - ::endgroup::
[2025-03-28T16:03:05.792+0000] {data_enriched_predict.py:104} INFO - Données collectées pour Lyon
[2025-03-28T16:03:08.404+0000] {data_enriched_predict.py:104} INFO - Données collectées pour Paris
[2025-03-28T16:03:10.991+0000] {data_enriched_predict.py:104} INFO - Données collectées pour Marseille
[2025-03-28T16:03:12.544+0000] {base.py:84} INFO - Retrieving connection 'postgres_data'
[2025-03-28T16:03:12.707+0000] {data_enriched_predict.py:136} INFO - Données stockées : 3 enregistrements
[2025-03-28T16:03:12.708+0000] {python.py:240} INFO - Done. Returned value was: None
[2025-03-28T16:03:12.744+0000] {taskinstance.py:340} INFO - ::group::Post task execution logs
[2025-03-28T16:03:12.745+0000] {taskinstance.py:352} INFO - Marking task as SUCCESS. dag_id=air_quality_france, task_id=collect_data, run_id=scheduled__2025-03-28T12:00:00+00:00, execution_date=20250328T120000, start_date=20250328T160304, end_date=20250328T160312
[2025-03-28T16:03:12.769+0000] {local_task_job_runner.py:266} INFO - Task exited with return code 0
[2025-03-28T16:03:12.819+0000] {taskinstance.py:3895} INFO - 1 downstream tasks scheduled from follow-on schedule check
[2025-03-28T16:03:12.821+0000] {local_task_job_runner.py:245} INFO - ::endgroup::
