[2025-03-28T10:48:50.722+0000] {local_task_job_runner.py:123} INFO - ::group::Pre task execution logs
[2025-03-28T10:48:50.772+0000] {taskinstance.py:2613} INFO - Dependencies all met for dep_context=non-requeueable deps ti=<TaskInstance: air_quality_pipeline.store_data manual__2025-03-27T09:14:32.423568+00:00 [queued]>
[2025-03-28T10:48:50.784+0000] {taskinstance.py:2613} INFO - Dependencies all met for dep_context=requeueable deps ti=<TaskInstance: air_quality_pipeline.store_data manual__2025-03-27T09:14:32.423568+00:00 [queued]>
[2025-03-28T10:48:50.785+0000] {taskinstance.py:2866} INFO - Starting attempt 2 of 3
[2025-03-28T10:48:50.869+0000] {taskinstance.py:2889} INFO - Executing <Task(PythonOperator): store_data> on 2025-03-27 09:14:32.423568+00:00
[2025-03-28T10:48:50.876+0000] {standard_task_runner.py:104} INFO - Running: ['airflow', 'tasks', 'run', 'air_quality_pipeline', 'store_data', 'manual__2025-03-27T09:14:32.423568+00:00', '--job-id', '296', '--raw', '--subdir', 'DAGS_FOLDER/data_pipeline.py', '--cfg-path', '/tmp/tmpghebis8v']
[2025-03-28T10:48:50.878+0000] {standard_task_runner.py:105} INFO - Job 296: Subtask store_data
[2025-03-28T10:48:50.879+0000] {logging_mixin.py:190} WARNING - /home/airflow/.local/lib/python3.12/site-packages/airflow/task/task_runner/standard_task_runner.py:70 DeprecationWarning: This process (pid=722) is multi-threaded, use of fork() may lead to deadlocks in the child.
[2025-03-28T10:48:50.880+0000] {standard_task_runner.py:72} INFO - Started process 736 to run task
[2025-03-28T10:48:51.021+0000] {task_command.py:467} INFO - Running <TaskInstance: air_quality_pipeline.store_data manual__2025-03-27T09:14:32.423568+00:00 [running]> on host 6d0e87c01008
[2025-03-28T10:48:51.438+0000] {taskinstance.py:3132} INFO - Exporting env vars: AIRFLOW_CTX_DAG_OWNER='airflow' AIRFLOW_CTX_DAG_ID='air_quality_pipeline' AIRFLOW_CTX_TASK_ID='store_data' AIRFLOW_CTX_EXECUTION_DATE='2025-03-27T09:14:32.423568+00:00' AIRFLOW_CTX_TRY_NUMBER='2' AIRFLOW_CTX_DAG_RUN_ID='manual__2025-03-27T09:14:32.423568+00:00'
[2025-03-28T10:48:51.439+0000] {taskinstance.py:731} INFO - ::endgroup::
[2025-03-28T10:48:51.497+0000] {base.py:84} INFO - Retrieving connection 'postgres_data'
[2025-03-28T10:48:51.670+0000] {data_pipeline.py:141} INFO - Données insérées dans le Data Warehouse
[2025-03-28T10:48:51.670+0000] {python.py:240} INFO - Done. Returned value was: None
[2025-03-28T10:48:51.711+0000] {taskinstance.py:340} INFO - ::group::Post task execution logs
[2025-03-28T10:48:51.712+0000] {taskinstance.py:352} INFO - Marking task as SUCCESS. dag_id=air_quality_pipeline, task_id=store_data, run_id=manual__2025-03-27T09:14:32.423568+00:00, execution_date=20250327T091432, start_date=20250328T104850, end_date=20250328T104851
[2025-03-28T10:48:51.737+0000] {local_task_job_runner.py:266} INFO - Task exited with return code 0
[2025-03-28T10:48:51.792+0000] {taskinstance.py:3895} INFO - 1 downstream tasks scheduled from follow-on schedule check
[2025-03-28T10:48:51.795+0000] {local_task_job_runner.py:245} INFO - ::endgroup::
