[2025-04-17T12:07:48.343+0000] {local_task_job_runner.py:123} INFO - ::group::Pre task execution logs
[2025-04-17T12:07:48.390+0000] {taskinstance.py:2613} INFO - Dependencies all met for dep_context=non-requeueable deps ti=<TaskInstance: full_pipeline.extract_yellow scheduled__2025-04-17T11:00:00+00:00 [queued]>
[2025-04-17T12:07:48.403+0000] {taskinstance.py:2613} INFO - Dependencies all met for dep_context=requeueable deps ti=<TaskInstance: full_pipeline.extract_yellow scheduled__2025-04-17T11:00:00+00:00 [queued]>
[2025-04-17T12:07:48.404+0000] {taskinstance.py:2866} INFO - Starting attempt 2 of 2
[2025-04-17T12:07:48.419+0000] {taskinstance.py:2889} INFO - Executing <Task(BashOperator): extract_yellow> on 2025-04-17 11:00:00+00:00
[2025-04-17T12:07:48.422+0000] {standard_task_runner.py:72} INFO - Started process 306 to run task
[2025-04-17T12:07:48.425+0000] {standard_task_runner.py:104} INFO - Running: ['airflow', 'tasks', 'run', 'full_pipeline', 'extract_yellow', 'scheduled__2025-04-17T11:00:00+00:00', '--job-id', '848', '--raw', '--subdir', 'DAGS_FOLDER/full_pipeline_dag.py', '--cfg-path', '/tmp/tmp49e2uz6r']
[2025-04-17T12:07:48.426+0000] {standard_task_runner.py:105} INFO - Job 848: Subtask extract_yellow
[2025-04-17T12:07:48.571+0000] {task_command.py:467} INFO - Running <TaskInstance: full_pipeline.extract_yellow scheduled__2025-04-17T11:00:00+00:00 [running]> on host 3988cbd5836a
[2025-04-17T12:07:48.745+0000] {taskinstance.py:3132} INFO - Exporting env vars: AIRFLOW_CTX_DAG_OWNER='data_team' AIRFLOW_CTX_DAG_ID='full_pipeline' AIRFLOW_CTX_TASK_ID='extract_yellow' AIRFLOW_CTX_EXECUTION_DATE='2025-04-17T11:00:00+00:00' AIRFLOW_CTX_TRY_NUMBER='2' AIRFLOW_CTX_DAG_RUN_ID='scheduled__2025-04-17T11:00:00+00:00'
[2025-04-17T12:07:48.746+0000] {taskinstance.py:731} INFO - ::endgroup::
[2025-04-17T12:07:48.757+0000] {subprocess.py:78} INFO - Tmp dir root location: /tmp
[2025-04-17T12:07:48.759+0000] {subprocess.py:88} INFO - Running command: ['/usr/bin/bash', '-c', 'python /opt/airflow/pipeline/extract/fetch_yellow_trip.py']
[2025-04-17T12:07:48.765+0000] {subprocess.py:99} INFO - Output:
[2025-04-17T12:11:46.180+0000] {local_task_job_runner.py:127} ERROR - Received SIGTERM. Terminating subprocesses
[2025-04-17T12:11:46.183+0000] {process_utils.py:132} INFO - Sending 15 to group 306. PIDs of all processes in the group: [308, 306]
[2025-04-17T12:11:46.184+0000] {process_utils.py:87} INFO - Sending the signal 15 to group 306
[2025-04-17T12:11:46.185+0000] {taskinstance.py:3093} ERROR - Received SIGTERM. Terminating subprocesses.
[2025-04-17T12:11:46.187+0000] {subprocess.py:117} INFO - Sending SIGTERM signal to process group
[2025-04-17T12:11:46.271+0000] {taskinstance.py:3311} ERROR - Task failed with exception
Traceback (most recent call last):
  File "/home/airflow/.local/lib/python3.12/site-packages/airflow/models/taskinstance.py", line 767, in _execute_task
    result = _execute_callable(context=context, **execute_callable_kwargs)
             ^^^^^^^^^^^^^^^^^^^^^^^^^^^^^^^^^^^^^^^^^^^^^^^^^^^^^^^^^^^^^
  File "/home/airflow/.local/lib/python3.12/site-packages/airflow/models/taskinstance.py", line 733, in _execute_callable
    return ExecutionCallableRunner(
           ^^^^^^^^^^^^^^^^^^^^^^^^
  File "/home/airflow/.local/lib/python3.12/site-packages/airflow/utils/operator_helpers.py", line 252, in run
    return self.func(*args, **kwargs)
           ^^^^^^^^^^^^^^^^^^^^^^^^^^
  File "/home/airflow/.local/lib/python3.12/site-packages/airflow/models/baseoperator.py", line 422, in wrapper
    return func(self, *args, **kwargs)
           ^^^^^^^^^^^^^^^^^^^^^^^^^^^
  File "/home/airflow/.local/lib/python3.12/site-packages/airflow/operators/bash.py", line 257, in execute
    result = self._run_inline_command(bash_path=bash_path, env=env)
             ^^^^^^^^^^^^^^^^^^^^^^^^^^^^^^^^^^^^^^^^^^^^^^^^^^^^^^
  File "/home/airflow/.local/lib/python3.12/site-packages/airflow/operators/bash.py", line 284, in _run_inline_command
    return self.subprocess_hook.run_command(
           ^^^^^^^^^^^^^^^^^^^^^^^^^^^^^^^^^
  File "/home/airflow/.local/lib/python3.12/site-packages/airflow/hooks/subprocess.py", line 104, in run_command
    for raw_line in iter(self.sub_process.stdout.readline, b""):
                    ^^^^^^^^^^^^^^^^^^^^^^^^^^^^^^^^^^^^^^^^^^^
  File "/home/airflow/.local/lib/python3.12/site-packages/airflow/models/taskinstance.py", line 3095, in signal_handler
    raise AirflowTaskTerminated("Task received SIGTERM signal")
airflow.exceptions.AirflowTaskTerminated: Task received SIGTERM signal
[2025-04-17T12:11:46.282+0000] {taskinstance.py:1225} INFO - Marking task as FAILED. dag_id=full_pipeline, task_id=extract_yellow, run_id=scheduled__2025-04-17T11:00:00+00:00, execution_date=20250417T110000, start_date=20250417T120748, end_date=20250417T121146
[2025-04-17T12:11:46.314+0000] {taskinstance.py:340} INFO - ::group::Post task execution logs
[2025-04-17T12:11:46.358+0000] {process_utils.py:80} INFO - Process psutil.Process(pid=308, status='terminated', started='12:07:48') (308) terminated with exit code None
[2025-04-17T12:11:46.359+0000] {process_utils.py:80} INFO - Process psutil.Process(pid=306, status='terminated', exitcode=2, started='12:07:47') (306) terminated with exit code 2
[2025-04-17T12:11:46.359+0000] {local_task_job_runner.py:266} INFO - Task exited with return code 143
[2025-04-17T12:11:46.444+0000] {taskinstance.py:3895} INFO - 0 downstream tasks scheduled from follow-on schedule check
[2025-04-17T12:11:51.952+0000] {local_task_job_runner.py:123} INFO - ::group::Pre task execution logs
[2025-04-17T12:11:52.016+0000] {taskinstance.py:2603} INFO - Dependencies not met for <TaskInstance: full_pipeline.extract_yellow scheduled__2025-04-17T11:00:00+00:00 [failed]>, dependency 'Task Instance State' FAILED: Task is in the 'failed' state.
[2025-04-17T12:11:52.020+0000] {local_task_job_runner.py:166} INFO - Task is not able to be run
