[2025-04-17T12:00:08.450+0000] {local_task_job_runner.py:123} INFO - ::group::Pre task execution logs
[2025-04-17T12:00:08.610+0000] {taskinstance.py:2613} INFO - Dependencies all met for dep_context=non-requeueable deps ti=<TaskInstance: full_pipeline.extract_yellow scheduled__2025-04-17T11:00:00+00:00 [queued]>
[2025-04-17T12:00:08.625+0000] {taskinstance.py:2613} INFO - Dependencies all met for dep_context=requeueable deps ti=<TaskInstance: full_pipeline.extract_yellow scheduled__2025-04-17T11:00:00+00:00 [queued]>
[2025-04-17T12:00:08.625+0000] {taskinstance.py:2866} INFO - Starting attempt 1 of 2
[2025-04-17T12:00:08.643+0000] {taskinstance.py:2889} INFO - Executing <Task(BashOperator): extract_yellow> on 2025-04-17 11:00:00+00:00
[2025-04-17T12:00:08.647+0000] {standard_task_runner.py:72} INFO - Started process 113 to run task
[2025-04-17T12:00:08.653+0000] {standard_task_runner.py:104} INFO - Running: ['airflow', 'tasks', 'run', 'full_pipeline', 'extract_yellow', 'scheduled__2025-04-17T11:00:00+00:00', '--job-id', '842', '--raw', '--subdir', 'DAGS_FOLDER/full_pipeline_dag.py', '--cfg-path', '/tmp/tmp3se7a_gm']
[2025-04-17T12:00:08.656+0000] {standard_task_runner.py:105} INFO - Job 842: Subtask extract_yellow
[2025-04-17T12:00:08.833+0000] {task_command.py:467} INFO - Running <TaskInstance: full_pipeline.extract_yellow scheduled__2025-04-17T11:00:00+00:00 [running]> on host 3988cbd5836a
[2025-04-17T12:00:09.064+0000] {taskinstance.py:3132} INFO - Exporting env vars: AIRFLOW_CTX_DAG_OWNER='data_team' AIRFLOW_CTX_DAG_ID='full_pipeline' AIRFLOW_CTX_TASK_ID='extract_yellow' AIRFLOW_CTX_EXECUTION_DATE='2025-04-17T11:00:00+00:00' AIRFLOW_CTX_TRY_NUMBER='1' AIRFLOW_CTX_DAG_RUN_ID='scheduled__2025-04-17T11:00:00+00:00'
[2025-04-17T12:00:09.066+0000] {taskinstance.py:731} INFO - ::endgroup::
[2025-04-17T12:00:09.082+0000] {subprocess.py:78} INFO - Tmp dir root location: /tmp
[2025-04-17T12:00:09.084+0000] {subprocess.py:88} INFO - Running command: ['/usr/bin/bash', '-c', 'python D:\\Course\\EPSI M1 IA\\Cours\\Data pipeline\\MinIO/extract/fetch_yellow_trip.py']
[2025-04-17T12:00:09.095+0000] {subprocess.py:99} INFO - Output:
[2025-04-17T12:00:09.123+0000] {subprocess.py:106} INFO - python: can't open file '/tmp/airflowtmpco8i71o_/D:CourseEPSI': [Errno 2] No such file or directory
[2025-04-17T12:00:09.126+0000] {subprocess.py:110} INFO - Command exited with return code 2
[2025-04-17T12:00:09.172+0000] {taskinstance.py:3311} ERROR - Task failed with exception
Traceback (most recent call last):
  File "/home/airflow/.local/lib/python3.12/site-packages/airflow/models/taskinstance.py", line 767, in _execute_task
    result = _execute_callable(context=context, **execute_callable_kwargs)
             ^^^^^^^^^^^^^^^^^^^^^^^^^^^^^^^^^^^^^^^^^^^^^^^^^^^^^^^^^^^^^
  File "/home/airflow/.local/lib/python3.12/site-packages/airflow/models/taskinstance.py", line 733, in _execute_callable
    return ExecutionCallableRunner(
           ^^^^^^^^^^^^^^^^^^^^^^^^
  File "/home/airflow/.local/lib/python3.12/site-packages/airflow/utils/operator_helpers.py", line 252, in run
    return self.func(*args, **kwargs)
           ^^^^^^^^^^^^^^^^^^^^^^^^^^
  File "/home/airflow/.local/lib/python3.12/site-packages/airflow/models/baseoperator.py", line 422, in wrapper
    return func(self, *args, **kwargs)
           ^^^^^^^^^^^^^^^^^^^^^^^^^^^
  File "/home/airflow/.local/lib/python3.12/site-packages/airflow/operators/bash.py", line 276, in execute
    raise AirflowException(
airflow.exceptions.AirflowException: Bash command failed. The command returned a non-zero exit code 2.
[2025-04-17T12:00:09.183+0000] {taskinstance.py:1225} INFO - Marking task as UP_FOR_RETRY. dag_id=full_pipeline, task_id=extract_yellow, run_id=scheduled__2025-04-17T11:00:00+00:00, execution_date=20250417T110000, start_date=20250417T120008, end_date=20250417T120009
[2025-04-17T12:00:09.206+0000] {taskinstance.py:340} INFO - ::group::Post task execution logs
[2025-04-17T12:00:09.207+0000] {standard_task_runner.py:124} ERROR - Failed to execute job 842 for task extract_yellow (Bash command failed. The command returned a non-zero exit code 2.; 113)
Traceback (most recent call last):
  File "/home/airflow/.local/lib/python3.12/site-packages/airflow/task/task_runner/standard_task_runner.py", line 117, in _start_by_fork
    ret = args.func(args, dag=self.dag)
          ^^^^^^^^^^^^^^^^^^^^^^^^^^^^^
  File "/home/airflow/.local/lib/python3.12/site-packages/airflow/cli/cli_config.py", line 49, in command
    return func(*args, **kwargs)
           ^^^^^^^^^^^^^^^^^^^^^
  File "/home/airflow/.local/lib/python3.12/site-packages/airflow/utils/cli.py", line 116, in wrapper
    return f(*args, **kwargs)
           ^^^^^^^^^^^^^^^^^^
  File "/home/airflow/.local/lib/python3.12/site-packages/airflow/cli/commands/task_command.py", line 483, in task_run
    task_return_code = _run_task_by_selected_method(args, _dag, ti)
                       ^^^^^^^^^^^^^^^^^^^^^^^^^^^^^^^^^^^^^^^^^^^^
  File "/home/airflow/.local/lib/python3.12/site-packages/airflow/cli/commands/task_command.py", line 256, in _run_task_by_selected_method
    return _run_raw_task(args, ti)
           ^^^^^^^^^^^^^^^^^^^^^^^
  File "/home/airflow/.local/lib/python3.12/site-packages/airflow/cli/commands/task_command.py", line 341, in _run_raw_task
    return ti._run_raw_task(
           ^^^^^^^^^^^^^^^^^
  File "/home/airflow/.local/lib/python3.12/site-packages/airflow/utils/session.py", line 97, in wrapper
    return func(*args, session=session, **kwargs)
           ^^^^^^^^^^^^^^^^^^^^^^^^^^^^^^^^^^^^^^
  File "/home/airflow/.local/lib/python3.12/site-packages/airflow/models/taskinstance.py", line 3005, in _run_raw_task
    return _run_raw_task(
           ^^^^^^^^^^^^^^
  File "/home/airflow/.local/lib/python3.12/site-packages/airflow/models/taskinstance.py", line 273, in _run_raw_task
    TaskInstance._execute_task_with_callbacks(
  File "/home/airflow/.local/lib/python3.12/site-packages/airflow/models/taskinstance.py", line 3159, in _execute_task_with_callbacks
    result = self._execute_task(context, task_orig)
             ^^^^^^^^^^^^^^^^^^^^^^^^^^^^^^^^^^^^^^
  File "/home/airflow/.local/lib/python3.12/site-packages/airflow/models/taskinstance.py", line 3183, in _execute_task
    return _execute_task(self, context, task_orig)
           ^^^^^^^^^^^^^^^^^^^^^^^^^^^^^^^^^^^^^^^
  File "/home/airflow/.local/lib/python3.12/site-packages/airflow/models/taskinstance.py", line 767, in _execute_task
    result = _execute_callable(context=context, **execute_callable_kwargs)
             ^^^^^^^^^^^^^^^^^^^^^^^^^^^^^^^^^^^^^^^^^^^^^^^^^^^^^^^^^^^^^
  File "/home/airflow/.local/lib/python3.12/site-packages/airflow/models/taskinstance.py", line 733, in _execute_callable
    return ExecutionCallableRunner(
           ^^^^^^^^^^^^^^^^^^^^^^^^
  File "/home/airflow/.local/lib/python3.12/site-packages/airflow/utils/operator_helpers.py", line 252, in run
    return self.func(*args, **kwargs)
           ^^^^^^^^^^^^^^^^^^^^^^^^^^
  File "/home/airflow/.local/lib/python3.12/site-packages/airflow/models/baseoperator.py", line 422, in wrapper
    return func(self, *args, **kwargs)
           ^^^^^^^^^^^^^^^^^^^^^^^^^^^
  File "/home/airflow/.local/lib/python3.12/site-packages/airflow/operators/bash.py", line 276, in execute
    raise AirflowException(
airflow.exceptions.AirflowException: Bash command failed. The command returned a non-zero exit code 2.
[2025-04-17T12:00:09.228+0000] {local_task_job_runner.py:266} INFO - Task exited with return code 1
[2025-04-17T12:00:09.290+0000] {taskinstance.py:3895} INFO - 0 downstream tasks scheduled from follow-on schedule check
[2025-04-17T12:00:09.294+0000] {local_task_job_runner.py:245} INFO - ::endgroup::
[2025-04-17T13:13:46.869+0000] {local_task_job_runner.py:123} INFO - ::group::Pre task execution logs
[2025-04-17T13:13:46.928+0000] {taskinstance.py:2613} INFO - Dependencies all met for dep_context=non-requeueable deps ti=<TaskInstance: full_pipeline.extract_yellow scheduled__2025-04-17T11:00:00+00:00 [queued]>
[2025-04-17T13:13:46.942+0000] {taskinstance.py:2613} INFO - Dependencies all met for dep_context=requeueable deps ti=<TaskInstance: full_pipeline.extract_yellow scheduled__2025-04-17T11:00:00+00:00 [queued]>
[2025-04-17T13:13:46.943+0000] {taskinstance.py:2866} INFO - Starting attempt 1 of 2
[2025-04-17T13:13:46.963+0000] {taskinstance.py:2889} INFO - Executing <Task(BashOperator): extract_yellow> on 2025-04-17 11:00:00+00:00
[2025-04-17T13:13:46.970+0000] {standard_task_runner.py:72} INFO - Started process 50 to run task
[2025-04-17T13:13:46.972+0000] {standard_task_runner.py:104} INFO - Running: ['airflow', 'tasks', 'run', 'full_pipeline', 'extract_yellow', 'scheduled__2025-04-17T11:00:00+00:00', '--job-id', '858', '--raw', '--subdir', 'DAGS_FOLDER/full_pipeline_dag.py', '--cfg-path', '/tmp/tmpne_7jk7_']
[2025-04-17T13:13:46.975+0000] {standard_task_runner.py:105} INFO - Job 858: Subtask extract_yellow
[2025-04-17T13:13:47.168+0000] {task_command.py:467} INFO - Running <TaskInstance: full_pipeline.extract_yellow scheduled__2025-04-17T11:00:00+00:00 [running]> on host 772d115850d3
[2025-04-17T13:13:47.381+0000] {taskinstance.py:3132} INFO - Exporting env vars: AIRFLOW_CTX_DAG_OWNER='data_team' AIRFLOW_CTX_DAG_ID='full_pipeline' AIRFLOW_CTX_TASK_ID='extract_yellow' AIRFLOW_CTX_EXECUTION_DATE='2025-04-17T11:00:00+00:00' AIRFLOW_CTX_TRY_NUMBER='1' AIRFLOW_CTX_DAG_RUN_ID='scheduled__2025-04-17T11:00:00+00:00'
[2025-04-17T13:13:47.382+0000] {taskinstance.py:731} INFO - ::endgroup::
[2025-04-17T13:13:47.412+0000] {subprocess.py:78} INFO - Tmp dir root location: /tmp
[2025-04-17T13:13:47.413+0000] {subprocess.py:88} INFO - Running command: ['/usr/bin/bash', '-c', 'python /opt/airflow/pipeline/extract/fetch_yellow_trip.py']
[2025-04-17T13:13:47.420+0000] {subprocess.py:99} INFO - Output:
[2025-04-17T13:13:48.912+0000] {subprocess.py:106} INFO - Traceback (most recent call last):
[2025-04-17T13:13:48.913+0000] {subprocess.py:106} INFO -   File "/opt/airflow/pipeline/extract/fetch_yellow_trip.py", line 26, in <module>
[2025-04-17T13:13:48.916+0000] {subprocess.py:106} INFO -     upload_to_minio(
[2025-04-17T13:13:48.916+0000] {subprocess.py:106} INFO -   File "/opt/airflow/pipeline/extract/fetch_yellow_trip.py", line 22, in upload_to_minio
[2025-04-17T13:13:48.920+0000] {subprocess.py:106} INFO -     s3.upload_file(file_path, bucket_name, object_name)
[2025-04-17T13:13:48.921+0000] {subprocess.py:106} INFO -   File "/home/airflow/.local/lib/python3.12/site-packages/boto3/s3/inject.py", line 145, in upload_file
[2025-04-17T13:13:48.921+0000] {subprocess.py:106} INFO -     return transfer.upload_file(
[2025-04-17T13:13:48.921+0000] {subprocess.py:106} INFO -            ^^^^^^^^^^^^^^^^^^^^^
[2025-04-17T13:13:48.922+0000] {subprocess.py:106} INFO -   File "/home/airflow/.local/lib/python3.12/site-packages/boto3/s3/transfer.py", line 372, in upload_file
[2025-04-17T13:13:48.922+0000] {subprocess.py:106} INFO -     future.result()
[2025-04-17T13:13:48.923+0000] {subprocess.py:106} INFO -   File "/home/airflow/.local/lib/python3.12/site-packages/s3transfer/futures.py", line 103, in result
[2025-04-17T13:13:48.923+0000] {subprocess.py:106} INFO -     return self._coordinator.result()
[2025-04-17T13:13:48.923+0000] {subprocess.py:106} INFO -            ^^^^^^^^^^^^^^^^^^^^^^^^^^
[2025-04-17T13:13:48.923+0000] {subprocess.py:106} INFO -   File "/home/airflow/.local/lib/python3.12/site-packages/s3transfer/futures.py", line 264, in result
[2025-04-17T13:13:48.924+0000] {subprocess.py:106} INFO -     raise self._exception
[2025-04-17T13:13:48.924+0000] {subprocess.py:106} INFO -   File "/home/airflow/.local/lib/python3.12/site-packages/s3transfer/tasks.py", line 265, in _main
[2025-04-17T13:13:48.924+0000] {subprocess.py:106} INFO -     self._submit(transfer_future=transfer_future, **kwargs)
[2025-04-17T13:13:48.924+0000] {subprocess.py:106} INFO -   File "/home/airflow/.local/lib/python3.12/site-packages/s3transfer/upload.py", line 589, in _submit
[2025-04-17T13:13:48.925+0000] {subprocess.py:106} INFO -     upload_input_manager.provide_transfer_size(transfer_future)
[2025-04-17T13:13:48.925+0000] {subprocess.py:106} INFO -   File "/home/airflow/.local/lib/python3.12/site-packages/s3transfer/upload.py", line 244, in provide_transfer_size
[2025-04-17T13:13:48.925+0000] {subprocess.py:106} INFO -     self._osutil.get_file_size(transfer_future.meta.call_args.fileobj)
[2025-04-17T13:13:48.926+0000] {subprocess.py:106} INFO -   File "/home/airflow/.local/lib/python3.12/site-packages/s3transfer/utils.py", line 254, in get_file_size
[2025-04-17T13:13:48.926+0000] {subprocess.py:106} INFO -     return os.path.getsize(filename)
[2025-04-17T13:13:48.926+0000] {subprocess.py:106} INFO -            ^^^^^^^^^^^^^^^^^^^^^^^^^
[2025-04-17T13:13:48.927+0000] {subprocess.py:106} INFO -   File "<frozen genericpath>", line 62, in getsize
[2025-04-17T13:13:48.927+0000] {subprocess.py:106} INFO - FileNotFoundError: [Errno 2] No such file or directory: 'yellow_tripdata_2023-01.parquet'
[2025-04-17T13:13:49.061+0000] {subprocess.py:110} INFO - Command exited with return code 1
[2025-04-17T13:13:49.114+0000] {taskinstance.py:3311} ERROR - Task failed with exception
Traceback (most recent call last):
  File "/home/airflow/.local/lib/python3.12/site-packages/airflow/models/taskinstance.py", line 767, in _execute_task
    result = _execute_callable(context=context, **execute_callable_kwargs)
             ^^^^^^^^^^^^^^^^^^^^^^^^^^^^^^^^^^^^^^^^^^^^^^^^^^^^^^^^^^^^^
  File "/home/airflow/.local/lib/python3.12/site-packages/airflow/models/taskinstance.py", line 733, in _execute_callable
    return ExecutionCallableRunner(
           ^^^^^^^^^^^^^^^^^^^^^^^^
  File "/home/airflow/.local/lib/python3.12/site-packages/airflow/utils/operator_helpers.py", line 252, in run
    return self.func(*args, **kwargs)
           ^^^^^^^^^^^^^^^^^^^^^^^^^^
  File "/home/airflow/.local/lib/python3.12/site-packages/airflow/models/baseoperator.py", line 422, in wrapper
    return func(self, *args, **kwargs)
           ^^^^^^^^^^^^^^^^^^^^^^^^^^^
  File "/home/airflow/.local/lib/python3.12/site-packages/airflow/operators/bash.py", line 276, in execute
    raise AirflowException(
airflow.exceptions.AirflowException: Bash command failed. The command returned a non-zero exit code 1.
[2025-04-17T13:13:49.131+0000] {taskinstance.py:1225} INFO - Marking task as UP_FOR_RETRY. dag_id=full_pipeline, task_id=extract_yellow, run_id=scheduled__2025-04-17T11:00:00+00:00, execution_date=20250417T110000, start_date=20250417T131346, end_date=20250417T131349
[2025-04-17T13:13:49.167+0000] {taskinstance.py:340} INFO - ::group::Post task execution logs
[2025-04-17T13:13:49.168+0000] {standard_task_runner.py:124} ERROR - Failed to execute job 858 for task extract_yellow (Bash command failed. The command returned a non-zero exit code 1.; 50)
Traceback (most recent call last):
  File "/home/airflow/.local/lib/python3.12/site-packages/airflow/task/task_runner/standard_task_runner.py", line 117, in _start_by_fork
    ret = args.func(args, dag=self.dag)
          ^^^^^^^^^^^^^^^^^^^^^^^^^^^^^
  File "/home/airflow/.local/lib/python3.12/site-packages/airflow/cli/cli_config.py", line 49, in command
    return func(*args, **kwargs)
           ^^^^^^^^^^^^^^^^^^^^^
  File "/home/airflow/.local/lib/python3.12/site-packages/airflow/utils/cli.py", line 116, in wrapper
    return f(*args, **kwargs)
           ^^^^^^^^^^^^^^^^^^
  File "/home/airflow/.local/lib/python3.12/site-packages/airflow/cli/commands/task_command.py", line 483, in task_run
    task_return_code = _run_task_by_selected_method(args, _dag, ti)
                       ^^^^^^^^^^^^^^^^^^^^^^^^^^^^^^^^^^^^^^^^^^^^
  File "/home/airflow/.local/lib/python3.12/site-packages/airflow/cli/commands/task_command.py", line 256, in _run_task_by_selected_method
    return _run_raw_task(args, ti)
           ^^^^^^^^^^^^^^^^^^^^^^^
  File "/home/airflow/.local/lib/python3.12/site-packages/airflow/cli/commands/task_command.py", line 341, in _run_raw_task
    return ti._run_raw_task(
           ^^^^^^^^^^^^^^^^^
  File "/home/airflow/.local/lib/python3.12/site-packages/airflow/utils/session.py", line 97, in wrapper
    return func(*args, session=session, **kwargs)
           ^^^^^^^^^^^^^^^^^^^^^^^^^^^^^^^^^^^^^^
  File "/home/airflow/.local/lib/python3.12/site-packages/airflow/models/taskinstance.py", line 3005, in _run_raw_task
    return _run_raw_task(
           ^^^^^^^^^^^^^^
  File "/home/airflow/.local/lib/python3.12/site-packages/airflow/models/taskinstance.py", line 273, in _run_raw_task
    TaskInstance._execute_task_with_callbacks(
  File "/home/airflow/.local/lib/python3.12/site-packages/airflow/models/taskinstance.py", line 3159, in _execute_task_with_callbacks
    result = self._execute_task(context, task_orig)
             ^^^^^^^^^^^^^^^^^^^^^^^^^^^^^^^^^^^^^^
  File "/home/airflow/.local/lib/python3.12/site-packages/airflow/models/taskinstance.py", line 3183, in _execute_task
    return _execute_task(self, context, task_orig)
           ^^^^^^^^^^^^^^^^^^^^^^^^^^^^^^^^^^^^^^^
  File "/home/airflow/.local/lib/python3.12/site-packages/airflow/models/taskinstance.py", line 767, in _execute_task
    result = _execute_callable(context=context, **execute_callable_kwargs)
             ^^^^^^^^^^^^^^^^^^^^^^^^^^^^^^^^^^^^^^^^^^^^^^^^^^^^^^^^^^^^^
  File "/home/airflow/.local/lib/python3.12/site-packages/airflow/models/taskinstance.py", line 733, in _execute_callable
    return ExecutionCallableRunner(
           ^^^^^^^^^^^^^^^^^^^^^^^^
  File "/home/airflow/.local/lib/python3.12/site-packages/airflow/utils/operator_helpers.py", line 252, in run
    return self.func(*args, **kwargs)
           ^^^^^^^^^^^^^^^^^^^^^^^^^^
  File "/home/airflow/.local/lib/python3.12/site-packages/airflow/models/baseoperator.py", line 422, in wrapper
    return func(self, *args, **kwargs)
           ^^^^^^^^^^^^^^^^^^^^^^^^^^^
  File "/home/airflow/.local/lib/python3.12/site-packages/airflow/operators/bash.py", line 276, in execute
    raise AirflowException(
airflow.exceptions.AirflowException: Bash command failed. The command returned a non-zero exit code 1.
[2025-04-17T13:13:49.198+0000] {local_task_job_runner.py:266} INFO - Task exited with return code 1
[2025-04-17T13:13:49.265+0000] {taskinstance.py:3895} INFO - 0 downstream tasks scheduled from follow-on schedule check
[2025-04-17T13:13:49.268+0000] {local_task_job_runner.py:245} INFO - ::endgroup::
