[2025-03-28T12:49:01.842+0000] {local_task_job_runner.py:123} INFO - ::group::Pre task execution logs
[2025-03-28T12:49:01.887+0000] {taskinstance.py:2613} INFO - Dependencies all met for dep_context=non-requeueable deps ti=<TaskInstance: air_quality_monitoring_v2.prediction_qualite_air scheduled__2025-03-28T10:00:00+00:00 [queued]>
[2025-03-28T12:49:01.898+0000] {taskinstance.py:2613} INFO - Dependencies all met for dep_context=requeueable deps ti=<TaskInstance: air_quality_monitoring_v2.prediction_qualite_air scheduled__2025-03-28T10:00:00+00:00 [queued]>
[2025-03-28T12:49:01.899+0000] {taskinstance.py:2866} INFO - Starting attempt 1 of 3
[2025-03-28T12:49:01.914+0000] {taskinstance.py:2889} INFO - Executing <Task(PythonOperator): prediction_qualite_air> on 2025-03-28 10:00:00+00:00
[2025-03-28T12:49:01.927+0000] {standard_task_runner.py:104} INFO - Running: ['airflow', 'tasks', 'run', 'air_quality_monitoring_v2', 'prediction_qualite_air', 'scheduled__2025-03-28T10:00:00+00:00', '--job-id', '391', '--raw', '--subdir', 'DAGS_FOLDER/data_enriched_predict.py', '--cfg-path', '/tmp/tmp76lzxsdm']
[2025-03-28T12:49:01.928+0000] {logging_mixin.py:190} WARNING - /home/airflow/.local/lib/python3.12/site-packages/airflow/task/task_runner/standard_task_runner.py:70 DeprecationWarning: This process (pid=132) is multi-threaded, use of fork() may lead to deadlocks in the child.
[2025-03-28T12:49:01.929+0000] {standard_task_runner.py:105} INFO - Job 391: Subtask prediction_qualite_air
[2025-03-28T12:49:01.930+0000] {standard_task_runner.py:72} INFO - Started process 157 to run task
[2025-03-28T12:49:02.080+0000] {task_command.py:467} INFO - Running <TaskInstance: air_quality_monitoring_v2.prediction_qualite_air scheduled__2025-03-28T10:00:00+00:00 [running]> on host 04906466de51
[2025-03-28T12:49:02.383+0000] {taskinstance.py:3132} INFO - Exporting env vars: AIRFLOW_CTX_DAG_EMAIL='fbleza5@gmail.com' AIRFLOW_CTX_DAG_OWNER='airflow' AIRFLOW_CTX_DAG_ID='air_quality_monitoring_v2' AIRFLOW_CTX_TASK_ID='prediction_qualite_air' AIRFLOW_CTX_EXECUTION_DATE='2025-03-28T10:00:00+00:00' AIRFLOW_CTX_TRY_NUMBER='1' AIRFLOW_CTX_DAG_RUN_ID='scheduled__2025-03-28T10:00:00+00:00'
[2025-03-28T12:49:02.385+0000] {taskinstance.py:731} INFO - ::endgroup::
[2025-03-28T12:49:02.439+0000] {base.py:84} INFO - Retrieving connection 'postgres_data'
[2025-03-28T12:49:02.479+0000] {logging_mixin.py:190} WARNING - /opt/airflow/dags/data_enriched_predict.py:125 UserWarning: pandas only supports SQLAlchemy connectable (engine/connection) or database string URI or sqlite3 DBAPI2 connection. Other DBAPI2 objects are not tested. Please consider using SQLAlchemy.
[2025-03-28T12:49:02.529+0000] {base.py:84} INFO - Retrieving connection 'postgres_data'
[2025-03-28T12:49:02.563+0000] {logging_mixin.py:190} WARNING - /opt/airflow/dags/data_enriched_predict.py:136 UserWarning: pandas only supports SQLAlchemy connectable (engine/connection) or database string URI or sqlite3 DBAPI2 connection. Other DBAPI2 objects are not tested. Please consider using SQLAlchemy.
[2025-03-28T12:49:02.635+0000] {base.py:84} INFO - Retrieving connection 'postgres_data'
[2025-03-28T12:49:02.748+0000] {data_enriched_predict.py:194} INFO - 80 prédictions stockées
[2025-03-28T12:49:02.748+0000] {data_enriched_predict.py:161} INFO - Prédictions effectuées avec succès
[2025-03-28T12:49:02.749+0000] {python.py:240} INFO - Done. Returned value was: None
[2025-03-28T12:49:02.786+0000] {taskinstance.py:340} INFO - ::group::Post task execution logs
[2025-03-28T12:49:02.787+0000] {taskinstance.py:352} INFO - Marking task as SUCCESS. dag_id=air_quality_monitoring_v2, task_id=prediction_qualite_air, run_id=scheduled__2025-03-28T10:00:00+00:00, execution_date=20250328T100000, start_date=20250328T124901, end_date=20250328T124902
[2025-03-28T12:49:02.828+0000] {local_task_job_runner.py:266} INFO - Task exited with return code 0
[2025-03-28T12:49:02.979+0000] {taskinstance.py:3895} INFO - 0 downstream tasks scheduled from follow-on schedule check
[2025-03-28T12:49:02.981+0000] {local_task_job_runner.py:245} INFO - ::endgroup::
