[2025-03-31T00:01:36.835+0000] {local_task_job_runner.py:123} INFO - ::group::Pre task execution logs
[2025-03-31T00:01:36.890+0000] {taskinstance.py:2613} INFO - Dependencies all met for dep_context=non-requeueable deps ti=<TaskInstance: paris_air_quality_prod.create_tables scheduled__2025-03-29T04:00:00+00:00 [queued]>
[2025-03-31T00:01:36.904+0000] {taskinstance.py:2613} INFO - Dependencies all met for dep_context=requeueable deps ti=<TaskInstance: paris_air_quality_prod.create_tables scheduled__2025-03-29T04:00:00+00:00 [queued]>
[2025-03-31T00:01:36.905+0000] {taskinstance.py:2866} INFO - Starting attempt 1 of 3
[2025-03-31T00:01:36.926+0000] {taskinstance.py:2889} INFO - Executing <Task(PythonOperator): create_tables> on 2025-03-29 04:00:00+00:00
[2025-03-31T00:01:36.942+0000] {standard_task_runner.py:104} INFO - Running: ['airflow', 'tasks', 'run', 'paris_air_quality_prod', 'create_tables', 'scheduled__2025-03-29T04:00:00+00:00', '--job-id', '674', '--raw', '--subdir', 'DAGS_FOLDER/data_enriched_predict.py', '--cfg-path', '/tmp/tmpf2uifrkb']
[2025-03-31T00:01:36.945+0000] {standard_task_runner.py:105} INFO - Job 674: Subtask create_tables
[2025-03-31T00:01:36.945+0000] {logging_mixin.py:190} WARNING - /home/airflow/.local/lib/python3.12/site-packages/airflow/task/task_runner/standard_task_runner.py:70 DeprecationWarning: This process (pid=6073) is multi-threaded, use of fork() may lead to deadlocks in the child.
[2025-03-31T00:01:36.946+0000] {standard_task_runner.py:72} INFO - Started process 6098 to run task
[2025-03-31T00:01:37.241+0000] {task_command.py:467} INFO - Running <TaskInstance: paris_air_quality_prod.create_tables scheduled__2025-03-29T04:00:00+00:00 [running]> on host 04906466de51
[2025-03-31T00:01:37.540+0000] {taskinstance.py:3132} INFO - Exporting env vars: AIRFLOW_CTX_DAG_OWNER='airflow' AIRFLOW_CTX_DAG_ID='paris_air_quality_prod' AIRFLOW_CTX_TASK_ID='create_tables' AIRFLOW_CTX_EXECUTION_DATE='2025-03-29T04:00:00+00:00' AIRFLOW_CTX_TRY_NUMBER='1' AIRFLOW_CTX_DAG_RUN_ID='scheduled__2025-03-29T04:00:00+00:00'
[2025-03-31T00:01:37.542+0000] {taskinstance.py:731} INFO - ::endgroup::
[2025-03-31T00:01:37.712+0000] {base.py:84} INFO - Retrieving connection 'postgres_data'
[2025-03-31T00:01:37.772+0000] {data_enriched_predict.py:63} INFO - Tables créées avec succès
[2025-03-31T00:01:37.773+0000] {python.py:240} INFO - Done. Returned value was: None
[2025-03-31T00:01:37.818+0000] {taskinstance.py:340} INFO - ::group::Post task execution logs
[2025-03-31T00:01:37.820+0000] {taskinstance.py:352} INFO - Marking task as SUCCESS. dag_id=paris_air_quality_prod, task_id=create_tables, run_id=scheduled__2025-03-29T04:00:00+00:00, execution_date=20250329T040000, start_date=20250331T000136, end_date=20250331T000137
[2025-03-31T00:01:37.887+0000] {local_task_job_runner.py:266} INFO - Task exited with return code 0
[2025-03-31T00:01:37.958+0000] {taskinstance.py:3895} INFO - 1 downstream tasks scheduled from follow-on schedule check
[2025-03-31T00:01:37.961+0000] {local_task_job_runner.py:245} INFO - ::endgroup::
[2025-03-31T01:25:36.124+0000] {local_task_job_runner.py:123} INFO - ::group::Pre task execution logs
[2025-03-31T01:25:36.180+0000] {taskinstance.py:2613} INFO - Dependencies all met for dep_context=non-requeueable deps ti=<TaskInstance: paris_air_quality_prod.create_tables scheduled__2025-03-29T04:00:00+00:00 [queued]>
[2025-03-31T01:25:36.193+0000] {taskinstance.py:2613} INFO - Dependencies all met for dep_context=requeueable deps ti=<TaskInstance: paris_air_quality_prod.create_tables scheduled__2025-03-29T04:00:00+00:00 [queued]>
[2025-03-31T01:25:36.194+0000] {taskinstance.py:2866} INFO - Starting attempt 1 of 3
[2025-03-31T01:25:36.212+0000] {taskinstance.py:2889} INFO - Executing <Task(PythonOperator): create_tables> on 2025-03-29 04:00:00+00:00
[2025-03-31T01:25:36.227+0000] {standard_task_runner.py:104} INFO - Running: ['airflow', 'tasks', 'run', 'paris_air_quality_prod', 'create_tables', 'scheduled__2025-03-29T04:00:00+00:00', '--job-id', '678', '--raw', '--subdir', 'DAGS_FOLDER/data_enriched_predict.py', '--cfg-path', '/tmp/tmpvvlqjjc8']
[2025-03-31T01:25:36.231+0000] {logging_mixin.py:190} WARNING - /home/airflow/.local/lib/python3.12/site-packages/airflow/task/task_runner/standard_task_runner.py:70 DeprecationWarning: This process (pid=8626) is multi-threaded, use of fork() may lead to deadlocks in the child.
[2025-03-31T01:25:36.231+0000] {standard_task_runner.py:105} INFO - Job 678: Subtask create_tables
[2025-03-31T01:25:36.232+0000] {standard_task_runner.py:72} INFO - Started process 8651 to run task
[2025-03-31T01:25:36.435+0000] {task_command.py:467} INFO - Running <TaskInstance: paris_air_quality_prod.create_tables scheduled__2025-03-29T04:00:00+00:00 [running]> on host 04906466de51
[2025-03-31T01:25:36.738+0000] {taskinstance.py:3132} INFO - Exporting env vars: AIRFLOW_CTX_DAG_OWNER='airflow' AIRFLOW_CTX_DAG_ID='paris_air_quality_prod' AIRFLOW_CTX_TASK_ID='create_tables' AIRFLOW_CTX_EXECUTION_DATE='2025-03-29T04:00:00+00:00' AIRFLOW_CTX_TRY_NUMBER='1' AIRFLOW_CTX_DAG_RUN_ID='scheduled__2025-03-29T04:00:00+00:00'
[2025-03-31T01:25:36.742+0000] {taskinstance.py:731} INFO - ::endgroup::
[2025-03-31T01:25:36.866+0000] {base.py:84} INFO - Retrieving connection 'postgres_data'
[2025-03-31T01:25:37.032+0000] {data_enriched_predict.py:63} INFO - Tables créées avec succès
[2025-03-31T01:25:37.033+0000] {python.py:240} INFO - Done. Returned value was: None
[2025-03-31T01:25:37.076+0000] {taskinstance.py:340} INFO - ::group::Post task execution logs
[2025-03-31T01:25:37.077+0000] {taskinstance.py:352} INFO - Marking task as SUCCESS. dag_id=paris_air_quality_prod, task_id=create_tables, run_id=scheduled__2025-03-29T04:00:00+00:00, execution_date=20250329T040000, start_date=20250331T012536, end_date=20250331T012537
[2025-03-31T01:25:37.131+0000] {local_task_job_runner.py:266} INFO - Task exited with return code 0
[2025-03-31T01:25:37.189+0000] {taskinstance.py:3895} INFO - 1 downstream tasks scheduled from follow-on schedule check
[2025-03-31T01:25:37.193+0000] {local_task_job_runner.py:245} INFO - ::endgroup::
[2025-03-31T01:26:25.249+0000] {local_task_job_runner.py:123} INFO - ::group::Pre task execution logs
[2025-03-31T01:26:25.300+0000] {taskinstance.py:2613} INFO - Dependencies all met for dep_context=non-requeueable deps ti=<TaskInstance: paris_air_quality_prod.create_tables scheduled__2025-03-29T04:00:00+00:00 [queued]>
[2025-03-31T01:26:25.312+0000] {taskinstance.py:2613} INFO - Dependencies all met for dep_context=requeueable deps ti=<TaskInstance: paris_air_quality_prod.create_tables scheduled__2025-03-29T04:00:00+00:00 [queued]>
[2025-03-31T01:26:25.313+0000] {taskinstance.py:2866} INFO - Starting attempt 1 of 3
[2025-03-31T01:26:25.329+0000] {taskinstance.py:2889} INFO - Executing <Task(PythonOperator): create_tables> on 2025-03-29 04:00:00+00:00
[2025-03-31T01:26:25.338+0000] {standard_task_runner.py:104} INFO - Running: ['airflow', 'tasks', 'run', 'paris_air_quality_prod', 'create_tables', 'scheduled__2025-03-29T04:00:00+00:00', '--job-id', '679', '--raw', '--subdir', 'DAGS_FOLDER/data_enriched_predict.py', '--cfg-path', '/tmp/tmpbar55ibh']
[2025-03-31T01:26:25.341+0000] {standard_task_runner.py:105} INFO - Job 679: Subtask create_tables
[2025-03-31T01:26:25.341+0000] {logging_mixin.py:190} WARNING - /home/airflow/.local/lib/python3.12/site-packages/airflow/task/task_runner/standard_task_runner.py:70 DeprecationWarning: This process (pid=8668) is multi-threaded, use of fork() may lead to deadlocks in the child.
[2025-03-31T01:26:25.342+0000] {standard_task_runner.py:72} INFO - Started process 8695 to run task
[2025-03-31T01:26:25.486+0000] {task_command.py:467} INFO - Running <TaskInstance: paris_air_quality_prod.create_tables scheduled__2025-03-29T04:00:00+00:00 [running]> on host 04906466de51
[2025-03-31T01:26:25.657+0000] {taskinstance.py:3132} INFO - Exporting env vars: AIRFLOW_CTX_DAG_OWNER='airflow' AIRFLOW_CTX_DAG_ID='paris_air_quality_prod' AIRFLOW_CTX_TASK_ID='create_tables' AIRFLOW_CTX_EXECUTION_DATE='2025-03-29T04:00:00+00:00' AIRFLOW_CTX_TRY_NUMBER='1' AIRFLOW_CTX_DAG_RUN_ID='scheduled__2025-03-29T04:00:00+00:00'
[2025-03-31T01:26:25.658+0000] {taskinstance.py:731} INFO - ::endgroup::
[2025-03-31T01:26:25.714+0000] {base.py:84} INFO - Retrieving connection 'postgres_data'
[2025-03-31T01:26:25.763+0000] {data_enriched_predict.py:63} INFO - Tables créées avec succès
[2025-03-31T01:26:25.764+0000] {python.py:240} INFO - Done. Returned value was: None
[2025-03-31T01:26:25.922+0000] {taskinstance.py:340} INFO - ::group::Post task execution logs
[2025-03-31T01:26:25.923+0000] {taskinstance.py:352} INFO - Marking task as SUCCESS. dag_id=paris_air_quality_prod, task_id=create_tables, run_id=scheduled__2025-03-29T04:00:00+00:00, execution_date=20250329T040000, start_date=20250331T012625, end_date=20250331T012625
[2025-03-31T01:26:25.959+0000] {local_task_job_runner.py:266} INFO - Task exited with return code 0
[2025-03-31T01:26:26.014+0000] {taskinstance.py:3895} INFO - 1 downstream tasks scheduled from follow-on schedule check
[2025-03-31T01:26:26.016+0000] {local_task_job_runner.py:245} INFO - ::endgroup::
