[2025-03-28T10:31:09.803+0000] {local_task_job_runner.py:123} INFO - ::group::Pre task execution logs
[2025-03-28T10:31:09.855+0000] {taskinstance.py:2613} INFO - Dependencies all met for dep_context=non-requeueable deps ti=<TaskInstance: air_quality_pipeline.transform_data manual__2025-03-28T10:31:01.146987+00:00 [queued]>
[2025-03-28T10:31:09.867+0000] {taskinstance.py:2613} INFO - Dependencies all met for dep_context=requeueable deps ti=<TaskInstance: air_quality_pipeline.transform_data manual__2025-03-28T10:31:01.146987+00:00 [queued]>
[2025-03-28T10:31:09.868+0000] {taskinstance.py:2866} INFO - Starting attempt 1 of 2
[2025-03-28T10:31:09.883+0000] {taskinstance.py:2889} INFO - Executing <Task(PythonOperator): transform_data> on 2025-03-28 10:31:01.146987+00:00
[2025-03-28T10:31:09.889+0000] {standard_task_runner.py:104} INFO - Running: ['airflow', 'tasks', 'run', 'air_quality_pipeline', 'transform_data', 'manual__2025-03-28T10:31:01.146987+00:00', '--job-id', '247', '--raw', '--subdir', 'DAGS_FOLDER/data_pipeline.py', '--cfg-path', '/tmp/tmp817_g3as']
[2025-03-28T10:31:09.891+0000] {standard_task_runner.py:105} INFO - Job 247: Subtask transform_data
[2025-03-28T10:31:09.893+0000] {logging_mixin.py:190} WARNING - /home/airflow/.local/lib/python3.12/site-packages/airflow/task/task_runner/standard_task_runner.py:70 DeprecationWarning: This process (pid=50) is multi-threaded, use of fork() may lead to deadlocks in the child.
[2025-03-28T10:31:09.894+0000] {standard_task_runner.py:72} INFO - Started process 64 to run task
[2025-03-28T10:31:10.040+0000] {task_command.py:467} INFO - Running <TaskInstance: air_quality_pipeline.transform_data manual__2025-03-28T10:31:01.146987+00:00 [running]> on host 6d0e87c01008
[2025-03-28T10:31:10.225+0000] {taskinstance.py:3132} INFO - Exporting env vars: AIRFLOW_CTX_DAG_OWNER='airflow' AIRFLOW_CTX_DAG_ID='air_quality_pipeline' AIRFLOW_CTX_TASK_ID='transform_data' AIRFLOW_CTX_EXECUTION_DATE='2025-03-28T10:31:01.146987+00:00' AIRFLOW_CTX_TRY_NUMBER='1' AIRFLOW_CTX_DAG_RUN_ID='manual__2025-03-28T10:31:01.146987+00:00'
[2025-03-28T10:31:10.226+0000] {taskinstance.py:731} INFO - ::endgroup::
[2025-03-28T10:31:11.440+0000] {base.py:84} INFO - Retrieving connection 'postgres_data'
[2025-03-28T10:31:11.511+0000] {data_pipeline.py:55} INFO - Données brutes insérées pour Paris dans Data Lake
[2025-03-28T10:31:12.639+0000] {base.py:84} INFO - Retrieving connection 'postgres_data'
[2025-03-28T10:31:12.688+0000] {data_pipeline.py:55} INFO - Données brutes insérées pour Lyon dans Data Lake
[2025-03-28T10:31:13.877+0000] {base.py:84} INFO - Retrieving connection 'postgres_data'
[2025-03-28T10:31:13.928+0000] {data_pipeline.py:55} INFO - Données brutes insérées pour Nice dans Data Lake
[2025-03-28T10:31:15.091+0000] {base.py:84} INFO - Retrieving connection 'postgres_data'
[2025-03-28T10:31:15.136+0000] {data_pipeline.py:55} INFO - Données brutes insérées pour Marseille dans Data Lake
[2025-03-28T10:31:15.183+0000] {base.py:84} INFO - Retrieving connection 'postgres_data'
[2025-03-28T10:31:15.380+0000] {data_pipeline.py:137} INFO - Données insérées dans le Data Warehouse
[2025-03-28T10:31:15.381+0000] {data_pipeline.py:99} INFO - Données transformées et stockées dans le Data Warehouse
[2025-03-28T10:31:15.382+0000] {python.py:240} INFO - Done. Returned value was: None
[2025-03-28T10:31:15.423+0000] {taskinstance.py:340} INFO - ::group::Post task execution logs
[2025-03-28T10:31:15.423+0000] {taskinstance.py:352} INFO - Marking task as SUCCESS. dag_id=air_quality_pipeline, task_id=transform_data, run_id=manual__2025-03-28T10:31:01.146987+00:00, execution_date=20250328T103101, start_date=20250328T103109, end_date=20250328T103115
[2025-03-28T10:31:15.447+0000] {local_task_job_runner.py:266} INFO - Task exited with return code 0
[2025-03-28T10:31:15.507+0000] {taskinstance.py:3895} INFO - 1 downstream tasks scheduled from follow-on schedule check
[2025-03-28T10:31:15.510+0000] {local_task_job_runner.py:245} INFO - ::endgroup::
