[2025-04-17T09:54:23.083+0000] {local_task_job_runner.py:123} INFO - ::group::Pre task execution logs
[2025-04-17T09:54:23.135+0000] {taskinstance.py:2613} INFO - Dependencies all met for dep_context=non-requeueable deps ti=<TaskInstance: air_quality_pipeline.transform_data scheduled__2025-04-17T06:00:00+00:00 [queued]>
[2025-04-17T09:54:23.148+0000] {taskinstance.py:2613} INFO - Dependencies all met for dep_context=requeueable deps ti=<TaskInstance: air_quality_pipeline.transform_data scheduled__2025-04-17T06:00:00+00:00 [queued]>
[2025-04-17T09:54:23.149+0000] {taskinstance.py:2866} INFO - Starting attempt 1 of 2
[2025-04-17T09:54:23.166+0000] {taskinstance.py:2889} INFO - Executing <Task(PythonOperator): transform_data> on 2025-04-17 06:00:00+00:00
[2025-04-17T09:54:23.174+0000] {standard_task_runner.py:104} INFO - Running: ['airflow', 'tasks', 'run', 'air_quality_pipeline', 'transform_data', 'scheduled__2025-04-17T06:00:00+00:00', '--job-id', '800', '--raw', '--subdir', 'DAGS_FOLDER/data_pipeline.py', '--cfg-path', '/tmp/tmp476kdzx4']
[2025-04-17T09:54:23.176+0000] {standard_task_runner.py:105} INFO - Job 800: Subtask transform_data
[2025-04-17T09:54:23.177+0000] {logging_mixin.py:190} WARNING - /home/airflow/.local/lib/python3.12/site-packages/airflow/task/task_runner/standard_task_runner.py:70 DeprecationWarning: This process (pid=164) is multi-threaded, use of fork() may lead to deadlocks in the child.
[2025-04-17T09:54:23.178+0000] {standard_task_runner.py:72} INFO - Started process 178 to run task
[2025-04-17T09:54:23.465+0000] {task_command.py:467} INFO - Running <TaskInstance: air_quality_pipeline.transform_data scheduled__2025-04-17T06:00:00+00:00 [running]> on host 04906466de51
[2025-04-17T09:54:23.773+0000] {taskinstance.py:3132} INFO - Exporting env vars: AIRFLOW_CTX_DAG_EMAIL='fbleza5@gmail.com' AIRFLOW_CTX_DAG_OWNER='airflow' AIRFLOW_CTX_DAG_ID='air_quality_pipeline' AIRFLOW_CTX_TASK_ID='transform_data' AIRFLOW_CTX_EXECUTION_DATE='2025-04-17T06:00:00+00:00' AIRFLOW_CTX_TRY_NUMBER='1' AIRFLOW_CTX_DAG_RUN_ID='scheduled__2025-04-17T06:00:00+00:00'
[2025-04-17T09:54:23.774+0000] {taskinstance.py:731} INFO - ::endgroup::
[2025-04-17T09:54:25.126+0000] {base.py:84} INFO - Retrieving connection 'postgres_data'
[2025-04-17T09:54:25.175+0000] {data_pipeline.py:55} INFO - Données brutes insérées pour Paris dans Data Lake
[2025-04-17T09:54:26.364+0000] {base.py:84} INFO - Retrieving connection 'postgres_data'
[2025-04-17T09:54:26.413+0000] {data_pipeline.py:55} INFO - Données brutes insérées pour Lyon dans Data Lake
[2025-04-17T09:54:27.613+0000] {base.py:84} INFO - Retrieving connection 'postgres_data'
[2025-04-17T09:54:27.658+0000] {data_pipeline.py:55} INFO - Données brutes insérées pour Lille dans Data Lake
[2025-04-17T09:54:28.811+0000] {base.py:84} INFO - Retrieving connection 'postgres_data'
[2025-04-17T09:54:29.026+0000] {data_pipeline.py:55} INFO - Données brutes insérées pour Marseille dans Data Lake
[2025-04-17T09:54:30.204+0000] {base.py:84} INFO - Retrieving connection 'postgres_data'
[2025-04-17T09:54:30.256+0000] {data_pipeline.py:55} INFO - Données brutes insérées pour Montpellier dans Data Lake
[2025-04-17T09:54:30.266+0000] {data_pipeline.py:107} WARNING - 40 lignes ont été ignorées à cause de valeurs non valides.
[2025-04-17T09:54:30.428+0000] {base.py:84} INFO - Retrieving connection 'postgres_data'
[2025-04-17T09:54:30.730+0000] {data_pipeline.py:152} INFO - Données insérées dans le Data Warehouse
[2025-04-17T09:54:30.731+0000] {data_pipeline.py:111} INFO - Données transformées et stockées dans le Data Warehouse
[2025-04-17T09:54:30.732+0000] {python.py:240} INFO - Done. Returned value was:             city           timestamp  temperature  ...  aqi  pm25  pm10
0          Paris 2025-04-17 12:00:00           15  ...   95    95  26.0
1          Paris 2025-04-17 15:00:00           14  ...   95    95  26.0
2          Paris 2025-04-17 18:00:00           13  ...   95    95  26.0
3          Paris 2025-04-17 21:00:00           10  ...   95    95  26.0
4          Paris 2025-04-18 00:00:00           12  ...   95    95  26.0
..           ...                 ...          ...  ...  ...   ...   ...
195  Montpellier 2025-04-21 21:00:00           13  ...   33    11  10.0
196  Montpellier 2025-04-22 00:00:00           11  ...   33    11  10.0
197  Montpellier 2025-04-22 03:00:00           10  ...   33    11  10.0
198  Montpellier 2025-04-22 06:00:00           10  ...   33    11  10.0
199  Montpellier 2025-04-22 09:00:00           14  ...   33    11  10.0

[160 rows x 8 columns]
[2025-04-17T09:54:30.895+0000] {taskinstance.py:340} INFO - ::group::Post task execution logs
[2025-04-17T09:54:30.896+0000] {taskinstance.py:352} INFO - Marking task as SUCCESS. dag_id=air_quality_pipeline, task_id=transform_data, run_id=scheduled__2025-04-17T06:00:00+00:00, execution_date=20250417T060000, start_date=20250417T095423, end_date=20250417T095430
[2025-04-17T09:54:30.944+0000] {local_task_job_runner.py:266} INFO - Task exited with return code 0
[2025-04-17T09:54:31.021+0000] {taskinstance.py:3895} INFO - 1 downstream tasks scheduled from follow-on schedule check
[2025-04-17T09:54:31.024+0000] {local_task_job_runner.py:245} INFO - ::endgroup::
