[2025-03-28T16:28:35.373+0000] {local_task_job_runner.py:123} INFO - ::group::Pre task execution logs
[2025-03-28T16:28:35.430+0000] {taskinstance.py:2613} INFO - Dependencies all met for dep_context=non-requeueable deps ti=<TaskInstance: air_quality_monitoring_v3.collect_air_quality_data manual__2025-03-28T16:28:10.476767+00:00 [queued]>
[2025-03-28T16:28:35.445+0000] {taskinstance.py:2613} INFO - Dependencies all met for dep_context=requeueable deps ti=<TaskInstance: air_quality_monitoring_v3.collect_air_quality_data manual__2025-03-28T16:28:10.476767+00:00 [queued]>
[2025-03-28T16:28:35.446+0000] {taskinstance.py:2866} INFO - Starting attempt 1 of 4
[2025-03-28T16:28:35.467+0000] {taskinstance.py:2889} INFO - Executing <Task(PythonOperator): collect_air_quality_data> on 2025-03-28 16:28:10.476767+00:00
[2025-03-28T16:28:35.476+0000] {standard_task_runner.py:104} INFO - Running: ['airflow', 'tasks', 'run', 'air_quality_monitoring_v3', 'collect_air_quality_data', 'manual__2025-03-28T16:28:10.476767+00:00', '--job-id', '425', '--raw', '--subdir', 'DAGS_FOLDER/data_enriched_predict.py', '--cfg-path', '/tmp/tmpyyu_vc8v']
[2025-03-28T16:28:35.478+0000] {logging_mixin.py:190} WARNING - /home/airflow/.local/lib/python3.12/site-packages/airflow/task/task_runner/standard_task_runner.py:70 DeprecationWarning: This process (pid=5708) is multi-threaded, use of fork() may lead to deadlocks in the child.
[2025-03-28T16:28:35.478+0000] {standard_task_runner.py:105} INFO - Job 425: Subtask collect_air_quality_data
[2025-03-28T16:28:35.479+0000] {standard_task_runner.py:72} INFO - Started process 5746 to run task
[2025-03-28T16:28:35.724+0000] {task_command.py:467} INFO - Running <TaskInstance: air_quality_monitoring_v3.collect_air_quality_data manual__2025-03-28T16:28:10.476767+00:00 [running]> on host 04906466de51
[2025-03-28T16:28:35.908+0000] {taskinstance.py:3132} INFO - Exporting env vars: AIRFLOW_CTX_DAG_OWNER='airflow' AIRFLOW_CTX_DAG_ID='air_quality_monitoring_v3' AIRFLOW_CTX_TASK_ID='collect_air_quality_data' AIRFLOW_CTX_EXECUTION_DATE='2025-03-28T16:28:10.476767+00:00' AIRFLOW_CTX_TRY_NUMBER='1' AIRFLOW_CTX_DAG_RUN_ID='manual__2025-03-28T16:28:10.476767+00:00'
[2025-03-28T16:28:35.909+0000] {taskinstance.py:731} INFO - ::endgroup::
[2025-03-28T16:28:35.921+0000] {data_enriched_predict.py:144} INFO - Collecte pour Lyon...
[2025-03-28T16:28:37.056+0000] {data_enriched_predict.py:101} INFO - Statut API : 200
[2025-03-28T16:28:37.058+0000] {data_enriched_predict.py:165} INFO - Données validées pour Lyon
[2025-03-28T16:28:37.422+0000] {data_enriched_predict.py:144} INFO - Collecte pour Paris...
[2025-03-28T16:28:38.539+0000] {data_enriched_predict.py:101} INFO - Statut API : 200
[2025-03-28T16:28:38.540+0000] {data_enriched_predict.py:165} INFO - Données validées pour Paris
[2025-03-28T16:28:38.923+0000] {data_enriched_predict.py:144} INFO - Collecte pour Marseille...
[2025-03-28T16:28:40.014+0000] {data_enriched_predict.py:101} INFO - Statut API : 429
[2025-03-28T16:28:40.015+0000] {data_enriched_predict.py:104} ERROR - Erreur API : {"status":"fail","data":{"message":"Too Many Requests"}}
[2025-03-28T16:28:40.429+0000] {data_enriched_predict.py:185} INFO - Début du stockage de 2 enregistrements
[2025-03-28T16:28:40.476+0000] {base.py:84} INFO - Retrieving connection 'postgres_data'
[2025-03-28T16:28:40.536+0000] {data_enriched_predict.py:214} INFO - Stockage réussi de 2 enregistrements
[2025-03-28T16:28:40.539+0000] {data_enriched_predict.py:219} INFO - Total en base : 5
[2025-03-28T16:28:40.541+0000] {python.py:240} INFO - Done. Returned value was: None
[2025-03-28T16:28:40.579+0000] {taskinstance.py:340} INFO - ::group::Post task execution logs
[2025-03-28T16:28:40.580+0000] {taskinstance.py:352} INFO - Marking task as SUCCESS. dag_id=air_quality_monitoring_v3, task_id=collect_air_quality_data, run_id=manual__2025-03-28T16:28:10.476767+00:00, execution_date=20250328T162810, start_date=20250328T162835, end_date=20250328T162840
[2025-03-28T16:28:40.616+0000] {local_task_job_runner.py:266} INFO - Task exited with return code 0
[2025-03-28T16:28:40.663+0000] {taskinstance.py:3895} INFO - 1 downstream tasks scheduled from follow-on schedule check
[2025-03-28T16:28:40.666+0000] {local_task_job_runner.py:245} INFO - ::endgroup::
