[2025-03-30T22:12:20.062+0000] {local_task_job_runner.py:123} INFO - ::group::Pre task execution logs
[2025-03-30T22:12:20.110+0000] {taskinstance.py:2613} INFO - Dependencies all met for dep_context=non-requeueable deps ti=<TaskInstance: paris_air_quality_prod.init_database scheduled__2025-03-29T04:00:00+00:00 [queued]>
[2025-03-30T22:12:20.123+0000] {taskinstance.py:2613} INFO - Dependencies all met for dep_context=requeueable deps ti=<TaskInstance: paris_air_quality_prod.init_database scheduled__2025-03-29T04:00:00+00:00 [queued]>
[2025-03-30T22:12:20.124+0000] {taskinstance.py:2866} INFO - Starting attempt 1 of 3
[2025-03-30T22:12:20.140+0000] {taskinstance.py:2889} INFO - Executing <Task(PythonOperator): init_database> on 2025-03-29 04:00:00+00:00
[2025-03-30T22:12:20.150+0000] {standard_task_runner.py:104} INFO - Running: ['airflow', 'tasks', 'run', 'paris_air_quality_prod', 'init_database', 'scheduled__2025-03-29T04:00:00+00:00', '--job-id', '641', '--raw', '--subdir', 'DAGS_FOLDER/data_enriched_predict.py', '--cfg-path', '/tmp/tmpx54jwldd']
[2025-03-30T22:12:20.153+0000] {standard_task_runner.py:105} INFO - Job 641: Subtask init_database
[2025-03-30T22:12:20.154+0000] {logging_mixin.py:190} WARNING - /home/airflow/.local/lib/python3.12/site-packages/airflow/task/task_runner/standard_task_runner.py:70 DeprecationWarning: This process (pid=1454) is multi-threaded, use of fork() may lead to deadlocks in the child.
[2025-03-30T22:12:20.154+0000] {standard_task_runner.py:72} INFO - Started process 1481 to run task
[2025-03-30T22:12:20.393+0000] {task_command.py:467} INFO - Running <TaskInstance: paris_air_quality_prod.init_database scheduled__2025-03-29T04:00:00+00:00 [running]> on host 04906466de51
[2025-03-30T22:12:20.564+0000] {taskinstance.py:3132} INFO - Exporting env vars: AIRFLOW_CTX_DAG_OWNER='airflow' AIRFLOW_CTX_DAG_ID='paris_air_quality_prod' AIRFLOW_CTX_TASK_ID='init_database' AIRFLOW_CTX_EXECUTION_DATE='2025-03-29T04:00:00+00:00' AIRFLOW_CTX_TRY_NUMBER='1' AIRFLOW_CTX_DAG_RUN_ID='scheduled__2025-03-29T04:00:00+00:00'
[2025-03-30T22:12:20.565+0000] {taskinstance.py:731} INFO - ::endgroup::
[2025-03-30T22:12:20.629+0000] {base.py:84} INFO - Retrieving connection 'postgres_data'
[2025-03-30T22:12:20.695+0000] {python.py:240} INFO - Done. Returned value was: None
[2025-03-30T22:12:20.737+0000] {taskinstance.py:340} INFO - ::group::Post task execution logs
[2025-03-30T22:12:20.738+0000] {taskinstance.py:352} INFO - Marking task as SUCCESS. dag_id=paris_air_quality_prod, task_id=init_database, run_id=scheduled__2025-03-29T04:00:00+00:00, execution_date=20250329T040000, start_date=20250330T221220, end_date=20250330T221220
[2025-03-30T22:12:20.771+0000] {local_task_job_runner.py:266} INFO - Task exited with return code 0
[2025-03-30T22:12:20.826+0000] {taskinstance.py:3895} INFO - 1 downstream tasks scheduled from follow-on schedule check
[2025-03-30T22:12:20.828+0000] {local_task_job_runner.py:245} INFO - ::endgroup::
[2025-03-30T22:18:56.488+0000] {local_task_job_runner.py:123} INFO - ::group::Pre task execution logs
[2025-03-30T22:18:56.538+0000] {taskinstance.py:2613} INFO - Dependencies all met for dep_context=non-requeueable deps ti=<TaskInstance: paris_air_quality_prod.init_database scheduled__2025-03-29T04:00:00+00:00 [queued]>
[2025-03-30T22:18:56.549+0000] {taskinstance.py:2613} INFO - Dependencies all met for dep_context=requeueable deps ti=<TaskInstance: paris_air_quality_prod.init_database scheduled__2025-03-29T04:00:00+00:00 [queued]>
[2025-03-30T22:18:56.550+0000] {taskinstance.py:2866} INFO - Starting attempt 1 of 3
[2025-03-30T22:18:56.566+0000] {taskinstance.py:2889} INFO - Executing <Task(PythonOperator): init_database> on 2025-03-29 04:00:00+00:00
[2025-03-30T22:18:56.585+0000] {standard_task_runner.py:104} INFO - Running: ['airflow', 'tasks', 'run', 'paris_air_quality_prod', 'init_database', 'scheduled__2025-03-29T04:00:00+00:00', '--job-id', '643', '--raw', '--subdir', 'DAGS_FOLDER/data_enriched_predict.py', '--cfg-path', '/tmp/tmp5s2kga0g']
[2025-03-30T22:18:56.588+0000] {logging_mixin.py:190} WARNING - /home/airflow/.local/lib/python3.12/site-packages/airflow/task/task_runner/standard_task_runner.py:70 DeprecationWarning: This process (pid=1722) is multi-threaded, use of fork() may lead to deadlocks in the child.
[2025-03-30T22:18:56.588+0000] {standard_task_runner.py:105} INFO - Job 643: Subtask init_database
[2025-03-30T22:18:56.589+0000] {standard_task_runner.py:72} INFO - Started process 1747 to run task
[2025-03-30T22:18:56.772+0000] {task_command.py:467} INFO - Running <TaskInstance: paris_air_quality_prod.init_database scheduled__2025-03-29T04:00:00+00:00 [running]> on host 04906466de51
[2025-03-30T22:18:57.083+0000] {taskinstance.py:3132} INFO - Exporting env vars: AIRFLOW_CTX_DAG_OWNER='airflow' AIRFLOW_CTX_DAG_ID='paris_air_quality_prod' AIRFLOW_CTX_TASK_ID='init_database' AIRFLOW_CTX_EXECUTION_DATE='2025-03-29T04:00:00+00:00' AIRFLOW_CTX_TRY_NUMBER='1' AIRFLOW_CTX_DAG_RUN_ID='scheduled__2025-03-29T04:00:00+00:00'
[2025-03-30T22:18:57.084+0000] {taskinstance.py:731} INFO - ::endgroup::
[2025-03-30T22:18:57.149+0000] {base.py:84} INFO - Retrieving connection 'postgres_data'
[2025-03-30T22:18:57.190+0000] {python.py:240} INFO - Done. Returned value was: None
[2025-03-30T22:18:57.232+0000] {taskinstance.py:340} INFO - ::group::Post task execution logs
[2025-03-30T22:18:57.232+0000] {taskinstance.py:352} INFO - Marking task as SUCCESS. dag_id=paris_air_quality_prod, task_id=init_database, run_id=scheduled__2025-03-29T04:00:00+00:00, execution_date=20250329T040000, start_date=20250330T221856, end_date=20250330T221857
[2025-03-30T22:18:57.288+0000] {local_task_job_runner.py:266} INFO - Task exited with return code 0
[2025-03-30T22:18:57.342+0000] {taskinstance.py:3895} INFO - 1 downstream tasks scheduled from follow-on schedule check
[2025-03-30T22:18:57.344+0000] {local_task_job_runner.py:245} INFO - ::endgroup::
[2025-03-30T22:20:01.140+0000] {local_task_job_runner.py:123} INFO - ::group::Pre task execution logs
[2025-03-30T22:20:01.188+0000] {taskinstance.py:2613} INFO - Dependencies all met for dep_context=non-requeueable deps ti=<TaskInstance: paris_air_quality_prod.init_database scheduled__2025-03-29T04:00:00+00:00 [queued]>
[2025-03-30T22:20:01.200+0000] {taskinstance.py:2613} INFO - Dependencies all met for dep_context=requeueable deps ti=<TaskInstance: paris_air_quality_prod.init_database scheduled__2025-03-29T04:00:00+00:00 [queued]>
[2025-03-30T22:20:01.201+0000] {taskinstance.py:2866} INFO - Starting attempt 1 of 3
[2025-03-30T22:20:01.217+0000] {taskinstance.py:2889} INFO - Executing <Task(PythonOperator): init_database> on 2025-03-29 04:00:00+00:00
[2025-03-30T22:20:01.225+0000] {standard_task_runner.py:104} INFO - Running: ['airflow', 'tasks', 'run', 'paris_air_quality_prod', 'init_database', 'scheduled__2025-03-29T04:00:00+00:00', '--job-id', '645', '--raw', '--subdir', 'DAGS_FOLDER/data_enriched_predict.py', '--cfg-path', '/tmp/tmpfnpcezi9']
[2025-03-30T22:20:01.228+0000] {standard_task_runner.py:105} INFO - Job 645: Subtask init_database
[2025-03-30T22:20:01.229+0000] {logging_mixin.py:190} WARNING - /home/airflow/.local/lib/python3.12/site-packages/airflow/task/task_runner/standard_task_runner.py:70 DeprecationWarning: This process (pid=1806) is multi-threaded, use of fork() may lead to deadlocks in the child.
[2025-03-30T22:20:01.230+0000] {standard_task_runner.py:72} INFO - Started process 1831 to run task
[2025-03-30T22:20:01.483+0000] {task_command.py:467} INFO - Running <TaskInstance: paris_air_quality_prod.init_database scheduled__2025-03-29T04:00:00+00:00 [running]> on host 04906466de51
[2025-03-30T22:20:01.776+0000] {taskinstance.py:3132} INFO - Exporting env vars: AIRFLOW_CTX_DAG_OWNER='airflow' AIRFLOW_CTX_DAG_ID='paris_air_quality_prod' AIRFLOW_CTX_TASK_ID='init_database' AIRFLOW_CTX_EXECUTION_DATE='2025-03-29T04:00:00+00:00' AIRFLOW_CTX_TRY_NUMBER='1' AIRFLOW_CTX_DAG_RUN_ID='scheduled__2025-03-29T04:00:00+00:00'
[2025-03-30T22:20:01.777+0000] {taskinstance.py:731} INFO - ::endgroup::
[2025-03-30T22:20:01.839+0000] {base.py:84} INFO - Retrieving connection 'postgres_data'
[2025-03-30T22:20:01.893+0000] {python.py:240} INFO - Done. Returned value was: None
[2025-03-30T22:20:01.934+0000] {taskinstance.py:340} INFO - ::group::Post task execution logs
[2025-03-30T22:20:01.934+0000] {taskinstance.py:352} INFO - Marking task as SUCCESS. dag_id=paris_air_quality_prod, task_id=init_database, run_id=scheduled__2025-03-29T04:00:00+00:00, execution_date=20250329T040000, start_date=20250330T222001, end_date=20250330T222001
[2025-03-30T22:20:01.968+0000] {local_task_job_runner.py:266} INFO - Task exited with return code 0
[2025-03-30T22:20:02.027+0000] {taskinstance.py:3895} INFO - 1 downstream tasks scheduled from follow-on schedule check
[2025-03-30T22:20:02.030+0000] {local_task_job_runner.py:245} INFO - ::endgroup::
[2025-03-30T22:51:26.488+0000] {local_task_job_runner.py:123} INFO - ::group::Pre task execution logs
[2025-03-30T22:51:26.646+0000] {taskinstance.py:2613} INFO - Dependencies all met for dep_context=non-requeueable deps ti=<TaskInstance: paris_air_quality_prod.init_database scheduled__2025-03-29T04:00:00+00:00 [queued]>
[2025-03-30T22:51:26.657+0000] {taskinstance.py:2613} INFO - Dependencies all met for dep_context=requeueable deps ti=<TaskInstance: paris_air_quality_prod.init_database scheduled__2025-03-29T04:00:00+00:00 [queued]>
[2025-03-30T22:51:26.658+0000] {taskinstance.py:2866} INFO - Starting attempt 1 of 3
[2025-03-30T22:51:26.673+0000] {taskinstance.py:2889} INFO - Executing <Task(PythonOperator): init_database> on 2025-03-29 04:00:00+00:00
[2025-03-30T22:51:26.681+0000] {standard_task_runner.py:104} INFO - Running: ['airflow', 'tasks', 'run', 'paris_air_quality_prod', 'init_database', 'scheduled__2025-03-29T04:00:00+00:00', '--job-id', '660', '--raw', '--subdir', 'DAGS_FOLDER/data_enriched_predict.py', '--cfg-path', '/tmp/tmpt8a3c6il']
[2025-03-30T22:51:26.684+0000] {standard_task_runner.py:105} INFO - Job 660: Subtask init_database
[2025-03-30T22:51:26.684+0000] {logging_mixin.py:190} WARNING - /home/airflow/.local/lib/python3.12/site-packages/airflow/task/task_runner/standard_task_runner.py:70 DeprecationWarning: This process (pid=3477) is multi-threaded, use of fork() may lead to deadlocks in the child.
[2025-03-30T22:51:26.685+0000] {standard_task_runner.py:72} INFO - Started process 3502 to run task
[2025-03-30T22:51:26.832+0000] {task_command.py:467} INFO - Running <TaskInstance: paris_air_quality_prod.init_database scheduled__2025-03-29T04:00:00+00:00 [running]> on host 04906466de51
[2025-03-30T22:51:27.028+0000] {taskinstance.py:3132} INFO - Exporting env vars: AIRFLOW_CTX_DAG_OWNER='airflow' AIRFLOW_CTX_DAG_ID='paris_air_quality_prod' AIRFLOW_CTX_TASK_ID='init_database' AIRFLOW_CTX_EXECUTION_DATE='2025-03-29T04:00:00+00:00' AIRFLOW_CTX_TRY_NUMBER='1' AIRFLOW_CTX_DAG_RUN_ID='scheduled__2025-03-29T04:00:00+00:00'
[2025-03-30T22:51:27.029+0000] {taskinstance.py:731} INFO - ::endgroup::
[2025-03-30T22:51:27.098+0000] {base.py:84} INFO - Retrieving connection 'postgres_data'
[2025-03-30T22:51:27.140+0000] {python.py:240} INFO - Done. Returned value was: None
[2025-03-30T22:51:27.296+0000] {taskinstance.py:340} INFO - ::group::Post task execution logs
[2025-03-30T22:51:27.298+0000] {taskinstance.py:352} INFO - Marking task as SUCCESS. dag_id=paris_air_quality_prod, task_id=init_database, run_id=scheduled__2025-03-29T04:00:00+00:00, execution_date=20250329T040000, start_date=20250330T225126, end_date=20250330T225127
[2025-03-30T22:51:27.344+0000] {local_task_job_runner.py:266} INFO - Task exited with return code 0
[2025-03-30T22:51:27.412+0000] {taskinstance.py:3895} INFO - 1 downstream tasks scheduled from follow-on schedule check
[2025-03-30T22:51:27.415+0000] {local_task_job_runner.py:245} INFO - ::endgroup::
