[2025-04-10T12:17:26.178+0000] {local_task_job_runner.py:123} INFO - ::group::Pre task execution logs
[2025-04-10T12:17:26.238+0000] {taskinstance.py:2613} INFO - Dependencies all met for dep_context=non-requeueable deps ti=<TaskInstance: air_quality_pipeline.insert_data_mart scheduled__2025-04-10T10:00:00+00:00 [queued]>
[2025-04-10T12:17:26.252+0000] {taskinstance.py:2613} INFO - Dependencies all met for dep_context=requeueable deps ti=<TaskInstance: air_quality_pipeline.insert_data_mart scheduled__2025-04-10T10:00:00+00:00 [queued]>
[2025-04-10T12:17:26.253+0000] {taskinstance.py:2866} INFO - Starting attempt 1 of 2
[2025-04-10T12:17:26.269+0000] {taskinstance.py:2889} INFO - Executing <Task(PythonOperator): insert_data_mart> on 2025-04-10 10:00:00+00:00
[2025-04-10T12:17:26.277+0000] {standard_task_runner.py:104} INFO - Running: ['airflow', 'tasks', 'run', 'air_quality_pipeline', 'insert_data_mart', 'scheduled__2025-04-10T10:00:00+00:00', '--job-id', '781', '--raw', '--subdir', 'DAGS_FOLDER/data_pipeline.py', '--cfg-path', '/tmp/tmp9e2img3s']
[2025-04-10T12:17:26.282+0000] {standard_task_runner.py:105} INFO - Job 781: Subtask insert_data_mart
[2025-04-10T12:17:26.283+0000] {logging_mixin.py:190} WARNING - /home/airflow/.local/lib/python3.12/site-packages/airflow/task/task_runner/standard_task_runner.py:70 DeprecationWarning: This process (pid=1208) is multi-threaded, use of fork() may lead to deadlocks in the child.
[2025-04-10T12:17:26.284+0000] {standard_task_runner.py:72} INFO - Started process 1235 to run task
[2025-04-10T12:17:26.462+0000] {task_command.py:467} INFO - Running <TaskInstance: air_quality_pipeline.insert_data_mart scheduled__2025-04-10T10:00:00+00:00 [running]> on host 04906466de51
[2025-04-10T12:17:26.765+0000] {taskinstance.py:3132} INFO - Exporting env vars: AIRFLOW_CTX_DAG_EMAIL='fbleza5@gmail.com' AIRFLOW_CTX_DAG_OWNER='airflow' AIRFLOW_CTX_DAG_ID='air_quality_pipeline' AIRFLOW_CTX_TASK_ID='insert_data_mart' AIRFLOW_CTX_EXECUTION_DATE='2025-04-10T10:00:00+00:00' AIRFLOW_CTX_TRY_NUMBER='1' AIRFLOW_CTX_DAG_RUN_ID='scheduled__2025-04-10T10:00:00+00:00'
[2025-04-10T12:17:26.766+0000] {taskinstance.py:731} INFO - ::endgroup::
[2025-04-10T12:17:26.934+0000] {base.py:84} INFO - Retrieving connection 'postgres_data'
[2025-04-10T12:17:27.168+0000] {data_pipeline.py:209} INFO - Données insérées dans les Data Marts pour chaque ville
[2025-04-10T12:17:27.169+0000] {python.py:240} INFO - Done. Returned value was: None
[2025-04-10T12:17:27.216+0000] {taskinstance.py:340} INFO - ::group::Post task execution logs
[2025-04-10T12:17:27.217+0000] {taskinstance.py:352} INFO - Marking task as SUCCESS. dag_id=air_quality_pipeline, task_id=insert_data_mart, run_id=scheduled__2025-04-10T10:00:00+00:00, execution_date=20250410T100000, start_date=20250410T121726, end_date=20250410T121727
[2025-04-10T12:17:27.265+0000] {local_task_job_runner.py:266} INFO - Task exited with return code 0
[2025-04-10T12:17:27.323+0000] {taskinstance.py:3895} INFO - 0 downstream tasks scheduled from follow-on schedule check
[2025-04-10T12:17:27.326+0000] {local_task_job_runner.py:245} INFO - ::endgroup::
