[2025-03-28T10:44:41.203+0000] {local_task_job_runner.py:123} INFO - ::group::Pre task execution logs
[2025-03-28T10:44:41.369+0000] {taskinstance.py:2613} INFO - Dependencies all met for dep_context=non-requeueable deps ti=<TaskInstance: air_quality_pipeline.create_data_mart scheduled__2025-03-27T09:00:00+00:00 [queued]>
[2025-03-28T10:44:41.381+0000] {taskinstance.py:2613} INFO - Dependencies all met for dep_context=requeueable deps ti=<TaskInstance: air_quality_pipeline.create_data_mart scheduled__2025-03-27T09:00:00+00:00 [queued]>
[2025-03-28T10:44:41.382+0000] {taskinstance.py:2866} INFO - Starting attempt 1 of 2
[2025-03-28T10:44:41.399+0000] {taskinstance.py:2889} INFO - Executing <Task(PythonOperator): create_data_mart> on 2025-03-27 09:00:00+00:00
[2025-03-28T10:44:41.407+0000] {standard_task_runner.py:104} INFO - Running: ['airflow', 'tasks', 'run', 'air_quality_pipeline', 'create_data_mart', 'scheduled__2025-03-27T09:00:00+00:00', '--job-id', '261', '--raw', '--subdir', 'DAGS_FOLDER/data_pipeline.py', '--cfg-path', '/tmp/tmpulflpasg']
[2025-03-28T10:44:41.410+0000] {standard_task_runner.py:105} INFO - Job 261: Subtask create_data_mart
[2025-03-28T10:44:41.410+0000] {logging_mixin.py:190} WARNING - /home/airflow/.local/lib/python3.12/site-packages/airflow/task/task_runner/standard_task_runner.py:70 DeprecationWarning: This process (pid=86) is multi-threaded, use of fork() may lead to deadlocks in the child.
[2025-03-28T10:44:41.412+0000] {standard_task_runner.py:72} INFO - Started process 100 to run task
[2025-03-28T10:44:41.674+0000] {task_command.py:467} INFO - Running <TaskInstance: air_quality_pipeline.create_data_mart scheduled__2025-03-27T09:00:00+00:00 [running]> on host 6d0e87c01008
[2025-03-28T10:44:41.976+0000] {taskinstance.py:3132} INFO - Exporting env vars: AIRFLOW_CTX_DAG_OWNER='airflow' AIRFLOW_CTX_DAG_ID='air_quality_pipeline' AIRFLOW_CTX_TASK_ID='create_data_mart' AIRFLOW_CTX_EXECUTION_DATE='2025-03-27T09:00:00+00:00' AIRFLOW_CTX_TRY_NUMBER='1' AIRFLOW_CTX_DAG_RUN_ID='scheduled__2025-03-27T09:00:00+00:00'
[2025-03-28T10:44:41.977+0000] {taskinstance.py:731} INFO - ::endgroup::
[2025-03-28T10:44:42.037+0000] {base.py:84} INFO - Retrieving connection 'postgres_data'
[2025-03-28T10:44:42.075+0000] {data_pipeline.py:168} INFO - Tables de Data Mart créées pour chaque ville
[2025-03-28T10:44:42.076+0000] {python.py:240} INFO - Done. Returned value was: None
[2025-03-28T10:44:42.117+0000] {taskinstance.py:340} INFO - ::group::Post task execution logs
[2025-03-28T10:44:42.118+0000] {taskinstance.py:352} INFO - Marking task as SUCCESS. dag_id=air_quality_pipeline, task_id=create_data_mart, run_id=scheduled__2025-03-27T09:00:00+00:00, execution_date=20250327T090000, start_date=20250328T104441, end_date=20250328T104442
[2025-03-28T10:44:42.150+0000] {local_task_job_runner.py:266} INFO - Task exited with return code 0
[2025-03-28T10:44:42.211+0000] {taskinstance.py:3895} INFO - 1 downstream tasks scheduled from follow-on schedule check
[2025-03-28T10:44:42.214+0000] {local_task_job_runner.py:245} INFO - ::endgroup::
