[2025-03-30T21:00:09.544+0000] {local_task_job_runner.py:123} INFO - ::group::Pre task execution logs
[2025-03-30T21:00:09.594+0000] {taskinstance.py:2613} INFO - Dependencies all met for dep_context=non-requeueable deps ti=<TaskInstance: air_quality_advanced.collect_data scheduled__2025-03-30T20:40:00+00:00 [queued]>
[2025-03-30T21:00:09.605+0000] {taskinstance.py:2613} INFO - Dependencies all met for dep_context=requeueable deps ti=<TaskInstance: air_quality_advanced.collect_data scheduled__2025-03-30T20:40:00+00:00 [queued]>
[2025-03-30T21:00:09.606+0000] {taskinstance.py:2866} INFO - Starting attempt 1 of 4
[2025-03-30T21:00:09.621+0000] {taskinstance.py:2889} INFO - Executing <Task(PythonOperator): collect_data> on 2025-03-30 20:40:00+00:00
[2025-03-30T21:00:09.632+0000] {standard_task_runner.py:104} INFO - Running: ['airflow', 'tasks', 'run', 'air_quality_advanced', 'collect_data', 'scheduled__2025-03-30T20:40:00+00:00', '--job-id', '628', '--raw', '--subdir', 'DAGS_FOLDER/data_enriched_predict.py', '--cfg-path', '/tmp/tmp89k9_fsz']
[2025-03-30T21:00:09.636+0000] {standard_task_runner.py:105} INFO - Job 628: Subtask collect_data
[2025-03-30T21:00:09.639+0000] {logging_mixin.py:190} WARNING - /home/airflow/.local/lib/python3.12/site-packages/airflow/task/task_runner/standard_task_runner.py:70 DeprecationWarning: This process (pid=1457) is multi-threaded, use of fork() may lead to deadlocks in the child.
[2025-03-30T21:00:09.641+0000] {standard_task_runner.py:72} INFO - Started process 1482 to run task
[2025-03-30T21:00:09.793+0000] {task_command.py:467} INFO - Running <TaskInstance: air_quality_advanced.collect_data scheduled__2025-03-30T20:40:00+00:00 [running]> on host 04906466de51
[2025-03-30T21:00:10.115+0000] {taskinstance.py:3132} INFO - Exporting env vars: AIRFLOW_CTX_DAG_OWNER='airflow' AIRFLOW_CTX_DAG_ID='air_quality_advanced' AIRFLOW_CTX_TASK_ID='collect_data' AIRFLOW_CTX_EXECUTION_DATE='2025-03-30T20:40:00+00:00' AIRFLOW_CTX_TRY_NUMBER='1' AIRFLOW_CTX_DAG_RUN_ID='scheduled__2025-03-30T20:40:00+00:00'
[2025-03-30T21:00:10.117+0000] {taskinstance.py:731} INFO - ::endgroup::
[2025-03-30T21:00:11.299+0000] {data_enriched_predict.py:110} INFO - Données collectées pour Paris
[2025-03-30T21:00:12.852+0000] {base.py:84} INFO - Retrieving connection 'postgres_data'
[2025-03-30T21:00:12.911+0000] {data_enriched_predict.py:134} INFO - 1 mesures stockées
[2025-03-30T21:00:12.912+0000] {python.py:240} INFO - Done. Returned value was: None
[2025-03-30T21:00:12.954+0000] {taskinstance.py:340} INFO - ::group::Post task execution logs
[2025-03-30T21:00:12.954+0000] {taskinstance.py:352} INFO - Marking task as SUCCESS. dag_id=air_quality_advanced, task_id=collect_data, run_id=scheduled__2025-03-30T20:40:00+00:00, execution_date=20250330T204000, start_date=20250330T210009, end_date=20250330T210012
[2025-03-30T21:00:13.004+0000] {local_task_job_runner.py:266} INFO - Task exited with return code 0
[2025-03-30T21:00:13.175+0000] {taskinstance.py:3895} INFO - 1 downstream tasks scheduled from follow-on schedule check
[2025-03-30T21:00:13.178+0000] {local_task_job_runner.py:245} INFO - ::endgroup::
