[2025-04-17T12:00:37.090+0000] {local_task_job_runner.py:123} INFO - ::group::Pre task execution logs
[2025-04-17T12:00:37.249+0000] {taskinstance.py:2613} INFO - Dependencies all met for dep_context=non-requeueable deps ti=<TaskInstance: air_quality_pipeline.insert_data_mart scheduled__2025-04-17T10:00:00+00:00 [queued]>
[2025-04-17T12:00:37.264+0000] {taskinstance.py:2613} INFO - Dependencies all met for dep_context=requeueable deps ti=<TaskInstance: air_quality_pipeline.insert_data_mart scheduled__2025-04-17T10:00:00+00:00 [queued]>
[2025-04-17T12:00:37.265+0000] {taskinstance.py:2866} INFO - Starting attempt 1 of 2
[2025-04-17T12:00:37.297+0000] {taskinstance.py:2889} INFO - Executing <Task(PythonOperator): insert_data_mart> on 2025-04-17 10:00:00+00:00
[2025-04-17T12:00:37.307+0000] {standard_task_runner.py:104} INFO - Running: ['airflow', 'tasks', 'run', 'air_quality_pipeline', 'insert_data_mart', 'scheduled__2025-04-17T10:00:00+00:00', '--job-id', '846', '--raw', '--subdir', 'DAGS_FOLDER/data_pipeline.py', '--cfg-path', '/tmp/tmpvac0z912']
[2025-04-17T12:00:37.310+0000] {standard_task_runner.py:105} INFO - Job 846: Subtask insert_data_mart
[2025-04-17T12:00:37.310+0000] {logging_mixin.py:190} WARNING - /home/airflow/.local/lib/python3.12/site-packages/airflow/task/task_runner/standard_task_runner.py:70 DeprecationWarning: This process (pid=180) is multi-threaded, use of fork() may lead to deadlocks in the child.
[2025-04-17T12:00:37.312+0000] {standard_task_runner.py:72} INFO - Started process 194 to run task
[2025-04-17T12:00:37.612+0000] {task_command.py:467} INFO - Running <TaskInstance: air_quality_pipeline.insert_data_mart scheduled__2025-04-17T10:00:00+00:00 [running]> on host 3988cbd5836a
[2025-04-17T12:00:38.094+0000] {taskinstance.py:3132} INFO - Exporting env vars: AIRFLOW_CTX_DAG_EMAIL='fbleza5@gmail.com' AIRFLOW_CTX_DAG_OWNER='airflow' AIRFLOW_CTX_DAG_ID='air_quality_pipeline' AIRFLOW_CTX_TASK_ID='insert_data_mart' AIRFLOW_CTX_EXECUTION_DATE='2025-04-17T10:00:00+00:00' AIRFLOW_CTX_TRY_NUMBER='1' AIRFLOW_CTX_DAG_RUN_ID='scheduled__2025-04-17T10:00:00+00:00'
[2025-04-17T12:00:38.095+0000] {taskinstance.py:731} INFO - ::endgroup::
[2025-04-17T12:00:38.159+0000] {base.py:84} INFO - Retrieving connection 'postgres_data'
[2025-04-17T12:00:38.381+0000] {data_pipeline.py:209} INFO - Données insérées dans les Data Marts pour chaque ville
[2025-04-17T12:00:38.382+0000] {python.py:240} INFO - Done. Returned value was: None
[2025-04-17T12:00:38.436+0000] {taskinstance.py:340} INFO - ::group::Post task execution logs
[2025-04-17T12:00:38.437+0000] {taskinstance.py:352} INFO - Marking task as SUCCESS. dag_id=air_quality_pipeline, task_id=insert_data_mart, run_id=scheduled__2025-04-17T10:00:00+00:00, execution_date=20250417T100000, start_date=20250417T120037, end_date=20250417T120038
[2025-04-17T12:00:38.493+0000] {local_task_job_runner.py:266} INFO - Task exited with return code 0
[2025-04-17T12:00:38.552+0000] {taskinstance.py:3895} INFO - 0 downstream tasks scheduled from follow-on schedule check
[2025-04-17T12:00:38.554+0000] {local_task_job_runner.py:245} INFO - ::endgroup::
