[2025-03-28T10:54:43.954+0000] {local_task_job_runner.py:123} INFO - ::group::Pre task execution logs
[2025-03-28T10:54:44.006+0000] {taskinstance.py:2613} INFO - Dependencies all met for dep_context=non-requeueable deps ti=<TaskInstance: air_quality_pipeline.store_data manual__2025-03-28T10:15:46.503766+00:00 [queued]>
[2025-03-28T10:54:44.019+0000] {taskinstance.py:2613} INFO - Dependencies all met for dep_context=requeueable deps ti=<TaskInstance: air_quality_pipeline.store_data manual__2025-03-28T10:15:46.503766+00:00 [queued]>
[2025-03-28T10:54:44.020+0000] {taskinstance.py:2866} INFO - Starting attempt 1 of 2
[2025-03-28T10:54:44.036+0000] {taskinstance.py:2889} INFO - Executing <Task(PythonOperator): store_data> on 2025-03-28 10:15:46.503766+00:00
[2025-03-28T10:54:44.046+0000] {standard_task_runner.py:104} INFO - Running: ['airflow', 'tasks', 'run', 'air_quality_pipeline', 'store_data', 'manual__2025-03-28T10:15:46.503766+00:00', '--job-id', '353', '--raw', '--subdir', 'DAGS_FOLDER/data_pipeline.py', '--cfg-path', '/tmp/tmpve1cags6']
[2025-03-28T10:54:44.048+0000] {standard_task_runner.py:105} INFO - Job 353: Subtask store_data
[2025-03-28T10:54:44.049+0000] {logging_mixin.py:190} WARNING - /home/airflow/.local/lib/python3.12/site-packages/airflow/task/task_runner/standard_task_runner.py:70 DeprecationWarning: This process (pid=1946) is multi-threaded, use of fork() may lead to deadlocks in the child.
[2025-03-28T10:54:44.049+0000] {standard_task_runner.py:72} INFO - Started process 1962 to run task
[2025-03-28T10:54:44.300+0000] {task_command.py:467} INFO - Running <TaskInstance: air_quality_pipeline.store_data manual__2025-03-28T10:15:46.503766+00:00 [running]> on host 6d0e87c01008
[2025-03-28T10:54:44.693+0000] {taskinstance.py:3132} INFO - Exporting env vars: AIRFLOW_CTX_DAG_OWNER='airflow' AIRFLOW_CTX_DAG_ID='air_quality_pipeline' AIRFLOW_CTX_TASK_ID='store_data' AIRFLOW_CTX_EXECUTION_DATE='2025-03-28T10:15:46.503766+00:00' AIRFLOW_CTX_TRY_NUMBER='1' AIRFLOW_CTX_DAG_RUN_ID='manual__2025-03-28T10:15:46.503766+00:00'
[2025-03-28T10:54:44.695+0000] {taskinstance.py:731} INFO - ::endgroup::
[2025-03-28T10:54:44.767+0000] {base.py:84} INFO - Retrieving connection 'postgres_data'
[2025-03-28T10:54:45.076+0000] {data_pipeline.py:141} INFO - Données insérées dans le Data Warehouse
[2025-03-28T10:54:45.076+0000] {python.py:240} INFO - Done. Returned value was: None
[2025-03-28T10:54:45.138+0000] {taskinstance.py:340} INFO - ::group::Post task execution logs
[2025-03-28T10:54:45.139+0000] {taskinstance.py:352} INFO - Marking task as SUCCESS. dag_id=air_quality_pipeline, task_id=store_data, run_id=manual__2025-03-28T10:15:46.503766+00:00, execution_date=20250328T101546, start_date=20250328T105444, end_date=20250328T105445
[2025-03-28T10:54:45.189+0000] {local_task_job_runner.py:266} INFO - Task exited with return code 0
[2025-03-28T10:54:45.272+0000] {taskinstance.py:3895} INFO - 1 downstream tasks scheduled from follow-on schedule check
[2025-03-28T10:54:45.276+0000] {local_task_job_runner.py:245} INFO - ::endgroup::
