[2025-03-29T05:00:11.033+0000] {local_task_job_runner.py:123} INFO - ::group::Pre task execution logs
[2025-03-29T05:00:11.078+0000] {taskinstance.py:2613} INFO - Dependencies all met for dep_context=non-requeueable deps ti=<TaskInstance: air_quality_monitoring_v3.collect_air_quality_data scheduled__2025-03-29T04:40:00+00:00 [queued]>
[2025-03-29T05:00:11.088+0000] {taskinstance.py:2613} INFO - Dependencies all met for dep_context=requeueable deps ti=<TaskInstance: air_quality_monitoring_v3.collect_air_quality_data scheduled__2025-03-29T04:40:00+00:00 [queued]>
[2025-03-29T05:00:11.089+0000] {taskinstance.py:2866} INFO - Starting attempt 1 of 4
[2025-03-29T05:00:11.104+0000] {taskinstance.py:2889} INFO - Executing <Task(PythonOperator): collect_air_quality_data> on 2025-03-29 04:40:00+00:00
[2025-03-29T05:00:11.113+0000] {standard_task_runner.py:104} INFO - Running: ['airflow', 'tasks', 'run', 'air_quality_monitoring_v3', 'collect_air_quality_data', 'scheduled__2025-03-29T04:40:00+00:00', '--job-id', '540', '--raw', '--subdir', 'DAGS_FOLDER/data_enriched_predict.py', '--cfg-path', '/tmp/tmpouh3wvu3']
[2025-03-29T05:00:11.116+0000] {standard_task_runner.py:105} INFO - Job 540: Subtask collect_air_quality_data
[2025-03-29T05:00:11.116+0000] {logging_mixin.py:190} WARNING - /home/airflow/.local/lib/python3.12/site-packages/airflow/task/task_runner/standard_task_runner.py:70 DeprecationWarning: This process (pid=31013) is multi-threaded, use of fork() may lead to deadlocks in the child.
[2025-03-29T05:00:11.117+0000] {standard_task_runner.py:72} INFO - Started process 31038 to run task
[2025-03-29T05:00:11.265+0000] {task_command.py:467} INFO - Running <TaskInstance: air_quality_monitoring_v3.collect_air_quality_data scheduled__2025-03-29T04:40:00+00:00 [running]> on host 04906466de51
[2025-03-29T05:00:11.449+0000] {taskinstance.py:3132} INFO - Exporting env vars: AIRFLOW_CTX_DAG_OWNER='airflow' AIRFLOW_CTX_DAG_ID='air_quality_monitoring_v3' AIRFLOW_CTX_TASK_ID='collect_air_quality_data' AIRFLOW_CTX_EXECUTION_DATE='2025-03-29T04:40:00+00:00' AIRFLOW_CTX_TRY_NUMBER='1' AIRFLOW_CTX_DAG_RUN_ID='scheduled__2025-03-29T04:40:00+00:00'
[2025-03-29T05:00:11.451+0000] {taskinstance.py:731} INFO - ::endgroup::
[2025-03-29T05:00:11.463+0000] {data_enriched_predict.py:144} INFO - Collecte pour Lyon...
[2025-03-29T05:00:12.614+0000] {data_enriched_predict.py:101} INFO - Statut API : 200
[2025-03-29T05:00:12.615+0000] {data_enriched_predict.py:165} INFO - Données validées pour Lyon
[2025-03-29T05:00:12.964+0000] {data_enriched_predict.py:144} INFO - Collecte pour Paris...
[2025-03-29T05:00:13.996+0000] {data_enriched_predict.py:101} INFO - Statut API : 200
[2025-03-29T05:00:13.997+0000] {data_enriched_predict.py:165} INFO - Données validées pour Paris
[2025-03-29T05:00:14.465+0000] {data_enriched_predict.py:144} INFO - Collecte pour Marseille...
[2025-03-29T05:00:15.584+0000] {data_enriched_predict.py:101} INFO - Statut API : 200
[2025-03-29T05:00:15.585+0000] {data_enriched_predict.py:165} INFO - Données validées pour Marseille
[2025-03-29T05:00:15.978+0000] {data_enriched_predict.py:185} INFO - Début du stockage de 3 enregistrements
[2025-03-29T05:00:16.033+0000] {base.py:84} INFO - Retrieving connection 'postgres_data'
[2025-03-29T05:00:16.117+0000] {data_enriched_predict.py:214} INFO - Stockage réussi de 3 enregistrements
[2025-03-29T05:00:16.122+0000] {data_enriched_predict.py:219} INFO - Total en base : 119
[2025-03-29T05:00:16.124+0000] {python.py:240} INFO - Done. Returned value was: None
[2025-03-29T05:00:16.171+0000] {taskinstance.py:340} INFO - ::group::Post task execution logs
[2025-03-29T05:00:16.172+0000] {taskinstance.py:352} INFO - Marking task as SUCCESS. dag_id=air_quality_monitoring_v3, task_id=collect_air_quality_data, run_id=scheduled__2025-03-29T04:40:00+00:00, execution_date=20250329T044000, start_date=20250329T050011, end_date=20250329T050016
[2025-03-29T05:00:16.227+0000] {local_task_job_runner.py:266} INFO - Task exited with return code 0
[2025-03-29T05:00:16.382+0000] {taskinstance.py:3895} INFO - 1 downstream tasks scheduled from follow-on schedule check
[2025-03-29T05:00:16.384+0000] {local_task_job_runner.py:245} INFO - ::endgroup::
