[2025-03-31T00:52:35.768+0000] {local_task_job_runner.py:123} INFO - ::group::Pre task execution logs
[2025-03-31T00:52:35.821+0000] {taskinstance.py:2613} INFO - Dependencies all met for dep_context=non-requeueable deps ti=<TaskInstance: paris_air_quality_prod.create_tables manual__2025-03-31T00:52:29.991534+00:00 [queued]>
[2025-03-31T00:52:35.833+0000] {taskinstance.py:2613} INFO - Dependencies all met for dep_context=requeueable deps ti=<TaskInstance: paris_air_quality_prod.create_tables manual__2025-03-31T00:52:29.991534+00:00 [queued]>
[2025-03-31T00:52:35.834+0000] {taskinstance.py:2866} INFO - Starting attempt 1 of 3
[2025-03-31T00:52:35.851+0000] {taskinstance.py:2889} INFO - Executing <Task(PythonOperator): create_tables> on 2025-03-31 00:52:29.991534+00:00
[2025-03-31T00:52:35.864+0000] {standard_task_runner.py:104} INFO - Running: ['airflow', 'tasks', 'run', 'paris_air_quality_prod', 'create_tables', 'manual__2025-03-31T00:52:29.991534+00:00', '--job-id', '676', '--raw', '--subdir', 'DAGS_FOLDER/data_enriched_predict.py', '--cfg-path', '/tmp/tmplucwtjm2']
[2025-03-31T00:52:35.867+0000] {standard_task_runner.py:105} INFO - Job 676: Subtask create_tables
[2025-03-31T00:52:35.868+0000] {logging_mixin.py:190} WARNING - /home/airflow/.local/lib/python3.12/site-packages/airflow/task/task_runner/standard_task_runner.py:70 DeprecationWarning: This process (pid=7610) is multi-threaded, use of fork() may lead to deadlocks in the child.
[2025-03-31T00:52:35.869+0000] {standard_task_runner.py:72} INFO - Started process 7637 to run task
[2025-03-31T00:52:36.031+0000] {task_command.py:467} INFO - Running <TaskInstance: paris_air_quality_prod.create_tables manual__2025-03-31T00:52:29.991534+00:00 [running]> on host 04906466de51
[2025-03-31T00:52:36.224+0000] {taskinstance.py:3132} INFO - Exporting env vars: AIRFLOW_CTX_DAG_OWNER='airflow' AIRFLOW_CTX_DAG_ID='paris_air_quality_prod' AIRFLOW_CTX_TASK_ID='create_tables' AIRFLOW_CTX_EXECUTION_DATE='2025-03-31T00:52:29.991534+00:00' AIRFLOW_CTX_TRY_NUMBER='1' AIRFLOW_CTX_DAG_RUN_ID='manual__2025-03-31T00:52:29.991534+00:00'
[2025-03-31T00:52:36.225+0000] {taskinstance.py:731} INFO - ::endgroup::
[2025-03-31T00:52:36.295+0000] {base.py:84} INFO - Retrieving connection 'postgres_data'
[2025-03-31T00:52:36.365+0000] {data_enriched_predict.py:63} INFO - Tables créées avec succès
[2025-03-31T00:52:36.367+0000] {python.py:240} INFO - Done. Returned value was: None
[2025-03-31T00:52:36.432+0000] {taskinstance.py:340} INFO - ::group::Post task execution logs
[2025-03-31T00:52:36.433+0000] {taskinstance.py:352} INFO - Marking task as SUCCESS. dag_id=paris_air_quality_prod, task_id=create_tables, run_id=manual__2025-03-31T00:52:29.991534+00:00, execution_date=20250331T005229, start_date=20250331T005235, end_date=20250331T005236
[2025-03-31T00:52:36.492+0000] {local_task_job_runner.py:266} INFO - Task exited with return code 0
[2025-03-31T00:52:36.556+0000] {taskinstance.py:3895} INFO - 1 downstream tasks scheduled from follow-on schedule check
[2025-03-31T00:52:36.560+0000] {local_task_job_runner.py:245} INFO - ::endgroup::
