[2025-03-29T08:40:20.594+0000] {local_task_job_runner.py:123} INFO - ::group::Pre task execution logs
[2025-03-29T08:40:20.640+0000] {taskinstance.py:2613} INFO - Dependencies all met for dep_context=non-requeueable deps ti=<TaskInstance: air_quality_monitoring_v3.generate_air_quality_forecasts scheduled__2025-03-29T08:20:00+00:00 [queued]>
[2025-03-29T08:40:20.650+0000] {taskinstance.py:2613} INFO - Dependencies all met for dep_context=requeueable deps ti=<TaskInstance: air_quality_monitoring_v3.generate_air_quality_forecasts scheduled__2025-03-29T08:20:00+00:00 [queued]>
[2025-03-29T08:40:20.651+0000] {taskinstance.py:2866} INFO - Starting attempt 1 of 4
[2025-03-29T08:40:20.665+0000] {taskinstance.py:2889} INFO - Executing <Task(PythonOperator): generate_air_quality_forecasts> on 2025-03-29 08:20:00+00:00
[2025-03-29T08:40:20.679+0000] {standard_task_runner.py:104} INFO - Running: ['airflow', 'tasks', 'run', 'air_quality_monitoring_v3', 'generate_air_quality_forecasts', 'scheduled__2025-03-29T08:20:00+00:00', '--job-id', '574', '--raw', '--subdir', 'DAGS_FOLDER/data_enriched_predict.py', '--cfg-path', '/tmp/tmphu_w221z']
[2025-03-29T08:40:20.681+0000] {standard_task_runner.py:105} INFO - Job 574: Subtask generate_air_quality_forecasts
[2025-03-29T08:40:20.682+0000] {logging_mixin.py:190} WARNING - /home/airflow/.local/lib/python3.12/site-packages/airflow/task/task_runner/standard_task_runner.py:70 DeprecationWarning: This process (pid=38551) is multi-threaded, use of fork() may lead to deadlocks in the child.
[2025-03-29T08:40:20.683+0000] {standard_task_runner.py:72} INFO - Started process 38591 to run task
[2025-03-29T08:40:20.815+0000] {task_command.py:467} INFO - Running <TaskInstance: air_quality_monitoring_v3.generate_air_quality_forecasts scheduled__2025-03-29T08:20:00+00:00 [running]> on host 04906466de51
[2025-03-29T08:40:20.989+0000] {taskinstance.py:3132} INFO - Exporting env vars: AIRFLOW_CTX_DAG_OWNER='airflow' AIRFLOW_CTX_DAG_ID='air_quality_monitoring_v3' AIRFLOW_CTX_TASK_ID='generate_air_quality_forecasts' AIRFLOW_CTX_EXECUTION_DATE='2025-03-29T08:20:00+00:00' AIRFLOW_CTX_TRY_NUMBER='1' AIRFLOW_CTX_DAG_RUN_ID='scheduled__2025-03-29T08:20:00+00:00'
[2025-03-29T08:40:20.990+0000] {taskinstance.py:731} INFO - ::endgroup::
[2025-03-29T08:40:21.042+0000] {base.py:84} INFO - Retrieving connection 'postgres_data'
[2025-03-29T08:40:21.045+0000] {data_enriched_predict.py:231} INFO - Chargement des données historiques...
[2025-03-29T08:40:21.108+0000] {data_enriched_predict.py:238} INFO - Nettoyage des données...
[2025-03-29T08:40:21.114+0000] {data_enriched_predict.py:252} INFO - Entraînement du modèle...
[2025-03-29T08:40:21.123+0000] {logging_mixin.py:190} WARNING - /home/airflow/.local/lib/python3.12/site-packages/sklearn/utils/extmath.py:1101 RuntimeWarning: invalid value encountered in divide
[2025-03-29T08:40:21.124+0000] {logging_mixin.py:190} WARNING - /home/airflow/.local/lib/python3.12/site-packages/sklearn/utils/extmath.py:1106 RuntimeWarning: invalid value encountered in divide
[2025-03-29T08:40:21.125+0000] {logging_mixin.py:190} WARNING - /home/airflow/.local/lib/python3.12/site-packages/sklearn/utils/extmath.py:1126 RuntimeWarning: invalid value encountered in divide
[2025-03-29T08:40:21.315+0000] {data_enriched_predict.py:266} INFO - Génération des prévisions...
[2025-03-29T08:40:21.323+0000] {logging_mixin.py:190} WARNING - /home/airflow/.local/lib/python3.12/site-packages/numpy/lib/nanfunctions.py:1215 RuntimeWarning: Mean of empty slice
[2025-03-29T08:40:21.325+0000] {logging_mixin.py:190} WARNING - /home/airflow/.local/lib/python3.12/site-packages/numpy/lib/nanfunctions.py:1215 RuntimeWarning: Mean of empty slice
[2025-03-29T08:40:21.326+0000] {logging_mixin.py:190} WARNING - /home/airflow/.local/lib/python3.12/site-packages/numpy/lib/nanfunctions.py:1215 RuntimeWarning: Mean of empty slice
[2025-03-29T08:40:21.327+0000] {logging_mixin.py:190} WARNING - /home/airflow/.local/lib/python3.12/site-packages/numpy/lib/nanfunctions.py:1215 RuntimeWarning: Mean of empty slice
[2025-03-29T08:40:21.328+0000] {logging_mixin.py:190} WARNING - /home/airflow/.local/lib/python3.12/site-packages/numpy/lib/nanfunctions.py:1215 RuntimeWarning: Mean of empty slice
[2025-03-29T08:40:21.329+0000] {logging_mixin.py:190} WARNING - /home/airflow/.local/lib/python3.12/site-packages/numpy/lib/nanfunctions.py:1215 RuntimeWarning: Mean of empty slice
[2025-03-29T08:40:21.330+0000] {logging_mixin.py:190} WARNING - /home/airflow/.local/lib/python3.12/site-packages/numpy/lib/nanfunctions.py:1215 RuntimeWarning: Mean of empty slice
[2025-03-29T08:40:21.331+0000] {logging_mixin.py:190} WARNING - /home/airflow/.local/lib/python3.12/site-packages/numpy/lib/nanfunctions.py:1215 RuntimeWarning: Mean of empty slice
[2025-03-29T08:40:21.333+0000] {logging_mixin.py:190} WARNING - /home/airflow/.local/lib/python3.12/site-packages/numpy/lib/nanfunctions.py:1215 RuntimeWarning: Mean of empty slice
[2025-03-29T08:40:21.334+0000] {logging_mixin.py:190} WARNING - /home/airflow/.local/lib/python3.12/site-packages/numpy/lib/nanfunctions.py:1215 RuntimeWarning: Mean of empty slice
[2025-03-29T08:40:21.335+0000] {logging_mixin.py:190} WARNING - /home/airflow/.local/lib/python3.12/site-packages/numpy/lib/nanfunctions.py:1215 RuntimeWarning: Mean of empty slice
[2025-03-29T08:40:21.336+0000] {logging_mixin.py:190} WARNING - /home/airflow/.local/lib/python3.12/site-packages/numpy/lib/nanfunctions.py:1215 RuntimeWarning: Mean of empty slice
[2025-03-29T08:40:21.337+0000] {logging_mixin.py:190} WARNING - /home/airflow/.local/lib/python3.12/site-packages/numpy/lib/nanfunctions.py:1215 RuntimeWarning: Mean of empty slice
[2025-03-29T08:40:21.338+0000] {logging_mixin.py:190} WARNING - /home/airflow/.local/lib/python3.12/site-packages/numpy/lib/nanfunctions.py:1215 RuntimeWarning: Mean of empty slice
[2025-03-29T08:40:21.339+0000] {logging_mixin.py:190} WARNING - /home/airflow/.local/lib/python3.12/site-packages/numpy/lib/nanfunctions.py:1215 RuntimeWarning: Mean of empty slice
[2025-03-29T08:40:21.340+0000] {logging_mixin.py:190} WARNING - /home/airflow/.local/lib/python3.12/site-packages/numpy/lib/nanfunctions.py:1215 RuntimeWarning: Mean of empty slice
[2025-03-29T08:40:21.342+0000] {logging_mixin.py:190} WARNING - /home/airflow/.local/lib/python3.12/site-packages/numpy/lib/nanfunctions.py:1215 RuntimeWarning: Mean of empty slice
[2025-03-29T08:40:21.343+0000] {logging_mixin.py:190} WARNING - /home/airflow/.local/lib/python3.12/site-packages/numpy/lib/nanfunctions.py:1215 RuntimeWarning: Mean of empty slice
[2025-03-29T08:40:21.344+0000] {logging_mixin.py:190} WARNING - /home/airflow/.local/lib/python3.12/site-packages/numpy/lib/nanfunctions.py:1215 RuntimeWarning: Mean of empty slice
[2025-03-29T08:40:21.345+0000] {logging_mixin.py:190} WARNING - /home/airflow/.local/lib/python3.12/site-packages/numpy/lib/nanfunctions.py:1215 RuntimeWarning: Mean of empty slice
[2025-03-29T08:40:21.346+0000] {logging_mixin.py:190} WARNING - /home/airflow/.local/lib/python3.12/site-packages/numpy/lib/nanfunctions.py:1215 RuntimeWarning: Mean of empty slice
[2025-03-29T08:40:21.347+0000] {logging_mixin.py:190} WARNING - /home/airflow/.local/lib/python3.12/site-packages/numpy/lib/nanfunctions.py:1215 RuntimeWarning: Mean of empty slice
[2025-03-29T08:40:21.348+0000] {logging_mixin.py:190} WARNING - /home/airflow/.local/lib/python3.12/site-packages/numpy/lib/nanfunctions.py:1215 RuntimeWarning: Mean of empty slice
[2025-03-29T08:40:21.349+0000] {logging_mixin.py:190} WARNING - /home/airflow/.local/lib/python3.12/site-packages/numpy/lib/nanfunctions.py:1215 RuntimeWarning: Mean of empty slice
[2025-03-29T08:40:21.350+0000] {logging_mixin.py:190} WARNING - /home/airflow/.local/lib/python3.12/site-packages/numpy/lib/nanfunctions.py:1215 RuntimeWarning: Mean of empty slice
[2025-03-29T08:40:21.351+0000] {logging_mixin.py:190} WARNING - /home/airflow/.local/lib/python3.12/site-packages/numpy/lib/nanfunctions.py:1215 RuntimeWarning: Mean of empty slice
[2025-03-29T08:40:21.352+0000] {logging_mixin.py:190} WARNING - /home/airflow/.local/lib/python3.12/site-packages/numpy/lib/nanfunctions.py:1215 RuntimeWarning: Mean of empty slice
[2025-03-29T08:40:21.353+0000] {logging_mixin.py:190} WARNING - /home/airflow/.local/lib/python3.12/site-packages/numpy/lib/nanfunctions.py:1215 RuntimeWarning: Mean of empty slice
[2025-03-29T08:40:21.354+0000] {logging_mixin.py:190} WARNING - /home/airflow/.local/lib/python3.12/site-packages/numpy/lib/nanfunctions.py:1215 RuntimeWarning: Mean of empty slice
[2025-03-29T08:40:21.355+0000] {logging_mixin.py:190} WARNING - /home/airflow/.local/lib/python3.12/site-packages/numpy/lib/nanfunctions.py:1215 RuntimeWarning: Mean of empty slice
[2025-03-29T08:40:21.356+0000] {logging_mixin.py:190} WARNING - /home/airflow/.local/lib/python3.12/site-packages/numpy/lib/nanfunctions.py:1215 RuntimeWarning: Mean of empty slice
[2025-03-29T08:40:21.357+0000] {logging_mixin.py:190} WARNING - /home/airflow/.local/lib/python3.12/site-packages/numpy/lib/nanfunctions.py:1215 RuntimeWarning: Mean of empty slice
[2025-03-29T08:40:21.358+0000] {logging_mixin.py:190} WARNING - /home/airflow/.local/lib/python3.12/site-packages/numpy/lib/nanfunctions.py:1215 RuntimeWarning: Mean of empty slice
[2025-03-29T08:40:21.360+0000] {logging_mixin.py:190} WARNING - /home/airflow/.local/lib/python3.12/site-packages/numpy/lib/nanfunctions.py:1215 RuntimeWarning: Mean of empty slice
[2025-03-29T08:40:21.361+0000] {logging_mixin.py:190} WARNING - /home/airflow/.local/lib/python3.12/site-packages/numpy/lib/nanfunctions.py:1215 RuntimeWarning: Mean of empty slice
[2025-03-29T08:40:21.362+0000] {logging_mixin.py:190} WARNING - /home/airflow/.local/lib/python3.12/site-packages/numpy/lib/nanfunctions.py:1215 RuntimeWarning: Mean of empty slice
[2025-03-29T08:40:21.363+0000] {logging_mixin.py:190} WARNING - /home/airflow/.local/lib/python3.12/site-packages/numpy/lib/nanfunctions.py:1215 RuntimeWarning: Mean of empty slice
[2025-03-29T08:40:21.364+0000] {logging_mixin.py:190} WARNING - /home/airflow/.local/lib/python3.12/site-packages/numpy/lib/nanfunctions.py:1215 RuntimeWarning: Mean of empty slice
[2025-03-29T08:40:21.365+0000] {logging_mixin.py:190} WARNING - /home/airflow/.local/lib/python3.12/site-packages/numpy/lib/nanfunctions.py:1215 RuntimeWarning: Mean of empty slice
[2025-03-29T08:40:21.366+0000] {logging_mixin.py:190} WARNING - /home/airflow/.local/lib/python3.12/site-packages/numpy/lib/nanfunctions.py:1215 RuntimeWarning: Mean of empty slice
[2025-03-29T08:40:21.367+0000] {logging_mixin.py:190} WARNING - /home/airflow/.local/lib/python3.12/site-packages/numpy/lib/nanfunctions.py:1215 RuntimeWarning: Mean of empty slice
[2025-03-29T08:40:21.368+0000] {logging_mixin.py:190} WARNING - /home/airflow/.local/lib/python3.12/site-packages/numpy/lib/nanfunctions.py:1215 RuntimeWarning: Mean of empty slice
[2025-03-29T08:40:21.369+0000] {logging_mixin.py:190} WARNING - /home/airflow/.local/lib/python3.12/site-packages/numpy/lib/nanfunctions.py:1215 RuntimeWarning: Mean of empty slice
[2025-03-29T08:40:21.370+0000] {logging_mixin.py:190} WARNING - /home/airflow/.local/lib/python3.12/site-packages/numpy/lib/nanfunctions.py:1215 RuntimeWarning: Mean of empty slice
[2025-03-29T08:40:21.371+0000] {logging_mixin.py:190} WARNING - /home/airflow/.local/lib/python3.12/site-packages/numpy/lib/nanfunctions.py:1215 RuntimeWarning: Mean of empty slice
[2025-03-29T08:40:21.372+0000] {logging_mixin.py:190} WARNING - /home/airflow/.local/lib/python3.12/site-packages/numpy/lib/nanfunctions.py:1215 RuntimeWarning: Mean of empty slice
[2025-03-29T08:40:21.373+0000] {logging_mixin.py:190} WARNING - /home/airflow/.local/lib/python3.12/site-packages/numpy/lib/nanfunctions.py:1215 RuntimeWarning: Mean of empty slice
[2025-03-29T08:40:21.375+0000] {logging_mixin.py:190} WARNING - /home/airflow/.local/lib/python3.12/site-packages/numpy/lib/nanfunctions.py:1215 RuntimeWarning: Mean of empty slice
[2025-03-29T08:40:21.376+0000] {logging_mixin.py:190} WARNING - /home/airflow/.local/lib/python3.12/site-packages/numpy/lib/nanfunctions.py:1215 RuntimeWarning: Mean of empty slice
[2025-03-29T08:40:21.377+0000] {logging_mixin.py:190} WARNING - /home/airflow/.local/lib/python3.12/site-packages/numpy/lib/nanfunctions.py:1215 RuntimeWarning: Mean of empty slice
[2025-03-29T08:40:21.378+0000] {logging_mixin.py:190} WARNING - /home/airflow/.local/lib/python3.12/site-packages/numpy/lib/nanfunctions.py:1215 RuntimeWarning: Mean of empty slice
[2025-03-29T08:40:21.379+0000] {logging_mixin.py:190} WARNING - /home/airflow/.local/lib/python3.12/site-packages/numpy/lib/nanfunctions.py:1215 RuntimeWarning: Mean of empty slice
[2025-03-29T08:40:21.379+0000] {logging_mixin.py:190} WARNING - /home/airflow/.local/lib/python3.12/site-packages/numpy/lib/nanfunctions.py:1215 RuntimeWarning: Mean of empty slice
[2025-03-29T08:40:21.380+0000] {logging_mixin.py:190} WARNING - /home/airflow/.local/lib/python3.12/site-packages/numpy/lib/nanfunctions.py:1215 RuntimeWarning: Mean of empty slice
[2025-03-29T08:40:21.381+0000] {logging_mixin.py:190} WARNING - /home/airflow/.local/lib/python3.12/site-packages/numpy/lib/nanfunctions.py:1215 RuntimeWarning: Mean of empty slice
[2025-03-29T08:40:21.382+0000] {logging_mixin.py:190} WARNING - /home/airflow/.local/lib/python3.12/site-packages/numpy/lib/nanfunctions.py:1215 RuntimeWarning: Mean of empty slice
[2025-03-29T08:40:21.383+0000] {logging_mixin.py:190} WARNING - /home/airflow/.local/lib/python3.12/site-packages/numpy/lib/nanfunctions.py:1215 RuntimeWarning: Mean of empty slice
[2025-03-29T08:40:21.384+0000] {logging_mixin.py:190} WARNING - /home/airflow/.local/lib/python3.12/site-packages/numpy/lib/nanfunctions.py:1215 RuntimeWarning: Mean of empty slice
[2025-03-29T08:40:21.385+0000] {logging_mixin.py:190} WARNING - /home/airflow/.local/lib/python3.12/site-packages/numpy/lib/nanfunctions.py:1215 RuntimeWarning: Mean of empty slice
[2025-03-29T08:40:21.386+0000] {logging_mixin.py:190} WARNING - /home/airflow/.local/lib/python3.12/site-packages/numpy/lib/nanfunctions.py:1215 RuntimeWarning: Mean of empty slice
[2025-03-29T08:40:21.388+0000] {logging_mixin.py:190} WARNING - /home/airflow/.local/lib/python3.12/site-packages/numpy/lib/nanfunctions.py:1215 RuntimeWarning: Mean of empty slice
[2025-03-29T08:40:21.389+0000] {logging_mixin.py:190} WARNING - /home/airflow/.local/lib/python3.12/site-packages/numpy/lib/nanfunctions.py:1215 RuntimeWarning: Mean of empty slice
[2025-03-29T08:40:21.390+0000] {logging_mixin.py:190} WARNING - /home/airflow/.local/lib/python3.12/site-packages/numpy/lib/nanfunctions.py:1215 RuntimeWarning: Mean of empty slice
[2025-03-29T08:40:21.391+0000] {logging_mixin.py:190} WARNING - /home/airflow/.local/lib/python3.12/site-packages/numpy/lib/nanfunctions.py:1215 RuntimeWarning: Mean of empty slice
[2025-03-29T08:40:21.392+0000] {logging_mixin.py:190} WARNING - /home/airflow/.local/lib/python3.12/site-packages/numpy/lib/nanfunctions.py:1215 RuntimeWarning: Mean of empty slice
[2025-03-29T08:40:21.393+0000] {logging_mixin.py:190} WARNING - /home/airflow/.local/lib/python3.12/site-packages/numpy/lib/nanfunctions.py:1215 RuntimeWarning: Mean of empty slice
[2025-03-29T08:40:21.395+0000] {logging_mixin.py:190} WARNING - /home/airflow/.local/lib/python3.12/site-packages/numpy/lib/nanfunctions.py:1215 RuntimeWarning: Mean of empty slice
[2025-03-29T08:40:21.397+0000] {logging_mixin.py:190} WARNING - /home/airflow/.local/lib/python3.12/site-packages/numpy/lib/nanfunctions.py:1215 RuntimeWarning: Mean of empty slice
[2025-03-29T08:40:21.398+0000] {logging_mixin.py:190} WARNING - /home/airflow/.local/lib/python3.12/site-packages/numpy/lib/nanfunctions.py:1215 RuntimeWarning: Mean of empty slice
[2025-03-29T08:40:21.399+0000] {logging_mixin.py:190} WARNING - /home/airflow/.local/lib/python3.12/site-packages/numpy/lib/nanfunctions.py:1215 RuntimeWarning: Mean of empty slice
[2025-03-29T08:40:21.401+0000] {logging_mixin.py:190} WARNING - /home/airflow/.local/lib/python3.12/site-packages/numpy/lib/nanfunctions.py:1215 RuntimeWarning: Mean of empty slice
[2025-03-29T08:40:21.402+0000] {logging_mixin.py:190} WARNING - /home/airflow/.local/lib/python3.12/site-packages/numpy/lib/nanfunctions.py:1215 RuntimeWarning: Mean of empty slice
[2025-03-29T08:40:21.403+0000] {logging_mixin.py:190} WARNING - /home/airflow/.local/lib/python3.12/site-packages/numpy/lib/nanfunctions.py:1215 RuntimeWarning: Mean of empty slice
[2025-03-29T08:40:21.404+0000] {logging_mixin.py:190} WARNING - /home/airflow/.local/lib/python3.12/site-packages/numpy/lib/nanfunctions.py:1215 RuntimeWarning: Mean of empty slice
[2025-03-29T08:40:21.406+0000] {logging_mixin.py:190} WARNING - /home/airflow/.local/lib/python3.12/site-packages/numpy/lib/nanfunctions.py:1215 RuntimeWarning: Mean of empty slice
[2025-03-29T08:40:21.407+0000] {logging_mixin.py:190} WARNING - /home/airflow/.local/lib/python3.12/site-packages/numpy/lib/nanfunctions.py:1215 RuntimeWarning: Mean of empty slice
[2025-03-29T08:40:21.408+0000] {logging_mixin.py:190} WARNING - /home/airflow/.local/lib/python3.12/site-packages/numpy/lib/nanfunctions.py:1215 RuntimeWarning: Mean of empty slice
[2025-03-29T08:40:21.409+0000] {logging_mixin.py:190} WARNING - /home/airflow/.local/lib/python3.12/site-packages/numpy/lib/nanfunctions.py:1215 RuntimeWarning: Mean of empty slice
[2025-03-29T08:40:21.410+0000] {logging_mixin.py:190} WARNING - /home/airflow/.local/lib/python3.12/site-packages/numpy/lib/nanfunctions.py:1215 RuntimeWarning: Mean of empty slice
[2025-03-29T08:40:21.411+0000] {logging_mixin.py:190} WARNING - /home/airflow/.local/lib/python3.12/site-packages/numpy/lib/nanfunctions.py:1215 RuntimeWarning: Mean of empty slice
[2025-03-29T08:40:21.412+0000] {logging_mixin.py:190} WARNING - /home/airflow/.local/lib/python3.12/site-packages/numpy/lib/nanfunctions.py:1215 RuntimeWarning: Mean of empty slice
[2025-03-29T08:40:21.413+0000] {logging_mixin.py:190} WARNING - /home/airflow/.local/lib/python3.12/site-packages/numpy/lib/nanfunctions.py:1215 RuntimeWarning: Mean of empty slice
[2025-03-29T08:40:21.414+0000] {logging_mixin.py:190} WARNING - /home/airflow/.local/lib/python3.12/site-packages/numpy/lib/nanfunctions.py:1215 RuntimeWarning: Mean of empty slice
[2025-03-29T08:40:21.415+0000] {logging_mixin.py:190} WARNING - /home/airflow/.local/lib/python3.12/site-packages/numpy/lib/nanfunctions.py:1215 RuntimeWarning: Mean of empty slice
[2025-03-29T08:40:21.456+0000] {data_enriched_predict.py:295} INFO - Stockage des prévisions...
[2025-03-29T08:40:21.471+0000] {data_enriched_predict.py:307} INFO - 84 prévisions stockées
[2025-03-29T08:40:21.473+0000] {python.py:240} INFO - Done. Returned value was: None
[2025-03-29T08:40:21.517+0000] {taskinstance.py:340} INFO - ::group::Post task execution logs
[2025-03-29T08:40:21.518+0000] {taskinstance.py:352} INFO - Marking task as SUCCESS. dag_id=air_quality_monitoring_v3, task_id=generate_air_quality_forecasts, run_id=scheduled__2025-03-29T08:20:00+00:00, execution_date=20250329T082000, start_date=20250329T084020, end_date=20250329T084021
[2025-03-29T08:40:21.540+0000] {local_task_job_runner.py:266} INFO - Task exited with return code 0
[2025-03-29T08:40:21.692+0000] {taskinstance.py:3895} INFO - 0 downstream tasks scheduled from follow-on schedule check
[2025-03-29T08:40:21.695+0000] {local_task_job_runner.py:245} INFO - ::endgroup::
