[2025-03-05T10:27:56.165+0000] {local_task_job_runner.py:123} INFO - ::group::Pre task execution logs
[2025-03-05T10:27:56.214+0000] {taskinstance.py:2613} INFO - Dependencies all met for dep_context=non-requeueable deps ti=<TaskInstance: data_pipeline.process_data manual__2025-03-05T10:27:46.431420+00:00 [queued]>
[2025-03-05T10:27:56.225+0000] {taskinstance.py:2613} INFO - Dependencies all met for dep_context=requeueable deps ti=<TaskInstance: data_pipeline.process_data manual__2025-03-05T10:27:46.431420+00:00 [queued]>
[2025-03-05T10:27:56.226+0000] {taskinstance.py:2866} INFO - Starting attempt 1 of 2
[2025-03-05T10:27:56.243+0000] {taskinstance.py:2889} INFO - Executing <Task(PythonOperator): process_data> on 2025-03-05 10:27:46.431420+00:00
[2025-03-05T10:27:56.250+0000] {standard_task_runner.py:104} INFO - Running: ['airflow', 'tasks', 'run', 'data_pipeline', 'process_data', 'manual__2025-03-05T10:27:46.431420+00:00', '--job-id', '120', '--raw', '--subdir', 'DAGS_FOLDER/data_pipeline.py', '--cfg-path', '/tmp/tmp50ks3u2j']
[2025-03-05T10:27:56.254+0000] {standard_task_runner.py:105} INFO - Job 120: Subtask process_data
[2025-03-05T10:27:56.255+0000] {logging_mixin.py:190} WARNING - /home/airflow/.local/lib/python3.12/site-packages/airflow/task/task_runner/standard_task_runner.py:70 DeprecationWarning: This process (pid=50) is multi-threaded, use of fork() may lead to deadlocks in the child.
[2025-03-05T10:27:56.256+0000] {standard_task_runner.py:72} INFO - Started process 66 to run task
[2025-03-05T10:27:56.424+0000] {task_command.py:467} INFO - Running <TaskInstance: data_pipeline.process_data manual__2025-03-05T10:27:46.431420+00:00 [running]> on host 92e195d378fa
[2025-03-05T10:27:56.611+0000] {taskinstance.py:3132} INFO - Exporting env vars: AIRFLOW_CTX_DAG_OWNER='airflow' AIRFLOW_CTX_DAG_ID='data_pipeline' AIRFLOW_CTX_TASK_ID='process_data' AIRFLOW_CTX_EXECUTION_DATE='2025-03-05T10:27:46.431420+00:00' AIRFLOW_CTX_TRY_NUMBER='1' AIRFLOW_CTX_DAG_RUN_ID='manual__2025-03-05T10:27:46.431420+00:00'
[2025-03-05T10:27:56.612+0000] {taskinstance.py:731} INFO - ::endgroup::
[2025-03-05T10:27:56.699+0000] {data_pipeline.py:96} INFO - Données traitées et sauvegardées dans /opt/airflow/data/data_paris.csv
[2025-03-05T10:27:56.729+0000] {data_pipeline.py:97} INFO - Données fusionnées :
    city    aqi   pm25  ...  temperature humidity  pressure
0  Paris  136.0  136.0  ...          NaN      NaN       NaN
1  Paris    NaN    NaN  ...        11.56     59.0    1025.0
2  Paris    NaN    NaN  ...        14.34     50.0    1023.0
3  Paris    NaN    NaN  ...        13.75     49.0    1022.0
4  Paris    NaN    NaN  ...        11.42     55.0    1022.0

[5 rows x 8 columns]
[2025-03-05T10:27:56.730+0000] {python.py:240} INFO - Done. Returned value was: None
[2025-03-05T10:27:56.780+0000] {taskinstance.py:340} INFO - ::group::Post task execution logs
[2025-03-05T10:27:56.781+0000] {taskinstance.py:352} INFO - Marking task as SUCCESS. dag_id=data_pipeline, task_id=process_data, run_id=manual__2025-03-05T10:27:46.431420+00:00, execution_date=20250305T102746, start_date=20250305T102756, end_date=20250305T102756
[2025-03-05T10:27:56.836+0000] {local_task_job_runner.py:266} INFO - Task exited with return code 0
[2025-03-05T10:27:56.898+0000] {taskinstance.py:3895} INFO - 1 downstream tasks scheduled from follow-on schedule check
[2025-03-05T10:27:56.901+0000] {local_task_job_runner.py:245} INFO - ::endgroup::
