[2025-03-28T16:15:12.402+0000] {local_task_job_runner.py:123} INFO - ::group::Pre task execution logs
[2025-03-28T16:15:12.467+0000] {taskinstance.py:2613} INFO - Dependencies all met for dep_context=non-requeueable deps ti=<TaskInstance: air_quality_france_pro.collect_high_frequency_data scheduled__2025-03-28T16:00:00+00:00 [queued]>
[2025-03-28T16:15:12.479+0000] {taskinstance.py:2613} INFO - Dependencies all met for dep_context=requeueable deps ti=<TaskInstance: air_quality_france_pro.collect_high_frequency_data scheduled__2025-03-28T16:00:00+00:00 [queued]>
[2025-03-28T16:15:12.480+0000] {taskinstance.py:2866} INFO - Starting attempt 1 of 4
[2025-03-28T16:15:12.498+0000] {taskinstance.py:2889} INFO - Executing <Task(PythonOperator): collect_high_frequency_data> on 2025-03-28 16:00:00+00:00
[2025-03-28T16:15:12.510+0000] {standard_task_runner.py:104} INFO - Running: ['airflow', 'tasks', 'run', 'air_quality_france_pro', 'collect_high_frequency_data', 'scheduled__2025-03-28T16:00:00+00:00', '--job-id', '420', '--raw', '--subdir', 'DAGS_FOLDER/data_enriched_predict.py', '--cfg-path', '/tmp/tmpu0gtlo9e']
[2025-03-28T16:15:12.513+0000] {standard_task_runner.py:105} INFO - Job 420: Subtask collect_high_frequency_data
[2025-03-28T16:15:12.513+0000] {logging_mixin.py:190} WARNING - /home/airflow/.local/lib/python3.12/site-packages/airflow/task/task_runner/standard_task_runner.py:70 DeprecationWarning: This process (pid=5144) is multi-threaded, use of fork() may lead to deadlocks in the child.
[2025-03-28T16:15:12.514+0000] {standard_task_runner.py:72} INFO - Started process 5169 to run task
[2025-03-28T16:15:12.794+0000] {task_command.py:467} INFO - Running <TaskInstance: air_quality_france_pro.collect_high_frequency_data scheduled__2025-03-28T16:00:00+00:00 [running]> on host 04906466de51
[2025-03-28T16:15:13.120+0000] {taskinstance.py:3132} INFO - Exporting env vars: AIRFLOW_CTX_DAG_OWNER='airflow' AIRFLOW_CTX_DAG_ID='air_quality_france_pro' AIRFLOW_CTX_TASK_ID='collect_high_frequency_data' AIRFLOW_CTX_EXECUTION_DATE='2025-03-28T16:00:00+00:00' AIRFLOW_CTX_TRY_NUMBER='1' AIRFLOW_CTX_DAG_RUN_ID='scheduled__2025-03-28T16:00:00+00:00'
[2025-03-28T16:15:13.121+0000] {taskinstance.py:731} INFO - ::endgroup::
[2025-03-28T16:15:14.240+0000] {data_enriched_predict.py:113} ERROR - Erreur de récupération: 'p2'
[2025-03-28T16:15:15.439+0000] {data_enriched_predict.py:113} ERROR - Erreur de récupération: 'p2'
[2025-03-28T16:15:16.648+0000] {data_enriched_predict.py:113} ERROR - Erreur de récupération: 'p2'
[2025-03-28T16:15:17.791+0000] {data_enriched_predict.py:113} ERROR - Erreur de récupération: 'p2'
[2025-03-28T16:15:19.006+0000] {data_enriched_predict.py:113} ERROR - Erreur de récupération: 'p2'
[2025-03-28T16:15:19.136+0000] {python.py:240} INFO - Done. Returned value was: None
[2025-03-28T16:15:19.188+0000] {taskinstance.py:340} INFO - ::group::Post task execution logs
[2025-03-28T16:15:19.189+0000] {taskinstance.py:352} INFO - Marking task as SUCCESS. dag_id=air_quality_france_pro, task_id=collect_high_frequency_data, run_id=scheduled__2025-03-28T16:00:00+00:00, execution_date=20250328T160000, start_date=20250328T161512, end_date=20250328T161519
[2025-03-28T16:15:19.238+0000] {local_task_job_runner.py:266} INFO - Task exited with return code 0
[2025-03-28T16:15:19.299+0000] {taskinstance.py:3895} INFO - 1 downstream tasks scheduled from follow-on schedule check
[2025-03-28T16:15:19.302+0000] {local_task_job_runner.py:245} INFO - ::endgroup::
