[2025-03-27T14:29:47.506+0000] {local_task_job_runner.py:123} INFO - ::group::Pre task execution logs
[2025-03-27T14:29:47.560+0000] {taskinstance.py:2613} INFO - Dependencies all met for dep_context=non-requeueable deps ti=<TaskInstance: air_quality_pipeline.transform_data manual__2025-03-27T14:29:43.208084+00:00 [queued]>
[2025-03-27T14:29:47.574+0000] {taskinstance.py:2613} INFO - Dependencies all met for dep_context=requeueable deps ti=<TaskInstance: air_quality_pipeline.transform_data manual__2025-03-27T14:29:43.208084+00:00 [queued]>
[2025-03-27T14:29:47.574+0000] {taskinstance.py:2866} INFO - Starting attempt 1 of 2
[2025-03-27T14:29:47.589+0000] {taskinstance.py:2889} INFO - Executing <Task(PythonOperator): transform_data> on 2025-03-27 14:29:43.208084+00:00
[2025-03-27T14:29:47.596+0000] {standard_task_runner.py:104} INFO - Running: ['airflow', 'tasks', 'run', 'air_quality_pipeline', 'transform_data', 'manual__2025-03-27T14:29:43.208084+00:00', '--job-id', '204', '--raw', '--subdir', 'DAGS_FOLDER/data_pipeline.py', '--cfg-path', '/tmp/tmp3gfm64fa']
[2025-03-27T14:29:47.599+0000] {standard_task_runner.py:105} INFO - Job 204: Subtask transform_data
[2025-03-27T14:29:47.600+0000] {logging_mixin.py:190} WARNING - /home/airflow/.local/lib/python3.12/site-packages/airflow/task/task_runner/standard_task_runner.py:70 DeprecationWarning: This process (pid=36) is multi-threaded, use of fork() may lead to deadlocks in the child.
[2025-03-27T14:29:47.601+0000] {standard_task_runner.py:72} INFO - Started process 50 to run task
[2025-03-27T14:29:47.747+0000] {task_command.py:467} INFO - Running <TaskInstance: air_quality_pipeline.transform_data manual__2025-03-27T14:29:43.208084+00:00 [running]> on host 6d0e87c01008
[2025-03-27T14:29:47.929+0000] {taskinstance.py:3132} INFO - Exporting env vars: AIRFLOW_CTX_DAG_OWNER='airflow' AIRFLOW_CTX_DAG_ID='air_quality_pipeline' AIRFLOW_CTX_TASK_ID='transform_data' AIRFLOW_CTX_EXECUTION_DATE='2025-03-27T14:29:43.208084+00:00' AIRFLOW_CTX_TRY_NUMBER='1' AIRFLOW_CTX_DAG_RUN_ID='manual__2025-03-27T14:29:43.208084+00:00'
[2025-03-27T14:29:47.931+0000] {taskinstance.py:731} INFO - ::endgroup::
[2025-03-27T14:29:54.921+0000] {logging_mixin.py:190} INFO - Colonnes de final_air_quality_df: Index(['city', 'aqi', 'pm25', 'pm10'], dtype='object')
[2025-03-27T14:29:54.922+0000] {logging_mixin.py:190} INFO - Colonnes de final_weather_df: Index(['city', 'timestamp', 'temperature', 'humidity', 'pressure'], dtype='object')
[2025-03-27T14:29:54.935+0000] {data_pipeline.py:70} INFO - Données transformées et enregistrées en CSV
[2025-03-27T14:29:54.936+0000] {python.py:240} INFO - Done. Returned value was: None
[2025-03-27T14:29:54.976+0000] {taskinstance.py:340} INFO - ::group::Post task execution logs
[2025-03-27T14:29:54.976+0000] {taskinstance.py:352} INFO - Marking task as SUCCESS. dag_id=air_quality_pipeline, task_id=transform_data, run_id=manual__2025-03-27T14:29:43.208084+00:00, execution_date=20250327T142943, start_date=20250327T142947, end_date=20250327T142954
[2025-03-27T14:29:55.015+0000] {local_task_job_runner.py:266} INFO - Task exited with return code 0
[2025-03-27T14:29:55.063+0000] {taskinstance.py:3895} INFO - 1 downstream tasks scheduled from follow-on schedule check
[2025-03-27T14:29:55.066+0000] {local_task_job_runner.py:245} INFO - ::endgroup::
