[2025-04-10T11:56:48.249+0000] {local_task_job_runner.py:123} INFO - ::group::Pre task execution logs
[2025-04-10T11:56:48.342+0000] {taskinstance.py:2613} INFO - Dependencies all met for dep_context=non-requeueable deps ti=<TaskInstance: paris_air_quality_prod.create_tables scheduled__2025-03-31T04:00:00+00:00 [queued]>
[2025-04-10T11:56:48.357+0000] {taskinstance.py:2613} INFO - Dependencies all met for dep_context=requeueable deps ti=<TaskInstance: paris_air_quality_prod.create_tables scheduled__2025-03-31T04:00:00+00:00 [queued]>
[2025-04-10T11:56:48.359+0000] {taskinstance.py:2866} INFO - Starting attempt 2 of 3
[2025-04-10T11:56:48.382+0000] {taskinstance.py:2889} INFO - Executing <Task(PythonOperator): create_tables> on 2025-03-31 04:00:00+00:00
[2025-04-10T11:56:48.394+0000] {standard_task_runner.py:104} INFO - Running: ['airflow', 'tasks', 'run', 'paris_air_quality_prod', 'create_tables', 'scheduled__2025-03-31T04:00:00+00:00', '--job-id', '754', '--raw', '--subdir', 'DAGS_FOLDER/data_enriched_predict.py', '--cfg-path', '/tmp/tmp46kae1uf']
[2025-04-10T11:56:48.398+0000] {standard_task_runner.py:105} INFO - Job 754: Subtask create_tables
[2025-04-10T11:56:48.403+0000] {logging_mixin.py:190} WARNING - /home/airflow/.local/lib/python3.12/site-packages/airflow/task/task_runner/standard_task_runner.py:70 DeprecationWarning: This process (pid=96) is multi-threaded, use of fork() may lead to deadlocks in the child.
[2025-04-10T11:56:48.404+0000] {standard_task_runner.py:72} INFO - Started process 121 to run task
[2025-04-10T11:56:48.743+0000] {task_command.py:467} INFO - Running <TaskInstance: paris_air_quality_prod.create_tables scheduled__2025-03-31T04:00:00+00:00 [running]> on host 04906466de51
[2025-04-10T11:56:49.000+0000] {taskinstance.py:3132} INFO - Exporting env vars: AIRFLOW_CTX_DAG_OWNER='airflow' AIRFLOW_CTX_DAG_ID='paris_air_quality_prod' AIRFLOW_CTX_TASK_ID='create_tables' AIRFLOW_CTX_EXECUTION_DATE='2025-03-31T04:00:00+00:00' AIRFLOW_CTX_TRY_NUMBER='2' AIRFLOW_CTX_DAG_RUN_ID='scheduled__2025-03-31T04:00:00+00:00'
[2025-04-10T11:56:49.001+0000] {taskinstance.py:731} INFO - ::endgroup::
[2025-04-10T11:56:49.072+0000] {base.py:84} INFO - Retrieving connection 'postgres_data'
[2025-04-10T11:56:49.156+0000] {data_enriched_predict.py:63} INFO - Tables créées avec succès
[2025-04-10T11:56:49.158+0000] {python.py:240} INFO - Done. Returned value was: None
[2025-04-10T11:56:49.320+0000] {taskinstance.py:340} INFO - ::group::Post task execution logs
[2025-04-10T11:56:49.321+0000] {taskinstance.py:352} INFO - Marking task as SUCCESS. dag_id=paris_air_quality_prod, task_id=create_tables, run_id=scheduled__2025-03-31T04:00:00+00:00, execution_date=20250331T040000, start_date=20250410T115648, end_date=20250410T115649
[2025-04-10T11:56:49.344+0000] {local_task_job_runner.py:266} INFO - Task exited with return code 0
[2025-04-10T11:56:49.402+0000] {taskinstance.py:3895} INFO - 1 downstream tasks scheduled from follow-on schedule check
[2025-04-10T11:56:49.405+0000] {local_task_job_runner.py:245} INFO - ::endgroup::
