[2025-03-28T06:00:15.411+0000] {local_task_job_runner.py:123} INFO - ::group::Pre task execution logs
[2025-03-28T06:00:15.457+0000] {taskinstance.py:2613} INFO - Dependencies all met for dep_context=non-requeueable deps ti=<TaskInstance: air_quality_pipeline.store_data scheduled__2025-03-28T04:00:00+00:00 [queued]>
[2025-03-28T06:00:15.469+0000] {taskinstance.py:2613} INFO - Dependencies all met for dep_context=requeueable deps ti=<TaskInstance: air_quality_pipeline.store_data scheduled__2025-03-28T04:00:00+00:00 [queued]>
[2025-03-28T06:00:15.469+0000] {taskinstance.py:2866} INFO - Starting attempt 1 of 2
[2025-03-28T06:00:15.485+0000] {taskinstance.py:2889} INFO - Executing <Task(PythonOperator): store_data> on 2025-03-28 04:00:00+00:00
[2025-03-28T06:00:15.495+0000] {standard_task_runner.py:104} INFO - Running: ['airflow', 'tasks', 'run', 'air_quality_pipeline', 'store_data', 'scheduled__2025-03-28T04:00:00+00:00', '--job-id', '229', '--raw', '--subdir', 'DAGS_FOLDER/data_pipeline.py', '--cfg-path', '/tmp/tmpmj8qi28w']
[2025-03-28T06:00:15.500+0000] {standard_task_runner.py:105} INFO - Job 229: Subtask store_data
[2025-03-28T06:00:15.501+0000] {logging_mixin.py:190} WARNING - /home/airflow/.local/lib/python3.12/site-packages/airflow/task/task_runner/standard_task_runner.py:70 DeprecationWarning: This process (pid=3402) is multi-threaded, use of fork() may lead to deadlocks in the child.
[2025-03-28T06:00:15.502+0000] {standard_task_runner.py:72} INFO - Started process 3416 to run task
[2025-03-28T06:00:15.869+0000] {task_command.py:467} INFO - Running <TaskInstance: air_quality_pipeline.store_data scheduled__2025-03-28T04:00:00+00:00 [running]> on host 6d0e87c01008
[2025-03-28T06:00:16.064+0000] {taskinstance.py:3132} INFO - Exporting env vars: AIRFLOW_CTX_DAG_OWNER='airflow' AIRFLOW_CTX_DAG_ID='air_quality_pipeline' AIRFLOW_CTX_TASK_ID='store_data' AIRFLOW_CTX_EXECUTION_DATE='2025-03-28T04:00:00+00:00' AIRFLOW_CTX_TRY_NUMBER='1' AIRFLOW_CTX_DAG_RUN_ID='scheduled__2025-03-28T04:00:00+00:00'
[2025-03-28T06:00:16.066+0000] {taskinstance.py:731} INFO - ::endgroup::
[2025-03-28T06:00:16.140+0000] {base.py:84} INFO - Retrieving connection 'postgres_data'
[2025-03-28T06:00:16.352+0000] {data_pipeline.py:99} INFO - Données insérées dans PostgreSQL
[2025-03-28T06:00:16.353+0000] {python.py:240} INFO - Done. Returned value was: None
[2025-03-28T06:00:16.392+0000] {taskinstance.py:340} INFO - ::group::Post task execution logs
[2025-03-28T06:00:16.393+0000] {taskinstance.py:352} INFO - Marking task as SUCCESS. dag_id=air_quality_pipeline, task_id=store_data, run_id=scheduled__2025-03-28T04:00:00+00:00, execution_date=20250328T040000, start_date=20250328T060015, end_date=20250328T060016
[2025-03-28T06:00:16.441+0000] {local_task_job_runner.py:266} INFO - Task exited with return code 0
[2025-03-28T06:00:16.595+0000] {taskinstance.py:3895} INFO - 0 downstream tasks scheduled from follow-on schedule check
[2025-03-28T06:00:16.598+0000] {local_task_job_runner.py:245} INFO - ::endgroup::
