[2025-04-10T14:14:26.870+0000] {local_task_job_runner.py:123} INFO - ::group::Pre task execution logs
[2025-04-10T14:14:26.925+0000] {taskinstance.py:2613} INFO - Dependencies all met for dep_context=non-requeueable deps ti=<TaskInstance: paris_air_quality_prod.create_tables manual__2025-04-10T14:14:21.160706+00:00 [queued]>
[2025-04-10T14:14:26.938+0000] {taskinstance.py:2613} INFO - Dependencies all met for dep_context=requeueable deps ti=<TaskInstance: paris_air_quality_prod.create_tables manual__2025-04-10T14:14:21.160706+00:00 [queued]>
[2025-04-10T14:14:26.938+0000] {taskinstance.py:2866} INFO - Starting attempt 1 of 3
[2025-04-10T14:14:26.957+0000] {taskinstance.py:2889} INFO - Executing <Task(PythonOperator): create_tables> on 2025-04-10 14:14:21.160706+00:00
[2025-04-10T14:14:26.974+0000] {logging_mixin.py:190} WARNING - /home/airflow/.local/lib/python3.12/site-packages/airflow/task/task_runner/standard_task_runner.py:70 DeprecationWarning: This process (pid=4875) is multi-threaded, use of fork() may lead to deadlocks in the child.
[2025-04-10T14:14:26.972+0000] {standard_task_runner.py:104} INFO - Running: ['airflow', 'tasks', 'run', 'paris_air_quality_prod', 'create_tables', 'manual__2025-04-10T14:14:21.160706+00:00', '--job-id', '792', '--raw', '--subdir', 'DAGS_FOLDER/data_enriched_predict.py', '--cfg-path', '/tmp/tmprscjkm85']
[2025-04-10T14:14:26.975+0000] {standard_task_runner.py:72} INFO - Started process 4900 to run task
[2025-04-10T14:14:26.976+0000] {standard_task_runner.py:105} INFO - Job 792: Subtask create_tables
[2025-04-10T14:14:27.135+0000] {task_command.py:467} INFO - Running <TaskInstance: paris_air_quality_prod.create_tables manual__2025-04-10T14:14:21.160706+00:00 [running]> on host 04906466de51
[2025-04-10T14:14:27.341+0000] {taskinstance.py:3132} INFO - Exporting env vars: AIRFLOW_CTX_DAG_OWNER='airflow' AIRFLOW_CTX_DAG_ID='paris_air_quality_prod' AIRFLOW_CTX_TASK_ID='create_tables' AIRFLOW_CTX_EXECUTION_DATE='2025-04-10T14:14:21.160706+00:00' AIRFLOW_CTX_TRY_NUMBER='1' AIRFLOW_CTX_DAG_RUN_ID='manual__2025-04-10T14:14:21.160706+00:00'
[2025-04-10T14:14:27.342+0000] {taskinstance.py:731} INFO - ::endgroup::
[2025-04-10T14:14:27.420+0000] {base.py:84} INFO - Retrieving connection 'postgres_data'
[2025-04-10T14:14:27.478+0000] {data_enriched_predict.py:63} INFO - Tables créées avec succès
[2025-04-10T14:14:27.479+0000] {python.py:240} INFO - Done. Returned value was: None
[2025-04-10T14:14:27.519+0000] {taskinstance.py:340} INFO - ::group::Post task execution logs
[2025-04-10T14:14:27.520+0000] {taskinstance.py:352} INFO - Marking task as SUCCESS. dag_id=paris_air_quality_prod, task_id=create_tables, run_id=manual__2025-04-10T14:14:21.160706+00:00, execution_date=20250410T141421, start_date=20250410T141426, end_date=20250410T141427
[2025-04-10T14:14:27.553+0000] {local_task_job_runner.py:266} INFO - Task exited with return code 0
[2025-04-10T14:14:27.635+0000] {taskinstance.py:3895} INFO - 1 downstream tasks scheduled from follow-on schedule check
[2025-04-10T14:14:27.638+0000] {local_task_job_runner.py:245} INFO - ::endgroup::
