[2025-03-31T08:01:26.900+0000] {local_task_job_runner.py:123} INFO - ::group::Pre task execution logs
[2025-03-31T08:01:26.950+0000] {taskinstance.py:2613} INFO - Dependencies all met for dep_context=non-requeueable deps ti=<TaskInstance: air_quality_pipeline.transform_data scheduled__2025-03-31T06:00:00+00:00 [queued]>
[2025-03-31T08:01:26.966+0000] {taskinstance.py:2613} INFO - Dependencies all met for dep_context=requeueable deps ti=<TaskInstance: air_quality_pipeline.transform_data scheduled__2025-03-31T06:00:00+00:00 [queued]>
[2025-03-31T08:01:26.967+0000] {taskinstance.py:2866} INFO - Starting attempt 1 of 2
[2025-03-31T08:01:26.984+0000] {taskinstance.py:2889} INFO - Executing <Task(PythonOperator): transform_data> on 2025-03-31 06:00:00+00:00
[2025-03-31T08:01:26.994+0000] {standard_task_runner.py:104} INFO - Running: ['airflow', 'tasks', 'run', 'air_quality_pipeline', 'transform_data', 'scheduled__2025-03-31T06:00:00+00:00', '--job-id', '689', '--raw', '--subdir', 'DAGS_FOLDER/data_pipeline.py', '--cfg-path', '/tmp/tmppieawe90']
[2025-03-31T08:01:26.997+0000] {standard_task_runner.py:105} INFO - Job 689: Subtask transform_data
[2025-03-31T08:01:26.997+0000] {logging_mixin.py:190} WARNING - /home/airflow/.local/lib/python3.12/site-packages/airflow/task/task_runner/standard_task_runner.py:70 DeprecationWarning: This process (pid=20256) is multi-threaded, use of fork() may lead to deadlocks in the child.
[2025-03-31T08:01:26.998+0000] {standard_task_runner.py:72} INFO - Started process 20270 to run task
[2025-03-31T08:01:27.250+0000] {task_command.py:467} INFO - Running <TaskInstance: air_quality_pipeline.transform_data scheduled__2025-03-31T06:00:00+00:00 [running]> on host 04906466de51
[2025-03-31T08:01:27.465+0000] {taskinstance.py:3132} INFO - Exporting env vars: AIRFLOW_CTX_DAG_EMAIL='fbleza5@gmail.com' AIRFLOW_CTX_DAG_OWNER='airflow' AIRFLOW_CTX_DAG_ID='air_quality_pipeline' AIRFLOW_CTX_TASK_ID='transform_data' AIRFLOW_CTX_EXECUTION_DATE='2025-03-31T06:00:00+00:00' AIRFLOW_CTX_TRY_NUMBER='1' AIRFLOW_CTX_DAG_RUN_ID='scheduled__2025-03-31T06:00:00+00:00'
[2025-03-31T08:01:27.466+0000] {taskinstance.py:731} INFO - ::endgroup::
[2025-03-31T08:01:28.769+0000] {base.py:84} INFO - Retrieving connection 'postgres_data'
[2025-03-31T08:01:28.824+0000] {data_pipeline.py:55} INFO - Données brutes insérées pour Paris dans Data Lake
[2025-03-31T08:01:30.010+0000] {base.py:84} INFO - Retrieving connection 'postgres_data'
[2025-03-31T08:01:30.060+0000] {data_pipeline.py:55} INFO - Données brutes insérées pour Lyon dans Data Lake
[2025-03-31T08:01:31.216+0000] {base.py:84} INFO - Retrieving connection 'postgres_data'
[2025-03-31T08:01:31.257+0000] {data_pipeline.py:55} INFO - Données brutes insérées pour Lille dans Data Lake
[2025-03-31T08:01:32.535+0000] {base.py:84} INFO - Retrieving connection 'postgres_data'
[2025-03-31T08:01:32.700+0000] {data_pipeline.py:55} INFO - Données brutes insérées pour Marseille dans Data Lake
[2025-03-31T08:01:33.908+0000] {base.py:84} INFO - Retrieving connection 'postgres_data'
[2025-03-31T08:01:33.949+0000] {data_pipeline.py:55} INFO - Données brutes insérées pour Montpellier dans Data Lake
[2025-03-31T08:01:34.006+0000] {base.py:84} INFO - Retrieving connection 'postgres_data'
[2025-03-31T08:01:34.242+0000] {data_pipeline.py:141} INFO - Données insérées dans le Data Warehouse
[2025-03-31T08:01:34.242+0000] {data_pipeline.py:100} INFO - Données transformées et stockées dans le Data Warehouse
[2025-03-31T08:01:34.243+0000] {python.py:240} INFO - Done. Returned value was:             city           timestamp  temperature  ...  aqi  pm25  pm10
0          Paris 2025-03-31 09:00:00            8  ...   53    53    26
1          Paris 2025-03-31 12:00:00           10  ...   53    53    26
2          Paris 2025-03-31 15:00:00           13  ...   53    53    26
3          Paris 2025-03-31 18:00:00           13  ...   53    53    26
4          Paris 2025-03-31 21:00:00            9  ...   53    53    26
..           ...                 ...          ...  ...  ...   ...   ...
195  Montpellier 2025-04-04 18:00:00           14  ...   23    12     6
196  Montpellier 2025-04-04 21:00:00           12  ...   23    12     6
197  Montpellier 2025-04-05 00:00:00           12  ...   23    12     6
198  Montpellier 2025-04-05 03:00:00           11  ...   23    12     6
199  Montpellier 2025-04-05 06:00:00           11  ...   23    12     6

[200 rows x 8 columns]
[2025-03-31T08:01:34.625+0000] {taskinstance.py:340} INFO - ::group::Post task execution logs
[2025-03-31T08:01:34.626+0000] {taskinstance.py:352} INFO - Marking task as SUCCESS. dag_id=air_quality_pipeline, task_id=transform_data, run_id=scheduled__2025-03-31T06:00:00+00:00, execution_date=20250331T060000, start_date=20250331T080126, end_date=20250331T080134
[2025-03-31T08:01:34.707+0000] {local_task_job_runner.py:266} INFO - Task exited with return code 0
[2025-03-31T08:01:34.767+0000] {taskinstance.py:3895} INFO - 1 downstream tasks scheduled from follow-on schedule check
[2025-03-31T08:01:34.770+0000] {local_task_job_runner.py:245} INFO - ::endgroup::
