[2025-03-28T10:49:19.825+0000] {local_task_job_runner.py:123} INFO - ::group::Pre task execution logs
[2025-03-28T10:49:19.873+0000] {taskinstance.py:2613} INFO - Dependencies all met for dep_context=non-requeueable deps ti=<TaskInstance: air_quality_pipeline.store_data manual__2025-03-27T14:59:59.886223+00:00 [queued]>
[2025-03-28T10:49:19.886+0000] {taskinstance.py:2613} INFO - Dependencies all met for dep_context=requeueable deps ti=<TaskInstance: air_quality_pipeline.store_data manual__2025-03-27T14:59:59.886223+00:00 [queued]>
[2025-03-28T10:49:19.887+0000] {taskinstance.py:2866} INFO - Starting attempt 2 of 3
[2025-03-28T10:49:19.904+0000] {taskinstance.py:2889} INFO - Executing <Task(PythonOperator): store_data> on 2025-03-27 14:59:59.886223+00:00
[2025-03-28T10:49:19.911+0000] {standard_task_runner.py:104} INFO - Running: ['airflow', 'tasks', 'run', 'air_quality_pipeline', 'store_data', 'manual__2025-03-27T14:59:59.886223+00:00', '--job-id', '302', '--raw', '--subdir', 'DAGS_FOLDER/data_pipeline.py', '--cfg-path', '/tmp/tmpdzjg24zc']
[2025-03-28T10:49:19.913+0000] {standard_task_runner.py:105} INFO - Job 302: Subtask store_data
[2025-03-28T10:49:19.914+0000] {logging_mixin.py:190} WARNING - /home/airflow/.local/lib/python3.12/site-packages/airflow/task/task_runner/standard_task_runner.py:70 DeprecationWarning: This process (pid=880) is multi-threaded, use of fork() may lead to deadlocks in the child.
[2025-03-28T10:49:19.915+0000] {standard_task_runner.py:72} INFO - Started process 894 to run task
[2025-03-28T10:49:20.081+0000] {task_command.py:467} INFO - Running <TaskInstance: air_quality_pipeline.store_data manual__2025-03-27T14:59:59.886223+00:00 [running]> on host 6d0e87c01008
[2025-03-28T10:49:20.377+0000] {taskinstance.py:3132} INFO - Exporting env vars: AIRFLOW_CTX_DAG_OWNER='airflow' AIRFLOW_CTX_DAG_ID='air_quality_pipeline' AIRFLOW_CTX_TASK_ID='store_data' AIRFLOW_CTX_EXECUTION_DATE='2025-03-27T14:59:59.886223+00:00' AIRFLOW_CTX_TRY_NUMBER='2' AIRFLOW_CTX_DAG_RUN_ID='manual__2025-03-27T14:59:59.886223+00:00'
[2025-03-28T10:49:20.378+0000] {taskinstance.py:731} INFO - ::endgroup::
[2025-03-28T10:49:20.438+0000] {base.py:84} INFO - Retrieving connection 'postgres_data'
[2025-03-28T10:49:20.637+0000] {data_pipeline.py:141} INFO - Données insérées dans le Data Warehouse
[2025-03-28T10:49:20.638+0000] {python.py:240} INFO - Done. Returned value was: None
[2025-03-28T10:49:20.680+0000] {taskinstance.py:340} INFO - ::group::Post task execution logs
[2025-03-28T10:49:20.680+0000] {taskinstance.py:352} INFO - Marking task as SUCCESS. dag_id=air_quality_pipeline, task_id=store_data, run_id=manual__2025-03-27T14:59:59.886223+00:00, execution_date=20250327T145959, start_date=20250328T104919, end_date=20250328T104920
[2025-03-28T10:49:20.732+0000] {local_task_job_runner.py:266} INFO - Task exited with return code 0
[2025-03-28T10:49:20.792+0000] {taskinstance.py:3895} INFO - 1 downstream tasks scheduled from follow-on schedule check
[2025-03-28T10:49:20.795+0000] {local_task_job_runner.py:245} INFO - ::endgroup::
