[2025-04-17T11:33:37.465+0000] {local_task_job_runner.py:123} INFO - ::group::Pre task execution logs
[2025-04-17T11:33:37.517+0000] {taskinstance.py:2613} INFO - Dependencies all met for dep_context=non-requeueable deps ti=<TaskInstance: full_pipeline.extract_yellow scheduled__2025-04-17T10:00:00+00:00 [queued]>
[2025-04-17T11:33:37.530+0000] {taskinstance.py:2613} INFO - Dependencies all met for dep_context=requeueable deps ti=<TaskInstance: full_pipeline.extract_yellow scheduled__2025-04-17T10:00:00+00:00 [queued]>
[2025-04-17T11:33:37.531+0000] {taskinstance.py:2866} INFO - Starting attempt 1 of 2
[2025-04-17T11:33:37.550+0000] {taskinstance.py:2889} INFO - Executing <Task(BashOperator): extract_yellow> on 2025-04-17 10:00:00+00:00
[2025-04-17T11:33:37.553+0000] {standard_task_runner.py:72} INFO - Started process 93 to run task
[2025-04-17T11:33:37.557+0000] {standard_task_runner.py:104} INFO - Running: ['airflow', 'tasks', 'run', 'full_pipeline', 'extract_yellow', 'scheduled__2025-04-17T10:00:00+00:00', '--job-id', '816', '--raw', '--subdir', 'DAGS_FOLDER/full_pipeline_dag.py', '--cfg-path', '/tmp/tmp8acu8ac_']
[2025-04-17T11:33:37.559+0000] {standard_task_runner.py:105} INFO - Job 816: Subtask extract_yellow
[2025-04-17T11:33:37.719+0000] {task_command.py:467} INFO - Running <TaskInstance: full_pipeline.extract_yellow scheduled__2025-04-17T10:00:00+00:00 [running]> on host 04906466de51
[2025-04-17T11:33:38.043+0000] {taskinstance.py:3132} INFO - Exporting env vars: AIRFLOW_CTX_DAG_OWNER='data_team' AIRFLOW_CTX_DAG_ID='full_pipeline' AIRFLOW_CTX_TASK_ID='extract_yellow' AIRFLOW_CTX_EXECUTION_DATE='2025-04-17T10:00:00+00:00' AIRFLOW_CTX_TRY_NUMBER='1' AIRFLOW_CTX_DAG_RUN_ID='scheduled__2025-04-17T10:00:00+00:00'
[2025-04-17T11:33:38.044+0000] {taskinstance.py:731} INFO - ::endgroup::
[2025-04-17T11:33:38.061+0000] {subprocess.py:78} INFO - Tmp dir root location: /tmp
[2025-04-17T11:33:38.062+0000] {subprocess.py:88} INFO - Running command: ['/usr/bin/bash', '-c', 'python D:\\Course\\EPSI M1 IA\\Cours\\Data pipeline\\MinIO/extract/fetch_yellow_trip.py']
[2025-04-17T11:33:38.069+0000] {subprocess.py:99} INFO - Output:
[2025-04-17T11:33:38.098+0000] {subprocess.py:106} INFO - python: can't open file '/tmp/airflowtmpcy56xjif/D:CourseEPSI': [Errno 2] No such file or directory
[2025-04-17T11:33:38.100+0000] {subprocess.py:110} INFO - Command exited with return code 2
[2025-04-17T11:33:38.144+0000] {taskinstance.py:3311} ERROR - Task failed with exception
Traceback (most recent call last):
  File "/home/airflow/.local/lib/python3.12/site-packages/airflow/models/taskinstance.py", line 767, in _execute_task
    result = _execute_callable(context=context, **execute_callable_kwargs)
             ^^^^^^^^^^^^^^^^^^^^^^^^^^^^^^^^^^^^^^^^^^^^^^^^^^^^^^^^^^^^^
  File "/home/airflow/.local/lib/python3.12/site-packages/airflow/models/taskinstance.py", line 733, in _execute_callable
    return ExecutionCallableRunner(
           ^^^^^^^^^^^^^^^^^^^^^^^^
  File "/home/airflow/.local/lib/python3.12/site-packages/airflow/utils/operator_helpers.py", line 252, in run
    return self.func(*args, **kwargs)
           ^^^^^^^^^^^^^^^^^^^^^^^^^^
  File "/home/airflow/.local/lib/python3.12/site-packages/airflow/models/baseoperator.py", line 422, in wrapper
    return func(self, *args, **kwargs)
           ^^^^^^^^^^^^^^^^^^^^^^^^^^^
  File "/home/airflow/.local/lib/python3.12/site-packages/airflow/operators/bash.py", line 276, in execute
    raise AirflowException(
airflow.exceptions.AirflowException: Bash command failed. The command returned a non-zero exit code 2.
[2025-04-17T11:33:38.158+0000] {taskinstance.py:1225} INFO - Marking task as UP_FOR_RETRY. dag_id=full_pipeline, task_id=extract_yellow, run_id=scheduled__2025-04-17T10:00:00+00:00, execution_date=20250417T100000, start_date=20250417T113337, end_date=20250417T113338
[2025-04-17T11:33:38.192+0000] {taskinstance.py:340} INFO - ::group::Post task execution logs
[2025-04-17T11:33:38.192+0000] {standard_task_runner.py:124} ERROR - Failed to execute job 816 for task extract_yellow (Bash command failed. The command returned a non-zero exit code 2.; 93)
Traceback (most recent call last):
  File "/home/airflow/.local/lib/python3.12/site-packages/airflow/task/task_runner/standard_task_runner.py", line 117, in _start_by_fork
    ret = args.func(args, dag=self.dag)
          ^^^^^^^^^^^^^^^^^^^^^^^^^^^^^
  File "/home/airflow/.local/lib/python3.12/site-packages/airflow/cli/cli_config.py", line 49, in command
    return func(*args, **kwargs)
           ^^^^^^^^^^^^^^^^^^^^^
  File "/home/airflow/.local/lib/python3.12/site-packages/airflow/utils/cli.py", line 116, in wrapper
    return f(*args, **kwargs)
           ^^^^^^^^^^^^^^^^^^
  File "/home/airflow/.local/lib/python3.12/site-packages/airflow/cli/commands/task_command.py", line 483, in task_run
    task_return_code = _run_task_by_selected_method(args, _dag, ti)
                       ^^^^^^^^^^^^^^^^^^^^^^^^^^^^^^^^^^^^^^^^^^^^
  File "/home/airflow/.local/lib/python3.12/site-packages/airflow/cli/commands/task_command.py", line 256, in _run_task_by_selected_method
    return _run_raw_task(args, ti)
           ^^^^^^^^^^^^^^^^^^^^^^^
  File "/home/airflow/.local/lib/python3.12/site-packages/airflow/cli/commands/task_command.py", line 341, in _run_raw_task
    return ti._run_raw_task(
           ^^^^^^^^^^^^^^^^^
  File "/home/airflow/.local/lib/python3.12/site-packages/airflow/utils/session.py", line 97, in wrapper
    return func(*args, session=session, **kwargs)
           ^^^^^^^^^^^^^^^^^^^^^^^^^^^^^^^^^^^^^^
  File "/home/airflow/.local/lib/python3.12/site-packages/airflow/models/taskinstance.py", line 3005, in _run_raw_task
    return _run_raw_task(
           ^^^^^^^^^^^^^^
  File "/home/airflow/.local/lib/python3.12/site-packages/airflow/models/taskinstance.py", line 273, in _run_raw_task
    TaskInstance._execute_task_with_callbacks(
  File "/home/airflow/.local/lib/python3.12/site-packages/airflow/models/taskinstance.py", line 3159, in _execute_task_with_callbacks
    result = self._execute_task(context, task_orig)
             ^^^^^^^^^^^^^^^^^^^^^^^^^^^^^^^^^^^^^^
  File "/home/airflow/.local/lib/python3.12/site-packages/airflow/models/taskinstance.py", line 3183, in _execute_task
    return _execute_task(self, context, task_orig)
           ^^^^^^^^^^^^^^^^^^^^^^^^^^^^^^^^^^^^^^^
  File "/home/airflow/.local/lib/python3.12/site-packages/airflow/models/taskinstance.py", line 767, in _execute_task
    result = _execute_callable(context=context, **execute_callable_kwargs)
             ^^^^^^^^^^^^^^^^^^^^^^^^^^^^^^^^^^^^^^^^^^^^^^^^^^^^^^^^^^^^^
  File "/home/airflow/.local/lib/python3.12/site-packages/airflow/models/taskinstance.py", line 733, in _execute_callable
    return ExecutionCallableRunner(
           ^^^^^^^^^^^^^^^^^^^^^^^^
  File "/home/airflow/.local/lib/python3.12/site-packages/airflow/utils/operator_helpers.py", line 252, in run
    return self.func(*args, **kwargs)
           ^^^^^^^^^^^^^^^^^^^^^^^^^^
  File "/home/airflow/.local/lib/python3.12/site-packages/airflow/models/baseoperator.py", line 422, in wrapper
    return func(self, *args, **kwargs)
           ^^^^^^^^^^^^^^^^^^^^^^^^^^^
  File "/home/airflow/.local/lib/python3.12/site-packages/airflow/operators/bash.py", line 276, in execute
    raise AirflowException(
airflow.exceptions.AirflowException: Bash command failed. The command returned a non-zero exit code 2.
[2025-04-17T11:33:38.213+0000] {local_task_job_runner.py:266} INFO - Task exited with return code 1
[2025-04-17T11:33:38.270+0000] {taskinstance.py:3895} INFO - 0 downstream tasks scheduled from follow-on schedule check
[2025-04-17T11:33:38.272+0000] {local_task_job_runner.py:245} INFO - ::endgroup::
[2025-04-17T11:50:34.589+0000] {local_task_job_runner.py:123} INFO - ::group::Pre task execution logs
[2025-04-17T11:50:34.650+0000] {taskinstance.py:2613} INFO - Dependencies all met for dep_context=non-requeueable deps ti=<TaskInstance: full_pipeline.extract_yellow scheduled__2025-04-17T10:00:00+00:00 [queued]>
[2025-04-17T11:50:34.665+0000] {taskinstance.py:2613} INFO - Dependencies all met for dep_context=requeueable deps ti=<TaskInstance: full_pipeline.extract_yellow scheduled__2025-04-17T10:00:00+00:00 [queued]>
[2025-04-17T11:50:34.667+0000] {taskinstance.py:2866} INFO - Starting attempt 1 of 2
[2025-04-17T11:50:34.685+0000] {taskinstance.py:2889} INFO - Executing <Task(BashOperator): extract_yellow> on 2025-04-17 10:00:00+00:00
[2025-04-17T11:50:34.690+0000] {standard_task_runner.py:72} INFO - Started process 167 to run task
[2025-04-17T11:50:34.692+0000] {standard_task_runner.py:104} INFO - Running: ['airflow', 'tasks', 'run', 'full_pipeline', 'extract_yellow', 'scheduled__2025-04-17T10:00:00+00:00', '--job-id', '827', '--raw', '--subdir', 'DAGS_FOLDER/full_pipeline_dag.py', '--cfg-path', '/tmp/tmpkfrr0qam']
[2025-04-17T11:50:34.694+0000] {standard_task_runner.py:105} INFO - Job 827: Subtask extract_yellow
[2025-04-17T11:50:35.164+0000] {task_command.py:467} INFO - Running <TaskInstance: full_pipeline.extract_yellow scheduled__2025-04-17T10:00:00+00:00 [running]> on host 7ae1eeca3b92
[2025-04-17T11:50:35.558+0000] {taskinstance.py:3132} INFO - Exporting env vars: AIRFLOW_CTX_DAG_OWNER='data_team' AIRFLOW_CTX_DAG_ID='full_pipeline' AIRFLOW_CTX_TASK_ID='extract_yellow' AIRFLOW_CTX_EXECUTION_DATE='2025-04-17T10:00:00+00:00' AIRFLOW_CTX_TRY_NUMBER='1' AIRFLOW_CTX_DAG_RUN_ID='scheduled__2025-04-17T10:00:00+00:00'
[2025-04-17T11:50:35.559+0000] {taskinstance.py:731} INFO - ::endgroup::
[2025-04-17T11:50:35.574+0000] {subprocess.py:78} INFO - Tmp dir root location: /tmp
[2025-04-17T11:50:35.575+0000] {subprocess.py:88} INFO - Running command: ['/usr/bin/bash', '-c', 'python D:\\Course\\EPSI M1 IA\\Cours\\Data pipeline\\MinIO/extract/fetch_yellow_trip.py']
[2025-04-17T11:50:35.585+0000] {subprocess.py:99} INFO - Output:
[2025-04-17T11:50:35.624+0000] {subprocess.py:106} INFO - python: can't open file '/tmp/airflowtmpk45e0wj1/D:CourseEPSI': [Errno 2] No such file or directory
[2025-04-17T11:50:35.628+0000] {subprocess.py:110} INFO - Command exited with return code 2
[2025-04-17T11:50:35.700+0000] {taskinstance.py:3311} ERROR - Task failed with exception
Traceback (most recent call last):
  File "/home/airflow/.local/lib/python3.12/site-packages/airflow/models/taskinstance.py", line 767, in _execute_task
    result = _execute_callable(context=context, **execute_callable_kwargs)
             ^^^^^^^^^^^^^^^^^^^^^^^^^^^^^^^^^^^^^^^^^^^^^^^^^^^^^^^^^^^^^
  File "/home/airflow/.local/lib/python3.12/site-packages/airflow/models/taskinstance.py", line 733, in _execute_callable
    return ExecutionCallableRunner(
           ^^^^^^^^^^^^^^^^^^^^^^^^
  File "/home/airflow/.local/lib/python3.12/site-packages/airflow/utils/operator_helpers.py", line 252, in run
    return self.func(*args, **kwargs)
           ^^^^^^^^^^^^^^^^^^^^^^^^^^
  File "/home/airflow/.local/lib/python3.12/site-packages/airflow/models/baseoperator.py", line 422, in wrapper
    return func(self, *args, **kwargs)
           ^^^^^^^^^^^^^^^^^^^^^^^^^^^
  File "/home/airflow/.local/lib/python3.12/site-packages/airflow/operators/bash.py", line 276, in execute
    raise AirflowException(
airflow.exceptions.AirflowException: Bash command failed. The command returned a non-zero exit code 2.
[2025-04-17T11:50:35.714+0000] {taskinstance.py:1225} INFO - Marking task as UP_FOR_RETRY. dag_id=full_pipeline, task_id=extract_yellow, run_id=scheduled__2025-04-17T10:00:00+00:00, execution_date=20250417T100000, start_date=20250417T115034, end_date=20250417T115035
[2025-04-17T11:50:35.750+0000] {taskinstance.py:340} INFO - ::group::Post task execution logs
[2025-04-17T11:50:35.752+0000] {standard_task_runner.py:124} ERROR - Failed to execute job 827 for task extract_yellow (Bash command failed. The command returned a non-zero exit code 2.; 167)
Traceback (most recent call last):
  File "/home/airflow/.local/lib/python3.12/site-packages/airflow/task/task_runner/standard_task_runner.py", line 117, in _start_by_fork
    ret = args.func(args, dag=self.dag)
          ^^^^^^^^^^^^^^^^^^^^^^^^^^^^^
  File "/home/airflow/.local/lib/python3.12/site-packages/airflow/cli/cli_config.py", line 49, in command
    return func(*args, **kwargs)
           ^^^^^^^^^^^^^^^^^^^^^
  File "/home/airflow/.local/lib/python3.12/site-packages/airflow/utils/cli.py", line 116, in wrapper
    return f(*args, **kwargs)
           ^^^^^^^^^^^^^^^^^^
  File "/home/airflow/.local/lib/python3.12/site-packages/airflow/cli/commands/task_command.py", line 483, in task_run
    task_return_code = _run_task_by_selected_method(args, _dag, ti)
                       ^^^^^^^^^^^^^^^^^^^^^^^^^^^^^^^^^^^^^^^^^^^^
  File "/home/airflow/.local/lib/python3.12/site-packages/airflow/cli/commands/task_command.py", line 256, in _run_task_by_selected_method
    return _run_raw_task(args, ti)
           ^^^^^^^^^^^^^^^^^^^^^^^
  File "/home/airflow/.local/lib/python3.12/site-packages/airflow/cli/commands/task_command.py", line 341, in _run_raw_task
    return ti._run_raw_task(
           ^^^^^^^^^^^^^^^^^
  File "/home/airflow/.local/lib/python3.12/site-packages/airflow/utils/session.py", line 97, in wrapper
    return func(*args, session=session, **kwargs)
           ^^^^^^^^^^^^^^^^^^^^^^^^^^^^^^^^^^^^^^
  File "/home/airflow/.local/lib/python3.12/site-packages/airflow/models/taskinstance.py", line 3005, in _run_raw_task
    return _run_raw_task(
           ^^^^^^^^^^^^^^
  File "/home/airflow/.local/lib/python3.12/site-packages/airflow/models/taskinstance.py", line 273, in _run_raw_task
    TaskInstance._execute_task_with_callbacks(
  File "/home/airflow/.local/lib/python3.12/site-packages/airflow/models/taskinstance.py", line 3159, in _execute_task_with_callbacks
    result = self._execute_task(context, task_orig)
             ^^^^^^^^^^^^^^^^^^^^^^^^^^^^^^^^^^^^^^
  File "/home/airflow/.local/lib/python3.12/site-packages/airflow/models/taskinstance.py", line 3183, in _execute_task
    return _execute_task(self, context, task_orig)
           ^^^^^^^^^^^^^^^^^^^^^^^^^^^^^^^^^^^^^^^
  File "/home/airflow/.local/lib/python3.12/site-packages/airflow/models/taskinstance.py", line 767, in _execute_task
    result = _execute_callable(context=context, **execute_callable_kwargs)
             ^^^^^^^^^^^^^^^^^^^^^^^^^^^^^^^^^^^^^^^^^^^^^^^^^^^^^^^^^^^^^
  File "/home/airflow/.local/lib/python3.12/site-packages/airflow/models/taskinstance.py", line 733, in _execute_callable
    return ExecutionCallableRunner(
           ^^^^^^^^^^^^^^^^^^^^^^^^
  File "/home/airflow/.local/lib/python3.12/site-packages/airflow/utils/operator_helpers.py", line 252, in run
    return self.func(*args, **kwargs)
           ^^^^^^^^^^^^^^^^^^^^^^^^^^
  File "/home/airflow/.local/lib/python3.12/site-packages/airflow/models/baseoperator.py", line 422, in wrapper
    return func(self, *args, **kwargs)
           ^^^^^^^^^^^^^^^^^^^^^^^^^^^
  File "/home/airflow/.local/lib/python3.12/site-packages/airflow/operators/bash.py", line 276, in execute
    raise AirflowException(
airflow.exceptions.AirflowException: Bash command failed. The command returned a non-zero exit code 2.
[2025-04-17T11:50:35.790+0000] {local_task_job_runner.py:266} INFO - Task exited with return code 1
[2025-04-17T11:50:35.972+0000] {taskinstance.py:3895} INFO - 0 downstream tasks scheduled from follow-on schedule check
[2025-04-17T11:50:35.975+0000] {local_task_job_runner.py:245} INFO - ::endgroup::
[2025-04-17T11:56:56.570+0000] {local_task_job_runner.py:123} INFO - ::group::Pre task execution logs
[2025-04-17T11:56:56.632+0000] {taskinstance.py:2613} INFO - Dependencies all met for dep_context=non-requeueable deps ti=<TaskInstance: full_pipeline.extract_yellow scheduled__2025-04-17T10:00:00+00:00 [queued]>
[2025-04-17T11:56:56.651+0000] {taskinstance.py:2613} INFO - Dependencies all met for dep_context=requeueable deps ti=<TaskInstance: full_pipeline.extract_yellow scheduled__2025-04-17T10:00:00+00:00 [queued]>
[2025-04-17T11:56:56.652+0000] {taskinstance.py:2866} INFO - Starting attempt 1 of 2
[2025-04-17T11:56:56.672+0000] {taskinstance.py:2889} INFO - Executing <Task(BashOperator): extract_yellow> on 2025-04-17 10:00:00+00:00
[2025-04-17T11:56:56.677+0000] {standard_task_runner.py:72} INFO - Started process 50 to run task
[2025-04-17T11:56:56.681+0000] {standard_task_runner.py:104} INFO - Running: ['airflow', 'tasks', 'run', 'full_pipeline', 'extract_yellow', 'scheduled__2025-04-17T10:00:00+00:00', '--job-id', '834', '--raw', '--subdir', 'DAGS_FOLDER/full_pipeline_dag.py', '--cfg-path', '/tmp/tmpmkqklvoh']
[2025-04-17T11:56:56.684+0000] {standard_task_runner.py:105} INFO - Job 834: Subtask extract_yellow
[2025-04-17T11:56:56.986+0000] {task_command.py:467} INFO - Running <TaskInstance: full_pipeline.extract_yellow scheduled__2025-04-17T10:00:00+00:00 [running]> on host 5ef98ab4f086
[2025-04-17T11:56:57.249+0000] {taskinstance.py:3132} INFO - Exporting env vars: AIRFLOW_CTX_DAG_OWNER='data_team' AIRFLOW_CTX_DAG_ID='full_pipeline' AIRFLOW_CTX_TASK_ID='extract_yellow' AIRFLOW_CTX_EXECUTION_DATE='2025-04-17T10:00:00+00:00' AIRFLOW_CTX_TRY_NUMBER='1' AIRFLOW_CTX_DAG_RUN_ID='scheduled__2025-04-17T10:00:00+00:00'
[2025-04-17T11:56:57.251+0000] {taskinstance.py:731} INFO - ::endgroup::
[2025-04-17T11:56:57.282+0000] {subprocess.py:78} INFO - Tmp dir root location: /tmp
[2025-04-17T11:56:57.284+0000] {subprocess.py:88} INFO - Running command: ['/usr/bin/bash', '-c', 'python D:\\Course\\EPSI M1 IA\\Cours\\Data pipeline\\MinIO/extract/fetch_yellow_trip.py']
[2025-04-17T11:56:57.295+0000] {subprocess.py:99} INFO - Output:
[2025-04-17T11:56:57.324+0000] {subprocess.py:106} INFO - python: can't open file '/tmp/airflowtmp06m9zeko/D:CourseEPSI': [Errno 2] No such file or directory
[2025-04-17T11:56:57.328+0000] {subprocess.py:110} INFO - Command exited with return code 2
[2025-04-17T11:56:57.380+0000] {taskinstance.py:3311} ERROR - Task failed with exception
Traceback (most recent call last):
  File "/home/airflow/.local/lib/python3.12/site-packages/airflow/models/taskinstance.py", line 767, in _execute_task
    result = _execute_callable(context=context, **execute_callable_kwargs)
             ^^^^^^^^^^^^^^^^^^^^^^^^^^^^^^^^^^^^^^^^^^^^^^^^^^^^^^^^^^^^^
  File "/home/airflow/.local/lib/python3.12/site-packages/airflow/models/taskinstance.py", line 733, in _execute_callable
    return ExecutionCallableRunner(
           ^^^^^^^^^^^^^^^^^^^^^^^^
  File "/home/airflow/.local/lib/python3.12/site-packages/airflow/utils/operator_helpers.py", line 252, in run
    return self.func(*args, **kwargs)
           ^^^^^^^^^^^^^^^^^^^^^^^^^^
  File "/home/airflow/.local/lib/python3.12/site-packages/airflow/models/baseoperator.py", line 422, in wrapper
    return func(self, *args, **kwargs)
           ^^^^^^^^^^^^^^^^^^^^^^^^^^^
  File "/home/airflow/.local/lib/python3.12/site-packages/airflow/operators/bash.py", line 276, in execute
    raise AirflowException(
airflow.exceptions.AirflowException: Bash command failed. The command returned a non-zero exit code 2.
[2025-04-17T11:56:57.391+0000] {taskinstance.py:1225} INFO - Marking task as UP_FOR_RETRY. dag_id=full_pipeline, task_id=extract_yellow, run_id=scheduled__2025-04-17T10:00:00+00:00, execution_date=20250417T100000, start_date=20250417T115656, end_date=20250417T115657
[2025-04-17T11:56:57.423+0000] {taskinstance.py:340} INFO - ::group::Post task execution logs
[2025-04-17T11:56:57.424+0000] {standard_task_runner.py:124} ERROR - Failed to execute job 834 for task extract_yellow (Bash command failed. The command returned a non-zero exit code 2.; 50)
Traceback (most recent call last):
  File "/home/airflow/.local/lib/python3.12/site-packages/airflow/task/task_runner/standard_task_runner.py", line 117, in _start_by_fork
    ret = args.func(args, dag=self.dag)
          ^^^^^^^^^^^^^^^^^^^^^^^^^^^^^
  File "/home/airflow/.local/lib/python3.12/site-packages/airflow/cli/cli_config.py", line 49, in command
    return func(*args, **kwargs)
           ^^^^^^^^^^^^^^^^^^^^^
  File "/home/airflow/.local/lib/python3.12/site-packages/airflow/utils/cli.py", line 116, in wrapper
    return f(*args, **kwargs)
           ^^^^^^^^^^^^^^^^^^
  File "/home/airflow/.local/lib/python3.12/site-packages/airflow/cli/commands/task_command.py", line 483, in task_run
    task_return_code = _run_task_by_selected_method(args, _dag, ti)
                       ^^^^^^^^^^^^^^^^^^^^^^^^^^^^^^^^^^^^^^^^^^^^
  File "/home/airflow/.local/lib/python3.12/site-packages/airflow/cli/commands/task_command.py", line 256, in _run_task_by_selected_method
    return _run_raw_task(args, ti)
           ^^^^^^^^^^^^^^^^^^^^^^^
  File "/home/airflow/.local/lib/python3.12/site-packages/airflow/cli/commands/task_command.py", line 341, in _run_raw_task
    return ti._run_raw_task(
           ^^^^^^^^^^^^^^^^^
  File "/home/airflow/.local/lib/python3.12/site-packages/airflow/utils/session.py", line 97, in wrapper
    return func(*args, session=session, **kwargs)
           ^^^^^^^^^^^^^^^^^^^^^^^^^^^^^^^^^^^^^^
  File "/home/airflow/.local/lib/python3.12/site-packages/airflow/models/taskinstance.py", line 3005, in _run_raw_task
    return _run_raw_task(
           ^^^^^^^^^^^^^^
  File "/home/airflow/.local/lib/python3.12/site-packages/airflow/models/taskinstance.py", line 273, in _run_raw_task
    TaskInstance._execute_task_with_callbacks(
  File "/home/airflow/.local/lib/python3.12/site-packages/airflow/models/taskinstance.py", line 3159, in _execute_task_with_callbacks
    result = self._execute_task(context, task_orig)
             ^^^^^^^^^^^^^^^^^^^^^^^^^^^^^^^^^^^^^^
  File "/home/airflow/.local/lib/python3.12/site-packages/airflow/models/taskinstance.py", line 3183, in _execute_task
    return _execute_task(self, context, task_orig)
           ^^^^^^^^^^^^^^^^^^^^^^^^^^^^^^^^^^^^^^^
  File "/home/airflow/.local/lib/python3.12/site-packages/airflow/models/taskinstance.py", line 767, in _execute_task
    result = _execute_callable(context=context, **execute_callable_kwargs)
             ^^^^^^^^^^^^^^^^^^^^^^^^^^^^^^^^^^^^^^^^^^^^^^^^^^^^^^^^^^^^^
  File "/home/airflow/.local/lib/python3.12/site-packages/airflow/models/taskinstance.py", line 733, in _execute_callable
    return ExecutionCallableRunner(
           ^^^^^^^^^^^^^^^^^^^^^^^^
  File "/home/airflow/.local/lib/python3.12/site-packages/airflow/utils/operator_helpers.py", line 252, in run
    return self.func(*args, **kwargs)
           ^^^^^^^^^^^^^^^^^^^^^^^^^^
  File "/home/airflow/.local/lib/python3.12/site-packages/airflow/models/baseoperator.py", line 422, in wrapper
    return func(self, *args, **kwargs)
           ^^^^^^^^^^^^^^^^^^^^^^^^^^^
  File "/home/airflow/.local/lib/python3.12/site-packages/airflow/operators/bash.py", line 276, in execute
    raise AirflowException(
airflow.exceptions.AirflowException: Bash command failed. The command returned a non-zero exit code 2.
[2025-04-17T11:56:57.458+0000] {local_task_job_runner.py:266} INFO - Task exited with return code 1
[2025-04-17T11:56:57.525+0000] {taskinstance.py:3895} INFO - 0 downstream tasks scheduled from follow-on schedule check
[2025-04-17T11:56:57.529+0000] {local_task_job_runner.py:245} INFO - ::endgroup::
[2025-04-17T11:57:30.639+0000] {local_task_job_runner.py:123} INFO - ::group::Pre task execution logs
[2025-04-17T11:57:30.696+0000] {taskinstance.py:2613} INFO - Dependencies all met for dep_context=non-requeueable deps ti=<TaskInstance: full_pipeline.extract_yellow scheduled__2025-04-17T10:00:00+00:00 [queued]>
[2025-04-17T11:57:30.712+0000] {taskinstance.py:2613} INFO - Dependencies all met for dep_context=requeueable deps ti=<TaskInstance: full_pipeline.extract_yellow scheduled__2025-04-17T10:00:00+00:00 [queued]>
[2025-04-17T11:57:30.712+0000] {taskinstance.py:2866} INFO - Starting attempt 1 of 2
[2025-04-17T11:57:30.730+0000] {taskinstance.py:2889} INFO - Executing <Task(BashOperator): extract_yellow> on 2025-04-17 10:00:00+00:00
[2025-04-17T11:57:30.736+0000] {standard_task_runner.py:72} INFO - Started process 100 to run task
[2025-04-17T11:57:30.738+0000] {standard_task_runner.py:104} INFO - Running: ['airflow', 'tasks', 'run', 'full_pipeline', 'extract_yellow', 'scheduled__2025-04-17T10:00:00+00:00', '--job-id', '836', '--raw', '--subdir', 'DAGS_FOLDER/full_pipeline_dag.py', '--cfg-path', '/tmp/tmp3ngb17pw']
[2025-04-17T11:57:30.742+0000] {standard_task_runner.py:105} INFO - Job 836: Subtask extract_yellow
[2025-04-17T11:57:30.919+0000] {task_command.py:467} INFO - Running <TaskInstance: full_pipeline.extract_yellow scheduled__2025-04-17T10:00:00+00:00 [running]> on host 5ef98ab4f086
[2025-04-17T11:57:31.154+0000] {taskinstance.py:3132} INFO - Exporting env vars: AIRFLOW_CTX_DAG_OWNER='data_team' AIRFLOW_CTX_DAG_ID='full_pipeline' AIRFLOW_CTX_TASK_ID='extract_yellow' AIRFLOW_CTX_EXECUTION_DATE='2025-04-17T10:00:00+00:00' AIRFLOW_CTX_TRY_NUMBER='1' AIRFLOW_CTX_DAG_RUN_ID='scheduled__2025-04-17T10:00:00+00:00'
[2025-04-17T11:57:31.156+0000] {taskinstance.py:731} INFO - ::endgroup::
[2025-04-17T11:57:31.171+0000] {subprocess.py:78} INFO - Tmp dir root location: /tmp
[2025-04-17T11:57:31.174+0000] {subprocess.py:88} INFO - Running command: ['/usr/bin/bash', '-c', 'python D:\\Course\\EPSI M1 IA\\Cours\\Data pipeline\\MinIO/extract/fetch_yellow_trip.py']
[2025-04-17T11:57:31.184+0000] {subprocess.py:99} INFO - Output:
[2025-04-17T11:57:31.207+0000] {subprocess.py:106} INFO - python: can't open file '/tmp/airflowtmpsish8ss7/D:CourseEPSI': [Errno 2] No such file or directory
[2025-04-17T11:57:31.209+0000] {subprocess.py:110} INFO - Command exited with return code 2
[2025-04-17T11:57:31.366+0000] {taskinstance.py:3311} ERROR - Task failed with exception
Traceback (most recent call last):
  File "/home/airflow/.local/lib/python3.12/site-packages/airflow/models/taskinstance.py", line 767, in _execute_task
    result = _execute_callable(context=context, **execute_callable_kwargs)
             ^^^^^^^^^^^^^^^^^^^^^^^^^^^^^^^^^^^^^^^^^^^^^^^^^^^^^^^^^^^^^
  File "/home/airflow/.local/lib/python3.12/site-packages/airflow/models/taskinstance.py", line 733, in _execute_callable
    return ExecutionCallableRunner(
           ^^^^^^^^^^^^^^^^^^^^^^^^
  File "/home/airflow/.local/lib/python3.12/site-packages/airflow/utils/operator_helpers.py", line 252, in run
    return self.func(*args, **kwargs)
           ^^^^^^^^^^^^^^^^^^^^^^^^^^
  File "/home/airflow/.local/lib/python3.12/site-packages/airflow/models/baseoperator.py", line 422, in wrapper
    return func(self, *args, **kwargs)
           ^^^^^^^^^^^^^^^^^^^^^^^^^^^
  File "/home/airflow/.local/lib/python3.12/site-packages/airflow/operators/bash.py", line 276, in execute
    raise AirflowException(
airflow.exceptions.AirflowException: Bash command failed. The command returned a non-zero exit code 2.
[2025-04-17T11:57:31.378+0000] {taskinstance.py:1225} INFO - Marking task as UP_FOR_RETRY. dag_id=full_pipeline, task_id=extract_yellow, run_id=scheduled__2025-04-17T10:00:00+00:00, execution_date=20250417T100000, start_date=20250417T115730, end_date=20250417T115731
[2025-04-17T11:57:31.404+0000] {taskinstance.py:340} INFO - ::group::Post task execution logs
[2025-04-17T11:57:31.405+0000] {standard_task_runner.py:124} ERROR - Failed to execute job 836 for task extract_yellow (Bash command failed. The command returned a non-zero exit code 2.; 100)
Traceback (most recent call last):
  File "/home/airflow/.local/lib/python3.12/site-packages/airflow/task/task_runner/standard_task_runner.py", line 117, in _start_by_fork
    ret = args.func(args, dag=self.dag)
          ^^^^^^^^^^^^^^^^^^^^^^^^^^^^^
  File "/home/airflow/.local/lib/python3.12/site-packages/airflow/cli/cli_config.py", line 49, in command
    return func(*args, **kwargs)
           ^^^^^^^^^^^^^^^^^^^^^
  File "/home/airflow/.local/lib/python3.12/site-packages/airflow/utils/cli.py", line 116, in wrapper
    return f(*args, **kwargs)
           ^^^^^^^^^^^^^^^^^^
  File "/home/airflow/.local/lib/python3.12/site-packages/airflow/cli/commands/task_command.py", line 483, in task_run
    task_return_code = _run_task_by_selected_method(args, _dag, ti)
                       ^^^^^^^^^^^^^^^^^^^^^^^^^^^^^^^^^^^^^^^^^^^^
  File "/home/airflow/.local/lib/python3.12/site-packages/airflow/cli/commands/task_command.py", line 256, in _run_task_by_selected_method
    return _run_raw_task(args, ti)
           ^^^^^^^^^^^^^^^^^^^^^^^
  File "/home/airflow/.local/lib/python3.12/site-packages/airflow/cli/commands/task_command.py", line 341, in _run_raw_task
    return ti._run_raw_task(
           ^^^^^^^^^^^^^^^^^
  File "/home/airflow/.local/lib/python3.12/site-packages/airflow/utils/session.py", line 97, in wrapper
    return func(*args, session=session, **kwargs)
           ^^^^^^^^^^^^^^^^^^^^^^^^^^^^^^^^^^^^^^
  File "/home/airflow/.local/lib/python3.12/site-packages/airflow/models/taskinstance.py", line 3005, in _run_raw_task
    return _run_raw_task(
           ^^^^^^^^^^^^^^
  File "/home/airflow/.local/lib/python3.12/site-packages/airflow/models/taskinstance.py", line 273, in _run_raw_task
    TaskInstance._execute_task_with_callbacks(
  File "/home/airflow/.local/lib/python3.12/site-packages/airflow/models/taskinstance.py", line 3159, in _execute_task_with_callbacks
    result = self._execute_task(context, task_orig)
             ^^^^^^^^^^^^^^^^^^^^^^^^^^^^^^^^^^^^^^
  File "/home/airflow/.local/lib/python3.12/site-packages/airflow/models/taskinstance.py", line 3183, in _execute_task
    return _execute_task(self, context, task_orig)
           ^^^^^^^^^^^^^^^^^^^^^^^^^^^^^^^^^^^^^^^
  File "/home/airflow/.local/lib/python3.12/site-packages/airflow/models/taskinstance.py", line 767, in _execute_task
    result = _execute_callable(context=context, **execute_callable_kwargs)
             ^^^^^^^^^^^^^^^^^^^^^^^^^^^^^^^^^^^^^^^^^^^^^^^^^^^^^^^^^^^^^
  File "/home/airflow/.local/lib/python3.12/site-packages/airflow/models/taskinstance.py", line 733, in _execute_callable
    return ExecutionCallableRunner(
           ^^^^^^^^^^^^^^^^^^^^^^^^
  File "/home/airflow/.local/lib/python3.12/site-packages/airflow/utils/operator_helpers.py", line 252, in run
    return self.func(*args, **kwargs)
           ^^^^^^^^^^^^^^^^^^^^^^^^^^
  File "/home/airflow/.local/lib/python3.12/site-packages/airflow/models/baseoperator.py", line 422, in wrapper
    return func(self, *args, **kwargs)
           ^^^^^^^^^^^^^^^^^^^^^^^^^^^
  File "/home/airflow/.local/lib/python3.12/site-packages/airflow/operators/bash.py", line 276, in execute
    raise AirflowException(
airflow.exceptions.AirflowException: Bash command failed. The command returned a non-zero exit code 2.
[2025-04-17T11:57:31.435+0000] {local_task_job_runner.py:266} INFO - Task exited with return code 1
[2025-04-17T11:57:31.503+0000] {taskinstance.py:3895} INFO - 0 downstream tasks scheduled from follow-on schedule check
[2025-04-17T11:57:31.506+0000] {local_task_job_runner.py:245} INFO - ::endgroup::
