[2025-04-17T14:00:04.983+0000] {local_task_job_runner.py:123} INFO - ::group::Pre task execution logs
[2025-04-17T14:00:05.030+0000] {taskinstance.py:2613} INFO - Dependencies all met for dep_context=non-requeueable deps ti=<TaskInstance: air_quality_pipeline.create_data_mart scheduled__2025-04-17T12:00:00+00:00 [queued]>
[2025-04-17T14:00:05.040+0000] {taskinstance.py:2613} INFO - Dependencies all met for dep_context=requeueable deps ti=<TaskInstance: air_quality_pipeline.create_data_mart scheduled__2025-04-17T12:00:00+00:00 [queued]>
[2025-04-17T14:00:05.041+0000] {taskinstance.py:2866} INFO - Starting attempt 1 of 2
[2025-04-17T14:00:05.057+0000] {taskinstance.py:2889} INFO - Executing <Task(PythonOperator): create_data_mart> on 2025-04-17 12:00:00+00:00
[2025-04-17T14:00:05.073+0000] {standard_task_runner.py:104} INFO - Running: ['airflow', 'tasks', 'run', 'air_quality_pipeline', 'create_data_mart', 'scheduled__2025-04-17T12:00:00+00:00', '--job-id', '871', '--raw', '--subdir', 'DAGS_FOLDER/data_pipeline.py', '--cfg-path', '/tmp/tmpovb87h5a']
[2025-04-17T14:00:05.076+0000] {standard_task_runner.py:105} INFO - Job 871: Subtask create_data_mart
[2025-04-17T14:00:05.077+0000] {logging_mixin.py:190} WARNING - /home/airflow/.local/lib/python3.12/site-packages/airflow/task/task_runner/standard_task_runner.py:70 DeprecationWarning: This process (pid=4607) is multi-threaded, use of fork() may lead to deadlocks in the child.
[2025-04-17T14:00:05.078+0000] {standard_task_runner.py:72} INFO - Started process 4622 to run task
[2025-04-17T14:00:05.229+0000] {task_command.py:467} INFO - Running <TaskInstance: air_quality_pipeline.create_data_mart scheduled__2025-04-17T12:00:00+00:00 [running]> on host 772d115850d3
[2025-04-17T14:00:05.429+0000] {taskinstance.py:3132} INFO - Exporting env vars: AIRFLOW_CTX_DAG_EMAIL='fbleza5@gmail.com' AIRFLOW_CTX_DAG_OWNER='airflow' AIRFLOW_CTX_DAG_ID='air_quality_pipeline' AIRFLOW_CTX_TASK_ID='create_data_mart' AIRFLOW_CTX_EXECUTION_DATE='2025-04-17T12:00:00+00:00' AIRFLOW_CTX_TRY_NUMBER='1' AIRFLOW_CTX_DAG_RUN_ID='scheduled__2025-04-17T12:00:00+00:00'
[2025-04-17T14:00:05.430+0000] {taskinstance.py:731} INFO - ::endgroup::
[2025-04-17T14:00:05.514+0000] {base.py:84} INFO - Retrieving connection 'postgres_data'
[2025-04-17T14:00:05.558+0000] {data_pipeline.py:179} INFO - Tables de Data Mart créées pour chaque ville
[2025-04-17T14:00:05.559+0000] {python.py:240} INFO - Done. Returned value was: None
[2025-04-17T14:00:05.606+0000] {taskinstance.py:340} INFO - ::group::Post task execution logs
[2025-04-17T14:00:05.607+0000] {taskinstance.py:352} INFO - Marking task as SUCCESS. dag_id=air_quality_pipeline, task_id=create_data_mart, run_id=scheduled__2025-04-17T12:00:00+00:00, execution_date=20250417T120000, start_date=20250417T140005, end_date=20250417T140005
[2025-04-17T14:00:05.655+0000] {local_task_job_runner.py:266} INFO - Task exited with return code 0
[2025-04-17T14:00:05.715+0000] {taskinstance.py:3895} INFO - 1 downstream tasks scheduled from follow-on schedule check
[2025-04-17T14:00:05.718+0000] {local_task_job_runner.py:245} INFO - ::endgroup::
