[2025-03-05T11:42:58.192+0000] {local_task_job_runner.py:123} INFO - ::group::Pre task execution logs
[2025-03-05T11:42:58.248+0000] {taskinstance.py:2613} INFO - Dependencies all met for dep_context=non-requeueable deps ti=<TaskInstance: data_pipeline.process_data manual__2025-03-05T11:42:48.312430+00:00 [queued]>
[2025-03-05T11:42:58.261+0000] {taskinstance.py:2613} INFO - Dependencies all met for dep_context=requeueable deps ti=<TaskInstance: data_pipeline.process_data manual__2025-03-05T11:42:48.312430+00:00 [queued]>
[2025-03-05T11:42:58.262+0000] {taskinstance.py:2866} INFO - Starting attempt 1 of 2
[2025-03-05T11:42:58.280+0000] {taskinstance.py:2889} INFO - Executing <Task(PythonOperator): process_data> on 2025-03-05 11:42:48.312430+00:00
[2025-03-05T11:42:58.290+0000] {standard_task_runner.py:104} INFO - Running: ['airflow', 'tasks', 'run', 'data_pipeline', 'process_data', 'manual__2025-03-05T11:42:48.312430+00:00', '--job-id', '145', '--raw', '--subdir', 'DAGS_FOLDER/data_pipeline.py', '--cfg-path', '/tmp/tmpxz_5cz_e']
[2025-03-05T11:42:58.294+0000] {standard_task_runner.py:105} INFO - Job 145: Subtask process_data
[2025-03-05T11:42:58.294+0000] {logging_mixin.py:190} WARNING - /home/airflow/.local/lib/python3.12/site-packages/airflow/task/task_runner/standard_task_runner.py:70 DeprecationWarning: This process (pid=52) is multi-threaded, use of fork() may lead to deadlocks in the child.
[2025-03-05T11:42:58.294+0000] {standard_task_runner.py:72} INFO - Started process 66 to run task
[2025-03-05T11:42:58.487+0000] {task_command.py:467} INFO - Running <TaskInstance: data_pipeline.process_data manual__2025-03-05T11:42:48.312430+00:00 [running]> on host 6d0e87c01008
[2025-03-05T11:42:58.722+0000] {taskinstance.py:3132} INFO - Exporting env vars: AIRFLOW_CTX_DAG_OWNER='airflow' AIRFLOW_CTX_DAG_ID='data_pipeline' AIRFLOW_CTX_TASK_ID='process_data' AIRFLOW_CTX_EXECUTION_DATE='2025-03-05T11:42:48.312430+00:00' AIRFLOW_CTX_TRY_NUMBER='1' AIRFLOW_CTX_DAG_RUN_ID='manual__2025-03-05T11:42:48.312430+00:00'
[2025-03-05T11:42:58.724+0000] {taskinstance.py:731} INFO - ::endgroup::
[2025-03-05T11:42:58.743+0000] {data_pipeline.py:64} INFO - Données JSON chargées avec succès
[2025-03-05T11:42:58.747+0000] {data_pipeline.py:76} INFO - Données de qualité de l'air structurées
[2025-03-05T11:42:58.748+0000] {data_pipeline.py:77} INFO -                   city  aqi  pm25  pm10            timestamp
0  Lyon Centre, France   86    86    49  2025-03-05 11:00:00
[2025-03-05T11:42:58.761+0000] {data_pipeline.py:91} INFO - Données météorologiques structurées
[2025-03-05T11:42:58.761+0000] {data_pipeline.py:92} INFO -                       city  temperature  ...  pressure            timestamp
0   Arrondissement de Lyon        12.29  ...      1024  2025-03-05 12:00:00
1   Arrondissement de Lyon        13.27  ...      1024  2025-03-05 15:00:00
2   Arrondissement de Lyon        10.45  ...      1024  2025-03-05 18:00:00
3   Arrondissement de Lyon         7.75  ...      1025  2025-03-05 21:00:00
4   Arrondissement de Lyon         6.37  ...      1025  2025-03-06 00:00:00
5   Arrondissement de Lyon         5.46  ...      1024  2025-03-06 03:00:00
6   Arrondissement de Lyon         4.25  ...      1024  2025-03-06 06:00:00
7   Arrondissement de Lyon        11.26  ...      1023  2025-03-06 09:00:00
8   Arrondissement de Lyon        15.63  ...      1021  2025-03-06 12:00:00
9   Arrondissement de Lyon        15.20  ...      1020  2025-03-06 15:00:00
10  Arrondissement de Lyon         9.18  ...      1021  2025-03-06 18:00:00
11  Arrondissement de Lyon         7.39  ...      1022  2025-03-06 21:00:00
12  Arrondissement de Lyon         6.25  ...      1021  2025-03-07 00:00:00
13  Arrondissement de Lyon         5.14  ...      1021  2025-03-07 03:00:00
14  Arrondissement de Lyon         4.36  ...      1021  2025-03-07 06:00:00
15  Arrondissement de Lyon        11.03  ...      1019  2025-03-07 09:00:00
16  Arrondissement de Lyon        14.53  ...      1017  2025-03-07 12:00:00
17  Arrondissement de Lyon        14.93  ...      1015  2025-03-07 15:00:00
18  Arrondissement de Lyon         8.83  ...      1015  2025-03-07 18:00:00
19  Arrondissement de Lyon         7.25  ...      1016  2025-03-07 21:00:00
20  Arrondissement de Lyon         6.05  ...      1016  2025-03-08 00:00:00
21  Arrondissement de Lyon         5.19  ...      1014  2025-03-08 03:00:00
22  Arrondissement de Lyon         4.42  ...      1014  2025-03-08 06:00:00
23  Arrondissement de Lyon        11.40  ...      1012  2025-03-08 09:00:00
24  Arrondissement de Lyon        15.00  ...      1010  2025-03-08 12:00:00
25  Arrondissement de Lyon        15.32  ...      1008  2025-03-08 15:00:00
26  Arrondissement de Lyon        11.43  ...      1007  2025-03-08 18:00:00
27  Arrondissement de Lyon        11.30  ...      1007  2025-03-08 21:00:00
28  Arrondissement de Lyon        10.68  ...      1007  2025-03-09 00:00:00
29  Arrondissement de Lyon         9.63  ...      1005  2025-03-09 03:00:00
30  Arrondissement de Lyon         8.78  ...      1005  2025-03-09 06:00:00
31  Arrondissement de Lyon        11.81  ...      1004  2025-03-09 09:00:00
32  Arrondissement de Lyon        11.41  ...      1003  2025-03-09 12:00:00
33  Arrondissement de Lyon         9.75  ...      1003  2025-03-09 15:00:00
34  Arrondissement de Lyon         8.95  ...      1003  2025-03-09 18:00:00
35  Arrondissement de Lyon         8.80  ...      1004  2025-03-09 21:00:00
36  Arrondissement de Lyon         7.21  ...      1006  2025-03-10 00:00:00
37  Arrondissement de Lyon         5.14  ...      1005  2025-03-10 03:00:00
38  Arrondissement de Lyon         4.51  ...      1005  2025-03-10 06:00:00
39  Arrondissement de Lyon        10.26  ...      1006  2025-03-10 09:00:00

[40 rows x 5 columns]
[2025-03-05T11:42:58.791+0000] {data_pipeline.py:105} INFO - Données fusionnées
[2025-03-05T11:42:58.792+0000] {data_pipeline.py:106} INFO -                       city  temperature  humidity  ...  aqi pm25  pm10
0   Arrondissement de Lyon        12.29        53  ...  NaN  NaN   NaN
1   Arrondissement de Lyon        13.27        51  ...  NaN  NaN   NaN
2   Arrondissement de Lyon        10.45        68  ...  NaN  NaN   NaN
3   Arrondissement de Lyon         7.75        75  ...  NaN  NaN   NaN
4   Arrondissement de Lyon         6.37        72  ...  NaN  NaN   NaN
5   Arrondissement de Lyon         5.46        73  ...  NaN  NaN   NaN
6   Arrondissement de Lyon         4.25        79  ...  NaN  NaN   NaN
7   Arrondissement de Lyon        11.26        51  ...  NaN  NaN   NaN
8   Arrondissement de Lyon        15.63        37  ...  NaN  NaN   NaN
9   Arrondissement de Lyon        15.20        42  ...  NaN  NaN   NaN
10  Arrondissement de Lyon         9.18        70  ...  NaN  NaN   NaN
11  Arrondissement de Lyon         7.39        75  ...  NaN  NaN   NaN
12  Arrondissement de Lyon         6.25        68  ...  NaN  NaN   NaN
13  Arrondissement de Lyon         5.14        81  ...  NaN  NaN   NaN
14  Arrondissement de Lyon         4.36        88  ...  NaN  NaN   NaN
15  Arrondissement de Lyon        11.03        57  ...  NaN  NaN   NaN
16  Arrondissement de Lyon        14.53        43  ...  NaN  NaN   NaN
17  Arrondissement de Lyon        14.93        49  ...  NaN  NaN   NaN
18  Arrondissement de Lyon         8.83        73  ...  NaN  NaN   NaN
19  Arrondissement de Lyon         7.25        78  ...  NaN  NaN   NaN
20  Arrondissement de Lyon         6.05        83  ...  NaN  NaN   NaN
21  Arrondissement de Lyon         5.19        89  ...  NaN  NaN   NaN
22  Arrondissement de Lyon         4.42        93  ...  NaN  NaN   NaN
23  Arrondissement de Lyon        11.40        58  ...  NaN  NaN   NaN
24  Arrondissement de Lyon        15.00        48  ...  NaN  NaN   NaN
25  Arrondissement de Lyon        15.32        51  ...  NaN  NaN   NaN
26  Arrondissement de Lyon        11.43        63  ...  NaN  NaN   NaN
27  Arrondissement de Lyon        11.30        54  ...  NaN  NaN   NaN
28  Arrondissement de Lyon        10.68        56  ...  NaN  NaN   NaN
29  Arrondissement de Lyon         9.63        64  ...  NaN  NaN   NaN
30  Arrondissement de Lyon         8.78        68  ...  NaN  NaN   NaN
31  Arrondissement de Lyon        11.81        62  ...  NaN  NaN   NaN
32  Arrondissement de Lyon        11.41        66  ...  NaN  NaN   NaN
33  Arrondissement de Lyon         9.75        90  ...  NaN  NaN   NaN
34  Arrondissement de Lyon         8.95        97  ...  NaN  NaN   NaN
35  Arrondissement de Lyon         8.80        98  ...  NaN  NaN   NaN
36  Arrondissement de Lyon         7.21        99  ...  NaN  NaN   NaN
37  Arrondissement de Lyon         5.14        97  ...  NaN  NaN   NaN
38  Arrondissement de Lyon         4.51        96  ...  NaN  NaN   NaN
39  Arrondissement de Lyon        10.26        75  ...  NaN  NaN   NaN

[40 rows x 8 columns]
[2025-03-05T11:42:58.817+0000] {data_pipeline.py:110} INFO - Données sauvegardées dans /opt/airflow/data/data_lyon.csv
[2025-03-05T11:42:58.818+0000] {python.py:240} INFO - Done. Returned value was: None
[2025-03-05T11:42:58.870+0000] {taskinstance.py:340} INFO - ::group::Post task execution logs
[2025-03-05T11:42:58.871+0000] {taskinstance.py:352} INFO - Marking task as SUCCESS. dag_id=data_pipeline, task_id=process_data, run_id=manual__2025-03-05T11:42:48.312430+00:00, execution_date=20250305T114248, start_date=20250305T114258, end_date=20250305T114258
[2025-03-05T11:42:58.914+0000] {local_task_job_runner.py:266} INFO - Task exited with return code 0
[2025-03-05T11:42:58.984+0000] {taskinstance.py:3895} INFO - 1 downstream tasks scheduled from follow-on schedule check
[2025-03-05T11:42:58.987+0000] {local_task_job_runner.py:245} INFO - ::endgroup::
