[2025-04-01T00:00:09.209+0000] {local_task_job_runner.py:123} INFO - ::group::Pre task execution logs
[2025-04-01T00:00:09.259+0000] {taskinstance.py:2613} INFO - Dependencies all met for dep_context=non-requeueable deps ti=<TaskInstance: air_quality_pipeline.transform_data scheduled__2025-03-31T22:00:00+00:00 [queued]>
[2025-04-01T00:00:09.274+0000] {taskinstance.py:2613} INFO - Dependencies all met for dep_context=requeueable deps ti=<TaskInstance: air_quality_pipeline.transform_data scheduled__2025-03-31T22:00:00+00:00 [queued]>
[2025-04-01T00:00:09.274+0000] {taskinstance.py:2866} INFO - Starting attempt 1 of 2
[2025-04-01T00:00:09.291+0000] {taskinstance.py:2889} INFO - Executing <Task(PythonOperator): transform_data> on 2025-03-31 22:00:00+00:00
[2025-04-01T00:00:09.298+0000] {standard_task_runner.py:104} INFO - Running: ['airflow', 'tasks', 'run', 'air_quality_pipeline', 'transform_data', 'scheduled__2025-03-31T22:00:00+00:00', '--job-id', '714', '--raw', '--subdir', 'DAGS_FOLDER/data_pipeline.py', '--cfg-path', '/tmp/tmp4brwlzn3']
[2025-04-01T00:00:09.301+0000] {standard_task_runner.py:105} INFO - Job 714: Subtask transform_data
[2025-04-01T00:00:09.302+0000] {logging_mixin.py:190} WARNING - /home/airflow/.local/lib/python3.12/site-packages/airflow/task/task_runner/standard_task_runner.py:70 DeprecationWarning: This process (pid=10837) is multi-threaded, use of fork() may lead to deadlocks in the child.
[2025-04-01T00:00:09.303+0000] {standard_task_runner.py:72} INFO - Started process 10851 to run task
[2025-04-01T00:00:09.459+0000] {task_command.py:467} INFO - Running <TaskInstance: air_quality_pipeline.transform_data scheduled__2025-03-31T22:00:00+00:00 [running]> on host 04906466de51
[2025-04-01T00:00:09.681+0000] {taskinstance.py:3132} INFO - Exporting env vars: AIRFLOW_CTX_DAG_EMAIL='fbleza5@gmail.com' AIRFLOW_CTX_DAG_OWNER='airflow' AIRFLOW_CTX_DAG_ID='air_quality_pipeline' AIRFLOW_CTX_TASK_ID='transform_data' AIRFLOW_CTX_EXECUTION_DATE='2025-03-31T22:00:00+00:00' AIRFLOW_CTX_TRY_NUMBER='1' AIRFLOW_CTX_DAG_RUN_ID='scheduled__2025-03-31T22:00:00+00:00'
[2025-04-01T00:00:09.682+0000] {taskinstance.py:731} INFO - ::endgroup::
[2025-04-01T00:00:11.187+0000] {base.py:84} INFO - Retrieving connection 'postgres_data'
[2025-04-01T00:00:11.231+0000] {data_pipeline.py:55} INFO - Données brutes insérées pour Paris dans Data Lake
[2025-04-01T00:00:12.468+0000] {base.py:84} INFO - Retrieving connection 'postgres_data'
[2025-04-01T00:00:12.514+0000] {data_pipeline.py:55} INFO - Données brutes insérées pour Lyon dans Data Lake
[2025-04-01T00:00:13.746+0000] {base.py:84} INFO - Retrieving connection 'postgres_data'
[2025-04-01T00:00:13.789+0000] {data_pipeline.py:55} INFO - Données brutes insérées pour Lille dans Data Lake
[2025-04-01T00:00:15.028+0000] {base.py:84} INFO - Retrieving connection 'postgres_data'
[2025-04-01T00:00:15.081+0000] {data_pipeline.py:55} INFO - Données brutes insérées pour Marseille dans Data Lake
[2025-04-01T00:00:16.934+0000] {base.py:84} INFO - Retrieving connection 'postgres_data'
[2025-04-01T00:00:16.979+0000] {data_pipeline.py:55} INFO - Données brutes insérées pour Montpellier dans Data Lake
[2025-04-01T00:00:17.035+0000] {base.py:84} INFO - Retrieving connection 'postgres_data'
[2025-04-01T00:00:17.393+0000] {data_pipeline.py:141} INFO - Données insérées dans le Data Warehouse
[2025-04-01T00:00:17.394+0000] {data_pipeline.py:100} INFO - Données transformées et stockées dans le Data Warehouse
[2025-04-01T00:00:17.395+0000] {python.py:240} INFO - Done. Returned value was:             city           timestamp  temperature  ...  aqi  pm25  pm10
0          Paris 2025-04-01 03:00:00            8  ...   58    58    26
1          Paris 2025-04-01 06:00:00            5  ...   58    58    26
2          Paris 2025-04-01 09:00:00           10  ...   58    58    26
3          Paris 2025-04-01 12:00:00           13  ...   58    58    26
4          Paris 2025-04-01 15:00:00           14  ...   58    58    26
..           ...                 ...          ...  ...  ...   ...   ...
195  Montpellier 2025-04-05 09:00:00           15  ...    9     9     4
196  Montpellier 2025-04-05 12:00:00           17  ...    9     9     4
197  Montpellier 2025-04-05 15:00:00           18  ...    9     9     4
198  Montpellier 2025-04-05 18:00:00           15  ...    9     9     4
199  Montpellier 2025-04-05 21:00:00           13  ...    9     9     4

[200 rows x 8 columns]
[2025-04-01T00:00:17.540+0000] {taskinstance.py:340} INFO - ::group::Post task execution logs
[2025-04-01T00:00:17.541+0000] {taskinstance.py:352} INFO - Marking task as SUCCESS. dag_id=air_quality_pipeline, task_id=transform_data, run_id=scheduled__2025-03-31T22:00:00+00:00, execution_date=20250331T220000, start_date=20250401T000009, end_date=20250401T000017
[2025-04-01T00:00:17.587+0000] {local_task_job_runner.py:266} INFO - Task exited with return code 0
[2025-04-01T00:00:17.647+0000] {taskinstance.py:3895} INFO - 1 downstream tasks scheduled from follow-on schedule check
[2025-04-01T00:00:17.649+0000] {local_task_job_runner.py:245} INFO - ::endgroup::
