[2025-04-01T11:55:03.724+0000] {local_task_job_runner.py:123} INFO - ::group::Pre task execution logs
[2025-04-01T11:55:04.647+0000] {taskinstance.py:2613} INFO - Dependencies all met for dep_context=non-requeueable deps ti=<TaskInstance: air_quality_pipeline.create_data_mart scheduled__2025-04-01T00:00:00+00:00 [queued]>
[2025-04-01T11:55:04.768+0000] {taskinstance.py:2613} INFO - Dependencies all met for dep_context=requeueable deps ti=<TaskInstance: air_quality_pipeline.create_data_mart scheduled__2025-04-01T00:00:00+00:00 [queued]>
[2025-04-01T11:55:04.810+0000] {taskinstance.py:2866} INFO - Starting attempt 1 of 2
[2025-04-01T11:55:04.997+0000] {taskinstance.py:2889} INFO - Executing <Task(PythonOperator): create_data_mart> on 2025-04-01 00:00:00+00:00
[2025-04-01T11:55:05.084+0000] {standard_task_runner.py:104} INFO - Running: ['airflow', 'tasks', 'run', 'air_quality_pipeline', 'create_data_mart', 'scheduled__2025-04-01T00:00:00+00:00', '--job-id', '717', '--raw', '--subdir', 'DAGS_FOLDER/data_pipeline.py', '--cfg-path', '/tmp/tmpfgi75jyq']
[2025-04-01T11:55:05.092+0000] {logging_mixin.py:190} WARNING - /home/airflow/.local/lib/python3.12/site-packages/airflow/task/task_runner/standard_task_runner.py:70 DeprecationWarning: This process (pid=14213) is multi-threaded, use of fork() may lead to deadlocks in the child.
[2025-04-01T11:55:05.113+0000] {standard_task_runner.py:105} INFO - Job 717: Subtask create_data_mart
[2025-04-01T11:55:05.132+0000] {standard_task_runner.py:72} INFO - Started process 14242 to run task
[2025-04-01T11:55:06.205+0000] {task_command.py:467} INFO - Running <TaskInstance: air_quality_pipeline.create_data_mart scheduled__2025-04-01T00:00:00+00:00 [running]> on host 04906466de51
[2025-04-01T11:55:07.255+0000] {taskinstance.py:3132} INFO - Exporting env vars: AIRFLOW_CTX_DAG_EMAIL='fbleza5@gmail.com' AIRFLOW_CTX_DAG_OWNER='airflow' AIRFLOW_CTX_DAG_ID='air_quality_pipeline' AIRFLOW_CTX_TASK_ID='create_data_mart' AIRFLOW_CTX_EXECUTION_DATE='2025-04-01T00:00:00+00:00' AIRFLOW_CTX_TRY_NUMBER='1' AIRFLOW_CTX_DAG_RUN_ID='scheduled__2025-04-01T00:00:00+00:00'
[2025-04-01T11:55:07.266+0000] {taskinstance.py:731} INFO - ::endgroup::
[2025-04-01T11:55:07.545+0000] {base.py:84} INFO - Retrieving connection 'postgres_data'
[2025-04-01T11:55:07.837+0000] {data_pipeline.py:168} INFO - Tables de Data Mart créées pour chaque ville
[2025-04-01T11:55:07.885+0000] {python.py:240} INFO - Done. Returned value was: None
[2025-04-01T11:55:08.400+0000] {taskinstance.py:340} INFO - ::group::Post task execution logs
[2025-04-01T11:55:08.433+0000] {taskinstance.py:352} INFO - Marking task as SUCCESS. dag_id=air_quality_pipeline, task_id=create_data_mart, run_id=scheduled__2025-04-01T00:00:00+00:00, execution_date=20250401T000000, start_date=20250401T115504, end_date=20250401T115508
[2025-04-01T11:55:08.767+0000] {local_task_job_runner.py:266} INFO - Task exited with return code 0
[2025-04-01T11:55:09.676+0000] {taskinstance.py:3895} INFO - 1 downstream tasks scheduled from follow-on schedule check
[2025-04-01T11:55:09.787+0000] {local_task_job_runner.py:245} INFO - ::endgroup::
[2025-04-01T11:55:10.195+0000] {standard_task_runner.py:217} INFO - Process not found (most likely exited), stop collecting metrics
