[2025-03-30T20:38:28.290+0000] {local_task_job_runner.py:123} INFO - ::group::Pre task execution logs
[2025-03-30T20:38:28.455+0000] {taskinstance.py:2613} INFO - Dependencies all met for dep_context=non-requeueable deps ti=<TaskInstance: air_quality_advanced.collect_data manual__2025-03-30T20:38:19.033933+00:00 [queued]>
[2025-03-30T20:38:28.469+0000] {taskinstance.py:2613} INFO - Dependencies all met for dep_context=requeueable deps ti=<TaskInstance: air_quality_advanced.collect_data manual__2025-03-30T20:38:19.033933+00:00 [queued]>
[2025-03-30T20:38:28.470+0000] {taskinstance.py:2866} INFO - Starting attempt 1 of 4
[2025-03-30T20:38:28.487+0000] {taskinstance.py:2889} INFO - Executing <Task(PythonOperator): collect_data> on 2025-03-30 20:38:19.033933+00:00
[2025-03-30T20:38:28.496+0000] {standard_task_runner.py:104} INFO - Running: ['airflow', 'tasks', 'run', 'air_quality_advanced', 'collect_data', 'manual__2025-03-30T20:38:19.033933+00:00', '--job-id', '620', '--raw', '--subdir', 'DAGS_FOLDER/data_enriched_predict.py', '--cfg-path', '/tmp/tmpyeeowiy_']
[2025-03-30T20:38:28.499+0000] {standard_task_runner.py:105} INFO - Job 620: Subtask collect_data
[2025-03-30T20:38:28.499+0000] {logging_mixin.py:190} WARNING - /home/airflow/.local/lib/python3.12/site-packages/airflow/task/task_runner/standard_task_runner.py:70 DeprecationWarning: This process (pid=609) is multi-threaded, use of fork() may lead to deadlocks in the child.
[2025-03-30T20:38:28.500+0000] {standard_task_runner.py:72} INFO - Started process 636 to run task
[2025-03-30T20:38:28.651+0000] {task_command.py:467} INFO - Running <TaskInstance: air_quality_advanced.collect_data manual__2025-03-30T20:38:19.033933+00:00 [running]> on host 04906466de51
[2025-03-30T20:38:28.829+0000] {taskinstance.py:3132} INFO - Exporting env vars: AIRFLOW_CTX_DAG_OWNER='airflow' AIRFLOW_CTX_DAG_ID='air_quality_advanced' AIRFLOW_CTX_TASK_ID='collect_data' AIRFLOW_CTX_EXECUTION_DATE='2025-03-30T20:38:19.033933+00:00' AIRFLOW_CTX_TRY_NUMBER='1' AIRFLOW_CTX_DAG_RUN_ID='manual__2025-03-30T20:38:19.033933+00:00'
[2025-03-30T20:38:28.831+0000] {taskinstance.py:731} INFO - ::endgroup::
[2025-03-30T20:38:30.011+0000] {data_enriched_predict.py:110} INFO - Données collectées pour Paris
[2025-03-30T20:38:31.665+0000] {base.py:84} INFO - Retrieving connection 'postgres_data'
[2025-03-30T20:38:31.835+0000] {data_enriched_predict.py:134} INFO - 1 mesures stockées
[2025-03-30T20:38:31.836+0000] {python.py:240} INFO - Done. Returned value was: None
[2025-03-30T20:38:31.882+0000] {taskinstance.py:340} INFO - ::group::Post task execution logs
[2025-03-30T20:38:31.883+0000] {taskinstance.py:352} INFO - Marking task as SUCCESS. dag_id=air_quality_advanced, task_id=collect_data, run_id=manual__2025-03-30T20:38:19.033933+00:00, execution_date=20250330T203819, start_date=20250330T203828, end_date=20250330T203831
[2025-03-30T20:38:31.936+0000] {local_task_job_runner.py:266} INFO - Task exited with return code 0
[2025-03-30T20:38:31.994+0000] {taskinstance.py:3895} INFO - 1 downstream tasks scheduled from follow-on schedule check
[2025-03-30T20:38:31.997+0000] {local_task_job_runner.py:245} INFO - ::endgroup::
