[2025-04-17T12:00:19.267+0000] {local_task_job_runner.py:123} INFO - ::group::Pre task execution logs
[2025-04-17T12:00:19.323+0000] {taskinstance.py:2613} INFO - Dependencies all met for dep_context=non-requeueable deps ti=<TaskInstance: air_quality_pipeline.transform_data scheduled__2025-04-17T10:00:00+00:00 [queued]>
[2025-04-17T12:00:19.337+0000] {taskinstance.py:2613} INFO - Dependencies all met for dep_context=requeueable deps ti=<TaskInstance: air_quality_pipeline.transform_data scheduled__2025-04-17T10:00:00+00:00 [queued]>
[2025-04-17T12:00:19.338+0000] {taskinstance.py:2866} INFO - Starting attempt 1 of 2
[2025-04-17T12:00:19.353+0000] {taskinstance.py:2889} INFO - Executing <Task(PythonOperator): transform_data> on 2025-04-17 10:00:00+00:00
[2025-04-17T12:00:19.362+0000] {standard_task_runner.py:104} INFO - Running: ['airflow', 'tasks', 'run', 'air_quality_pipeline', 'transform_data', 'scheduled__2025-04-17T10:00:00+00:00', '--job-id', '844', '--raw', '--subdir', 'DAGS_FOLDER/data_pipeline.py', '--cfg-path', '/tmp/tmpuz_t6lvz']
[2025-04-17T12:00:19.365+0000] {standard_task_runner.py:105} INFO - Job 844: Subtask transform_data
[2025-04-17T12:00:19.366+0000] {logging_mixin.py:190} WARNING - /home/airflow/.local/lib/python3.12/site-packages/airflow/task/task_runner/standard_task_runner.py:70 DeprecationWarning: This process (pid=132) is multi-threaded, use of fork() may lead to deadlocks in the child.
[2025-04-17T12:00:19.367+0000] {standard_task_runner.py:72} INFO - Started process 147 to run task
[2025-04-17T12:00:19.658+0000] {task_command.py:467} INFO - Running <TaskInstance: air_quality_pipeline.transform_data scheduled__2025-04-17T10:00:00+00:00 [running]> on host 3988cbd5836a
[2025-04-17T12:00:20.048+0000] {taskinstance.py:3132} INFO - Exporting env vars: AIRFLOW_CTX_DAG_EMAIL='fbleza5@gmail.com' AIRFLOW_CTX_DAG_OWNER='airflow' AIRFLOW_CTX_DAG_ID='air_quality_pipeline' AIRFLOW_CTX_TASK_ID='transform_data' AIRFLOW_CTX_EXECUTION_DATE='2025-04-17T10:00:00+00:00' AIRFLOW_CTX_TRY_NUMBER='1' AIRFLOW_CTX_DAG_RUN_ID='scheduled__2025-04-17T10:00:00+00:00'
[2025-04-17T12:00:20.053+0000] {taskinstance.py:731} INFO - ::endgroup::
[2025-04-17T12:00:21.484+0000] {base.py:84} INFO - Retrieving connection 'postgres_data'
[2025-04-17T12:00:21.547+0000] {data_pipeline.py:55} INFO - Données brutes insérées pour Paris dans Data Lake
[2025-04-17T12:00:22.804+0000] {base.py:84} INFO - Retrieving connection 'postgres_data'
[2025-04-17T12:00:22.861+0000] {data_pipeline.py:55} INFO - Données brutes insérées pour Lyon dans Data Lake
[2025-04-17T12:00:24.072+0000] {base.py:84} INFO - Retrieving connection 'postgres_data'
[2025-04-17T12:00:24.132+0000] {data_pipeline.py:55} INFO - Données brutes insérées pour Lille dans Data Lake
[2025-04-17T12:00:25.426+0000] {base.py:84} INFO - Retrieving connection 'postgres_data'
[2025-04-17T12:00:25.478+0000] {data_pipeline.py:55} INFO - Données brutes insérées pour Marseille dans Data Lake
[2025-04-17T12:00:26.769+0000] {base.py:84} INFO - Retrieving connection 'postgres_data'
[2025-04-17T12:00:26.828+0000] {data_pipeline.py:55} INFO - Données brutes insérées pour Montpellier dans Data Lake
[2025-04-17T12:00:26.875+0000] {data_pipeline.py:107} WARNING - 40 lignes ont été ignorées à cause de valeurs non valides.
[2025-04-17T12:00:26.922+0000] {base.py:84} INFO - Retrieving connection 'postgres_data'
[2025-04-17T12:00:27.176+0000] {data_pipeline.py:152} INFO - Données insérées dans le Data Warehouse
[2025-04-17T12:00:27.177+0000] {data_pipeline.py:111} INFO - Données transformées et stockées dans le Data Warehouse
[2025-04-17T12:00:27.177+0000] {python.py:240} INFO - Done. Returned value was:             city           timestamp  temperature  ...  aqi  pm25  pm10
0          Paris 2025-04-17 12:00:00           15  ...   53    53  39.0
1          Paris 2025-04-17 15:00:00           15  ...   53    53  39.0
2          Paris 2025-04-17 18:00:00           14  ...   53    53  39.0
3          Paris 2025-04-17 21:00:00           10  ...   53    53  39.0
4          Paris 2025-04-18 00:00:00           12  ...   53    53  39.0
..           ...                 ...          ...  ...  ...   ...   ...
195  Montpellier 2025-04-22 00:00:00           11  ...   10    10   7.0
196  Montpellier 2025-04-22 03:00:00           10  ...   10    10   7.0
197  Montpellier 2025-04-22 06:00:00           10  ...   10    10   7.0
198  Montpellier 2025-04-22 09:00:00           14  ...   10    10   7.0
199  Montpellier 2025-04-22 12:00:00           17  ...   10    10   7.0

[160 rows x 8 columns]
[2025-04-17T12:00:27.465+0000] {taskinstance.py:340} INFO - ::group::Post task execution logs
[2025-04-17T12:00:27.466+0000] {taskinstance.py:352} INFO - Marking task as SUCCESS. dag_id=air_quality_pipeline, task_id=transform_data, run_id=scheduled__2025-04-17T10:00:00+00:00, execution_date=20250417T100000, start_date=20250417T120019, end_date=20250417T120027
[2025-04-17T12:00:27.497+0000] {local_task_job_runner.py:266} INFO - Task exited with return code 0
[2025-04-17T12:00:27.667+0000] {taskinstance.py:3895} INFO - 1 downstream tasks scheduled from follow-on schedule check
[2025-04-17T12:00:27.670+0000] {local_task_job_runner.py:245} INFO - ::endgroup::
