[2025-04-17T09:54:15.983+0000] {local_task_job_runner.py:123} INFO - ::group::Pre task execution logs
[2025-04-17T09:54:16.154+0000] {taskinstance.py:2613} INFO - Dependencies all met for dep_context=non-requeueable deps ti=<TaskInstance: paris_air_quality_prod.generate_forecasts scheduled__2025-04-10T04:00:00+00:00 [queued]>
[2025-04-17T09:54:16.168+0000] {taskinstance.py:2613} INFO - Dependencies all met for dep_context=requeueable deps ti=<TaskInstance: paris_air_quality_prod.generate_forecasts scheduled__2025-04-10T04:00:00+00:00 [queued]>
[2025-04-17T09:54:16.169+0000] {taskinstance.py:2866} INFO - Starting attempt 1 of 3
[2025-04-17T09:54:16.187+0000] {taskinstance.py:2889} INFO - Executing <Task(PythonOperator): generate_forecasts> on 2025-04-10 04:00:00+00:00
[2025-04-17T09:54:16.196+0000] {standard_task_runner.py:104} INFO - Running: ['airflow', 'tasks', 'run', 'paris_air_quality_prod', 'generate_forecasts', 'scheduled__2025-04-10T04:00:00+00:00', '--job-id', '799', '--raw', '--subdir', 'DAGS_FOLDER/data_enriched_predict.py', '--cfg-path', '/tmp/tmpk91quyxb']
[2025-04-17T09:54:16.198+0000] {standard_task_runner.py:105} INFO - Job 799: Subtask generate_forecasts
[2025-04-17T09:54:16.199+0000] {logging_mixin.py:190} WARNING - /home/airflow/.local/lib/python3.12/site-packages/airflow/task/task_runner/standard_task_runner.py:70 DeprecationWarning: This process (pid=124) is multi-threaded, use of fork() may lead to deadlocks in the child.
[2025-04-17T09:54:16.200+0000] {standard_task_runner.py:72} INFO - Started process 162 to run task
[2025-04-17T09:54:16.477+0000] {task_command.py:467} INFO - Running <TaskInstance: paris_air_quality_prod.generate_forecasts scheduled__2025-04-10T04:00:00+00:00 [running]> on host 04906466de51
[2025-04-17T09:54:16.712+0000] {taskinstance.py:3132} INFO - Exporting env vars: AIRFLOW_CTX_DAG_OWNER='airflow' AIRFLOW_CTX_DAG_ID='paris_air_quality_prod' AIRFLOW_CTX_TASK_ID='generate_forecasts' AIRFLOW_CTX_EXECUTION_DATE='2025-04-10T04:00:00+00:00' AIRFLOW_CTX_TRY_NUMBER='1' AIRFLOW_CTX_DAG_RUN_ID='scheduled__2025-04-10T04:00:00+00:00'
[2025-04-17T09:54:16.714+0000] {taskinstance.py:731} INFO - ::endgroup::
[2025-04-17T09:54:16.782+0000] {base.py:84} INFO - Retrieving connection 'postgres_data'
[2025-04-17T09:54:16.865+0000] {data_enriched_predict.py:213} INFO - Données historiques chargées: 148 lignes
[2025-04-17T09:54:16.873+0000] {data_enriched_predict.py:197} INFO - Données d'entraînement préparées: 148 lignes
[2025-04-17T09:54:16.988+0000] {data_enriched_predict.py:237} INFO - Score R² du modèle: 0.915
[2025-04-17T09:54:16.989+0000] {data_enriched_predict.py:81} INFO - Récupération des prévisions météo avec les paramètres: {'latitude': 48.8566, 'longitude': 2.3522, 'hourly': ['temperature_2m', 'relative_humidity_2m', 'pressure_msl', 'precipitation'], 'forecast_days': 16}
[2025-04-17T09:54:17.138+0000] {data_enriched_predict.py:115} INFO - Récupération des prévisions météo pour la période suivante avec les paramètres: {'latitude': 48.8566, 'longitude': 2.3522, 'hourly': ['temperature_2m', 'relative_humidity_2m', 'pressure_msl', 'precipitation'], 'past_days': 1, 'forecast_days': 12}
[2025-04-17T09:54:17.302+0000] {base.py:84} INFO - Retrieving connection 'postgres_data'
[2025-04-17T09:54:17.518+0000] {data_enriched_predict.py:154} INFO - Prévisions météo enregistrées: 384 lignes
[2025-04-17T09:54:17.528+0000] {data_enriched_predict.py:155} INFO - Exemple de données:
                  timestamp  temperature  ...   city  forecast_date
0 2025-04-17 02:00:00+02:00          9.8  ...  Paris     2025-04-17
1 2025-04-17 03:00:00+02:00          9.6  ...  Paris     2025-04-17
2 2025-04-17 04:00:00+02:00          9.2  ...  Paris     2025-04-17
3 2025-04-17 05:00:00+02:00          8.4  ...  Paris     2025-04-17
4 2025-04-17 06:00:00+02:00          8.1  ...  Paris     2025-04-17

[5 rows x 7 columns]
[2025-04-17T09:54:17.572+0000] {data_enriched_predict.py:301} INFO - Prévisions enregistrées pour 17 jours
[2025-04-17T09:54:17.573+0000] {python.py:240} INFO - Done. Returned value was: None
[2025-04-17T09:54:17.622+0000] {taskinstance.py:340} INFO - ::group::Post task execution logs
[2025-04-17T09:54:17.622+0000] {taskinstance.py:352} INFO - Marking task as SUCCESS. dag_id=paris_air_quality_prod, task_id=generate_forecasts, run_id=scheduled__2025-04-10T04:00:00+00:00, execution_date=20250410T040000, start_date=20250417T095416, end_date=20250417T095417
[2025-04-17T09:54:17.661+0000] {local_task_job_runner.py:266} INFO - Task exited with return code 0
[2025-04-17T09:54:17.731+0000] {taskinstance.py:3895} INFO - 0 downstream tasks scheduled from follow-on schedule check
[2025-04-17T09:54:17.735+0000] {local_task_job_runner.py:245} INFO - ::endgroup::
