[2025-03-28T10:44:25.655+0000] {local_task_job_runner.py:123} INFO - ::group::Pre task execution logs
[2025-03-28T10:44:25.723+0000] {taskinstance.py:2613} INFO - Dependencies all met for dep_context=non-requeueable deps ti=<TaskInstance: air_quality_pipeline.create_data_mart scheduled__2025-03-27T08:40:00+00:00 [queued]>
[2025-03-28T10:44:25.739+0000] {taskinstance.py:2613} INFO - Dependencies all met for dep_context=requeueable deps ti=<TaskInstance: air_quality_pipeline.create_data_mart scheduled__2025-03-27T08:40:00+00:00 [queued]>
[2025-03-28T10:44:25.740+0000] {taskinstance.py:2866} INFO - Starting attempt 1 of 2
[2025-03-28T10:44:25.758+0000] {taskinstance.py:2889} INFO - Executing <Task(PythonOperator): create_data_mart> on 2025-03-27 08:40:00+00:00
[2025-03-28T10:44:25.769+0000] {standard_task_runner.py:104} INFO - Running: ['airflow', 'tasks', 'run', 'air_quality_pipeline', 'create_data_mart', 'scheduled__2025-03-27T08:40:00+00:00', '--job-id', '258', '--raw', '--subdir', 'DAGS_FOLDER/data_pipeline.py', '--cfg-path', '/tmp/tmpzwkyh61w']
[2025-03-28T10:44:25.770+0000] {logging_mixin.py:190} WARNING - /home/airflow/.local/lib/python3.12/site-packages/airflow/task/task_runner/standard_task_runner.py:70 DeprecationWarning: This process (pid=36) is multi-threaded, use of fork() may lead to deadlocks in the child.
[2025-03-28T10:44:25.771+0000] {standard_task_runner.py:105} INFO - Job 258: Subtask create_data_mart
[2025-03-28T10:44:25.772+0000] {standard_task_runner.py:72} INFO - Started process 52 to run task
[2025-03-28T10:44:25.947+0000] {task_command.py:467} INFO - Running <TaskInstance: air_quality_pipeline.create_data_mart scheduled__2025-03-27T08:40:00+00:00 [running]> on host 6d0e87c01008
[2025-03-28T10:44:26.200+0000] {taskinstance.py:3132} INFO - Exporting env vars: AIRFLOW_CTX_DAG_OWNER='airflow' AIRFLOW_CTX_DAG_ID='air_quality_pipeline' AIRFLOW_CTX_TASK_ID='create_data_mart' AIRFLOW_CTX_EXECUTION_DATE='2025-03-27T08:40:00+00:00' AIRFLOW_CTX_TRY_NUMBER='1' AIRFLOW_CTX_DAG_RUN_ID='scheduled__2025-03-27T08:40:00+00:00'
[2025-03-28T10:44:26.201+0000] {taskinstance.py:731} INFO - ::endgroup::
[2025-03-28T10:44:26.276+0000] {base.py:84} INFO - Retrieving connection 'postgres_data'
[2025-03-28T10:44:26.340+0000] {data_pipeline.py:168} INFO - Tables de Data Mart créées pour chaque ville
[2025-03-28T10:44:26.341+0000] {python.py:240} INFO - Done. Returned value was: None
[2025-03-28T10:44:26.391+0000] {taskinstance.py:340} INFO - ::group::Post task execution logs
[2025-03-28T10:44:26.393+0000] {taskinstance.py:352} INFO - Marking task as SUCCESS. dag_id=air_quality_pipeline, task_id=create_data_mart, run_id=scheduled__2025-03-27T08:40:00+00:00, execution_date=20250327T084000, start_date=20250328T104425, end_date=20250328T104426
[2025-03-28T10:44:26.430+0000] {local_task_job_runner.py:266} INFO - Task exited with return code 0
[2025-03-28T10:44:26.498+0000] {taskinstance.py:3895} INFO - 1 downstream tasks scheduled from follow-on schedule check
[2025-03-28T10:44:26.501+0000] {local_task_job_runner.py:245} INFO - ::endgroup::
