[2025-04-10T11:57:40.233+0000] {local_task_job_runner.py:123} INFO - ::group::Pre task execution logs
[2025-04-10T11:57:40.279+0000] {taskinstance.py:2613} INFO - Dependencies all met for dep_context=non-requeueable deps ti=<TaskInstance: paris_air_quality_prod.create_tables scheduled__2025-04-09T04:00:00+00:00 [queued]>
[2025-04-10T11:57:40.291+0000] {taskinstance.py:2613} INFO - Dependencies all met for dep_context=requeueable deps ti=<TaskInstance: paris_air_quality_prod.create_tables scheduled__2025-04-09T04:00:00+00:00 [queued]>
[2025-04-10T11:57:40.291+0000] {taskinstance.py:2866} INFO - Starting attempt 1 of 3
[2025-04-10T11:57:40.307+0000] {taskinstance.py:2889} INFO - Executing <Task(PythonOperator): create_tables> on 2025-04-09 04:00:00+00:00
[2025-04-10T11:57:40.316+0000] {standard_task_runner.py:104} INFO - Running: ['airflow', 'tasks', 'run', 'paris_air_quality_prod', 'create_tables', 'scheduled__2025-04-09T04:00:00+00:00', '--job-id', '760', '--raw', '--subdir', 'DAGS_FOLDER/data_enriched_predict.py', '--cfg-path', '/tmp/tmpfgh4qf26']
[2025-04-10T11:57:40.318+0000] {standard_task_runner.py:105} INFO - Job 760: Subtask create_tables
[2025-04-10T11:57:40.318+0000] {logging_mixin.py:190} WARNING - /home/airflow/.local/lib/python3.12/site-packages/airflow/task/task_runner/standard_task_runner.py:70 DeprecationWarning: This process (pid=244) is multi-threaded, use of fork() may lead to deadlocks in the child.
[2025-04-10T11:57:40.319+0000] {standard_task_runner.py:72} INFO - Started process 269 to run task
[2025-04-10T11:57:40.466+0000] {task_command.py:467} INFO - Running <TaskInstance: paris_air_quality_prod.create_tables scheduled__2025-04-09T04:00:00+00:00 [running]> on host 04906466de51
[2025-04-10T11:57:40.659+0000] {taskinstance.py:3132} INFO - Exporting env vars: AIRFLOW_CTX_DAG_OWNER='airflow' AIRFLOW_CTX_DAG_ID='paris_air_quality_prod' AIRFLOW_CTX_TASK_ID='create_tables' AIRFLOW_CTX_EXECUTION_DATE='2025-04-09T04:00:00+00:00' AIRFLOW_CTX_TRY_NUMBER='1' AIRFLOW_CTX_DAG_RUN_ID='scheduled__2025-04-09T04:00:00+00:00'
[2025-04-10T11:57:40.660+0000] {taskinstance.py:731} INFO - ::endgroup::
[2025-04-10T11:57:40.715+0000] {base.py:84} INFO - Retrieving connection 'postgres_data'
[2025-04-10T11:57:40.760+0000] {data_enriched_predict.py:63} INFO - Tables créées avec succès
[2025-04-10T11:57:40.762+0000] {python.py:240} INFO - Done. Returned value was: None
[2025-04-10T11:57:40.802+0000] {taskinstance.py:340} INFO - ::group::Post task execution logs
[2025-04-10T11:57:40.803+0000] {taskinstance.py:352} INFO - Marking task as SUCCESS. dag_id=paris_air_quality_prod, task_id=create_tables, run_id=scheduled__2025-04-09T04:00:00+00:00, execution_date=20250409T040000, start_date=20250410T115740, end_date=20250410T115740
[2025-04-10T11:57:40.856+0000] {local_task_job_runner.py:266} INFO - Task exited with return code 0
[2025-04-10T11:57:40.914+0000] {taskinstance.py:3895} INFO - 1 downstream tasks scheduled from follow-on schedule check
[2025-04-10T11:57:40.916+0000] {local_task_job_runner.py:245} INFO - ::endgroup::
