[2025-03-31T18:00:22.734+0000] {local_task_job_runner.py:123} INFO - ::group::Pre task execution logs
[2025-03-31T18:00:22.792+0000] {taskinstance.py:2613} INFO - Dependencies all met for dep_context=non-requeueable deps ti=<TaskInstance: air_quality_pipeline.store_data scheduled__2025-03-31T16:00:00+00:00 [queued]>
[2025-03-31T18:00:22.805+0000] {taskinstance.py:2613} INFO - Dependencies all met for dep_context=requeueable deps ti=<TaskInstance: air_quality_pipeline.store_data scheduled__2025-03-31T16:00:00+00:00 [queued]>
[2025-03-31T18:00:22.806+0000] {taskinstance.py:2866} INFO - Starting attempt 1 of 2
[2025-03-31T18:00:22.823+0000] {taskinstance.py:2889} INFO - Executing <Task(PythonOperator): store_data> on 2025-03-31 16:00:00+00:00
[2025-03-31T18:00:22.831+0000] {standard_task_runner.py:104} INFO - Running: ['airflow', 'tasks', 'run', 'air_quality_pipeline', 'store_data', 'scheduled__2025-03-31T16:00:00+00:00', '--job-id', '703', '--raw', '--subdir', 'DAGS_FOLDER/data_pipeline.py', '--cfg-path', '/tmp/tmphbcbr2hb']
[2025-03-31T18:00:22.833+0000] {standard_task_runner.py:105} INFO - Job 703: Subtask store_data
[2025-03-31T18:00:22.834+0000] {logging_mixin.py:190} WARNING - /home/airflow/.local/lib/python3.12/site-packages/airflow/task/task_runner/standard_task_runner.py:70 DeprecationWarning: This process (pid=311) is multi-threaded, use of fork() may lead to deadlocks in the child.
[2025-03-31T18:00:22.835+0000] {standard_task_runner.py:72} INFO - Started process 325 to run task
[2025-03-31T18:00:22.994+0000] {task_command.py:467} INFO - Running <TaskInstance: air_quality_pipeline.store_data scheduled__2025-03-31T16:00:00+00:00 [running]> on host 04906466de51
[2025-03-31T18:00:23.448+0000] {taskinstance.py:3132} INFO - Exporting env vars: AIRFLOW_CTX_DAG_EMAIL='fbleza5@gmail.com' AIRFLOW_CTX_DAG_OWNER='airflow' AIRFLOW_CTX_DAG_ID='air_quality_pipeline' AIRFLOW_CTX_TASK_ID='store_data' AIRFLOW_CTX_EXECUTION_DATE='2025-03-31T16:00:00+00:00' AIRFLOW_CTX_TRY_NUMBER='1' AIRFLOW_CTX_DAG_RUN_ID='scheduled__2025-03-31T16:00:00+00:00'
[2025-03-31T18:00:23.449+0000] {taskinstance.py:731} INFO - ::endgroup::
[2025-03-31T18:00:23.509+0000] {base.py:84} INFO - Retrieving connection 'postgres_data'
[2025-03-31T18:00:23.744+0000] {data_pipeline.py:141} INFO - Données insérées dans le Data Warehouse
[2025-03-31T18:00:23.745+0000] {python.py:240} INFO - Done. Returned value was: None
[2025-03-31T18:00:23.786+0000] {taskinstance.py:340} INFO - ::group::Post task execution logs
[2025-03-31T18:00:23.787+0000] {taskinstance.py:352} INFO - Marking task as SUCCESS. dag_id=air_quality_pipeline, task_id=store_data, run_id=scheduled__2025-03-31T16:00:00+00:00, execution_date=20250331T160000, start_date=20250331T180022, end_date=20250331T180023
[2025-03-31T18:00:23.814+0000] {local_task_job_runner.py:266} INFO - Task exited with return code 0
[2025-03-31T18:00:23.873+0000] {taskinstance.py:3895} INFO - 1 downstream tasks scheduled from follow-on schedule check
[2025-03-31T18:00:23.876+0000] {local_task_job_runner.py:245} INFO - ::endgroup::
