[2025-03-28T15:42:17.214+0000] {local_task_job_runner.py:123} INFO - ::group::Pre task execution logs
[2025-03-28T15:42:17.260+0000] {taskinstance.py:2613} INFO - Dependencies all met for dep_context=non-requeueable deps ti=<TaskInstance: air_quality_france.collect_data manual__2025-03-28T15:42:07.358249+00:00 [queued]>
[2025-03-28T15:42:17.271+0000] {taskinstance.py:2613} INFO - Dependencies all met for dep_context=requeueable deps ti=<TaskInstance: air_quality_france.collect_data manual__2025-03-28T15:42:07.358249+00:00 [queued]>
[2025-03-28T15:42:17.272+0000] {taskinstance.py:2866} INFO - Starting attempt 1 of 3
[2025-03-28T15:42:17.287+0000] {taskinstance.py:2889} INFO - Executing <Task(PythonOperator): collect_data> on 2025-03-28 15:42:07.358249+00:00
[2025-03-28T15:42:17.295+0000] {standard_task_runner.py:104} INFO - Running: ['airflow', 'tasks', 'run', 'air_quality_france', 'collect_data', 'manual__2025-03-28T15:42:07.358249+00:00', '--job-id', '406', '--raw', '--subdir', 'DAGS_FOLDER/data_enriched_predict.py', '--cfg-path', '/tmp/tmpq4pkdm39']
[2025-03-28T15:42:17.297+0000] {standard_task_runner.py:105} INFO - Job 406: Subtask collect_data
[2025-03-28T15:42:17.298+0000] {logging_mixin.py:190} WARNING - /home/airflow/.local/lib/python3.12/site-packages/airflow/task/task_runner/standard_task_runner.py:70 DeprecationWarning: This process (pid=3767) is multi-threaded, use of fork() may lead to deadlocks in the child.
[2025-03-28T15:42:17.299+0000] {standard_task_runner.py:72} INFO - Started process 3792 to run task
[2025-03-28T15:42:17.432+0000] {task_command.py:467} INFO - Running <TaskInstance: air_quality_france.collect_data manual__2025-03-28T15:42:07.358249+00:00 [running]> on host 04906466de51
[2025-03-28T15:42:17.714+0000] {taskinstance.py:3132} INFO - Exporting env vars: AIRFLOW_CTX_DAG_OWNER='airflow' AIRFLOW_CTX_DAG_ID='air_quality_france' AIRFLOW_CTX_TASK_ID='collect_data' AIRFLOW_CTX_EXECUTION_DATE='2025-03-28T15:42:07.358249+00:00' AIRFLOW_CTX_TRY_NUMBER='1' AIRFLOW_CTX_DAG_RUN_ID='manual__2025-03-28T15:42:07.358249+00:00'
[2025-03-28T15:42:17.716+0000] {taskinstance.py:731} INFO - ::endgroup::
[2025-03-28T15:42:18.892+0000] {data_enriched_predict.py:104} INFO - Données collectées pour Lyon
[2025-03-28T15:42:21.508+0000] {data_enriched_predict.py:104} INFO - Données collectées pour Paris
[2025-03-28T15:42:24.173+0000] {data_enriched_predict.py:104} INFO - Données collectées pour Marseille
[2025-03-28T15:42:25.734+0000] {base.py:84} INFO - Retrieving connection 'postgres_data'
[2025-03-28T15:42:25.823+0000] {data_enriched_predict.py:136} INFO - Données stockées : 3 enregistrements
[2025-03-28T15:42:25.824+0000] {python.py:240} INFO - Done. Returned value was: None
[2025-03-28T15:42:25.874+0000] {taskinstance.py:340} INFO - ::group::Post task execution logs
[2025-03-28T15:42:25.874+0000] {taskinstance.py:352} INFO - Marking task as SUCCESS. dag_id=air_quality_france, task_id=collect_data, run_id=manual__2025-03-28T15:42:07.358249+00:00, execution_date=20250328T154207, start_date=20250328T154217, end_date=20250328T154225
[2025-03-28T15:42:25.936+0000] {local_task_job_runner.py:266} INFO - Task exited with return code 0
[2025-03-28T15:42:25.990+0000] {taskinstance.py:3895} INFO - 1 downstream tasks scheduled from follow-on schedule check
[2025-03-28T15:42:25.993+0000] {local_task_job_runner.py:245} INFO - ::endgroup::
