[2025-03-29T05:40:20.705+0000] {local_task_job_runner.py:123} INFO - ::group::Pre task execution logs
[2025-03-29T05:40:20.754+0000] {taskinstance.py:2613} INFO - Dependencies all met for dep_context=non-requeueable deps ti=<TaskInstance: air_quality_monitoring_v3.generate_air_quality_forecasts scheduled__2025-03-29T05:20:00+00:00 [queued]>
[2025-03-29T05:40:20.765+0000] {taskinstance.py:2613} INFO - Dependencies all met for dep_context=requeueable deps ti=<TaskInstance: air_quality_monitoring_v3.generate_air_quality_forecasts scheduled__2025-03-29T05:20:00+00:00 [queued]>
[2025-03-29T05:40:20.766+0000] {taskinstance.py:2866} INFO - Starting attempt 1 of 4
[2025-03-29T05:40:20.782+0000] {taskinstance.py:2889} INFO - Executing <Task(PythonOperator): generate_air_quality_forecasts> on 2025-03-29 05:20:00+00:00
[2025-03-29T05:40:20.792+0000] {standard_task_runner.py:104} INFO - Running: ['airflow', 'tasks', 'run', 'air_quality_monitoring_v3', 'generate_air_quality_forecasts', 'scheduled__2025-03-29T05:20:00+00:00', '--job-id', '547', '--raw', '--subdir', 'DAGS_FOLDER/data_enriched_predict.py', '--cfg-path', '/tmp/tmpf5t0i6bb']
[2025-03-29T05:40:20.794+0000] {standard_task_runner.py:105} INFO - Job 547: Subtask generate_air_quality_forecasts
[2025-03-29T05:40:20.795+0000] {logging_mixin.py:190} WARNING - /home/airflow/.local/lib/python3.12/site-packages/airflow/task/task_runner/standard_task_runner.py:70 DeprecationWarning: This process (pid=32406) is multi-threaded, use of fork() may lead to deadlocks in the child.
[2025-03-29T05:40:20.796+0000] {standard_task_runner.py:72} INFO - Started process 32431 to run task
[2025-03-29T05:40:20.949+0000] {task_command.py:467} INFO - Running <TaskInstance: air_quality_monitoring_v3.generate_air_quality_forecasts scheduled__2025-03-29T05:20:00+00:00 [running]> on host 04906466de51
[2025-03-29T05:40:21.148+0000] {taskinstance.py:3132} INFO - Exporting env vars: AIRFLOW_CTX_DAG_OWNER='airflow' AIRFLOW_CTX_DAG_ID='air_quality_monitoring_v3' AIRFLOW_CTX_TASK_ID='generate_air_quality_forecasts' AIRFLOW_CTX_EXECUTION_DATE='2025-03-29T05:20:00+00:00' AIRFLOW_CTX_TRY_NUMBER='1' AIRFLOW_CTX_DAG_RUN_ID='scheduled__2025-03-29T05:20:00+00:00'
[2025-03-29T05:40:21.149+0000] {taskinstance.py:731} INFO - ::endgroup::
[2025-03-29T05:40:21.217+0000] {base.py:84} INFO - Retrieving connection 'postgres_data'
[2025-03-29T05:40:21.222+0000] {data_enriched_predict.py:231} INFO - Chargement des données historiques...
[2025-03-29T05:40:21.297+0000] {data_enriched_predict.py:238} INFO - Nettoyage des données...
[2025-03-29T05:40:21.303+0000] {data_enriched_predict.py:252} INFO - Entraînement du modèle...
[2025-03-29T05:40:21.312+0000] {logging_mixin.py:190} WARNING - /home/airflow/.local/lib/python3.12/site-packages/sklearn/utils/extmath.py:1101 RuntimeWarning: invalid value encountered in divide
[2025-03-29T05:40:21.314+0000] {logging_mixin.py:190} WARNING - /home/airflow/.local/lib/python3.12/site-packages/sklearn/utils/extmath.py:1106 RuntimeWarning: invalid value encountered in divide
[2025-03-29T05:40:21.316+0000] {logging_mixin.py:190} WARNING - /home/airflow/.local/lib/python3.12/site-packages/sklearn/utils/extmath.py:1126 RuntimeWarning: invalid value encountered in divide
[2025-03-29T05:40:21.517+0000] {data_enriched_predict.py:266} INFO - Génération des prévisions...
[2025-03-29T05:40:21.521+0000] {logging_mixin.py:190} WARNING - /home/airflow/.local/lib/python3.12/site-packages/numpy/lib/nanfunctions.py:1215 RuntimeWarning: Mean of empty slice
[2025-03-29T05:40:21.522+0000] {logging_mixin.py:190} WARNING - /home/airflow/.local/lib/python3.12/site-packages/numpy/lib/nanfunctions.py:1215 RuntimeWarning: Mean of empty slice
[2025-03-29T05:40:21.523+0000] {logging_mixin.py:190} WARNING - /home/airflow/.local/lib/python3.12/site-packages/numpy/lib/nanfunctions.py:1215 RuntimeWarning: Mean of empty slice
[2025-03-29T05:40:21.525+0000] {logging_mixin.py:190} WARNING - /home/airflow/.local/lib/python3.12/site-packages/numpy/lib/nanfunctions.py:1215 RuntimeWarning: Mean of empty slice
[2025-03-29T05:40:21.526+0000] {logging_mixin.py:190} WARNING - /home/airflow/.local/lib/python3.12/site-packages/numpy/lib/nanfunctions.py:1215 RuntimeWarning: Mean of empty slice
[2025-03-29T05:40:21.527+0000] {logging_mixin.py:190} WARNING - /home/airflow/.local/lib/python3.12/site-packages/numpy/lib/nanfunctions.py:1215 RuntimeWarning: Mean of empty slice
[2025-03-29T05:40:21.528+0000] {logging_mixin.py:190} WARNING - /home/airflow/.local/lib/python3.12/site-packages/numpy/lib/nanfunctions.py:1215 RuntimeWarning: Mean of empty slice
[2025-03-29T05:40:21.529+0000] {logging_mixin.py:190} WARNING - /home/airflow/.local/lib/python3.12/site-packages/numpy/lib/nanfunctions.py:1215 RuntimeWarning: Mean of empty slice
[2025-03-29T05:40:21.530+0000] {logging_mixin.py:190} WARNING - /home/airflow/.local/lib/python3.12/site-packages/numpy/lib/nanfunctions.py:1215 RuntimeWarning: Mean of empty slice
[2025-03-29T05:40:21.531+0000] {logging_mixin.py:190} WARNING - /home/airflow/.local/lib/python3.12/site-packages/numpy/lib/nanfunctions.py:1215 RuntimeWarning: Mean of empty slice
[2025-03-29T05:40:21.532+0000] {logging_mixin.py:190} WARNING - /home/airflow/.local/lib/python3.12/site-packages/numpy/lib/nanfunctions.py:1215 RuntimeWarning: Mean of empty slice
[2025-03-29T05:40:21.532+0000] {logging_mixin.py:190} WARNING - /home/airflow/.local/lib/python3.12/site-packages/numpy/lib/nanfunctions.py:1215 RuntimeWarning: Mean of empty slice
[2025-03-29T05:40:21.533+0000] {logging_mixin.py:190} WARNING - /home/airflow/.local/lib/python3.12/site-packages/numpy/lib/nanfunctions.py:1215 RuntimeWarning: Mean of empty slice
[2025-03-29T05:40:21.534+0000] {logging_mixin.py:190} WARNING - /home/airflow/.local/lib/python3.12/site-packages/numpy/lib/nanfunctions.py:1215 RuntimeWarning: Mean of empty slice
[2025-03-29T05:40:21.535+0000] {logging_mixin.py:190} WARNING - /home/airflow/.local/lib/python3.12/site-packages/numpy/lib/nanfunctions.py:1215 RuntimeWarning: Mean of empty slice
[2025-03-29T05:40:21.537+0000] {logging_mixin.py:190} WARNING - /home/airflow/.local/lib/python3.12/site-packages/numpy/lib/nanfunctions.py:1215 RuntimeWarning: Mean of empty slice
[2025-03-29T05:40:21.538+0000] {logging_mixin.py:190} WARNING - /home/airflow/.local/lib/python3.12/site-packages/numpy/lib/nanfunctions.py:1215 RuntimeWarning: Mean of empty slice
[2025-03-29T05:40:21.539+0000] {logging_mixin.py:190} WARNING - /home/airflow/.local/lib/python3.12/site-packages/numpy/lib/nanfunctions.py:1215 RuntimeWarning: Mean of empty slice
[2025-03-29T05:40:21.540+0000] {logging_mixin.py:190} WARNING - /home/airflow/.local/lib/python3.12/site-packages/numpy/lib/nanfunctions.py:1215 RuntimeWarning: Mean of empty slice
[2025-03-29T05:40:21.541+0000] {logging_mixin.py:190} WARNING - /home/airflow/.local/lib/python3.12/site-packages/numpy/lib/nanfunctions.py:1215 RuntimeWarning: Mean of empty slice
[2025-03-29T05:40:21.542+0000] {logging_mixin.py:190} WARNING - /home/airflow/.local/lib/python3.12/site-packages/numpy/lib/nanfunctions.py:1215 RuntimeWarning: Mean of empty slice
[2025-03-29T05:40:21.543+0000] {logging_mixin.py:190} WARNING - /home/airflow/.local/lib/python3.12/site-packages/numpy/lib/nanfunctions.py:1215 RuntimeWarning: Mean of empty slice
[2025-03-29T05:40:21.544+0000] {logging_mixin.py:190} WARNING - /home/airflow/.local/lib/python3.12/site-packages/numpy/lib/nanfunctions.py:1215 RuntimeWarning: Mean of empty slice
[2025-03-29T05:40:21.545+0000] {logging_mixin.py:190} WARNING - /home/airflow/.local/lib/python3.12/site-packages/numpy/lib/nanfunctions.py:1215 RuntimeWarning: Mean of empty slice
[2025-03-29T05:40:21.546+0000] {logging_mixin.py:190} WARNING - /home/airflow/.local/lib/python3.12/site-packages/numpy/lib/nanfunctions.py:1215 RuntimeWarning: Mean of empty slice
[2025-03-29T05:40:21.548+0000] {logging_mixin.py:190} WARNING - /home/airflow/.local/lib/python3.12/site-packages/numpy/lib/nanfunctions.py:1215 RuntimeWarning: Mean of empty slice
[2025-03-29T05:40:21.549+0000] {logging_mixin.py:190} WARNING - /home/airflow/.local/lib/python3.12/site-packages/numpy/lib/nanfunctions.py:1215 RuntimeWarning: Mean of empty slice
[2025-03-29T05:40:21.550+0000] {logging_mixin.py:190} WARNING - /home/airflow/.local/lib/python3.12/site-packages/numpy/lib/nanfunctions.py:1215 RuntimeWarning: Mean of empty slice
[2025-03-29T05:40:21.552+0000] {logging_mixin.py:190} WARNING - /home/airflow/.local/lib/python3.12/site-packages/numpy/lib/nanfunctions.py:1215 RuntimeWarning: Mean of empty slice
[2025-03-29T05:40:21.553+0000] {logging_mixin.py:190} WARNING - /home/airflow/.local/lib/python3.12/site-packages/numpy/lib/nanfunctions.py:1215 RuntimeWarning: Mean of empty slice
[2025-03-29T05:40:21.555+0000] {logging_mixin.py:190} WARNING - /home/airflow/.local/lib/python3.12/site-packages/numpy/lib/nanfunctions.py:1215 RuntimeWarning: Mean of empty slice
[2025-03-29T05:40:21.556+0000] {logging_mixin.py:190} WARNING - /home/airflow/.local/lib/python3.12/site-packages/numpy/lib/nanfunctions.py:1215 RuntimeWarning: Mean of empty slice
[2025-03-29T05:40:21.557+0000] {logging_mixin.py:190} WARNING - /home/airflow/.local/lib/python3.12/site-packages/numpy/lib/nanfunctions.py:1215 RuntimeWarning: Mean of empty slice
[2025-03-29T05:40:21.558+0000] {logging_mixin.py:190} WARNING - /home/airflow/.local/lib/python3.12/site-packages/numpy/lib/nanfunctions.py:1215 RuntimeWarning: Mean of empty slice
[2025-03-29T05:40:21.559+0000] {logging_mixin.py:190} WARNING - /home/airflow/.local/lib/python3.12/site-packages/numpy/lib/nanfunctions.py:1215 RuntimeWarning: Mean of empty slice
[2025-03-29T05:40:21.560+0000] {logging_mixin.py:190} WARNING - /home/airflow/.local/lib/python3.12/site-packages/numpy/lib/nanfunctions.py:1215 RuntimeWarning: Mean of empty slice
[2025-03-29T05:40:21.561+0000] {logging_mixin.py:190} WARNING - /home/airflow/.local/lib/python3.12/site-packages/numpy/lib/nanfunctions.py:1215 RuntimeWarning: Mean of empty slice
[2025-03-29T05:40:21.562+0000] {logging_mixin.py:190} WARNING - /home/airflow/.local/lib/python3.12/site-packages/numpy/lib/nanfunctions.py:1215 RuntimeWarning: Mean of empty slice
[2025-03-29T05:40:21.564+0000] {logging_mixin.py:190} WARNING - /home/airflow/.local/lib/python3.12/site-packages/numpy/lib/nanfunctions.py:1215 RuntimeWarning: Mean of empty slice
[2025-03-29T05:40:21.566+0000] {logging_mixin.py:190} WARNING - /home/airflow/.local/lib/python3.12/site-packages/numpy/lib/nanfunctions.py:1215 RuntimeWarning: Mean of empty slice
[2025-03-29T05:40:21.568+0000] {logging_mixin.py:190} WARNING - /home/airflow/.local/lib/python3.12/site-packages/numpy/lib/nanfunctions.py:1215 RuntimeWarning: Mean of empty slice
[2025-03-29T05:40:21.570+0000] {logging_mixin.py:190} WARNING - /home/airflow/.local/lib/python3.12/site-packages/numpy/lib/nanfunctions.py:1215 RuntimeWarning: Mean of empty slice
[2025-03-29T05:40:21.572+0000] {logging_mixin.py:190} WARNING - /home/airflow/.local/lib/python3.12/site-packages/numpy/lib/nanfunctions.py:1215 RuntimeWarning: Mean of empty slice
[2025-03-29T05:40:21.573+0000] {logging_mixin.py:190} WARNING - /home/airflow/.local/lib/python3.12/site-packages/numpy/lib/nanfunctions.py:1215 RuntimeWarning: Mean of empty slice
[2025-03-29T05:40:21.575+0000] {logging_mixin.py:190} WARNING - /home/airflow/.local/lib/python3.12/site-packages/numpy/lib/nanfunctions.py:1215 RuntimeWarning: Mean of empty slice
[2025-03-29T05:40:21.576+0000] {logging_mixin.py:190} WARNING - /home/airflow/.local/lib/python3.12/site-packages/numpy/lib/nanfunctions.py:1215 RuntimeWarning: Mean of empty slice
[2025-03-29T05:40:21.577+0000] {logging_mixin.py:190} WARNING - /home/airflow/.local/lib/python3.12/site-packages/numpy/lib/nanfunctions.py:1215 RuntimeWarning: Mean of empty slice
[2025-03-29T05:40:21.579+0000] {logging_mixin.py:190} WARNING - /home/airflow/.local/lib/python3.12/site-packages/numpy/lib/nanfunctions.py:1215 RuntimeWarning: Mean of empty slice
[2025-03-29T05:40:21.580+0000] {logging_mixin.py:190} WARNING - /home/airflow/.local/lib/python3.12/site-packages/numpy/lib/nanfunctions.py:1215 RuntimeWarning: Mean of empty slice
[2025-03-29T05:40:21.581+0000] {logging_mixin.py:190} WARNING - /home/airflow/.local/lib/python3.12/site-packages/numpy/lib/nanfunctions.py:1215 RuntimeWarning: Mean of empty slice
[2025-03-29T05:40:21.583+0000] {logging_mixin.py:190} WARNING - /home/airflow/.local/lib/python3.12/site-packages/numpy/lib/nanfunctions.py:1215 RuntimeWarning: Mean of empty slice
[2025-03-29T05:40:21.584+0000] {logging_mixin.py:190} WARNING - /home/airflow/.local/lib/python3.12/site-packages/numpy/lib/nanfunctions.py:1215 RuntimeWarning: Mean of empty slice
[2025-03-29T05:40:21.586+0000] {logging_mixin.py:190} WARNING - /home/airflow/.local/lib/python3.12/site-packages/numpy/lib/nanfunctions.py:1215 RuntimeWarning: Mean of empty slice
[2025-03-29T05:40:21.587+0000] {logging_mixin.py:190} WARNING - /home/airflow/.local/lib/python3.12/site-packages/numpy/lib/nanfunctions.py:1215 RuntimeWarning: Mean of empty slice
[2025-03-29T05:40:21.588+0000] {logging_mixin.py:190} WARNING - /home/airflow/.local/lib/python3.12/site-packages/numpy/lib/nanfunctions.py:1215 RuntimeWarning: Mean of empty slice
[2025-03-29T05:40:21.589+0000] {logging_mixin.py:190} WARNING - /home/airflow/.local/lib/python3.12/site-packages/numpy/lib/nanfunctions.py:1215 RuntimeWarning: Mean of empty slice
[2025-03-29T05:40:21.590+0000] {logging_mixin.py:190} WARNING - /home/airflow/.local/lib/python3.12/site-packages/numpy/lib/nanfunctions.py:1215 RuntimeWarning: Mean of empty slice
[2025-03-29T05:40:21.591+0000] {logging_mixin.py:190} WARNING - /home/airflow/.local/lib/python3.12/site-packages/numpy/lib/nanfunctions.py:1215 RuntimeWarning: Mean of empty slice
[2025-03-29T05:40:21.593+0000] {logging_mixin.py:190} WARNING - /home/airflow/.local/lib/python3.12/site-packages/numpy/lib/nanfunctions.py:1215 RuntimeWarning: Mean of empty slice
[2025-03-29T05:40:21.594+0000] {logging_mixin.py:190} WARNING - /home/airflow/.local/lib/python3.12/site-packages/numpy/lib/nanfunctions.py:1215 RuntimeWarning: Mean of empty slice
[2025-03-29T05:40:21.595+0000] {logging_mixin.py:190} WARNING - /home/airflow/.local/lib/python3.12/site-packages/numpy/lib/nanfunctions.py:1215 RuntimeWarning: Mean of empty slice
[2025-03-29T05:40:21.596+0000] {logging_mixin.py:190} WARNING - /home/airflow/.local/lib/python3.12/site-packages/numpy/lib/nanfunctions.py:1215 RuntimeWarning: Mean of empty slice
[2025-03-29T05:40:21.597+0000] {logging_mixin.py:190} WARNING - /home/airflow/.local/lib/python3.12/site-packages/numpy/lib/nanfunctions.py:1215 RuntimeWarning: Mean of empty slice
[2025-03-29T05:40:21.598+0000] {logging_mixin.py:190} WARNING - /home/airflow/.local/lib/python3.12/site-packages/numpy/lib/nanfunctions.py:1215 RuntimeWarning: Mean of empty slice
[2025-03-29T05:40:21.599+0000] {logging_mixin.py:190} WARNING - /home/airflow/.local/lib/python3.12/site-packages/numpy/lib/nanfunctions.py:1215 RuntimeWarning: Mean of empty slice
[2025-03-29T05:40:21.600+0000] {logging_mixin.py:190} WARNING - /home/airflow/.local/lib/python3.12/site-packages/numpy/lib/nanfunctions.py:1215 RuntimeWarning: Mean of empty slice
[2025-03-29T05:40:21.601+0000] {logging_mixin.py:190} WARNING - /home/airflow/.local/lib/python3.12/site-packages/numpy/lib/nanfunctions.py:1215 RuntimeWarning: Mean of empty slice
[2025-03-29T05:40:21.603+0000] {logging_mixin.py:190} WARNING - /home/airflow/.local/lib/python3.12/site-packages/numpy/lib/nanfunctions.py:1215 RuntimeWarning: Mean of empty slice
[2025-03-29T05:40:21.604+0000] {logging_mixin.py:190} WARNING - /home/airflow/.local/lib/python3.12/site-packages/numpy/lib/nanfunctions.py:1215 RuntimeWarning: Mean of empty slice
[2025-03-29T05:40:21.605+0000] {logging_mixin.py:190} WARNING - /home/airflow/.local/lib/python3.12/site-packages/numpy/lib/nanfunctions.py:1215 RuntimeWarning: Mean of empty slice
[2025-03-29T05:40:21.606+0000] {logging_mixin.py:190} WARNING - /home/airflow/.local/lib/python3.12/site-packages/numpy/lib/nanfunctions.py:1215 RuntimeWarning: Mean of empty slice
[2025-03-29T05:40:21.607+0000] {logging_mixin.py:190} WARNING - /home/airflow/.local/lib/python3.12/site-packages/numpy/lib/nanfunctions.py:1215 RuntimeWarning: Mean of empty slice
[2025-03-29T05:40:21.608+0000] {logging_mixin.py:190} WARNING - /home/airflow/.local/lib/python3.12/site-packages/numpy/lib/nanfunctions.py:1215 RuntimeWarning: Mean of empty slice
[2025-03-29T05:40:21.609+0000] {logging_mixin.py:190} WARNING - /home/airflow/.local/lib/python3.12/site-packages/numpy/lib/nanfunctions.py:1215 RuntimeWarning: Mean of empty slice
[2025-03-29T05:40:21.610+0000] {logging_mixin.py:190} WARNING - /home/airflow/.local/lib/python3.12/site-packages/numpy/lib/nanfunctions.py:1215 RuntimeWarning: Mean of empty slice
[2025-03-29T05:40:21.612+0000] {logging_mixin.py:190} WARNING - /home/airflow/.local/lib/python3.12/site-packages/numpy/lib/nanfunctions.py:1215 RuntimeWarning: Mean of empty slice
[2025-03-29T05:40:21.613+0000] {logging_mixin.py:190} WARNING - /home/airflow/.local/lib/python3.12/site-packages/numpy/lib/nanfunctions.py:1215 RuntimeWarning: Mean of empty slice
[2025-03-29T05:40:21.615+0000] {logging_mixin.py:190} WARNING - /home/airflow/.local/lib/python3.12/site-packages/numpy/lib/nanfunctions.py:1215 RuntimeWarning: Mean of empty slice
[2025-03-29T05:40:21.616+0000] {logging_mixin.py:190} WARNING - /home/airflow/.local/lib/python3.12/site-packages/numpy/lib/nanfunctions.py:1215 RuntimeWarning: Mean of empty slice
[2025-03-29T05:40:21.617+0000] {logging_mixin.py:190} WARNING - /home/airflow/.local/lib/python3.12/site-packages/numpy/lib/nanfunctions.py:1215 RuntimeWarning: Mean of empty slice
[2025-03-29T05:40:21.618+0000] {logging_mixin.py:190} WARNING - /home/airflow/.local/lib/python3.12/site-packages/numpy/lib/nanfunctions.py:1215 RuntimeWarning: Mean of empty slice
[2025-03-29T05:40:21.619+0000] {logging_mixin.py:190} WARNING - /home/airflow/.local/lib/python3.12/site-packages/numpy/lib/nanfunctions.py:1215 RuntimeWarning: Mean of empty slice
[2025-03-29T05:40:21.620+0000] {logging_mixin.py:190} WARNING - /home/airflow/.local/lib/python3.12/site-packages/numpy/lib/nanfunctions.py:1215 RuntimeWarning: Mean of empty slice
[2025-03-29T05:40:21.621+0000] {logging_mixin.py:190} WARNING - /home/airflow/.local/lib/python3.12/site-packages/numpy/lib/nanfunctions.py:1215 RuntimeWarning: Mean of empty slice
[2025-03-29T05:40:21.664+0000] {data_enriched_predict.py:295} INFO - Stockage des prévisions...
[2025-03-29T05:40:21.678+0000] {data_enriched_predict.py:307} INFO - 84 prévisions stockées
[2025-03-29T05:40:21.679+0000] {python.py:240} INFO - Done. Returned value was: None
[2025-03-29T05:40:21.736+0000] {taskinstance.py:340} INFO - ::group::Post task execution logs
[2025-03-29T05:40:21.737+0000] {taskinstance.py:352} INFO - Marking task as SUCCESS. dag_id=air_quality_monitoring_v3, task_id=generate_air_quality_forecasts, run_id=scheduled__2025-03-29T05:20:00+00:00, execution_date=20250329T052000, start_date=20250329T054020, end_date=20250329T054021
[2025-03-29T05:40:21.774+0000] {local_task_job_runner.py:266} INFO - Task exited with return code 0
[2025-03-29T05:40:21.941+0000] {taskinstance.py:3895} INFO - 0 downstream tasks scheduled from follow-on schedule check
[2025-03-29T05:40:21.945+0000] {local_task_job_runner.py:245} INFO - ::endgroup::
